[0.103s] DEBUG:colcon:Command line arguments: ['/usr/bin/colcon', 'list', '-p', '--base-paths', '/home/saleheen_linux/others/ros_2_Learning/ros2_ws_cpp']
[0.103s] DEBUG:colcon:Parsed command line arguments: Namespace(log_base=None, log_level=None, verb_name='list', build_base='build', ignore_user_meta=False, metas=['./colcon.meta'], base_paths=['/home/saleheen_linux/others/ros_2_Learning/ros2_ws_cpp'], packages_ignore=None, packages_ignore_regex=None, paths=None, packages_up_to=None, packages_up_to_regex=None, packages_above=None, packages_above_and_dependencies=None, packages_above_depth=None, packages_select_by_dep=None, packages_skip_by_dep=None, packages_skip_up_to=None, packages_select_build_failed=False, packages_skip_build_finished=False, packages_select_test_failures=False, packages_skip_test_passed=False, packages_select=None, packages_skip=None, packages_select_regex=None, packages_skip_regex=None, packages_start=None, packages_end=None, allow_overriding=[], topological_order=False, names_only=False, paths_only=True, topological_graph=False, topological_graph_dot=False, topological_graph_density=False, topological_graph_legend=False, topological_graph_dot_cluster=False, topological_graph_dot_include_skipped=False, mixin_files=None, mixin=None, verb_parser=<colcon_mixin.mixin.mixin_argument.MixinArgumentDecorator object at 0x7513a9e74c70>, verb_extension=<colcon_package_information.verb.list.ListVerb object at 0x7513a9fdd8d0>, main=<bound method ListVerb.main of <colcon_package_information.verb.list.ListVerb object at 0x7513a9fdd8d0>>, mixin_verb=('list',))
[0.283s] Level 1:colcon.colcon_core.package_discovery:discover_packages(colcon_meta) check parameters
[0.283s] Level 1:colcon.colcon_core.package_discovery:discover_packages(recursive) check parameters
[0.283s] Level 1:colcon.colcon_core.package_discovery:discover_packages(ignore) check parameters
[0.284s] Level 1:colcon.colcon_core.package_discovery:discover_packages(path) check parameters
[0.284s] Level 1:colcon.colcon_core.package_discovery:discover_packages(recursive) discover
[0.284s] INFO:colcon.colcon_core.package_discovery:Crawling recursively for packages in '/home/saleheen_linux/others/ros_2_Learning/ros2_ws_cpp'
[0.284s] Level 1:colcon.colcon_core.package_identification:_identify(/home/saleheen_linux/others/ros_2_Learning/ros2_ws_cpp) by extensions ['ignore', 'ignore_ament_install']
[0.284s] Level 1:colcon.colcon_core.package_identification:_identify(/home/saleheen_linux/others/ros_2_Learning/ros2_ws_cpp) by extension 'ignore'
[0.284s] Level 1:colcon.colcon_core.package_identification:_identify(/home/saleheen_linux/others/ros_2_Learning/ros2_ws_cpp) by extension 'ignore_ament_install'
[0.284s] Level 1:colcon.colcon_core.package_identification:_identify(/home/saleheen_linux/others/ros_2_Learning/ros2_ws_cpp) by extensions ['colcon_pkg']
[0.284s] Level 1:colcon.colcon_core.package_identification:_identify(/home/saleheen_linux/others/ros_2_Learning/ros2_ws_cpp) by extension 'colcon_pkg'
[0.284s] Level 1:colcon.colcon_core.package_identification:_identify(/home/saleheen_linux/others/ros_2_Learning/ros2_ws_cpp) by extensions ['colcon_meta']
[0.284s] Level 1:colcon.colcon_core.package_identification:_identify(/home/saleheen_linux/others/ros_2_Learning/ros2_ws_cpp) by extension 'colcon_meta'
[0.284s] Level 1:colcon.colcon_core.package_identification:_identify(/home/saleheen_linux/others/ros_2_Learning/ros2_ws_cpp) by extensions ['ros']
[0.284s] Level 1:colcon.colcon_core.package_identification:_identify(/home/saleheen_linux/others/ros_2_Learning/ros2_ws_cpp) by extension 'ros'
[0.292s] Level 1:colcon.colcon_core.package_identification:_identify(/home/saleheen_linux/others/ros_2_Learning/ros2_ws_cpp) by extensions ['cmake', 'python']
[0.292s] Level 1:colcon.colcon_core.package_identification:_identify(/home/saleheen_linux/others/ros_2_Learning/ros2_ws_cpp) by extension 'cmake'
[0.292s] Level 1:colcon.colcon_core.package_identification:_identify(/home/saleheen_linux/others/ros_2_Learning/ros2_ws_cpp) by extension 'python'
[0.292s] Level 1:colcon.colcon_core.package_identification:_identify(/home/saleheen_linux/others/ros_2_Learning/ros2_ws_cpp) by extensions ['python_setup_py']
[0.292s] Level 1:colcon.colcon_core.package_identification:_identify(/home/saleheen_linux/others/ros_2_Learning/ros2_ws_cpp) by extension 'python_setup_py'
[0.293s] Level 1:colcon.colcon_core.package_identification:_identify(/home/saleheen_linux/others/ros_2_Learning/ros2_ws_cpp/backup) by extensions ['ignore', 'ignore_ament_install']
[0.293s] Level 1:colcon.colcon_core.package_identification:_identify(/home/saleheen_linux/others/ros_2_Learning/ros2_ws_cpp/backup) by extension 'ignore'
[0.293s] Level 1:colcon.colcon_core.package_identification:_identify(/home/saleheen_linux/others/ros_2_Learning/ros2_ws_cpp/backup) by extension 'ignore_ament_install'
[0.293s] Level 1:colcon.colcon_core.package_identification:_identify(/home/saleheen_linux/others/ros_2_Learning/ros2_ws_cpp/backup) by extensions ['colcon_pkg']
[0.293s] Level 1:colcon.colcon_core.package_identification:_identify(/home/saleheen_linux/others/ros_2_Learning/ros2_ws_cpp/backup) by extension 'colcon_pkg'
[0.293s] Level 1:colcon.colcon_core.package_identification:_identify(/home/saleheen_linux/others/ros_2_Learning/ros2_ws_cpp/backup) by extensions ['colcon_meta']
[0.293s] Level 1:colcon.colcon_core.package_identification:_identify(/home/saleheen_linux/others/ros_2_Learning/ros2_ws_cpp/backup) by extension 'colcon_meta'
[0.293s] Level 1:colcon.colcon_core.package_identification:_identify(/home/saleheen_linux/others/ros_2_Learning/ros2_ws_cpp/backup) by extensions ['ros']
[0.293s] Level 1:colcon.colcon_core.package_identification:_identify(/home/saleheen_linux/others/ros_2_Learning/ros2_ws_cpp/backup) by extension 'ros'
[0.293s] Level 1:colcon.colcon_core.package_identification:_identify(/home/saleheen_linux/others/ros_2_Learning/ros2_ws_cpp/backup) by extensions ['cmake', 'python']
[0.293s] Level 1:colcon.colcon_core.package_identification:_identify(/home/saleheen_linux/others/ros_2_Learning/ros2_ws_cpp/backup) by extension 'cmake'
[0.293s] Level 1:colcon.colcon_core.package_identification:_identify(/home/saleheen_linux/others/ros_2_Learning/ros2_ws_cpp/backup) by extension 'python'
[0.293s] Level 1:colcon.colcon_core.package_identification:_identify(/home/saleheen_linux/others/ros_2_Learning/ros2_ws_cpp/backup) by extensions ['python_setup_py']
[0.293s] Level 1:colcon.colcon_core.package_identification:_identify(/home/saleheen_linux/others/ros_2_Learning/ros2_ws_cpp/backup) by extension 'python_setup_py'
[0.293s] Level 1:colcon.colcon_core.package_identification:_identify(/home/saleheen_linux/others/ros_2_Learning/ros2_ws_cpp/build) by extensions ['ignore', 'ignore_ament_install']
[0.293s] Level 1:colcon.colcon_core.package_identification:_identify(/home/saleheen_linux/others/ros_2_Learning/ros2_ws_cpp/build) by extension 'ignore'
[0.293s] Level 1:colcon.colcon_core.package_identification:_identify(/home/saleheen_linux/others/ros_2_Learning/ros2_ws_cpp/build) ignored
[0.294s] Level 1:colcon.colcon_core.package_identification:_identify(/home/saleheen_linux/others/ros_2_Learning/ros2_ws_cpp/install) by extensions ['ignore', 'ignore_ament_install']
[0.294s] Level 1:colcon.colcon_core.package_identification:_identify(/home/saleheen_linux/others/ros_2_Learning/ros2_ws_cpp/install) by extension 'ignore'
[0.294s] Level 1:colcon.colcon_core.package_identification:_identify(/home/saleheen_linux/others/ros_2_Learning/ros2_ws_cpp/install) ignored
[0.294s] Level 1:colcon.colcon_core.package_identification:_identify(/home/saleheen_linux/others/ros_2_Learning/ros2_ws_cpp/log) by extensions ['ignore', 'ignore_ament_install']
[0.294s] Level 1:colcon.colcon_core.package_identification:_identify(/home/saleheen_linux/others/ros_2_Learning/ros2_ws_cpp/log) by extension 'ignore'
[0.294s] Level 1:colcon.colcon_core.package_identification:_identify(/home/saleheen_linux/others/ros_2_Learning/ros2_ws_cpp/log) ignored
[0.294s] Level 1:colcon.colcon_core.package_identification:_identify(/home/saleheen_linux/others/ros_2_Learning/ros2_ws_cpp/src) by extensions ['ignore', 'ignore_ament_install']
[0.294s] Level 1:colcon.colcon_core.package_identification:_identify(/home/saleheen_linux/others/ros_2_Learning/ros2_ws_cpp/src) by extension 'ignore'
[0.294s] Level 1:colcon.colcon_core.package_identification:_identify(/home/saleheen_linux/others/ros_2_Learning/ros2_ws_cpp/src) by extension 'ignore_ament_install'
[0.294s] Level 1:colcon.colcon_core.package_identification:_identify(/home/saleheen_linux/others/ros_2_Learning/ros2_ws_cpp/src) by extensions ['colcon_pkg']
[0.294s] Level 1:colcon.colcon_core.package_identification:_identify(/home/saleheen_linux/others/ros_2_Learning/ros2_ws_cpp/src) by extension 'colcon_pkg'
[0.294s] Level 1:colcon.colcon_core.package_identification:_identify(/home/saleheen_linux/others/ros_2_Learning/ros2_ws_cpp/src) by extensions ['colcon_meta']
[0.294s] Level 1:colcon.colcon_core.package_identification:_identify(/home/saleheen_linux/others/ros_2_Learning/ros2_ws_cpp/src) by extension 'colcon_meta'
[0.294s] Level 1:colcon.colcon_core.package_identification:_identify(/home/saleheen_linux/others/ros_2_Learning/ros2_ws_cpp/src) by extensions ['ros']
[0.294s] Level 1:colcon.colcon_core.package_identification:_identify(/home/saleheen_linux/others/ros_2_Learning/ros2_ws_cpp/src) by extension 'ros'
[0.294s] Level 1:colcon.colcon_core.package_identification:_identify(/home/saleheen_linux/others/ros_2_Learning/ros2_ws_cpp/src) by extensions ['cmake', 'python']
[0.294s] Level 1:colcon.colcon_core.package_identification:_identify(/home/saleheen_linux/others/ros_2_Learning/ros2_ws_cpp/src) by extension 'cmake'
[0.294s] Level 1:colcon.colcon_core.package_identification:_identify(/home/saleheen_linux/others/ros_2_Learning/ros2_ws_cpp/src) by extension 'python'
[0.294s] Level 1:colcon.colcon_core.package_identification:_identify(/home/saleheen_linux/others/ros_2_Learning/ros2_ws_cpp/src) by extensions ['python_setup_py']
[0.294s] Level 1:colcon.colcon_core.package_identification:_identify(/home/saleheen_linux/others/ros_2_Learning/ros2_ws_cpp/src) by extension 'python_setup_py'
[0.295s] Level 1:colcon.colcon_core.package_identification:_identify(/home/saleheen_linux/others/ros_2_Learning/ros2_ws_cpp/src/cpp_pubsub) by extensions ['ignore', 'ignore_ament_install']
[0.295s] Level 1:colcon.colcon_core.package_identification:_identify(/home/saleheen_linux/others/ros_2_Learning/ros2_ws_cpp/src/cpp_pubsub) by extension 'ignore'
[0.295s] Level 1:colcon.colcon_core.package_identification:_identify(/home/saleheen_linux/others/ros_2_Learning/ros2_ws_cpp/src/cpp_pubsub) by extension 'ignore_ament_install'
[0.295s] Level 1:colcon.colcon_core.package_identification:_identify(/home/saleheen_linux/others/ros_2_Learning/ros2_ws_cpp/src/cpp_pubsub) by extensions ['colcon_pkg']
[0.295s] Level 1:colcon.colcon_core.package_identification:_identify(/home/saleheen_linux/others/ros_2_Learning/ros2_ws_cpp/src/cpp_pubsub) by extension 'colcon_pkg'
[0.295s] Level 1:colcon.colcon_core.package_identification:_identify(/home/saleheen_linux/others/ros_2_Learning/ros2_ws_cpp/src/cpp_pubsub) by extensions ['colcon_meta']
[0.295s] Level 1:colcon.colcon_core.package_identification:_identify(/home/saleheen_linux/others/ros_2_Learning/ros2_ws_cpp/src/cpp_pubsub) by extension 'colcon_meta'
[0.295s] Level 1:colcon.colcon_core.package_identification:_identify(/home/saleheen_linux/others/ros_2_Learning/ros2_ws_cpp/src/cpp_pubsub) by extensions ['ros']
[0.295s] Level 1:colcon.colcon_core.package_identification:_identify(/home/saleheen_linux/others/ros_2_Learning/ros2_ws_cpp/src/cpp_pubsub) by extension 'ros'
[0.297s] DEBUG:colcon.colcon_core.package_identification:Package '/home/saleheen_linux/others/ros_2_Learning/ros2_ws_cpp/src/cpp_pubsub' with type 'ros.ament_cmake' and name 'cpp_pubsub'
[0.297s] Level 1:colcon.colcon_core.package_identification:_identify(/home/saleheen_linux/others/ros_2_Learning/ros2_ws_cpp/src/px4_msgs) by extensions ['ignore', 'ignore_ament_install']
[0.297s] Level 1:colcon.colcon_core.package_identification:_identify(/home/saleheen_linux/others/ros_2_Learning/ros2_ws_cpp/src/px4_msgs) by extension 'ignore'
[0.297s] Level 1:colcon.colcon_core.package_identification:_identify(/home/saleheen_linux/others/ros_2_Learning/ros2_ws_cpp/src/px4_msgs) by extension 'ignore_ament_install'
[0.297s] Level 1:colcon.colcon_core.package_identification:_identify(/home/saleheen_linux/others/ros_2_Learning/ros2_ws_cpp/src/px4_msgs) by extensions ['colcon_pkg']
[0.297s] Level 1:colcon.colcon_core.package_identification:_identify(/home/saleheen_linux/others/ros_2_Learning/ros2_ws_cpp/src/px4_msgs) by extension 'colcon_pkg'
[0.297s] Level 1:colcon.colcon_core.package_identification:_identify(/home/saleheen_linux/others/ros_2_Learning/ros2_ws_cpp/src/px4_msgs) by extensions ['colcon_meta']
[0.297s] Level 1:colcon.colcon_core.package_identification:_identify(/home/saleheen_linux/others/ros_2_Learning/ros2_ws_cpp/src/px4_msgs) by extension 'colcon_meta'
[0.297s] Level 1:colcon.colcon_core.package_identification:_identify(/home/saleheen_linux/others/ros_2_Learning/ros2_ws_cpp/src/px4_msgs) by extensions ['ros']
[0.297s] Level 1:colcon.colcon_core.package_identification:_identify(/home/saleheen_linux/others/ros_2_Learning/ros2_ws_cpp/src/px4_msgs) by extension 'ros'
[0.298s] DEBUG:colcon.colcon_core.package_identification:Package '/home/saleheen_linux/others/ros_2_Learning/ros2_ws_cpp/src/px4_msgs' with type 'ros.ament_cmake' and name 'px4_msgs'
[0.298s] Level 1:colcon.colcon_core.package_identification:_identify(/home/saleheen_linux/others/ros_2_Learning/ros2_ws_cpp/src/px4_ros_com) by extensions ['ignore', 'ignore_ament_install']
[0.298s] Level 1:colcon.colcon_core.package_identification:_identify(/home/saleheen_linux/others/ros_2_Learning/ros2_ws_cpp/src/px4_ros_com) by extension 'ignore'
[0.298s] Level 1:colcon.colcon_core.package_identification:_identify(/home/saleheen_linux/others/ros_2_Learning/ros2_ws_cpp/src/px4_ros_com) by extension 'ignore_ament_install'
[0.298s] Level 1:colcon.colcon_core.package_identification:_identify(/home/saleheen_linux/others/ros_2_Learning/ros2_ws_cpp/src/px4_ros_com) by extensions ['colcon_pkg']
[0.298s] Level 1:colcon.colcon_core.package_identification:_identify(/home/saleheen_linux/others/ros_2_Learning/ros2_ws_cpp/src/px4_ros_com) by extension 'colcon_pkg'
[0.298s] Level 1:colcon.colcon_core.package_identification:_identify(/home/saleheen_linux/others/ros_2_Learning/ros2_ws_cpp/src/px4_ros_com) by extensions ['colcon_meta']
[0.298s] Level 1:colcon.colcon_core.package_identification:_identify(/home/saleheen_linux/others/ros_2_Learning/ros2_ws_cpp/src/px4_ros_com) by extension 'colcon_meta'
[0.298s] Level 1:colcon.colcon_core.package_identification:_identify(/home/saleheen_linux/others/ros_2_Learning/ros2_ws_cpp/src/px4_ros_com) by extensions ['ros']
[0.298s] Level 1:colcon.colcon_core.package_identification:_identify(/home/saleheen_linux/others/ros_2_Learning/ros2_ws_cpp/src/px4_ros_com) by extension 'ros'
[0.300s] DEBUG:colcon.colcon_core.package_identification:Package '/home/saleheen_linux/others/ros_2_Learning/ros2_ws_cpp/src/px4_ros_com' with type 'ros.ament_cmake' and name 'px4_ros_com'
[0.300s] Level 1:colcon.colcon_core.package_identification:_identify(/home/saleheen_linux/others/ros_2_Learning/ros2_ws_cpp/src/rover_cpp) by extensions ['ignore', 'ignore_ament_install']
[0.300s] Level 1:colcon.colcon_core.package_identification:_identify(/home/saleheen_linux/others/ros_2_Learning/ros2_ws_cpp/src/rover_cpp) by extension 'ignore'
[0.300s] Level 1:colcon.colcon_core.package_identification:_identify(/home/saleheen_linux/others/ros_2_Learning/ros2_ws_cpp/src/rover_cpp) by extension 'ignore_ament_install'
[0.300s] Level 1:colcon.colcon_core.package_identification:_identify(/home/saleheen_linux/others/ros_2_Learning/ros2_ws_cpp/src/rover_cpp) by extensions ['colcon_pkg']
[0.300s] Level 1:colcon.colcon_core.package_identification:_identify(/home/saleheen_linux/others/ros_2_Learning/ros2_ws_cpp/src/rover_cpp) by extension 'colcon_pkg'
[0.300s] Level 1:colcon.colcon_core.package_identification:_identify(/home/saleheen_linux/others/ros_2_Learning/ros2_ws_cpp/src/rover_cpp) by extensions ['colcon_meta']
[0.300s] Level 1:colcon.colcon_core.package_identification:_identify(/home/saleheen_linux/others/ros_2_Learning/ros2_ws_cpp/src/rover_cpp) by extension 'colcon_meta'
[0.300s] Level 1:colcon.colcon_core.package_identification:_identify(/home/saleheen_linux/others/ros_2_Learning/ros2_ws_cpp/src/rover_cpp) by extensions ['ros']
[0.300s] Level 1:colcon.colcon_core.package_identification:_identify(/home/saleheen_linux/others/ros_2_Learning/ros2_ws_cpp/src/rover_cpp) by extension 'ros'
[0.301s] DEBUG:colcon.colcon_core.package_identification:Package '/home/saleheen_linux/others/ros_2_Learning/ros2_ws_cpp/src/rover_cpp' with type 'ros.ament_cmake' and name 'rover_cpp'
[0.301s] Level 1:colcon.colcon_core.package_identification:_identify(/home/saleheen_linux/others/ros_2_Learning/ros2_ws_cpp/src/warehouse_rover_py) by extensions ['ignore', 'ignore_ament_install']
[0.301s] Level 1:colcon.colcon_core.package_identification:_identify(/home/saleheen_linux/others/ros_2_Learning/ros2_ws_cpp/src/warehouse_rover_py) by extension 'ignore'
[0.301s] Level 1:colcon.colcon_core.package_identification:_identify(/home/saleheen_linux/others/ros_2_Learning/ros2_ws_cpp/src/warehouse_rover_py) by extension 'ignore_ament_install'
[0.301s] Level 1:colcon.colcon_core.package_identification:_identify(/home/saleheen_linux/others/ros_2_Learning/ros2_ws_cpp/src/warehouse_rover_py) by extensions ['colcon_pkg']
[0.301s] Level 1:colcon.colcon_core.package_identification:_identify(/home/saleheen_linux/others/ros_2_Learning/ros2_ws_cpp/src/warehouse_rover_py) by extension 'colcon_pkg'
[0.301s] Level 1:colcon.colcon_core.package_identification:_identify(/home/saleheen_linux/others/ros_2_Learning/ros2_ws_cpp/src/warehouse_rover_py) by extensions ['colcon_meta']
[0.301s] Level 1:colcon.colcon_core.package_identification:_identify(/home/saleheen_linux/others/ros_2_Learning/ros2_ws_cpp/src/warehouse_rover_py) by extension 'colcon_meta'
[0.301s] Level 1:colcon.colcon_core.package_identification:_identify(/home/saleheen_linux/others/ros_2_Learning/ros2_ws_cpp/src/warehouse_rover_py) by extensions ['ros']
[0.301s] Level 1:colcon.colcon_core.package_identification:_identify(/home/saleheen_linux/others/ros_2_Learning/ros2_ws_cpp/src/warehouse_rover_py) by extension 'ros'
[0.302s] DEBUG:colcon.colcon_core.package_identification:Package '/home/saleheen_linux/others/ros_2_Learning/ros2_ws_cpp/src/warehouse_rover_py' with type 'ros.ament_python' and name 'warehouse_rover_py'
[0.302s] Level 1:colcon.colcon_core.package_identification:_identify(/home/saleheen_linux/others/ros_2_Learning/ros2_ws_cpp/src/warehouse_rover_ros2) by extensions ['ignore', 'ignore_ament_install']
[0.302s] Level 1:colcon.colcon_core.package_identification:_identify(/home/saleheen_linux/others/ros_2_Learning/ros2_ws_cpp/src/warehouse_rover_ros2) by extension 'ignore'
[0.302s] Level 1:colcon.colcon_core.package_identification:_identify(/home/saleheen_linux/others/ros_2_Learning/ros2_ws_cpp/src/warehouse_rover_ros2) by extension 'ignore_ament_install'
[0.302s] Level 1:colcon.colcon_core.package_identification:_identify(/home/saleheen_linux/others/ros_2_Learning/ros2_ws_cpp/src/warehouse_rover_ros2) by extensions ['colcon_pkg']
[0.302s] Level 1:colcon.colcon_core.package_identification:_identify(/home/saleheen_linux/others/ros_2_Learning/ros2_ws_cpp/src/warehouse_rover_ros2) by extension 'colcon_pkg'
[0.302s] Level 1:colcon.colcon_core.package_identification:_identify(/home/saleheen_linux/others/ros_2_Learning/ros2_ws_cpp/src/warehouse_rover_ros2) by extensions ['colcon_meta']
[0.302s] Level 1:colcon.colcon_core.package_identification:_identify(/home/saleheen_linux/others/ros_2_Learning/ros2_ws_cpp/src/warehouse_rover_ros2) by extension 'colcon_meta'
[0.302s] Level 1:colcon.colcon_core.package_identification:_identify(/home/saleheen_linux/others/ros_2_Learning/ros2_ws_cpp/src/warehouse_rover_ros2) by extensions ['ros']
[0.302s] Level 1:colcon.colcon_core.package_identification:_identify(/home/saleheen_linux/others/ros_2_Learning/ros2_ws_cpp/src/warehouse_rover_ros2) by extension 'ros'
[0.303s] DEBUG:colcon.colcon_core.package_identification:Package '/home/saleheen_linux/others/ros_2_Learning/ros2_ws_cpp/src/warehouse_rover_ros2' with type 'ros.ament_cmake' and name 'warehouse_rover_ros2'
[0.303s] Level 1:colcon.colcon_core.package_discovery:discover_packages(recursive) using defaults
