[0.008s] Invoking command in '/home/saleheen_linux/others/ros_2_Learning/ros2_ws_cpp/build/rover_cpp': CMAKE_PREFIX_PATH=${CMAKE_PREFIX_PATH}:/home/saleheen_linux/others/ros_2_Learning/ros2_workspace/install/rover:/opt/ros/humble /usr/bin/cmake --build /home/saleheen_linux/others/ros_2_Learning/ros2_ws_cpp/build/rover_cpp -- -j16 -l16
[0.026s] -- Found ament_cmake: 1.3.10 (/opt/ros/humble/share/ament_cmake/cmake)
[0.113s] -- Found rclcpp: 16.0.10 (/opt/ros/humble/share/rclcpp/cmake)
[0.133s] -- Found rosidl_generator_c: 3.1.5 (/opt/ros/humble/share/rosidl_generator_c/cmake)
[0.135s] -- Found rosidl_adapter: 3.1.5 (/opt/ros/humble/share/rosidl_adapter/cmake)
[0.139s] -- Found rosidl_generator_cpp: 3.1.5 (/opt/ros/humble/share/rosidl_generator_cpp/cmake)
[0.145s] -- Using all available rosidl_typesupport_c: rosidl_typesupport_fastrtps_c;rosidl_typesupport_introspection_c
[0.154s] -- Using all available rosidl_typesupport_cpp: rosidl_typesupport_fastrtps_cpp;rosidl_typesupport_introspection_cpp
[0.176s] -- Found rmw_implementation_cmake: 6.1.2 (/opt/ros/humble/share/rmw_implementation_cmake/cmake)
[0.176s] -- Found rmw_fastrtps_cpp: 6.2.7 (/opt/ros/humble/share/rmw_fastrtps_cpp/cmake)
[0.256s] -- Using RMW implementation 'rmw_fastrtps_cpp' as default
[0.287s] -- Found ament_lint_auto: 0.12.11 (/opt/ros/humble/share/ament_lint_auto/cmake)
[0.332s] [31mCMake Error at /opt/ros/humble/share/ament_cmake_target_dependencies/cmake/ament_target_dependencies.cmake:77 (message):
[0.332s]   ament_target_dependencies() the passed package name 'geometry_msgs' was not
[0.332s]   found before
[0.332s] Call Stack (most recent call first):
[0.332s]   CMakeLists.txt:32 (ament_target_dependencies)
[0.332s] 
[0.332s] [0m
[0.332s] -- Configuring incomplete, errors occurred!
[0.332s] See also "/home/saleheen_linux/others/ros_2_Learning/ros2_ws_cpp/build/rover_cpp/CMakeFiles/CMakeOutput.log".
[0.338s] gmake: *** [Makefile:308: cmake_check_build_system] Error 1
[0.340s] Invoked command in '/home/saleheen_linux/others/ros_2_Learning/ros2_ws_cpp/build/rover_cpp' returned '2': CMAKE_PREFIX_PATH=${CMAKE_PREFIX_PATH}:/home/saleheen_linux/others/ros_2_Learning/ros2_workspace/install/rover:/opt/ros/humble /usr/bin/cmake --build /home/saleheen_linux/others/ros_2_Learning/ros2_ws_cpp/build/rover_cpp -- -j16 -l16
