[0.009s] Invoking command in '/home/saleheen_linux/others/ros_2_Learning/ros2_ws_cpp/build/rover_cpp': CMAKE_PREFIX_PATH=${CMAKE_PREFIX_PATH}:/home/saleheen_linux/others/ros_2_Learning/ros2_workspace/install/rover:/opt/ros/humble /usr/bin/cmake --build /home/saleheen_linux/others/ros_2_Learning/ros2_ws_cpp/build/rover_cpp -- -j16 -l16
[0.047s] [35m[1mConsolidate compiler generated dependencies of target obs_avoidance_node[0m
[0.056s] [ 33%] Built target follow_wall_node
[0.058s] [ 50%] [32mBuilding CXX object CMakeFiles/linear_velocity_publisher.dir/src/linear_velocity_publisher.cpp.o[0m
[0.061s] [ 66%] [32mBuilding CXX object CMakeFiles/obs_avoidance_node.dir/src/obs_avoidance_cpp.cpp.o[0m
[6.330s] [ 83%] [32m[1mLinking CXX executable linear_velocity_publisher[0m
[6.447s] [100%] [32m[1mLinking CXX executable obs_avoidance_node[0m
[6.619s] [100%] Built target linear_velocity_publisher
[6.724s] [100%] Built target obs_avoidance_node
[6.733s] Invoked command in '/home/saleheen_linux/others/ros_2_Learning/ros2_ws_cpp/build/rover_cpp' returned '0': CMAKE_PREFIX_PATH=${CMAKE_PREFIX_PATH}:/home/saleheen_linux/others/ros_2_Learning/ros2_workspace/install/rover:/opt/ros/humble /usr/bin/cmake --build /home/saleheen_linux/others/ros_2_Learning/ros2_ws_cpp/build/rover_cpp -- -j16 -l16
[6.767s] Invoking command in '/home/saleheen_linux/others/ros_2_Learning/ros2_ws_cpp/build/rover_cpp': CMAKE_PREFIX_PATH=${CMAKE_PREFIX_PATH}:/home/saleheen_linux/others/ros_2_Learning/ros2_workspace/install/rover:/opt/ros/humble /usr/bin/cmake --install /home/saleheen_linux/others/ros_2_Learning/ros2_ws_cpp/build/rover_cpp
[6.773s] -- Install configuration: ""
[6.773s] -- Installing: /home/saleheen_linux/others/ros_2_Learning/ros2_ws_cpp/install/rover_cpp/lib/rover_cpp/obs_avoidance_node
[6.777s] -- Set runtime path of "/home/saleheen_linux/others/ros_2_Learning/ros2_ws_cpp/install/rover_cpp/lib/rover_cpp/obs_avoidance_node" to ""
[6.777s] -- Up-to-date: /home/saleheen_linux/others/ros_2_Learning/ros2_ws_cpp/install/rover_cpp/lib/rover_cpp/follow_wall_node
[6.777s] -- Installing: /home/saleheen_linux/others/ros_2_Learning/ros2_ws_cpp/install/rover_cpp/lib/rover_cpp/linear_velocity_publisher
[6.781s] -- Set runtime path of "/home/saleheen_linux/others/ros_2_Learning/ros2_ws_cpp/install/rover_cpp/lib/rover_cpp/linear_velocity_publisher" to ""
[6.781s] -- Up-to-date: /home/saleheen_linux/others/ros_2_Learning/ros2_ws_cpp/install/rover_cpp/include/rover_cpp
[6.781s] -- Up-to-date: /home/saleheen_linux/others/ros_2_Learning/ros2_ws_cpp/install/rover_cpp/include/rover_cpp/follow_wall_cpp.hpp
[6.781s] -- Up-to-date: /home/saleheen_linux/others/ros_2_Learning/ros2_ws_cpp/install/rover_cpp/include/rover_cpp/obs_avoidance_cpp.hpp
[6.781s] -- Up-to-date: /home/saleheen_linux/others/ros_2_Learning/ros2_ws_cpp/install/rover_cpp/share/ament_index/resource_index/package_run_dependencies/rover_cpp
[6.781s] -- Up-to-date: /home/saleheen_linux/others/ros_2_Learning/ros2_ws_cpp/install/rover_cpp/share/ament_index/resource_index/parent_prefix_path/rover_cpp
[6.781s] -- Up-to-date: /home/saleheen_linux/others/ros_2_Learning/ros2_ws_cpp/install/rover_cpp/share/rover_cpp/environment/ament_prefix_path.sh
[6.781s] -- Up-to-date: /home/saleheen_linux/others/ros_2_Learning/ros2_ws_cpp/install/rover_cpp/share/rover_cpp/environment/ament_prefix_path.dsv
[6.781s] -- Up-to-date: /home/saleheen_linux/others/ros_2_Learning/ros2_ws_cpp/install/rover_cpp/share/rover_cpp/environment/path.sh
[6.781s] -- Up-to-date: /home/saleheen_linux/others/ros_2_Learning/ros2_ws_cpp/install/rover_cpp/share/rover_cpp/environment/path.dsv
[6.781s] -- Up-to-date: /home/saleheen_linux/others/ros_2_Learning/ros2_ws_cpp/install/rover_cpp/share/rover_cpp/local_setup.bash
[6.781s] -- Up-to-date: /home/saleheen_linux/others/ros_2_Learning/ros2_ws_cpp/install/rover_cpp/share/rover_cpp/local_setup.sh
[6.782s] -- Up-to-date: /home/saleheen_linux/others/ros_2_Learning/ros2_ws_cpp/install/rover_cpp/share/rover_cpp/local_setup.zsh
[6.782s] -- Up-to-date: /home/saleheen_linux/others/ros_2_Learning/ros2_ws_cpp/install/rover_cpp/share/rover_cpp/local_setup.dsv
[6.782s] -- Installing: /home/saleheen_linux/others/ros_2_Learning/ros2_ws_cpp/install/rover_cpp/share/rover_cpp/package.dsv
[6.782s] -- Up-to-date: /home/saleheen_linux/others/ros_2_Learning/ros2_ws_cpp/install/rover_cpp/share/ament_index/resource_index/packages/rover_cpp
[6.782s] -- Up-to-date: /home/saleheen_linux/others/ros_2_Learning/ros2_ws_cpp/install/rover_cpp/share/rover_cpp/cmake/rover_cppConfig.cmake
[6.782s] -- Up-to-date: /home/saleheen_linux/others/ros_2_Learning/ros2_ws_cpp/install/rover_cpp/share/rover_cpp/cmake/rover_cppConfig-version.cmake
[6.782s] -- Up-to-date: /home/saleheen_linux/others/ros_2_Learning/ros2_ws_cpp/install/rover_cpp/share/rover_cpp/package.xml
[6.782s] -- Up-to-date: /home/saleheen_linux/others/ros_2_Learning/ros2_ws_cpp/install/rover_cpp/share/rover_cpp/urdf
[6.782s] -- Up-to-date: /home/saleheen_linux/others/ros_2_Learning/ros2_ws_cpp/install/rover_cpp/share/rover_cpp/urdf/rover_cpp.urdf
[6.782s] -- Up-to-date: /home/saleheen_linux/others/ros_2_Learning/ros2_ws_cpp/install/rover_cpp/share/rover_cpp/urdf/config.rviz
[6.782s] -- Up-to-date: /home/saleheen_linux/others/ros_2_Learning/ros2_ws_cpp/install/rover_cpp/share/rover_cpp/worlds
[6.782s] -- Up-to-date: /home/saleheen_linux/others/ros_2_Learning/ros2_ws_cpp/install/rover_cpp/share/rover_cpp/worlds/blocks.sdf
[6.782s] -- Up-to-date: /home/saleheen_linux/others/ros_2_Learning/ros2_ws_cpp/install/rover_cpp/share/rover_cpp/launch
[6.782s] -- Up-to-date: /home/saleheen_linux/others/ros_2_Learning/ros2_ws_cpp/install/rover_cpp/share/rover_cpp/launch/2_gazebo.launch.py
[6.782s] -- Up-to-date: /home/saleheen_linux/others/ros_2_Learning/ros2_ws_cpp/install/rover_cpp/share/rover_cpp/launch/1_rviz.launch.py
[6.784s] Invoked command in '/home/saleheen_linux/others/ros_2_Learning/ros2_ws_cpp/build/rover_cpp' returned '0': CMAKE_PREFIX_PATH=${CMAKE_PREFIX_PATH}:/home/saleheen_linux/others/ros_2_Learning/ros2_workspace/install/rover:/opt/ros/humble /usr/bin/cmake --install /home/saleheen_linux/others/ros_2_Learning/ros2_ws_cpp/build/rover_cpp
