[0.007s] Invoking command in '/home/saleheen_linux/others/ros_2_Learning/ros2_ws_cpp/build/px4_ros_com': AMENT_PREFIX_PATH=/home/saleheen_linux/others/ros_2_Learning/ros2_ws_cpp/install/px4_msgs:${AMENT_PREFIX_PATH} CMAKE_PREFIX_PATH=/home/saleheen_linux/others/ros_2_Learning/ros2_ws_cpp/install/px4_msgs:/home/saleheen_linux/others/ros_2_Learning/ros2_workspace/install/rover:/home/saleheen_linux/others/ros_2_Learning/ros2_workspace/install/prius_line_following:/opt/ros/humble LD_LIBRARY_PATH=/home/saleheen_linux/others/ros_2_Learning/ros2_ws_cpp/install/px4_msgs/lib:/usr/lib/x86_64-linux-gnu/gazebo-11/plugins:/opt/ros/humble/opt/rviz_ogre_vendor/lib:/opt/ros/humble/lib/x86_64-linux-gnu:/opt/ros/humble/lib:/usr/lib/x86_64-linux-gnu/gazebo-11:/home/saleheen_linux/PX4-Autopilot/build/px4_sitl_default/build_gazebo-classic PYTHONPATH=/home/saleheen_linux/others/ros_2_Learning/ros2_ws_cpp/install/px4_msgs/local/lib/python3.10/dist-packages:${PYTHONPATH} /usr/bin/cmake /home/saleheen_linux/others/ros_2_Learning/ros2_ws_cpp/src/px4_ros_com -DCMAKE_INSTALL_PREFIX=/home/saleheen_linux/others/ros_2_Learning/ros2_ws_cpp/install/px4_ros_com
[0.051s] -- The C compiler identification is GNU 11.4.0
[0.094s] -- The CXX compiler identification is GNU 11.4.0
[0.100s] -- Detecting C compiler ABI info
[0.157s] -- Detecting C compiler ABI info - done
[0.162s] -- Check for working C compiler: /usr/bin/cc - skipped
[0.163s] -- Detecting C compile features
[0.163s] -- Detecting C compile features - done
[0.165s] -- Detecting CXX compiler ABI info
[0.233s] -- Detecting CXX compiler ABI info - done
[0.241s] -- Check for working CXX compiler: /usr/bin/c++ - skipped
[0.241s] -- Detecting CXX compile features
[0.241s] -- Detecting CXX compile features - done
[0.244s] -- Found ament_cmake: 1.3.10 (/opt/ros/humble/share/ament_cmake/cmake)
[0.364s] -- Found Python3: /usr/bin/python3 (found version "3.10.12") found components: Interpreter 
[0.435s] -- Found builtin_interfaces: 1.2.1 (/opt/ros/humble/share/builtin_interfaces/cmake)
[0.462s] -- Found rosidl_generator_c: 3.1.5 (/opt/ros/humble/share/rosidl_generator_c/cmake)
[0.466s] -- Found rosidl_adapter: 3.1.5 (/opt/ros/humble/share/rosidl_adapter/cmake)
[0.473s] -- Found rosidl_generator_cpp: 3.1.5 (/opt/ros/humble/share/rosidl_generator_cpp/cmake)
[0.482s] -- Using all available rosidl_typesupport_c: rosidl_typesupport_fastrtps_c;rosidl_typesupport_introspection_c
[0.494s] -- Using all available rosidl_typesupport_cpp: rosidl_typesupport_fastrtps_cpp;rosidl_typesupport_introspection_cpp
[0.506s] -- Found eigen3_cmake_module: 0.1.1 (/opt/ros/humble/share/eigen3_cmake_module/cmake)
[0.514s] -- Found Eigen3: TRUE (found version "3.4.0") 
[0.515s] -- Found geometry_msgs: 4.2.4 (/opt/ros/humble/share/geometry_msgs/cmake)
[0.534s] -- Found px4_msgs: 2.0.1 (/home/saleheen_linux/others/ros_2_Learning/ros2_ws_cpp/install/px4_msgs/share/px4_msgs/cmake)
[0.542s] -- Found rclcpp: 16.0.10 (/opt/ros/humble/share/rclcpp/cmake)
[0.572s] -- Found rmw_implementation_cmake: 6.1.2 (/opt/ros/humble/share/rmw_implementation_cmake/cmake)
[0.573s] -- Found rmw_fastrtps_cpp: 6.2.7 (/opt/ros/humble/share/rmw_fastrtps_cpp/cmake)
[0.650s] -- Found OpenSSL: /usr/lib/x86_64-linux-gnu/libcrypto.so (found version "3.0.2")  
[0.675s] -- Found FastRTPS: /opt/ros/humble/include  
[0.714s] -- Using RMW implementation 'rmw_fastrtps_cpp' as default
[0.721s] -- Looking for pthread.h
[0.782s] -- Looking for pthread.h - found
[0.783s] -- Performing Test CMAKE_HAVE_LIBC_PTHREAD
[0.843s] -- Performing Test CMAKE_HAVE_LIBC_PTHREAD - Success
[0.844s] -- Found Threads: TRUE  
[0.873s] -- Found sensor_msgs: 4.2.4 (/opt/ros/humble/share/sensor_msgs/cmake)
[0.890s] -- Found rclpy: 3.3.14 (/opt/ros/humble/share/rclpy/cmake)
[0.896s] -- Found ament_lint_auto: 0.12.11 (/opt/ros/humble/share/ament_lint_auto/cmake)
[0.978s] -- Added test 'copyright' to check source files copyright and LICENSE
[0.983s] -- Added test 'cppcheck' to perform static code analysis on C / C++ code
[0.983s] -- Configured cppcheck include dirs: /home/saleheen_linux/others/ros_2_Learning/ros2_ws_cpp/src/px4_ros_com/include;$<BUILD_INTERFACE:/home/saleheen_linux/others/ros_2_Learning/ros2_ws_cpp/src/px4_ros_com/include/px4_ros_com>
[0.983s] -- Configured cppcheck exclude dirs and/or files: 
[0.988s] -- Added test 'cpplint' to check C / C++ code against the Google style
[0.988s] -- Configured cpplint exclude dirs and/or files: 
[0.988s] -- Added test 'flake8' to check Python code syntax and style conventions
[0.990s] -- Added test 'lint_cmake' to check CMake code style
[0.991s] -- Added test 'pep257' to check Python code against some of the docstring style conventions in PEP 257
[0.995s] -- Added test 'uncrustify' to check C / C++ code style
[0.995s] -- Configured uncrustify additional arguments: 
[0.996s] -- Added test 'xmllint' to check XML markup files
[0.997s] -- Configuring done
[1.017s] -- Generating done
[1.018s] -- Build files have been written to: /home/saleheen_linux/others/ros_2_Learning/ros2_ws_cpp/build/px4_ros_com
[1.026s] Invoked command in '/home/saleheen_linux/others/ros_2_Learning/ros2_ws_cpp/build/px4_ros_com' returned '0': AMENT_PREFIX_PATH=/home/saleheen_linux/others/ros_2_Learning/ros2_ws_cpp/install/px4_msgs:${AMENT_PREFIX_PATH} CMAKE_PREFIX_PATH=/home/saleheen_linux/others/ros_2_Learning/ros2_ws_cpp/install/px4_msgs:/home/saleheen_linux/others/ros_2_Learning/ros2_workspace/install/rover:/home/saleheen_linux/others/ros_2_Learning/ros2_workspace/install/prius_line_following:/opt/ros/humble LD_LIBRARY_PATH=/home/saleheen_linux/others/ros_2_Learning/ros2_ws_cpp/install/px4_msgs/lib:/usr/lib/x86_64-linux-gnu/gazebo-11/plugins:/opt/ros/humble/opt/rviz_ogre_vendor/lib:/opt/ros/humble/lib/x86_64-linux-gnu:/opt/ros/humble/lib:/usr/lib/x86_64-linux-gnu/gazebo-11:/home/saleheen_linux/PX4-Autopilot/build/px4_sitl_default/build_gazebo-classic PYTHONPATH=/home/saleheen_linux/others/ros_2_Learning/ros2_ws_cpp/install/px4_msgs/local/lib/python3.10/dist-packages:${PYTHONPATH} /usr/bin/cmake /home/saleheen_linux/others/ros_2_Learning/ros2_ws_cpp/src/px4_ros_com -DCMAKE_INSTALL_PREFIX=/home/saleheen_linux/others/ros_2_Learning/ros2_ws_cpp/install/px4_ros_com
[1.028s] Invoking command in '/home/saleheen_linux/others/ros_2_Learning/ros2_ws_cpp/build/px4_ros_com': AMENT_PREFIX_PATH=/home/saleheen_linux/others/ros_2_Learning/ros2_ws_cpp/install/px4_msgs:${AMENT_PREFIX_PATH} CMAKE_PREFIX_PATH=/home/saleheen_linux/others/ros_2_Learning/ros2_ws_cpp/install/px4_msgs:/home/saleheen_linux/others/ros_2_Learning/ros2_workspace/install/rover:/home/saleheen_linux/others/ros_2_Learning/ros2_workspace/install/prius_line_following:/opt/ros/humble LD_LIBRARY_PATH=/home/saleheen_linux/others/ros_2_Learning/ros2_ws_cpp/install/px4_msgs/lib:/usr/lib/x86_64-linux-gnu/gazebo-11/plugins:/opt/ros/humble/opt/rviz_ogre_vendor/lib:/opt/ros/humble/lib/x86_64-linux-gnu:/opt/ros/humble/lib:/usr/lib/x86_64-linux-gnu/gazebo-11:/home/saleheen_linux/PX4-Autopilot/build/px4_sitl_default/build_gazebo-classic PYTHONPATH=/home/saleheen_linux/others/ros_2_Learning/ros2_ws_cpp/install/px4_msgs/local/lib/python3.10/dist-packages:${PYTHONPATH} /usr/bin/cmake --build /home/saleheen_linux/others/ros_2_Learning/ros2_ws_cpp/build/px4_ros_com -- -j16 -l16
[1.072s] [ 50%] [32mBuilding CXX object CMakeFiles/debug_vect_advertiser.dir/src/examples/advertisers/debug_vect_advertiser.cpp.o[0m
[1.072s] [ 50%] [32mBuilding CXX object CMakeFiles/offboard_control_srv.dir/src/examples/offboard/offboard_control_srv.cpp.o[0m
[1.072s] [ 50%] [32mBuilding CXX object CMakeFiles/frame_transforms.dir/src/lib/frame_transforms.cpp.o[0m
[1.072s] [ 50%] [32mBuilding CXX object CMakeFiles/vehicle_gps_position_listener.dir/src/examples/listeners/vehicle_gps_position_listener.cpp.o[0m
[1.072s] [ 50%] [32mBuilding CXX object CMakeFiles/offboard_control.dir/src/examples/offboard/offboard_control.cpp.o[0m
[1.072s] [ 50%] [32mBuilding CXX object CMakeFiles/sensor_combined_listener.dir/src/examples/listeners/sensor_combined_listener.cpp.o[0m
[1.080s] [ 50%] Built target ament_cmake_python_copy_px4_ros_com
[1.293s] running egg_info
[1.293s] creating px4_ros_com.egg-info
[1.293s] writing px4_ros_com.egg-info/PKG-INFO
[1.293s] writing dependency_links to px4_ros_com.egg-info/dependency_links.txt
[1.294s] writing top-level names to px4_ros_com.egg-info/top_level.txt
[1.294s] writing manifest file 'px4_ros_com.egg-info/SOURCES.txt'
[1.296s] reading manifest file 'px4_ros_com.egg-info/SOURCES.txt'
[1.296s] writing manifest file 'px4_ros_com.egg-info/SOURCES.txt'
[1.333s] [ 50%] Built target ament_cmake_python_build_px4_ros_com_egg
[4.614s] [ 58%] [32m[1mLinking CXX executable debug_vect_advertiser[0m
[4.778s] [ 58%] Built target debug_vect_advertiser
[5.156s] [ 66%] [32m[1mLinking CXX executable offboard_control[0m
[5.333s] [ 66%] Built target offboard_control
[5.927s] [ 75%] [32m[1mLinking CXX executable offboard_control_srv[0m
[6.181s] [ 75%] Built target offboard_control_srv
[6.835s] [ 83%] [32m[1mLinking CXX shared library libframe_transforms.so[0m
[7.061s] [ 83%] Built target frame_transforms
[7.646s] [ 91%] [32m[1mLinking CXX executable sensor_combined_listener[0m
[7.687s] [100%] [32m[1mLinking CXX executable vehicle_gps_position_listener[0m
[7.914s] [100%] Built target sensor_combined_listener
[7.947s] [100%] Built target vehicle_gps_position_listener
[7.958s] Invoked command in '/home/saleheen_linux/others/ros_2_Learning/ros2_ws_cpp/build/px4_ros_com' returned '0': AMENT_PREFIX_PATH=/home/saleheen_linux/others/ros_2_Learning/ros2_ws_cpp/install/px4_msgs:${AMENT_PREFIX_PATH} CMAKE_PREFIX_PATH=/home/saleheen_linux/others/ros_2_Learning/ros2_ws_cpp/install/px4_msgs:/home/saleheen_linux/others/ros_2_Learning/ros2_workspace/install/rover:/home/saleheen_linux/others/ros_2_Learning/ros2_workspace/install/prius_line_following:/opt/ros/humble LD_LIBRARY_PATH=/home/saleheen_linux/others/ros_2_Learning/ros2_ws_cpp/install/px4_msgs/lib:/usr/lib/x86_64-linux-gnu/gazebo-11/plugins:/opt/ros/humble/opt/rviz_ogre_vendor/lib:/opt/ros/humble/lib/x86_64-linux-gnu:/opt/ros/humble/lib:/usr/lib/x86_64-linux-gnu/gazebo-11:/home/saleheen_linux/PX4-Autopilot/build/px4_sitl_default/build_gazebo-classic PYTHONPATH=/home/saleheen_linux/others/ros_2_Learning/ros2_ws_cpp/install/px4_msgs/local/lib/python3.10/dist-packages:${PYTHONPATH} /usr/bin/cmake --build /home/saleheen_linux/others/ros_2_Learning/ros2_ws_cpp/build/px4_ros_com -- -j16 -l16
[7.998s] Invoking command in '/home/saleheen_linux/others/ros_2_Learning/ros2_ws_cpp/build/px4_ros_com': AMENT_PREFIX_PATH=/home/saleheen_linux/others/ros_2_Learning/ros2_ws_cpp/install/px4_msgs:${AMENT_PREFIX_PATH} CMAKE_PREFIX_PATH=/home/saleheen_linux/others/ros_2_Learning/ros2_ws_cpp/install/px4_msgs:/home/saleheen_linux/others/ros_2_Learning/ros2_workspace/install/rover:/home/saleheen_linux/others/ros_2_Learning/ros2_workspace/install/prius_line_following:/opt/ros/humble LD_LIBRARY_PATH=/home/saleheen_linux/others/ros_2_Learning/ros2_ws_cpp/install/px4_msgs/lib:/usr/lib/x86_64-linux-gnu/gazebo-11/plugins:/opt/ros/humble/opt/rviz_ogre_vendor/lib:/opt/ros/humble/lib/x86_64-linux-gnu:/opt/ros/humble/lib:/usr/lib/x86_64-linux-gnu/gazebo-11:/home/saleheen_linux/PX4-Autopilot/build/px4_sitl_default/build_gazebo-classic PYTHONPATH=/home/saleheen_linux/others/ros_2_Learning/ros2_ws_cpp/install/px4_msgs/local/lib/python3.10/dist-packages:${PYTHONPATH} /usr/bin/cmake --install /home/saleheen_linux/others/ros_2_Learning/ros2_ws_cpp/build/px4_ros_com
[8.005s] -- Install configuration: ""
[8.005s] -- Installing: /home/saleheen_linux/others/ros_2_Learning/ros2_ws_cpp/install/px4_ros_com/lib/px4_ros_com/sensor_combined_listener
[8.008s] -- Set runtime path of "/home/saleheen_linux/others/ros_2_Learning/ros2_ws_cpp/install/px4_ros_com/lib/px4_ros_com/sensor_combined_listener" to ""
[8.008s] -- Installing: /home/saleheen_linux/others/ros_2_Learning/ros2_ws_cpp/install/px4_ros_com/lib/px4_ros_com/vehicle_gps_position_listener
[8.011s] -- Set runtime path of "/home/saleheen_linux/others/ros_2_Learning/ros2_ws_cpp/install/px4_ros_com/lib/px4_ros_com/vehicle_gps_position_listener" to ""
[8.011s] -- Installing: /home/saleheen_linux/others/ros_2_Learning/ros2_ws_cpp/install/px4_ros_com/lib/px4_ros_com/debug_vect_advertiser
[8.012s] -- Set runtime path of "/home/saleheen_linux/others/ros_2_Learning/ros2_ws_cpp/install/px4_ros_com/lib/px4_ros_com/debug_vect_advertiser" to ""
[8.012s] -- Installing: /home/saleheen_linux/others/ros_2_Learning/ros2_ws_cpp/install/px4_ros_com/lib/px4_ros_com/offboard_control
[8.013s] -- Set runtime path of "/home/saleheen_linux/others/ros_2_Learning/ros2_ws_cpp/install/px4_ros_com/lib/px4_ros_com/offboard_control" to ""
[8.013s] -- Installing: /home/saleheen_linux/others/ros_2_Learning/ros2_ws_cpp/install/px4_ros_com/lib/px4_ros_com/offboard_control_srv
[8.015s] -- Set runtime path of "/home/saleheen_linux/others/ros_2_Learning/ros2_ws_cpp/install/px4_ros_com/lib/px4_ros_com/offboard_control_srv" to ""
[8.015s] -- Installing: /home/saleheen_linux/others/ros_2_Learning/ros2_ws_cpp/install/px4_ros_com/share/px4_ros_com/environment/library_path.sh
[8.015s] -- Installing: /home/saleheen_linux/others/ros_2_Learning/ros2_ws_cpp/install/px4_ros_com/share/px4_ros_com/environment/library_path.dsv
[8.015s] -- Installing: /home/saleheen_linux/others/ros_2_Learning/ros2_ws_cpp/install/px4_ros_com/include/px4_ros_com
[8.015s] -- Installing: /home/saleheen_linux/others/ros_2_Learning/ros2_ws_cpp/install/px4_ros_com/include/px4_ros_com/frame_transforms.h
[8.015s] -- Installing: /home/saleheen_linux/others/ros_2_Learning/ros2_ws_cpp/install/px4_ros_com/lib/libframe_transforms.so
[8.019s] -- Set runtime path of "/home/saleheen_linux/others/ros_2_Learning/ros2_ws_cpp/install/px4_ros_com/lib/libframe_transforms.so" to ""
[8.019s] -- Installing: /home/saleheen_linux/others/ros_2_Learning/ros2_ws_cpp/install/px4_ros_com/share/px4_ros_com//launch
[8.019s] -- Installing: /home/saleheen_linux/others/ros_2_Learning/ros2_ws_cpp/install/px4_ros_com/share/px4_ros_com//launch/sensor_combined_listener.launch.py
[8.019s] -- Installing: /home/saleheen_linux/others/ros_2_Learning/ros2_ws_cpp/install/px4_ros_com/share/px4_ros_com//launch/offboard_control_launch.yaml
[8.019s] -- Installing: /home/saleheen_linux/others/ros_2_Learning/ros2_ws_cpp/install/px4_ros_com/share/px4_ros_com//test
[8.019s] -- Installing: /home/saleheen_linux/others/ros_2_Learning/ros2_ws_cpp/install/px4_ros_com/share/px4_ros_com//test/pipeline_io_test.py
[8.020s] -- Installing: /home/saleheen_linux/others/ros_2_Learning/ros2_ws_cpp/install/px4_ros_com/share/px4_ros_com//test/test_input.py
[8.020s] -- Installing: /home/saleheen_linux/others/ros_2_Learning/ros2_ws_cpp/install/px4_ros_com/share/px4_ros_com//test/test_output.py
[8.020s] -- Installing: /home/saleheen_linux/others/ros_2_Learning/ros2_ws_cpp/install/px4_ros_com/share/px4_ros_com//test/__init__.py
[8.020s] -- Installing: /home/saleheen_linux/others/ros_2_Learning/ros2_ws_cpp/install/px4_ros_com/share/px4_ros_com/environment/pythonpath.sh
[8.020s] -- Installing: /home/saleheen_linux/others/ros_2_Learning/ros2_ws_cpp/install/px4_ros_com/share/px4_ros_com/environment/pythonpath.dsv
[8.020s] -- Installing: /home/saleheen_linux/others/ros_2_Learning/ros2_ws_cpp/install/px4_ros_com/local/lib/python3.10/dist-packages/px4_ros_com-0.1.0-py3.10.egg-info
[8.021s] -- Installing: /home/saleheen_linux/others/ros_2_Learning/ros2_ws_cpp/install/px4_ros_com/local/lib/python3.10/dist-packages/px4_ros_com-0.1.0-py3.10.egg-info/dependency_links.txt
[8.021s] -- Installing: /home/saleheen_linux/others/ros_2_Learning/ros2_ws_cpp/install/px4_ros_com/local/lib/python3.10/dist-packages/px4_ros_com-0.1.0-py3.10.egg-info/PKG-INFO
[8.021s] -- Installing: /home/saleheen_linux/others/ros_2_Learning/ros2_ws_cpp/install/px4_ros_com/local/lib/python3.10/dist-packages/px4_ros_com-0.1.0-py3.10.egg-info/top_level.txt
[8.021s] -- Installing: /home/saleheen_linux/others/ros_2_Learning/ros2_ws_cpp/install/px4_ros_com/local/lib/python3.10/dist-packages/px4_ros_com-0.1.0-py3.10.egg-info/SOURCES.txt
[8.021s] -- Installing: /home/saleheen_linux/others/ros_2_Learning/ros2_ws_cpp/install/px4_ros_com/local/lib/python3.10/dist-packages/px4_ros_com
[8.021s] -- Installing: /home/saleheen_linux/others/ros_2_Learning/ros2_ws_cpp/install/px4_ros_com/local/lib/python3.10/dist-packages/px4_ros_com/__init__.py
[8.021s] -- Installing: /home/saleheen_linux/others/ros_2_Learning/ros2_ws_cpp/install/px4_ros_com/local/lib/python3.10/dist-packages/px4_ros_com/module_to_import.py
[8.045s] Listing '/home/saleheen_linux/others/ros_2_Learning/ros2_ws_cpp/install/px4_ros_com/local/lib/python3.10/dist-packages/px4_ros_com'...
[8.045s] Compiling '/home/saleheen_linux/others/ros_2_Learning/ros2_ws_cpp/install/px4_ros_com/local/lib/python3.10/dist-packages/px4_ros_com/__init__.py'...
[8.045s] Compiling '/home/saleheen_linux/others/ros_2_Learning/ros2_ws_cpp/install/px4_ros_com/local/lib/python3.10/dist-packages/px4_ros_com/module_to_import.py'...
[8.048s] -- Installing: /home/saleheen_linux/others/ros_2_Learning/ros2_ws_cpp/install/px4_ros_com/lib/px4_ros_com/offboard_control.py
[8.048s] -- Installing: /home/saleheen_linux/others/ros_2_Learning/ros2_ws_cpp/install/px4_ros_com/share/ament_index/resource_index/package_run_dependencies/px4_ros_com
[8.048s] -- Installing: /home/saleheen_linux/others/ros_2_Learning/ros2_ws_cpp/install/px4_ros_com/share/ament_index/resource_index/parent_prefix_path/px4_ros_com
[8.049s] -- Installing: /home/saleheen_linux/others/ros_2_Learning/ros2_ws_cpp/install/px4_ros_com/share/px4_ros_com/environment/ament_prefix_path.sh
[8.049s] -- Installing: /home/saleheen_linux/others/ros_2_Learning/ros2_ws_cpp/install/px4_ros_com/share/px4_ros_com/environment/ament_prefix_path.dsv
[8.049s] -- Installing: /home/saleheen_linux/others/ros_2_Learning/ros2_ws_cpp/install/px4_ros_com/share/px4_ros_com/environment/path.sh
[8.049s] -- Installing: /home/saleheen_linux/others/ros_2_Learning/ros2_ws_cpp/install/px4_ros_com/share/px4_ros_com/environment/path.dsv
[8.049s] -- Installing: /home/saleheen_linux/others/ros_2_Learning/ros2_ws_cpp/install/px4_ros_com/share/px4_ros_com/local_setup.bash
[8.049s] -- Installing: /home/saleheen_linux/others/ros_2_Learning/ros2_ws_cpp/install/px4_ros_com/share/px4_ros_com/local_setup.sh
[8.049s] -- Installing: /home/saleheen_linux/others/ros_2_Learning/ros2_ws_cpp/install/px4_ros_com/share/px4_ros_com/local_setup.zsh
[8.049s] -- Installing: /home/saleheen_linux/others/ros_2_Learning/ros2_ws_cpp/install/px4_ros_com/share/px4_ros_com/local_setup.dsv
[8.050s] -- Installing: /home/saleheen_linux/others/ros_2_Learning/ros2_ws_cpp/install/px4_ros_com/share/px4_ros_com/package.dsv
[8.050s] -- Installing: /home/saleheen_linux/others/ros_2_Learning/ros2_ws_cpp/install/px4_ros_com/share/ament_index/resource_index/packages/px4_ros_com
[8.050s] -- Installing: /home/saleheen_linux/others/ros_2_Learning/ros2_ws_cpp/install/px4_ros_com/share/px4_ros_com/cmake/export_frame_transformsExport.cmake
[8.050s] -- Installing: /home/saleheen_linux/others/ros_2_Learning/ros2_ws_cpp/install/px4_ros_com/share/px4_ros_com/cmake/export_frame_transformsExport-noconfig.cmake
[8.050s] -- Installing: /home/saleheen_linux/others/ros_2_Learning/ros2_ws_cpp/install/px4_ros_com/share/px4_ros_com/cmake/ament_cmake_export_dependencies-extras.cmake
[8.050s] -- Installing: /home/saleheen_linux/others/ros_2_Learning/ros2_ws_cpp/install/px4_ros_com/share/px4_ros_com/cmake/ament_cmake_export_targets-extras.cmake
[8.050s] -- Installing: /home/saleheen_linux/others/ros_2_Learning/ros2_ws_cpp/install/px4_ros_com/share/px4_ros_com/cmake/ament_cmake_export_include_directories-extras.cmake
[8.051s] -- Installing: /home/saleheen_linux/others/ros_2_Learning/ros2_ws_cpp/install/px4_ros_com/share/px4_ros_com/cmake/ament_cmake_export_libraries-extras.cmake
[8.051s] -- Installing: /home/saleheen_linux/others/ros_2_Learning/ros2_ws_cpp/install/px4_ros_com/share/px4_ros_com/cmake/px4_ros_comConfig.cmake
[8.051s] -- Installing: /home/saleheen_linux/others/ros_2_Learning/ros2_ws_cpp/install/px4_ros_com/share/px4_ros_com/cmake/px4_ros_comConfig-version.cmake
[8.051s] -- Installing: /home/saleheen_linux/others/ros_2_Learning/ros2_ws_cpp/install/px4_ros_com/share/px4_ros_com/package.xml
[8.053s] Invoked command in '/home/saleheen_linux/others/ros_2_Learning/ros2_ws_cpp/build/px4_ros_com' returned '0': AMENT_PREFIX_PATH=/home/saleheen_linux/others/ros_2_Learning/ros2_ws_cpp/install/px4_msgs:${AMENT_PREFIX_PATH} CMAKE_PREFIX_PATH=/home/saleheen_linux/others/ros_2_Learning/ros2_ws_cpp/install/px4_msgs:/home/saleheen_linux/others/ros_2_Learning/ros2_workspace/install/rover:/home/saleheen_linux/others/ros_2_Learning/ros2_workspace/install/prius_line_following:/opt/ros/humble LD_LIBRARY_PATH=/home/saleheen_linux/others/ros_2_Learning/ros2_ws_cpp/install/px4_msgs/lib:/usr/lib/x86_64-linux-gnu/gazebo-11/plugins:/opt/ros/humble/opt/rviz_ogre_vendor/lib:/opt/ros/humble/lib/x86_64-linux-gnu:/opt/ros/humble/lib:/usr/lib/x86_64-linux-gnu/gazebo-11:/home/saleheen_linux/PX4-Autopilot/build/px4_sitl_default/build_gazebo-classic PYTHONPATH=/home/saleheen_linux/others/ros_2_Learning/ros2_ws_cpp/install/px4_msgs/local/lib/python3.10/dist-packages:${PYTHONPATH} /usr/bin/cmake --install /home/saleheen_linux/others/ros_2_Learning/ros2_ws_cpp/build/px4_ros_com
