[0.081s] DEBUG:colcon:Command line arguments: ['/usr/bin/colcon', 'build']
[0.081s] DEBUG:colcon:Parsed command line arguments: Namespace(log_base=None, log_level=None, verb_name='build', build_base='build', install_base='install', merge_install=False, symlink_install=False, test_result_base=None, continue_on_error=False, executor='parallel', parallel_workers=16, event_handlers=None, ignore_user_meta=False, metas=['./colcon.meta'], base_paths=['.'], packages_ignore=None, packages_ignore_regex=None, paths=None, packages_up_to=None, packages_up_to_regex=None, packages_above=None, packages_above_and_dependencies=None, packages_above_depth=None, packages_select_by_dep=None, packages_skip_by_dep=None, packages_skip_up_to=None, packages_select_build_failed=False, packages_skip_build_finished=False, packages_select_test_failures=False, packages_skip_test_passed=False, packages_select=None, packages_skip=None, packages_select_regex=None, packages_skip_regex=None, packages_start=None, packages_end=None, allow_overriding=[], cmake_args=None, cmake_target=None, cmake_target_skip_unavailable=False, cmake_clean_cache=False, cmake_clean_first=False, cmake_force_configure=False, ament_cmake_args=None, catkin_cmake_args=None, catkin_skip_building_tests=False, mixin_files=None, mixin=None, verb_parser=<colcon_mixin.mixin.mixin_argument.MixinArgumentDecorator object at 0x7021002f79a0>, verb_extension=<colcon_core.verb.build.BuildVerb object at 0x702100467c10>, main=<bound method BuildVerb.main of <colcon_core.verb.build.BuildVerb object at 0x702100467c10>>, mixin_verb=('build',))
[0.220s] Level 1:colcon.colcon_core.package_discovery:discover_packages(colcon_meta) check parameters
[0.220s] Level 1:colcon.colcon_core.package_discovery:discover_packages(recursive) check parameters
[0.220s] Level 1:colcon.colcon_core.package_discovery:discover_packages(ignore) check parameters
[0.220s] Level 1:colcon.colcon_core.package_discovery:discover_packages(path) check parameters
[0.220s] Level 1:colcon.colcon_core.package_discovery:discover_packages(colcon_meta) discover
[0.220s] Level 1:colcon.colcon_core.package_discovery:discover_packages(recursive) discover
[0.220s] INFO:colcon.colcon_core.package_discovery:Crawling recursively for packages in '/home/saleheen_linux/others/ros_2_Learning/ros2_ws_cpp'
[0.220s] Level 1:colcon.colcon_core.package_identification:_identify(.) by extensions ['ignore', 'ignore_ament_install']
[0.220s] Level 1:colcon.colcon_core.package_identification:_identify(.) by extension 'ignore'
[0.220s] Level 1:colcon.colcon_core.package_identification:_identify(.) by extension 'ignore_ament_install'
[0.220s] Level 1:colcon.colcon_core.package_identification:_identify(.) by extensions ['colcon_pkg']
[0.220s] Level 1:colcon.colcon_core.package_identification:_identify(.) by extension 'colcon_pkg'
[0.220s] Level 1:colcon.colcon_core.package_identification:_identify(.) by extensions ['colcon_meta']
[0.220s] Level 1:colcon.colcon_core.package_identification:_identify(.) by extension 'colcon_meta'
[0.220s] Level 1:colcon.colcon_core.package_identification:_identify(.) by extensions ['ros']
[0.220s] Level 1:colcon.colcon_core.package_identification:_identify(.) by extension 'ros'
[0.234s] Level 1:colcon.colcon_core.package_identification:_identify(.) by extensions ['cmake', 'python']
[0.234s] Level 1:colcon.colcon_core.package_identification:_identify(.) by extension 'cmake'
[0.234s] Level 1:colcon.colcon_core.package_identification:_identify(.) by extension 'python'
[0.234s] Level 1:colcon.colcon_core.package_identification:_identify(.) by extensions ['python_setup_py']
[0.234s] Level 1:colcon.colcon_core.package_identification:_identify(.) by extension 'python_setup_py'
[0.234s] Level 1:colcon.colcon_core.package_identification:_identify(backup) by extensions ['ignore', 'ignore_ament_install']
[0.235s] Level 1:colcon.colcon_core.package_identification:_identify(backup) by extension 'ignore'
[0.235s] Level 1:colcon.colcon_core.package_identification:_identify(backup) by extension 'ignore_ament_install'
[0.235s] Level 1:colcon.colcon_core.package_identification:_identify(backup) by extensions ['colcon_pkg']
[0.235s] Level 1:colcon.colcon_core.package_identification:_identify(backup) by extension 'colcon_pkg'
[0.235s] Level 1:colcon.colcon_core.package_identification:_identify(backup) by extensions ['colcon_meta']
[0.235s] Level 1:colcon.colcon_core.package_identification:_identify(backup) by extension 'colcon_meta'
[0.235s] Level 1:colcon.colcon_core.package_identification:_identify(backup) by extensions ['ros']
[0.235s] Level 1:colcon.colcon_core.package_identification:_identify(backup) by extension 'ros'
[0.235s] Level 1:colcon.colcon_core.package_identification:_identify(backup) by extensions ['cmake', 'python']
[0.235s] Level 1:colcon.colcon_core.package_identification:_identify(backup) by extension 'cmake'
[0.235s] Level 1:colcon.colcon_core.package_identification:_identify(backup) by extension 'python'
[0.235s] Level 1:colcon.colcon_core.package_identification:_identify(backup) by extensions ['python_setup_py']
[0.235s] Level 1:colcon.colcon_core.package_identification:_identify(backup) by extension 'python_setup_py'
[0.235s] Level 1:colcon.colcon_core.package_identification:_identify(build) by extensions ['ignore', 'ignore_ament_install']
[0.235s] Level 1:colcon.colcon_core.package_identification:_identify(build) by extension 'ignore'
[0.235s] Level 1:colcon.colcon_core.package_identification:_identify(build) ignored
[0.235s] Level 1:colcon.colcon_core.package_identification:_identify(install) by extensions ['ignore', 'ignore_ament_install']
[0.235s] Level 1:colcon.colcon_core.package_identification:_identify(install) by extension 'ignore'
[0.235s] Level 1:colcon.colcon_core.package_identification:_identify(install) ignored
[0.235s] Level 1:colcon.colcon_core.package_identification:_identify(log) by extensions ['ignore', 'ignore_ament_install']
[0.235s] Level 1:colcon.colcon_core.package_identification:_identify(log) by extension 'ignore'
[0.235s] Level 1:colcon.colcon_core.package_identification:_identify(log) ignored
[0.235s] Level 1:colcon.colcon_core.package_identification:_identify(src) by extensions ['ignore', 'ignore_ament_install']
[0.236s] Level 1:colcon.colcon_core.package_identification:_identify(src) by extension 'ignore'
[0.236s] Level 1:colcon.colcon_core.package_identification:_identify(src) by extension 'ignore_ament_install'
[0.236s] Level 1:colcon.colcon_core.package_identification:_identify(src) by extensions ['colcon_pkg']
[0.236s] Level 1:colcon.colcon_core.package_identification:_identify(src) by extension 'colcon_pkg'
[0.236s] Level 1:colcon.colcon_core.package_identification:_identify(src) by extensions ['colcon_meta']
[0.236s] Level 1:colcon.colcon_core.package_identification:_identify(src) by extension 'colcon_meta'
[0.236s] Level 1:colcon.colcon_core.package_identification:_identify(src) by extensions ['ros']
[0.236s] Level 1:colcon.colcon_core.package_identification:_identify(src) by extension 'ros'
[0.236s] Level 1:colcon.colcon_core.package_identification:_identify(src) by extensions ['cmake', 'python']
[0.236s] Level 1:colcon.colcon_core.package_identification:_identify(src) by extension 'cmake'
[0.236s] Level 1:colcon.colcon_core.package_identification:_identify(src) by extension 'python'
[0.236s] Level 1:colcon.colcon_core.package_identification:_identify(src) by extensions ['python_setup_py']
[0.236s] Level 1:colcon.colcon_core.package_identification:_identify(src) by extension 'python_setup_py'
[0.236s] Level 1:colcon.colcon_core.package_identification:_identify(src/cpp_pubsub) by extensions ['ignore', 'ignore_ament_install']
[0.236s] Level 1:colcon.colcon_core.package_identification:_identify(src/cpp_pubsub) by extension 'ignore'
[0.236s] Level 1:colcon.colcon_core.package_identification:_identify(src/cpp_pubsub) by extension 'ignore_ament_install'
[0.236s] Level 1:colcon.colcon_core.package_identification:_identify(src/cpp_pubsub) by extensions ['colcon_pkg']
[0.236s] Level 1:colcon.colcon_core.package_identification:_identify(src/cpp_pubsub) by extension 'colcon_pkg'
[0.236s] Level 1:colcon.colcon_core.package_identification:_identify(src/cpp_pubsub) by extensions ['colcon_meta']
[0.236s] Level 1:colcon.colcon_core.package_identification:_identify(src/cpp_pubsub) by extension 'colcon_meta'
[0.236s] Level 1:colcon.colcon_core.package_identification:_identify(src/cpp_pubsub) by extensions ['ros']
[0.236s] Level 1:colcon.colcon_core.package_identification:_identify(src/cpp_pubsub) by extension 'ros'
[0.238s] DEBUG:colcon.colcon_core.package_identification:Package 'src/cpp_pubsub' with type 'ros.ament_cmake' and name 'cpp_pubsub'
[0.238s] Level 1:colcon.colcon_core.package_identification:_identify(src/px4_msgs) by extensions ['ignore', 'ignore_ament_install']
[0.238s] Level 1:colcon.colcon_core.package_identification:_identify(src/px4_msgs) by extension 'ignore'
[0.238s] Level 1:colcon.colcon_core.package_identification:_identify(src/px4_msgs) by extension 'ignore_ament_install'
[0.238s] Level 1:colcon.colcon_core.package_identification:_identify(src/px4_msgs) by extensions ['colcon_pkg']
[0.238s] Level 1:colcon.colcon_core.package_identification:_identify(src/px4_msgs) by extension 'colcon_pkg'
[0.238s] Level 1:colcon.colcon_core.package_identification:_identify(src/px4_msgs) by extensions ['colcon_meta']
[0.238s] Level 1:colcon.colcon_core.package_identification:_identify(src/px4_msgs) by extension 'colcon_meta'
[0.238s] Level 1:colcon.colcon_core.package_identification:_identify(src/px4_msgs) by extensions ['ros']
[0.238s] Level 1:colcon.colcon_core.package_identification:_identify(src/px4_msgs) by extension 'ros'
[0.239s] DEBUG:colcon.colcon_core.package_identification:Package 'src/px4_msgs' with type 'ros.ament_cmake' and name 'px4_msgs'
[0.239s] Level 1:colcon.colcon_core.package_identification:_identify(src/px4_ros_com) by extensions ['ignore', 'ignore_ament_install']
[0.239s] Level 1:colcon.colcon_core.package_identification:_identify(src/px4_ros_com) by extension 'ignore'
[0.239s] Level 1:colcon.colcon_core.package_identification:_identify(src/px4_ros_com) by extension 'ignore_ament_install'
[0.239s] Level 1:colcon.colcon_core.package_identification:_identify(src/px4_ros_com) by extensions ['colcon_pkg']
[0.239s] Level 1:colcon.colcon_core.package_identification:_identify(src/px4_ros_com) by extension 'colcon_pkg'
[0.239s] Level 1:colcon.colcon_core.package_identification:_identify(src/px4_ros_com) by extensions ['colcon_meta']
[0.239s] Level 1:colcon.colcon_core.package_identification:_identify(src/px4_ros_com) by extension 'colcon_meta'
[0.239s] Level 1:colcon.colcon_core.package_identification:_identify(src/px4_ros_com) by extensions ['ros']
[0.239s] Level 1:colcon.colcon_core.package_identification:_identify(src/px4_ros_com) by extension 'ros'
[0.240s] DEBUG:colcon.colcon_core.package_identification:Package 'src/px4_ros_com' with type 'ros.ament_cmake' and name 'px4_ros_com'
[0.240s] Level 1:colcon.colcon_core.package_identification:_identify(src/rover_cpp) by extensions ['ignore', 'ignore_ament_install']
[0.240s] Level 1:colcon.colcon_core.package_identification:_identify(src/rover_cpp) by extension 'ignore'
[0.240s] Level 1:colcon.colcon_core.package_identification:_identify(src/rover_cpp) by extension 'ignore_ament_install'
[0.240s] Level 1:colcon.colcon_core.package_identification:_identify(src/rover_cpp) by extensions ['colcon_pkg']
[0.240s] Level 1:colcon.colcon_core.package_identification:_identify(src/rover_cpp) by extension 'colcon_pkg'
[0.240s] Level 1:colcon.colcon_core.package_identification:_identify(src/rover_cpp) by extensions ['colcon_meta']
[0.240s] Level 1:colcon.colcon_core.package_identification:_identify(src/rover_cpp) by extension 'colcon_meta'
[0.240s] Level 1:colcon.colcon_core.package_identification:_identify(src/rover_cpp) by extensions ['ros']
[0.240s] Level 1:colcon.colcon_core.package_identification:_identify(src/rover_cpp) by extension 'ros'
[0.241s] DEBUG:colcon.colcon_core.package_identification:Package 'src/rover_cpp' with type 'ros.ament_cmake' and name 'rover_cpp'
[0.241s] Level 1:colcon.colcon_core.package_identification:_identify(src/warehouse_rover_ros2) by extensions ['ignore', 'ignore_ament_install']
[0.241s] Level 1:colcon.colcon_core.package_identification:_identify(src/warehouse_rover_ros2) by extension 'ignore'
[0.241s] Level 1:colcon.colcon_core.package_identification:_identify(src/warehouse_rover_ros2) by extension 'ignore_ament_install'
[0.241s] Level 1:colcon.colcon_core.package_identification:_identify(src/warehouse_rover_ros2) by extensions ['colcon_pkg']
[0.241s] Level 1:colcon.colcon_core.package_identification:_identify(src/warehouse_rover_ros2) by extension 'colcon_pkg'
[0.241s] Level 1:colcon.colcon_core.package_identification:_identify(src/warehouse_rover_ros2) by extensions ['colcon_meta']
[0.241s] Level 1:colcon.colcon_core.package_identification:_identify(src/warehouse_rover_ros2) by extension 'colcon_meta'
[0.241s] Level 1:colcon.colcon_core.package_identification:_identify(src/warehouse_rover_ros2) by extensions ['ros']
[0.241s] Level 1:colcon.colcon_core.package_identification:_identify(src/warehouse_rover_ros2) by extension 'ros'
[0.241s] DEBUG:colcon.colcon_core.package_identification:Package 'src/warehouse_rover_ros2' with type 'ros.ament_cmake' and name 'warehouse_rover_ros2'
[0.241s] Level 1:colcon.colcon_core.package_discovery:discover_packages(recursive) using defaults
[0.241s] Level 1:colcon.colcon_core.package_discovery:discover_packages(ignore) discover
[0.242s] Level 1:colcon.colcon_core.package_discovery:discover_packages(ignore) using defaults
[0.242s] Level 1:colcon.colcon_core.package_discovery:discover_packages(path) discover
[0.242s] Level 1:colcon.colcon_core.package_discovery:discover_packages(path) using defaults
[0.261s] Level 1:colcon.colcon_core.package_discovery:discover_packages(prefix_path) check parameters
[0.261s] Level 1:colcon.colcon_core.package_discovery:discover_packages(prefix_path) discover
[0.264s] DEBUG:colcon.colcon_installed_package_information.package_discovery:Found 5 installed packages in /home/saleheen_linux/others/ros_2_Learning/ros2_ws_cpp/install
[0.264s] DEBUG:colcon.colcon_installed_package_information.package_discovery:Found 2 installed packages in /home/saleheen_linux/others/ros_2_Learning/ros2_workspace/install
[0.266s] DEBUG:colcon.colcon_installed_package_information.package_discovery:Found 334 installed packages in /opt/ros/humble
[0.268s] Level 1:colcon.colcon_core.package_discovery:discover_packages(prefix_path) using defaults
[0.300s] Level 5:colcon.colcon_core.verb:set package 'cpp_pubsub' build argument 'cmake_args' from command line to 'None'
[0.300s] Level 5:colcon.colcon_core.verb:set package 'cpp_pubsub' build argument 'cmake_target' from command line to 'None'
[0.300s] Level 5:colcon.colcon_core.verb:set package 'cpp_pubsub' build argument 'cmake_target_skip_unavailable' from command line to 'False'
[0.300s] Level 5:colcon.colcon_core.verb:set package 'cpp_pubsub' build argument 'cmake_clean_cache' from command line to 'False'
[0.300s] Level 5:colcon.colcon_core.verb:set package 'cpp_pubsub' build argument 'cmake_clean_first' from command line to 'False'
[0.300s] Level 5:colcon.colcon_core.verb:set package 'cpp_pubsub' build argument 'cmake_force_configure' from command line to 'False'
[0.300s] Level 5:colcon.colcon_core.verb:set package 'cpp_pubsub' build argument 'ament_cmake_args' from command line to 'None'
[0.300s] Level 5:colcon.colcon_core.verb:set package 'cpp_pubsub' build argument 'catkin_cmake_args' from command line to 'None'
[0.300s] Level 5:colcon.colcon_core.verb:set package 'cpp_pubsub' build argument 'catkin_skip_building_tests' from command line to 'False'
[0.300s] DEBUG:colcon.colcon_core.verb:Building package 'cpp_pubsub' with the following arguments: {'ament_cmake_args': None, 'build_base': '/home/saleheen_linux/others/ros_2_Learning/ros2_ws_cpp/build/cpp_pubsub', 'catkin_cmake_args': None, 'catkin_skip_building_tests': False, 'cmake_args': None, 'cmake_clean_cache': False, 'cmake_clean_first': False, 'cmake_force_configure': False, 'cmake_target': None, 'cmake_target_skip_unavailable': False, 'install_base': '/home/saleheen_linux/others/ros_2_Learning/ros2_ws_cpp/install/cpp_pubsub', 'merge_install': False, 'path': '/home/saleheen_linux/others/ros_2_Learning/ros2_ws_cpp/src/cpp_pubsub', 'symlink_install': False, 'test_result_base': None}
[0.301s] Level 5:colcon.colcon_core.verb:set package 'px4_msgs' build argument 'cmake_args' from command line to 'None'
[0.301s] Level 5:colcon.colcon_core.verb:set package 'px4_msgs' build argument 'cmake_target' from command line to 'None'
[0.301s] Level 5:colcon.colcon_core.verb:set package 'px4_msgs' build argument 'cmake_target_skip_unavailable' from command line to 'False'
[0.301s] Level 5:colcon.colcon_core.verb:set package 'px4_msgs' build argument 'cmake_clean_cache' from command line to 'False'
[0.301s] Level 5:colcon.colcon_core.verb:set package 'px4_msgs' build argument 'cmake_clean_first' from command line to 'False'
[0.301s] Level 5:colcon.colcon_core.verb:set package 'px4_msgs' build argument 'cmake_force_configure' from command line to 'False'
[0.301s] Level 5:colcon.colcon_core.verb:set package 'px4_msgs' build argument 'ament_cmake_args' from command line to 'None'
[0.301s] Level 5:colcon.colcon_core.verb:set package 'px4_msgs' build argument 'catkin_cmake_args' from command line to 'None'
[0.301s] Level 5:colcon.colcon_core.verb:set package 'px4_msgs' build argument 'catkin_skip_building_tests' from command line to 'False'
[0.301s] DEBUG:colcon.colcon_core.verb:Building package 'px4_msgs' with the following arguments: {'ament_cmake_args': None, 'build_base': '/home/saleheen_linux/others/ros_2_Learning/ros2_ws_cpp/build/px4_msgs', 'catkin_cmake_args': None, 'catkin_skip_building_tests': False, 'cmake_args': None, 'cmake_clean_cache': False, 'cmake_clean_first': False, 'cmake_force_configure': False, 'cmake_target': None, 'cmake_target_skip_unavailable': False, 'install_base': '/home/saleheen_linux/others/ros_2_Learning/ros2_ws_cpp/install/px4_msgs', 'merge_install': False, 'path': '/home/saleheen_linux/others/ros_2_Learning/ros2_ws_cpp/src/px4_msgs', 'symlink_install': False, 'test_result_base': None}
[0.301s] Level 5:colcon.colcon_core.verb:set package 'rover_cpp' build argument 'cmake_args' from command line to 'None'
[0.301s] Level 5:colcon.colcon_core.verb:set package 'rover_cpp' build argument 'cmake_target' from command line to 'None'
[0.301s] Level 5:colcon.colcon_core.verb:set package 'rover_cpp' build argument 'cmake_target_skip_unavailable' from command line to 'False'
[0.301s] Level 5:colcon.colcon_core.verb:set package 'rover_cpp' build argument 'cmake_clean_cache' from command line to 'False'
[0.301s] Level 5:colcon.colcon_core.verb:set package 'rover_cpp' build argument 'cmake_clean_first' from command line to 'False'
[0.301s] Level 5:colcon.colcon_core.verb:set package 'rover_cpp' build argument 'cmake_force_configure' from command line to 'False'
[0.301s] Level 5:colcon.colcon_core.verb:set package 'rover_cpp' build argument 'ament_cmake_args' from command line to 'None'
[0.301s] Level 5:colcon.colcon_core.verb:set package 'rover_cpp' build argument 'catkin_cmake_args' from command line to 'None'
[0.301s] Level 5:colcon.colcon_core.verb:set package 'rover_cpp' build argument 'catkin_skip_building_tests' from command line to 'False'
[0.301s] DEBUG:colcon.colcon_core.verb:Building package 'rover_cpp' with the following arguments: {'ament_cmake_args': None, 'build_base': '/home/saleheen_linux/others/ros_2_Learning/ros2_ws_cpp/build/rover_cpp', 'catkin_cmake_args': None, 'catkin_skip_building_tests': False, 'cmake_args': None, 'cmake_clean_cache': False, 'cmake_clean_first': False, 'cmake_force_configure': False, 'cmake_target': None, 'cmake_target_skip_unavailable': False, 'install_base': '/home/saleheen_linux/others/ros_2_Learning/ros2_ws_cpp/install/rover_cpp', 'merge_install': False, 'path': '/home/saleheen_linux/others/ros_2_Learning/ros2_ws_cpp/src/rover_cpp', 'symlink_install': False, 'test_result_base': None}
[0.301s] Level 5:colcon.colcon_core.verb:set package 'warehouse_rover_ros2' build argument 'cmake_args' from command line to 'None'
[0.301s] Level 5:colcon.colcon_core.verb:set package 'warehouse_rover_ros2' build argument 'cmake_target' from command line to 'None'
[0.301s] Level 5:colcon.colcon_core.verb:set package 'warehouse_rover_ros2' build argument 'cmake_target_skip_unavailable' from command line to 'False'
[0.301s] Level 5:colcon.colcon_core.verb:set package 'warehouse_rover_ros2' build argument 'cmake_clean_cache' from command line to 'False'
[0.301s] Level 5:colcon.colcon_core.verb:set package 'warehouse_rover_ros2' build argument 'cmake_clean_first' from command line to 'False'
[0.301s] Level 5:colcon.colcon_core.verb:set package 'warehouse_rover_ros2' build argument 'cmake_force_configure' from command line to 'False'
[0.301s] Level 5:colcon.colcon_core.verb:set package 'warehouse_rover_ros2' build argument 'ament_cmake_args' from command line to 'None'
[0.301s] Level 5:colcon.colcon_core.verb:set package 'warehouse_rover_ros2' build argument 'catkin_cmake_args' from command line to 'None'
[0.301s] Level 5:colcon.colcon_core.verb:set package 'warehouse_rover_ros2' build argument 'catkin_skip_building_tests' from command line to 'False'
[0.301s] DEBUG:colcon.colcon_core.verb:Building package 'warehouse_rover_ros2' with the following arguments: {'ament_cmake_args': None, 'build_base': '/home/saleheen_linux/others/ros_2_Learning/ros2_ws_cpp/build/warehouse_rover_ros2', 'catkin_cmake_args': None, 'catkin_skip_building_tests': False, 'cmake_args': None, 'cmake_clean_cache': False, 'cmake_clean_first': False, 'cmake_force_configure': False, 'cmake_target': None, 'cmake_target_skip_unavailable': False, 'install_base': '/home/saleheen_linux/others/ros_2_Learning/ros2_ws_cpp/install/warehouse_rover_ros2', 'merge_install': False, 'path': '/home/saleheen_linux/others/ros_2_Learning/ros2_ws_cpp/src/warehouse_rover_ros2', 'symlink_install': False, 'test_result_base': None}
[0.302s] Level 5:colcon.colcon_core.verb:set package 'px4_ros_com' build argument 'cmake_args' from command line to 'None'
[0.302s] Level 5:colcon.colcon_core.verb:set package 'px4_ros_com' build argument 'cmake_target' from command line to 'None'
[0.302s] Level 5:colcon.colcon_core.verb:set package 'px4_ros_com' build argument 'cmake_target_skip_unavailable' from command line to 'False'
[0.302s] Level 5:colcon.colcon_core.verb:set package 'px4_ros_com' build argument 'cmake_clean_cache' from command line to 'False'
[0.302s] Level 5:colcon.colcon_core.verb:set package 'px4_ros_com' build argument 'cmake_clean_first' from command line to 'False'
[0.302s] Level 5:colcon.colcon_core.verb:set package 'px4_ros_com' build argument 'cmake_force_configure' from command line to 'False'
[0.302s] Level 5:colcon.colcon_core.verb:set package 'px4_ros_com' build argument 'ament_cmake_args' from command line to 'None'
[0.302s] Level 5:colcon.colcon_core.verb:set package 'px4_ros_com' build argument 'catkin_cmake_args' from command line to 'None'
[0.302s] Level 5:colcon.colcon_core.verb:set package 'px4_ros_com' build argument 'catkin_skip_building_tests' from command line to 'False'
[0.302s] DEBUG:colcon.colcon_core.verb:Building package 'px4_ros_com' with the following arguments: {'ament_cmake_args': None, 'build_base': '/home/saleheen_linux/others/ros_2_Learning/ros2_ws_cpp/build/px4_ros_com', 'catkin_cmake_args': None, 'catkin_skip_building_tests': False, 'cmake_args': None, 'cmake_clean_cache': False, 'cmake_clean_first': False, 'cmake_force_configure': False, 'cmake_target': None, 'cmake_target_skip_unavailable': False, 'install_base': '/home/saleheen_linux/others/ros_2_Learning/ros2_ws_cpp/install/px4_ros_com', 'merge_install': False, 'path': '/home/saleheen_linux/others/ros_2_Learning/ros2_ws_cpp/src/px4_ros_com', 'symlink_install': False, 'test_result_base': None}
[0.302s] INFO:colcon.colcon_core.executor:Executing jobs using 'parallel' executor
[0.303s] DEBUG:colcon.colcon_parallel_executor.executor.parallel:run_until_complete
[0.303s] INFO:colcon.colcon_ros.task.ament_cmake.build:Building ROS package in '/home/saleheen_linux/others/ros_2_Learning/ros2_ws_cpp/src/px4_msgs' with build type 'ament_cmake'
[0.303s] INFO:colcon.colcon_cmake.task.cmake.build:Building CMake package in '/home/saleheen_linux/others/ros_2_Learning/ros2_ws_cpp/src/px4_msgs'
[0.305s] INFO:colcon.colcon_core.plugin_system:Skipping extension 'colcon_core.shell.bat': Not used on non-Windows systems
[0.306s] INFO:colcon.colcon_core.shell:Skip shell extension 'powershell' for command environment: Not usable outside of PowerShell
[0.306s] DEBUG:colcon.colcon_core.shell:Skip shell extension 'dsv' for command environment
[0.309s] INFO:colcon.colcon_ros.task.ament_cmake.build:Building ROS package in '/home/saleheen_linux/others/ros_2_Learning/ros2_ws_cpp/src/cpp_pubsub' with build type 'ament_cmake'
[0.309s] INFO:colcon.colcon_cmake.task.cmake.build:Building CMake package in '/home/saleheen_linux/others/ros_2_Learning/ros2_ws_cpp/src/cpp_pubsub'
[0.309s] INFO:colcon.colcon_core.shell:Skip shell extension 'powershell' for command environment: Not usable outside of PowerShell
[0.309s] DEBUG:colcon.colcon_core.shell:Skip shell extension 'dsv' for command environment
[0.312s] INFO:colcon.colcon_ros.task.ament_cmake.build:Building ROS package in '/home/saleheen_linux/others/ros_2_Learning/ros2_ws_cpp/src/rover_cpp' with build type 'ament_cmake'
[0.312s] INFO:colcon.colcon_cmake.task.cmake.build:Building CMake package in '/home/saleheen_linux/others/ros_2_Learning/ros2_ws_cpp/src/rover_cpp'
[0.312s] INFO:colcon.colcon_core.shell:Skip shell extension 'powershell' for command environment: Not usable outside of PowerShell
[0.312s] DEBUG:colcon.colcon_core.shell:Skip shell extension 'dsv' for command environment
[0.315s] INFO:colcon.colcon_ros.task.ament_cmake.build:Building ROS package in '/home/saleheen_linux/others/ros_2_Learning/ros2_ws_cpp/src/warehouse_rover_ros2' with build type 'ament_cmake'
[0.315s] INFO:colcon.colcon_cmake.task.cmake.build:Building CMake package in '/home/saleheen_linux/others/ros_2_Learning/ros2_ws_cpp/src/warehouse_rover_ros2'
[0.315s] INFO:colcon.colcon_core.shell:Skip shell extension 'powershell' for command environment: Not usable outside of PowerShell
[0.315s] DEBUG:colcon.colcon_core.shell:Skip shell extension 'dsv' for command environment
[0.322s] DEBUG:colcon.colcon_core.event_handler.log_command:Invoking command in '/home/saleheen_linux/others/ros_2_Learning/ros2_ws_cpp/build/px4_msgs': CMAKE_PREFIX_PATH=${CMAKE_PREFIX_PATH}:/home/saleheen_linux/others/ros_2_Learning/ros2_workspace/install/rover:/home/saleheen_linux/others/ros_2_Learning/ros2_workspace/install/prius_line_following:/opt/ros/humble /usr/bin/cmake --build /home/saleheen_linux/others/ros_2_Learning/ros2_ws_cpp/build/px4_msgs -- -j16 -l16
[0.324s] DEBUG:colcon.colcon_core.event_handler.log_command:Invoking command in '/home/saleheen_linux/others/ros_2_Learning/ros2_ws_cpp/build/cpp_pubsub': CMAKE_PREFIX_PATH=${CMAKE_PREFIX_PATH}:/home/saleheen_linux/others/ros_2_Learning/ros2_workspace/install/rover:/home/saleheen_linux/others/ros_2_Learning/ros2_workspace/install/prius_line_following:/opt/ros/humble /usr/bin/cmake --build /home/saleheen_linux/others/ros_2_Learning/ros2_ws_cpp/build/cpp_pubsub -- -j16 -l16
[0.326s] DEBUG:colcon.colcon_core.event_handler.log_command:Invoking command in '/home/saleheen_linux/others/ros_2_Learning/ros2_ws_cpp/build/rover_cpp': CMAKE_PREFIX_PATH=${CMAKE_PREFIX_PATH}:/home/saleheen_linux/others/ros_2_Learning/ros2_workspace/install/rover:/home/saleheen_linux/others/ros_2_Learning/ros2_workspace/install/prius_line_following:/opt/ros/humble /usr/bin/cmake --build /home/saleheen_linux/others/ros_2_Learning/ros2_ws_cpp/build/rover_cpp -- -j16 -l16
[0.329s] DEBUG:colcon.colcon_core.event_handler.log_command:Invoking command in '/home/saleheen_linux/others/ros_2_Learning/ros2_ws_cpp/build/warehouse_rover_ros2': CMAKE_PREFIX_PATH=${CMAKE_PREFIX_PATH}:/home/saleheen_linux/others/ros_2_Learning/ros2_workspace/install/rover:/home/saleheen_linux/others/ros_2_Learning/ros2_workspace/install/prius_line_following:/opt/ros/humble /usr/bin/cmake --build /home/saleheen_linux/others/ros_2_Learning/ros2_ws_cpp/build/warehouse_rover_ros2 -- -j16 -l16
[0.360s] DEBUG:colcon.colcon_core.event_handler.log_command:Invoked command in '/home/saleheen_linux/others/ros_2_Learning/ros2_ws_cpp/build/cpp_pubsub' returned '0': CMAKE_PREFIX_PATH=${CMAKE_PREFIX_PATH}:/home/saleheen_linux/others/ros_2_Learning/ros2_workspace/install/rover:/home/saleheen_linux/others/ros_2_Learning/ros2_workspace/install/prius_line_following:/opt/ros/humble /usr/bin/cmake --build /home/saleheen_linux/others/ros_2_Learning/ros2_ws_cpp/build/cpp_pubsub -- -j16 -l16
[0.369s] DEBUG:colcon.colcon_core.event_handler.log_command:Invoked command in '/home/saleheen_linux/others/ros_2_Learning/ros2_ws_cpp/build/warehouse_rover_ros2' returned '0': CMAKE_PREFIX_PATH=${CMAKE_PREFIX_PATH}:/home/saleheen_linux/others/ros_2_Learning/ros2_workspace/install/rover:/home/saleheen_linux/others/ros_2_Learning/ros2_workspace/install/prius_line_following:/opt/ros/humble /usr/bin/cmake --build /home/saleheen_linux/others/ros_2_Learning/ros2_ws_cpp/build/warehouse_rover_ros2 -- -j16 -l16
[0.389s] DEBUG:colcon.colcon_core.event_handler.log_command:Invoking command in '/home/saleheen_linux/others/ros_2_Learning/ros2_ws_cpp/build/cpp_pubsub': CMAKE_PREFIX_PATH=${CMAKE_PREFIX_PATH}:/home/saleheen_linux/others/ros_2_Learning/ros2_workspace/install/rover:/home/saleheen_linux/others/ros_2_Learning/ros2_workspace/install/prius_line_following:/opt/ros/humble /usr/bin/cmake --install /home/saleheen_linux/others/ros_2_Learning/ros2_ws_cpp/build/cpp_pubsub
[0.390s] DEBUG:colcon.colcon_core.event_handler.log_command:Invoking command in '/home/saleheen_linux/others/ros_2_Learning/ros2_ws_cpp/build/warehouse_rover_ros2': CMAKE_PREFIX_PATH=${CMAKE_PREFIX_PATH}:/home/saleheen_linux/others/ros_2_Learning/ros2_workspace/install/rover:/home/saleheen_linux/others/ros_2_Learning/ros2_workspace/install/prius_line_following:/opt/ros/humble /usr/bin/cmake --install /home/saleheen_linux/others/ros_2_Learning/ros2_ws_cpp/build/warehouse_rover_ros2
[0.391s] DEBUG:colcon.colcon_core.event_handler.log_command:Invoked command in '/home/saleheen_linux/others/ros_2_Learning/ros2_ws_cpp/build/rover_cpp' returned '0': CMAKE_PREFIX_PATH=${CMAKE_PREFIX_PATH}:/home/saleheen_linux/others/ros_2_Learning/ros2_workspace/install/rover:/home/saleheen_linux/others/ros_2_Learning/ros2_workspace/install/prius_line_following:/opt/ros/humble /usr/bin/cmake --build /home/saleheen_linux/others/ros_2_Learning/ros2_ws_cpp/build/rover_cpp -- -j16 -l16
[0.399s] Level 1:colcon.colcon_core.environment:create_environment_scripts_only(cpp_pubsub)
[0.400s] DEBUG:colcon.colcon_core.event_handler.log_command:Invoked command in '/home/saleheen_linux/others/ros_2_Learning/ros2_ws_cpp/build/cpp_pubsub' returned '0': CMAKE_PREFIX_PATH=${CMAKE_PREFIX_PATH}:/home/saleheen_linux/others/ros_2_Learning/ros2_workspace/install/rover:/home/saleheen_linux/others/ros_2_Learning/ros2_workspace/install/prius_line_following:/opt/ros/humble /usr/bin/cmake --install /home/saleheen_linux/others/ros_2_Learning/ros2_ws_cpp/build/cpp_pubsub
[0.403s] Level 1:colcon.colcon_core.environment:checking '/home/saleheen_linux/others/ros_2_Learning/ros2_ws_cpp/install/cpp_pubsub' for CMake module files
[0.403s] Level 1:colcon.colcon_core.environment:checking '/home/saleheen_linux/others/ros_2_Learning/ros2_ws_cpp/install/cpp_pubsub' for CMake config files
[0.403s] Level 1:colcon.colcon_core.shell:create_environment_hook('cpp_pubsub', 'cmake_prefix_path')
[0.403s] INFO:colcon.colcon_core.shell:Creating environment hook '/home/saleheen_linux/others/ros_2_Learning/ros2_ws_cpp/install/cpp_pubsub/share/cpp_pubsub/hook/cmake_prefix_path.ps1'
[0.404s] INFO:colcon.colcon_core.shell:Creating environment descriptor '/home/saleheen_linux/others/ros_2_Learning/ros2_ws_cpp/install/cpp_pubsub/share/cpp_pubsub/hook/cmake_prefix_path.dsv'
[0.404s] INFO:colcon.colcon_core.shell:Creating environment hook '/home/saleheen_linux/others/ros_2_Learning/ros2_ws_cpp/install/cpp_pubsub/share/cpp_pubsub/hook/cmake_prefix_path.sh'
[0.405s] Level 1:colcon.colcon_core.environment:checking '/home/saleheen_linux/others/ros_2_Learning/ros2_ws_cpp/install/cpp_pubsub/bin'
[0.405s] Level 1:colcon.colcon_core.environment:checking '/home/saleheen_linux/others/ros_2_Learning/ros2_ws_cpp/install/cpp_pubsub/lib/pkgconfig/cpp_pubsub.pc'
[0.405s] Level 1:colcon.colcon_core.environment:checking '/home/saleheen_linux/others/ros_2_Learning/ros2_ws_cpp/install/cpp_pubsub/lib/python3.10/site-packages'
[0.405s] Level 1:colcon.colcon_core.environment:checking '/home/saleheen_linux/others/ros_2_Learning/ros2_ws_cpp/install/cpp_pubsub/bin'
[0.406s] INFO:colcon.colcon_core.shell:Creating package script '/home/saleheen_linux/others/ros_2_Learning/ros2_ws_cpp/install/cpp_pubsub/share/cpp_pubsub/package.ps1'
[0.406s] INFO:colcon.colcon_core.shell:Creating package descriptor '/home/saleheen_linux/others/ros_2_Learning/ros2_ws_cpp/install/cpp_pubsub/share/cpp_pubsub/package.dsv'
[0.407s] INFO:colcon.colcon_core.shell:Creating package script '/home/saleheen_linux/others/ros_2_Learning/ros2_ws_cpp/install/cpp_pubsub/share/cpp_pubsub/package.sh'
[0.407s] INFO:colcon.colcon_core.shell:Creating package script '/home/saleheen_linux/others/ros_2_Learning/ros2_ws_cpp/install/cpp_pubsub/share/cpp_pubsub/package.bash'
[0.408s] INFO:colcon.colcon_core.shell:Creating package script '/home/saleheen_linux/others/ros_2_Learning/ros2_ws_cpp/install/cpp_pubsub/share/cpp_pubsub/package.zsh'
[0.408s] Level 1:colcon.colcon_core.environment:create_file_with_runtime_dependencies(/home/saleheen_linux/others/ros_2_Learning/ros2_ws_cpp/install/cpp_pubsub/share/colcon-core/packages/cpp_pubsub)
[0.409s] Level 1:colcon.colcon_core.environment:create_environment_scripts_only(warehouse_rover_ros2)
[0.409s] Level 1:colcon.colcon_core.environment:checking '/home/saleheen_linux/others/ros_2_Learning/ros2_ws_cpp/install/warehouse_rover_ros2' for CMake module files
[0.410s] DEBUG:colcon.colcon_core.event_handler.log_command:Invoked command in '/home/saleheen_linux/others/ros_2_Learning/ros2_ws_cpp/build/warehouse_rover_ros2' returned '0': CMAKE_PREFIX_PATH=${CMAKE_PREFIX_PATH}:/home/saleheen_linux/others/ros_2_Learning/ros2_workspace/install/rover:/home/saleheen_linux/others/ros_2_Learning/ros2_workspace/install/prius_line_following:/opt/ros/humble /usr/bin/cmake --install /home/saleheen_linux/others/ros_2_Learning/ros2_ws_cpp/build/warehouse_rover_ros2
[0.410s] Level 1:colcon.colcon_core.environment:checking '/home/saleheen_linux/others/ros_2_Learning/ros2_ws_cpp/install/warehouse_rover_ros2' for CMake config files
[0.410s] Level 1:colcon.colcon_core.shell:create_environment_hook('warehouse_rover_ros2', 'cmake_prefix_path')
[0.410s] INFO:colcon.colcon_core.shell:Creating environment hook '/home/saleheen_linux/others/ros_2_Learning/ros2_ws_cpp/install/warehouse_rover_ros2/share/warehouse_rover_ros2/hook/cmake_prefix_path.ps1'
[0.411s] INFO:colcon.colcon_core.shell:Creating environment descriptor '/home/saleheen_linux/others/ros_2_Learning/ros2_ws_cpp/install/warehouse_rover_ros2/share/warehouse_rover_ros2/hook/cmake_prefix_path.dsv'
[0.411s] INFO:colcon.colcon_core.shell:Creating environment hook '/home/saleheen_linux/others/ros_2_Learning/ros2_ws_cpp/install/warehouse_rover_ros2/share/warehouse_rover_ros2/hook/cmake_prefix_path.sh'
[0.411s] Level 1:colcon.colcon_core.environment:checking '/home/saleheen_linux/others/ros_2_Learning/ros2_ws_cpp/install/warehouse_rover_ros2/bin'
[0.411s] Level 1:colcon.colcon_core.environment:checking '/home/saleheen_linux/others/ros_2_Learning/ros2_ws_cpp/install/warehouse_rover_ros2/lib/pkgconfig/warehouse_rover_ros2.pc'
[0.411s] Level 1:colcon.colcon_core.environment:checking '/home/saleheen_linux/others/ros_2_Learning/ros2_ws_cpp/install/warehouse_rover_ros2/lib/python3.10/site-packages'
[0.411s] Level 1:colcon.colcon_core.environment:checking '/home/saleheen_linux/others/ros_2_Learning/ros2_ws_cpp/install/warehouse_rover_ros2/bin'
[0.412s] INFO:colcon.colcon_core.shell:Creating package script '/home/saleheen_linux/others/ros_2_Learning/ros2_ws_cpp/install/warehouse_rover_ros2/share/warehouse_rover_ros2/package.ps1'
[0.412s] INFO:colcon.colcon_core.shell:Creating package descriptor '/home/saleheen_linux/others/ros_2_Learning/ros2_ws_cpp/install/warehouse_rover_ros2/share/warehouse_rover_ros2/package.dsv'
[0.412s] INFO:colcon.colcon_core.shell:Creating package script '/home/saleheen_linux/others/ros_2_Learning/ros2_ws_cpp/install/warehouse_rover_ros2/share/warehouse_rover_ros2/package.sh'
[0.412s] INFO:colcon.colcon_core.shell:Creating package script '/home/saleheen_linux/others/ros_2_Learning/ros2_ws_cpp/install/warehouse_rover_ros2/share/warehouse_rover_ros2/package.bash'
[0.413s] INFO:colcon.colcon_core.shell:Creating package script '/home/saleheen_linux/others/ros_2_Learning/ros2_ws_cpp/install/warehouse_rover_ros2/share/warehouse_rover_ros2/package.zsh'
[0.413s] Level 1:colcon.colcon_core.environment:create_file_with_runtime_dependencies(/home/saleheen_linux/others/ros_2_Learning/ros2_ws_cpp/install/warehouse_rover_ros2/share/colcon-core/packages/warehouse_rover_ros2)
[0.420s] DEBUG:colcon.colcon_core.event_handler.log_command:Invoking command in '/home/saleheen_linux/others/ros_2_Learning/ros2_ws_cpp/build/rover_cpp': CMAKE_PREFIX_PATH=${CMAKE_PREFIX_PATH}:/home/saleheen_linux/others/ros_2_Learning/ros2_workspace/install/rover:/home/saleheen_linux/others/ros_2_Learning/ros2_workspace/install/prius_line_following:/opt/ros/humble /usr/bin/cmake --install /home/saleheen_linux/others/ros_2_Learning/ros2_ws_cpp/build/rover_cpp
[0.429s] Level 1:colcon.colcon_core.environment:create_environment_scripts_only(cpp_pubsub)
[0.429s] Level 1:colcon.colcon_core.environment:checking '/home/saleheen_linux/others/ros_2_Learning/ros2_ws_cpp/install/cpp_pubsub' for CMake module files
[0.431s] Level 1:colcon.colcon_core.environment:checking '/home/saleheen_linux/others/ros_2_Learning/ros2_ws_cpp/install/cpp_pubsub' for CMake config files
[0.431s] Level 1:colcon.colcon_core.shell:create_environment_hook('cpp_pubsub', 'cmake_prefix_path')
[0.431s] INFO:colcon.colcon_core.shell:Creating environment hook '/home/saleheen_linux/others/ros_2_Learning/ros2_ws_cpp/install/cpp_pubsub/share/cpp_pubsub/hook/cmake_prefix_path.ps1'
[0.432s] INFO:colcon.colcon_core.shell:Creating environment descriptor '/home/saleheen_linux/others/ros_2_Learning/ros2_ws_cpp/install/cpp_pubsub/share/cpp_pubsub/hook/cmake_prefix_path.dsv'
[0.432s] INFO:colcon.colcon_core.shell:Creating environment hook '/home/saleheen_linux/others/ros_2_Learning/ros2_ws_cpp/install/cpp_pubsub/share/cpp_pubsub/hook/cmake_prefix_path.sh'
[0.432s] Level 1:colcon.colcon_core.environment:checking '/home/saleheen_linux/others/ros_2_Learning/ros2_ws_cpp/install/cpp_pubsub/bin'
[0.432s] Level 1:colcon.colcon_core.environment:checking '/home/saleheen_linux/others/ros_2_Learning/ros2_ws_cpp/install/cpp_pubsub/lib/pkgconfig/cpp_pubsub.pc'
[0.433s] Level 1:colcon.colcon_core.environment:checking '/home/saleheen_linux/others/ros_2_Learning/ros2_ws_cpp/install/cpp_pubsub/lib/python3.10/site-packages'
[0.433s] Level 1:colcon.colcon_core.environment:checking '/home/saleheen_linux/others/ros_2_Learning/ros2_ws_cpp/install/cpp_pubsub/bin'
[0.433s] INFO:colcon.colcon_core.shell:Creating package script '/home/saleheen_linux/others/ros_2_Learning/ros2_ws_cpp/install/cpp_pubsub/share/cpp_pubsub/package.ps1'
[0.433s] INFO:colcon.colcon_core.shell:Creating package descriptor '/home/saleheen_linux/others/ros_2_Learning/ros2_ws_cpp/install/cpp_pubsub/share/cpp_pubsub/package.dsv'
[0.434s] INFO:colcon.colcon_core.shell:Creating package script '/home/saleheen_linux/others/ros_2_Learning/ros2_ws_cpp/install/cpp_pubsub/share/cpp_pubsub/package.sh'
[0.434s] INFO:colcon.colcon_core.shell:Creating package script '/home/saleheen_linux/others/ros_2_Learning/ros2_ws_cpp/install/cpp_pubsub/share/cpp_pubsub/package.bash'
[0.434s] INFO:colcon.colcon_core.shell:Creating package script '/home/saleheen_linux/others/ros_2_Learning/ros2_ws_cpp/install/cpp_pubsub/share/cpp_pubsub/package.zsh'
[0.434s] Level 1:colcon.colcon_core.environment:create_file_with_runtime_dependencies(/home/saleheen_linux/others/ros_2_Learning/ros2_ws_cpp/install/cpp_pubsub/share/colcon-core/packages/cpp_pubsub)
[0.435s] Level 1:colcon.colcon_core.environment:create_environment_scripts_only(warehouse_rover_ros2)
[0.435s] Level 1:colcon.colcon_core.environment:checking '/home/saleheen_linux/others/ros_2_Learning/ros2_ws_cpp/install/warehouse_rover_ros2' for CMake module files
[0.436s] Level 1:colcon.colcon_core.environment:checking '/home/saleheen_linux/others/ros_2_Learning/ros2_ws_cpp/install/warehouse_rover_ros2' for CMake config files
[0.436s] Level 1:colcon.colcon_core.shell:create_environment_hook('warehouse_rover_ros2', 'cmake_prefix_path')
[0.436s] INFO:colcon.colcon_core.shell:Creating environment hook '/home/saleheen_linux/others/ros_2_Learning/ros2_ws_cpp/install/warehouse_rover_ros2/share/warehouse_rover_ros2/hook/cmake_prefix_path.ps1'
[0.436s] INFO:colcon.colcon_core.shell:Creating environment descriptor '/home/saleheen_linux/others/ros_2_Learning/ros2_ws_cpp/install/warehouse_rover_ros2/share/warehouse_rover_ros2/hook/cmake_prefix_path.dsv'
[0.437s] INFO:colcon.colcon_core.shell:Creating environment hook '/home/saleheen_linux/others/ros_2_Learning/ros2_ws_cpp/install/warehouse_rover_ros2/share/warehouse_rover_ros2/hook/cmake_prefix_path.sh'
[0.437s] Level 1:colcon.colcon_core.environment:checking '/home/saleheen_linux/others/ros_2_Learning/ros2_ws_cpp/install/warehouse_rover_ros2/bin'
[0.437s] Level 1:colcon.colcon_core.environment:checking '/home/saleheen_linux/others/ros_2_Learning/ros2_ws_cpp/install/warehouse_rover_ros2/lib/pkgconfig/warehouse_rover_ros2.pc'
[0.437s] Level 1:colcon.colcon_core.environment:checking '/home/saleheen_linux/others/ros_2_Learning/ros2_ws_cpp/install/warehouse_rover_ros2/lib/python3.10/site-packages'
[0.437s] Level 1:colcon.colcon_core.environment:checking '/home/saleheen_linux/others/ros_2_Learning/ros2_ws_cpp/install/warehouse_rover_ros2/bin'
[0.437s] INFO:colcon.colcon_core.shell:Creating package script '/home/saleheen_linux/others/ros_2_Learning/ros2_ws_cpp/install/warehouse_rover_ros2/share/warehouse_rover_ros2/package.ps1'
[0.438s] INFO:colcon.colcon_core.shell:Creating package descriptor '/home/saleheen_linux/others/ros_2_Learning/ros2_ws_cpp/install/warehouse_rover_ros2/share/warehouse_rover_ros2/package.dsv'
[0.438s] INFO:colcon.colcon_core.shell:Creating package script '/home/saleheen_linux/others/ros_2_Learning/ros2_ws_cpp/install/warehouse_rover_ros2/share/warehouse_rover_ros2/package.sh'
[0.438s] INFO:colcon.colcon_core.shell:Creating package script '/home/saleheen_linux/others/ros_2_Learning/ros2_ws_cpp/install/warehouse_rover_ros2/share/warehouse_rover_ros2/package.bash'
[0.439s] INFO:colcon.colcon_core.shell:Creating package script '/home/saleheen_linux/others/ros_2_Learning/ros2_ws_cpp/install/warehouse_rover_ros2/share/warehouse_rover_ros2/package.zsh'
[0.439s] Level 1:colcon.colcon_core.environment:create_file_with_runtime_dependencies(/home/saleheen_linux/others/ros_2_Learning/ros2_ws_cpp/install/warehouse_rover_ros2/share/colcon-core/packages/warehouse_rover_ros2)
[0.439s] Level 1:colcon.colcon_core.environment:create_environment_scripts_only(rover_cpp)
[0.439s] Level 1:colcon.colcon_core.environment:checking '/home/saleheen_linux/others/ros_2_Learning/ros2_ws_cpp/install/rover_cpp' for CMake module files
[0.440s] DEBUG:colcon.colcon_core.event_handler.log_command:Invoked command in '/home/saleheen_linux/others/ros_2_Learning/ros2_ws_cpp/build/rover_cpp' returned '0': CMAKE_PREFIX_PATH=${CMAKE_PREFIX_PATH}:/home/saleheen_linux/others/ros_2_Learning/ros2_workspace/install/rover:/home/saleheen_linux/others/ros_2_Learning/ros2_workspace/install/prius_line_following:/opt/ros/humble /usr/bin/cmake --install /home/saleheen_linux/others/ros_2_Learning/ros2_ws_cpp/build/rover_cpp
[0.440s] Level 1:colcon.colcon_core.environment:checking '/home/saleheen_linux/others/ros_2_Learning/ros2_ws_cpp/install/rover_cpp' for CMake config files
[0.440s] Level 1:colcon.colcon_core.shell:create_environment_hook('rover_cpp', 'cmake_prefix_path')
[0.441s] INFO:colcon.colcon_core.shell:Creating environment hook '/home/saleheen_linux/others/ros_2_Learning/ros2_ws_cpp/install/rover_cpp/share/rover_cpp/hook/cmake_prefix_path.ps1'
[0.441s] INFO:colcon.colcon_core.shell:Creating environment descriptor '/home/saleheen_linux/others/ros_2_Learning/ros2_ws_cpp/install/rover_cpp/share/rover_cpp/hook/cmake_prefix_path.dsv'
[0.441s] INFO:colcon.colcon_core.shell:Creating environment hook '/home/saleheen_linux/others/ros_2_Learning/ros2_ws_cpp/install/rover_cpp/share/rover_cpp/hook/cmake_prefix_path.sh'
[0.441s] Level 1:colcon.colcon_core.environment:checking '/home/saleheen_linux/others/ros_2_Learning/ros2_ws_cpp/install/rover_cpp/lib'
[0.442s] Level 1:colcon.colcon_core.environment:checking '/home/saleheen_linux/others/ros_2_Learning/ros2_ws_cpp/install/rover_cpp/bin'
[0.442s] Level 1:colcon.colcon_core.environment:checking '/home/saleheen_linux/others/ros_2_Learning/ros2_ws_cpp/install/rover_cpp/lib/pkgconfig/rover_cpp.pc'
[0.442s] Level 1:colcon.colcon_core.environment:checking '/home/saleheen_linux/others/ros_2_Learning/ros2_ws_cpp/install/rover_cpp/lib/python3.10/site-packages'
[0.442s] Level 1:colcon.colcon_core.environment:checking '/home/saleheen_linux/others/ros_2_Learning/ros2_ws_cpp/install/rover_cpp/bin'
[0.442s] INFO:colcon.colcon_core.shell:Creating package script '/home/saleheen_linux/others/ros_2_Learning/ros2_ws_cpp/install/rover_cpp/share/rover_cpp/package.ps1'
[0.442s] INFO:colcon.colcon_core.shell:Creating package descriptor '/home/saleheen_linux/others/ros_2_Learning/ros2_ws_cpp/install/rover_cpp/share/rover_cpp/package.dsv'
[0.443s] INFO:colcon.colcon_core.shell:Creating package script '/home/saleheen_linux/others/ros_2_Learning/ros2_ws_cpp/install/rover_cpp/share/rover_cpp/package.sh'
[0.443s] INFO:colcon.colcon_core.shell:Creating package script '/home/saleheen_linux/others/ros_2_Learning/ros2_ws_cpp/install/rover_cpp/share/rover_cpp/package.bash'
[0.443s] INFO:colcon.colcon_core.shell:Creating package script '/home/saleheen_linux/others/ros_2_Learning/ros2_ws_cpp/install/rover_cpp/share/rover_cpp/package.zsh'
[0.443s] Level 1:colcon.colcon_core.environment:create_file_with_runtime_dependencies(/home/saleheen_linux/others/ros_2_Learning/ros2_ws_cpp/install/rover_cpp/share/colcon-core/packages/rover_cpp)
[0.473s] Level 1:colcon.colcon_core.environment:create_environment_scripts_only(rover_cpp)
[0.474s] Level 1:colcon.colcon_core.environment:checking '/home/saleheen_linux/others/ros_2_Learning/ros2_ws_cpp/install/rover_cpp' for CMake module files
[0.474s] Level 1:colcon.colcon_core.environment:checking '/home/saleheen_linux/others/ros_2_Learning/ros2_ws_cpp/install/rover_cpp' for CMake config files
[0.474s] Level 1:colcon.colcon_core.shell:create_environment_hook('rover_cpp', 'cmake_prefix_path')
[0.474s] INFO:colcon.colcon_core.shell:Creating environment hook '/home/saleheen_linux/others/ros_2_Learning/ros2_ws_cpp/install/rover_cpp/share/rover_cpp/hook/cmake_prefix_path.ps1'
[0.475s] INFO:colcon.colcon_core.shell:Creating environment descriptor '/home/saleheen_linux/others/ros_2_Learning/ros2_ws_cpp/install/rover_cpp/share/rover_cpp/hook/cmake_prefix_path.dsv'
[0.475s] INFO:colcon.colcon_core.shell:Creating environment hook '/home/saleheen_linux/others/ros_2_Learning/ros2_ws_cpp/install/rover_cpp/share/rover_cpp/hook/cmake_prefix_path.sh'
[0.476s] Level 1:colcon.colcon_core.environment:checking '/home/saleheen_linux/others/ros_2_Learning/ros2_ws_cpp/install/rover_cpp/lib'
[0.476s] Level 1:colcon.colcon_core.environment:checking '/home/saleheen_linux/others/ros_2_Learning/ros2_ws_cpp/install/rover_cpp/bin'
[0.476s] Level 1:colcon.colcon_core.environment:checking '/home/saleheen_linux/others/ros_2_Learning/ros2_ws_cpp/install/rover_cpp/lib/pkgconfig/rover_cpp.pc'
[0.476s] Level 1:colcon.colcon_core.environment:checking '/home/saleheen_linux/others/ros_2_Learning/ros2_ws_cpp/install/rover_cpp/lib/python3.10/site-packages'
[0.476s] Level 1:colcon.colcon_core.environment:checking '/home/saleheen_linux/others/ros_2_Learning/ros2_ws_cpp/install/rover_cpp/bin'
[0.476s] INFO:colcon.colcon_core.shell:Creating package script '/home/saleheen_linux/others/ros_2_Learning/ros2_ws_cpp/install/rover_cpp/share/rover_cpp/package.ps1'
[0.476s] INFO:colcon.colcon_core.shell:Creating package descriptor '/home/saleheen_linux/others/ros_2_Learning/ros2_ws_cpp/install/rover_cpp/share/rover_cpp/package.dsv'
[0.477s] INFO:colcon.colcon_core.shell:Creating package script '/home/saleheen_linux/others/ros_2_Learning/ros2_ws_cpp/install/rover_cpp/share/rover_cpp/package.sh'
[0.477s] INFO:colcon.colcon_core.shell:Creating package script '/home/saleheen_linux/others/ros_2_Learning/ros2_ws_cpp/install/rover_cpp/share/rover_cpp/package.bash'
[0.477s] INFO:colcon.colcon_core.shell:Creating package script '/home/saleheen_linux/others/ros_2_Learning/ros2_ws_cpp/install/rover_cpp/share/rover_cpp/package.zsh'
[0.478s] Level 1:colcon.colcon_core.environment:create_file_with_runtime_dependencies(/home/saleheen_linux/others/ros_2_Learning/ros2_ws_cpp/install/rover_cpp/share/colcon-core/packages/rover_cpp)
[1.240s] DEBUG:colcon.colcon_core.event_handler.log_command:Invoked command in '/home/saleheen_linux/others/ros_2_Learning/ros2_ws_cpp/build/px4_msgs' returned '0': CMAKE_PREFIX_PATH=${CMAKE_PREFIX_PATH}:/home/saleheen_linux/others/ros_2_Learning/ros2_workspace/install/rover:/home/saleheen_linux/others/ros_2_Learning/ros2_workspace/install/prius_line_following:/opt/ros/humble /usr/bin/cmake --build /home/saleheen_linux/others/ros_2_Learning/ros2_ws_cpp/build/px4_msgs -- -j16 -l16
[5.966s] DEBUG:colcon.colcon_core.event_handler.log_command:Invoking command in '/home/saleheen_linux/others/ros_2_Learning/ros2_ws_cpp/build/px4_msgs': CMAKE_PREFIX_PATH=${CMAKE_PREFIX_PATH}:/home/saleheen_linux/others/ros_2_Learning/ros2_workspace/install/rover:/home/saleheen_linux/others/ros_2_Learning/ros2_workspace/install/prius_line_following:/opt/ros/humble /usr/bin/cmake --install /home/saleheen_linux/others/ros_2_Learning/ros2_ws_cpp/build/px4_msgs
[6.411s] Level 1:colcon.colcon_core.environment:create_environment_scripts_only(px4_msgs)
[6.411s] Level 1:colcon.colcon_core.environment:checking '/home/saleheen_linux/others/ros_2_Learning/ros2_ws_cpp/install/px4_msgs' for CMake module files
[6.412s] DEBUG:colcon.colcon_core.event_handler.log_command:Invoked command in '/home/saleheen_linux/others/ros_2_Learning/ros2_ws_cpp/build/px4_msgs' returned '0': CMAKE_PREFIX_PATH=${CMAKE_PREFIX_PATH}:/home/saleheen_linux/others/ros_2_Learning/ros2_workspace/install/rover:/home/saleheen_linux/others/ros_2_Learning/ros2_workspace/install/prius_line_following:/opt/ros/humble /usr/bin/cmake --install /home/saleheen_linux/others/ros_2_Learning/ros2_ws_cpp/build/px4_msgs
[6.412s] Level 1:colcon.colcon_core.environment:checking '/home/saleheen_linux/others/ros_2_Learning/ros2_ws_cpp/install/px4_msgs' for CMake config files
[6.415s] Level 1:colcon.colcon_core.shell:create_environment_hook('px4_msgs', 'cmake_prefix_path')
[6.415s] INFO:colcon.colcon_core.shell:Creating environment hook '/home/saleheen_linux/others/ros_2_Learning/ros2_ws_cpp/install/px4_msgs/share/px4_msgs/hook/cmake_prefix_path.ps1'
[6.416s] INFO:colcon.colcon_core.shell:Creating environment descriptor '/home/saleheen_linux/others/ros_2_Learning/ros2_ws_cpp/install/px4_msgs/share/px4_msgs/hook/cmake_prefix_path.dsv'
[6.416s] INFO:colcon.colcon_core.shell:Creating environment hook '/home/saleheen_linux/others/ros_2_Learning/ros2_ws_cpp/install/px4_msgs/share/px4_msgs/hook/cmake_prefix_path.sh'
[6.416s] Level 1:colcon.colcon_core.environment:checking '/home/saleheen_linux/others/ros_2_Learning/ros2_ws_cpp/install/px4_msgs/lib'
[6.416s] Level 1:colcon.colcon_core.shell:create_environment_hook('px4_msgs', 'ld_library_path_lib')
[6.417s] INFO:colcon.colcon_core.shell:Creating environment hook '/home/saleheen_linux/others/ros_2_Learning/ros2_ws_cpp/install/px4_msgs/share/px4_msgs/hook/ld_library_path_lib.ps1'
[6.417s] INFO:colcon.colcon_core.shell:Creating environment descriptor '/home/saleheen_linux/others/ros_2_Learning/ros2_ws_cpp/install/px4_msgs/share/px4_msgs/hook/ld_library_path_lib.dsv'
[6.417s] INFO:colcon.colcon_core.shell:Creating environment hook '/home/saleheen_linux/others/ros_2_Learning/ros2_ws_cpp/install/px4_msgs/share/px4_msgs/hook/ld_library_path_lib.sh'
[6.417s] Level 1:colcon.colcon_core.environment:checking '/home/saleheen_linux/others/ros_2_Learning/ros2_ws_cpp/install/px4_msgs/bin'
[6.417s] Level 1:colcon.colcon_core.environment:checking '/home/saleheen_linux/others/ros_2_Learning/ros2_ws_cpp/install/px4_msgs/lib/pkgconfig/px4_msgs.pc'
[6.418s] Level 1:colcon.colcon_core.environment:checking '/home/saleheen_linux/others/ros_2_Learning/ros2_ws_cpp/install/px4_msgs/lib/python3.10/site-packages'
[6.418s] Level 1:colcon.colcon_core.environment:checking '/home/saleheen_linux/others/ros_2_Learning/ros2_ws_cpp/install/px4_msgs/bin'
[6.418s] INFO:colcon.colcon_core.shell:Creating package script '/home/saleheen_linux/others/ros_2_Learning/ros2_ws_cpp/install/px4_msgs/share/px4_msgs/package.ps1'
[6.418s] INFO:colcon.colcon_core.shell:Creating package descriptor '/home/saleheen_linux/others/ros_2_Learning/ros2_ws_cpp/install/px4_msgs/share/px4_msgs/package.dsv'
[6.418s] INFO:colcon.colcon_core.shell:Creating package script '/home/saleheen_linux/others/ros_2_Learning/ros2_ws_cpp/install/px4_msgs/share/px4_msgs/package.sh'
[6.419s] INFO:colcon.colcon_core.shell:Creating package script '/home/saleheen_linux/others/ros_2_Learning/ros2_ws_cpp/install/px4_msgs/share/px4_msgs/package.bash'
[6.419s] INFO:colcon.colcon_core.shell:Creating package script '/home/saleheen_linux/others/ros_2_Learning/ros2_ws_cpp/install/px4_msgs/share/px4_msgs/package.zsh'
[6.419s] Level 1:colcon.colcon_core.environment:create_file_with_runtime_dependencies(/home/saleheen_linux/others/ros_2_Learning/ros2_ws_cpp/install/px4_msgs/share/colcon-core/packages/px4_msgs)
[11.130s] Level 1:colcon.colcon_core.environment:create_environment_scripts_only(px4_msgs)
[11.131s] Level 1:colcon.colcon_core.environment:checking '/home/saleheen_linux/others/ros_2_Learning/ros2_ws_cpp/install/px4_msgs' for CMake module files
[11.131s] Level 1:colcon.colcon_core.environment:checking '/home/saleheen_linux/others/ros_2_Learning/ros2_ws_cpp/install/px4_msgs' for CMake config files
[11.134s] Level 1:colcon.colcon_core.shell:create_environment_hook('px4_msgs', 'cmake_prefix_path')
[11.134s] INFO:colcon.colcon_core.shell:Creating environment hook '/home/saleheen_linux/others/ros_2_Learning/ros2_ws_cpp/install/px4_msgs/share/px4_msgs/hook/cmake_prefix_path.ps1'
[11.135s] INFO:colcon.colcon_core.shell:Creating environment descriptor '/home/saleheen_linux/others/ros_2_Learning/ros2_ws_cpp/install/px4_msgs/share/px4_msgs/hook/cmake_prefix_path.dsv'
[11.135s] INFO:colcon.colcon_core.shell:Creating environment hook '/home/saleheen_linux/others/ros_2_Learning/ros2_ws_cpp/install/px4_msgs/share/px4_msgs/hook/cmake_prefix_path.sh'
[11.135s] Level 1:colcon.colcon_core.environment:checking '/home/saleheen_linux/others/ros_2_Learning/ros2_ws_cpp/install/px4_msgs/lib'
[11.135s] Level 1:colcon.colcon_core.shell:create_environment_hook('px4_msgs', 'ld_library_path_lib')
[11.136s] INFO:colcon.colcon_core.shell:Creating environment hook '/home/saleheen_linux/others/ros_2_Learning/ros2_ws_cpp/install/px4_msgs/share/px4_msgs/hook/ld_library_path_lib.ps1'
[11.136s] INFO:colcon.colcon_core.shell:Creating environment descriptor '/home/saleheen_linux/others/ros_2_Learning/ros2_ws_cpp/install/px4_msgs/share/px4_msgs/hook/ld_library_path_lib.dsv'
[11.136s] INFO:colcon.colcon_core.shell:Creating environment hook '/home/saleheen_linux/others/ros_2_Learning/ros2_ws_cpp/install/px4_msgs/share/px4_msgs/hook/ld_library_path_lib.sh'
[11.136s] Level 1:colcon.colcon_core.environment:checking '/home/saleheen_linux/others/ros_2_Learning/ros2_ws_cpp/install/px4_msgs/bin'
[11.136s] Level 1:colcon.colcon_core.environment:checking '/home/saleheen_linux/others/ros_2_Learning/ros2_ws_cpp/install/px4_msgs/lib/pkgconfig/px4_msgs.pc'
[11.137s] Level 1:colcon.colcon_core.environment:checking '/home/saleheen_linux/others/ros_2_Learning/ros2_ws_cpp/install/px4_msgs/lib/python3.10/site-packages'
[11.137s] Level 1:colcon.colcon_core.environment:checking '/home/saleheen_linux/others/ros_2_Learning/ros2_ws_cpp/install/px4_msgs/bin'
[11.137s] INFO:colcon.colcon_core.shell:Creating package script '/home/saleheen_linux/others/ros_2_Learning/ros2_ws_cpp/install/px4_msgs/share/px4_msgs/package.ps1'
[11.137s] INFO:colcon.colcon_core.shell:Creating package descriptor '/home/saleheen_linux/others/ros_2_Learning/ros2_ws_cpp/install/px4_msgs/share/px4_msgs/package.dsv'
[11.138s] INFO:colcon.colcon_core.shell:Creating package script '/home/saleheen_linux/others/ros_2_Learning/ros2_ws_cpp/install/px4_msgs/share/px4_msgs/package.sh'
[11.138s] INFO:colcon.colcon_core.shell:Creating package script '/home/saleheen_linux/others/ros_2_Learning/ros2_ws_cpp/install/px4_msgs/share/px4_msgs/package.bash'
[11.138s] INFO:colcon.colcon_core.shell:Creating package script '/home/saleheen_linux/others/ros_2_Learning/ros2_ws_cpp/install/px4_msgs/share/px4_msgs/package.zsh'
[11.138s] Level 1:colcon.colcon_core.environment:create_file_with_runtime_dependencies(/home/saleheen_linux/others/ros_2_Learning/ros2_ws_cpp/install/px4_msgs/share/colcon-core/packages/px4_msgs)
[11.139s] INFO:colcon.colcon_ros.task.ament_cmake.build:Building ROS package in '/home/saleheen_linux/others/ros_2_Learning/ros2_ws_cpp/src/px4_ros_com' with build type 'ament_cmake'
[11.139s] INFO:colcon.colcon_cmake.task.cmake.build:Building CMake package in '/home/saleheen_linux/others/ros_2_Learning/ros2_ws_cpp/src/px4_ros_com'
[11.139s] INFO:colcon.colcon_core.shell:Skip shell extension 'powershell' for command environment: Not usable outside of PowerShell
[11.139s] DEBUG:colcon.colcon_core.shell:Skip shell extension 'dsv' for command environment
[11.149s] DEBUG:colcon.colcon_core.event_handler.log_command:Invoking command in '/home/saleheen_linux/others/ros_2_Learning/ros2_ws_cpp/build/px4_ros_com': CMAKE_PREFIX_PATH=/home/saleheen_linux/others/ros_2_Learning/ros2_ws_cpp/install/px4_msgs:/home/saleheen_linux/others/ros_2_Learning/ros2_ws_cpp/install/warehouse_rover_ros2:/home/saleheen_linux/others/ros_2_Learning/ros2_ws_cpp/install/rover_cpp:/home/saleheen_linux/others/ros_2_Learning/ros2_ws_cpp/install/px4_ros_com:/home/saleheen_linux/others/ros_2_Learning/ros2_ws_cpp/install/cpp_pubsub:/home/saleheen_linux/others/ros_2_Learning/ros2_workspace/install/rover:/home/saleheen_linux/others/ros_2_Learning/ros2_workspace/install/prius_line_following:/opt/ros/humble LD_LIBRARY_PATH=/home/saleheen_linux/others/ros_2_Learning/ros2_ws_cpp/install/px4_msgs/lib:/home/saleheen_linux/others/ros_2_Learning/ros2_ws_cpp/install/px4_ros_com/lib:/usr/lib/x86_64-linux-gnu/gazebo-11/plugins:/opt/ros/humble/opt/rviz_ogre_vendor/lib:/opt/ros/humble/lib/x86_64-linux-gnu:/opt/ros/humble/lib:/usr/lib/x86_64-linux-gnu/gazebo-11:/home/saleheen_linux/PX4-Autopilot/build/px4_sitl_default/build_gazebo-classic /usr/bin/cmake --build /home/saleheen_linux/others/ros_2_Learning/ros2_ws_cpp/build/px4_ros_com -- -j16 -l16
[11.432s] DEBUG:colcon.colcon_core.event_handler.log_command:Invoked command in '/home/saleheen_linux/others/ros_2_Learning/ros2_ws_cpp/build/px4_ros_com' returned '0': CMAKE_PREFIX_PATH=/home/saleheen_linux/others/ros_2_Learning/ros2_ws_cpp/install/px4_msgs:/home/saleheen_linux/others/ros_2_Learning/ros2_ws_cpp/install/warehouse_rover_ros2:/home/saleheen_linux/others/ros_2_Learning/ros2_ws_cpp/install/rover_cpp:/home/saleheen_linux/others/ros_2_Learning/ros2_ws_cpp/install/px4_ros_com:/home/saleheen_linux/others/ros_2_Learning/ros2_ws_cpp/install/cpp_pubsub:/home/saleheen_linux/others/ros_2_Learning/ros2_workspace/install/rover:/home/saleheen_linux/others/ros_2_Learning/ros2_workspace/install/prius_line_following:/opt/ros/humble LD_LIBRARY_PATH=/home/saleheen_linux/others/ros_2_Learning/ros2_ws_cpp/install/px4_msgs/lib:/home/saleheen_linux/others/ros_2_Learning/ros2_ws_cpp/install/px4_ros_com/lib:/usr/lib/x86_64-linux-gnu/gazebo-11/plugins:/opt/ros/humble/opt/rviz_ogre_vendor/lib:/opt/ros/humble/lib/x86_64-linux-gnu:/opt/ros/humble/lib:/usr/lib/x86_64-linux-gnu/gazebo-11:/home/saleheen_linux/PX4-Autopilot/build/px4_sitl_default/build_gazebo-classic /usr/bin/cmake --build /home/saleheen_linux/others/ros_2_Learning/ros2_ws_cpp/build/px4_ros_com -- -j16 -l16
[11.475s] DEBUG:colcon.colcon_core.event_handler.log_command:Invoking command in '/home/saleheen_linux/others/ros_2_Learning/ros2_ws_cpp/build/px4_ros_com': CMAKE_PREFIX_PATH=/home/saleheen_linux/others/ros_2_Learning/ros2_ws_cpp/install/px4_msgs:/home/saleheen_linux/others/ros_2_Learning/ros2_ws_cpp/install/warehouse_rover_ros2:/home/saleheen_linux/others/ros_2_Learning/ros2_ws_cpp/install/rover_cpp:/home/saleheen_linux/others/ros_2_Learning/ros2_ws_cpp/install/px4_ros_com:/home/saleheen_linux/others/ros_2_Learning/ros2_ws_cpp/install/cpp_pubsub:/home/saleheen_linux/others/ros_2_Learning/ros2_workspace/install/rover:/home/saleheen_linux/others/ros_2_Learning/ros2_workspace/install/prius_line_following:/opt/ros/humble LD_LIBRARY_PATH=/home/saleheen_linux/others/ros_2_Learning/ros2_ws_cpp/install/px4_msgs/lib:/home/saleheen_linux/others/ros_2_Learning/ros2_ws_cpp/install/px4_ros_com/lib:/usr/lib/x86_64-linux-gnu/gazebo-11/plugins:/opt/ros/humble/opt/rviz_ogre_vendor/lib:/opt/ros/humble/lib/x86_64-linux-gnu:/opt/ros/humble/lib:/usr/lib/x86_64-linux-gnu/gazebo-11:/home/saleheen_linux/PX4-Autopilot/build/px4_sitl_default/build_gazebo-classic /usr/bin/cmake --install /home/saleheen_linux/others/ros_2_Learning/ros2_ws_cpp/build/px4_ros_com
[11.515s] Level 1:colcon.colcon_core.environment:create_environment_scripts_only(px4_ros_com)
[11.515s] Level 1:colcon.colcon_core.environment:checking '/home/saleheen_linux/others/ros_2_Learning/ros2_ws_cpp/install/px4_ros_com' for CMake module files
[11.516s] DEBUG:colcon.colcon_core.event_handler.log_command:Invoked command in '/home/saleheen_linux/others/ros_2_Learning/ros2_ws_cpp/build/px4_ros_com' returned '0': CMAKE_PREFIX_PATH=/home/saleheen_linux/others/ros_2_Learning/ros2_ws_cpp/install/px4_msgs:/home/saleheen_linux/others/ros_2_Learning/ros2_ws_cpp/install/warehouse_rover_ros2:/home/saleheen_linux/others/ros_2_Learning/ros2_ws_cpp/install/rover_cpp:/home/saleheen_linux/others/ros_2_Learning/ros2_ws_cpp/install/px4_ros_com:/home/saleheen_linux/others/ros_2_Learning/ros2_ws_cpp/install/cpp_pubsub:/home/saleheen_linux/others/ros_2_Learning/ros2_workspace/install/rover:/home/saleheen_linux/others/ros_2_Learning/ros2_workspace/install/prius_line_following:/opt/ros/humble LD_LIBRARY_PATH=/home/saleheen_linux/others/ros_2_Learning/ros2_ws_cpp/install/px4_msgs/lib:/home/saleheen_linux/others/ros_2_Learning/ros2_ws_cpp/install/px4_ros_com/lib:/usr/lib/x86_64-linux-gnu/gazebo-11/plugins:/opt/ros/humble/opt/rviz_ogre_vendor/lib:/opt/ros/humble/lib/x86_64-linux-gnu:/opt/ros/humble/lib:/usr/lib/x86_64-linux-gnu/gazebo-11:/home/saleheen_linux/PX4-Autopilot/build/px4_sitl_default/build_gazebo-classic /usr/bin/cmake --install /home/saleheen_linux/others/ros_2_Learning/ros2_ws_cpp/build/px4_ros_com
[11.516s] Level 1:colcon.colcon_core.environment:checking '/home/saleheen_linux/others/ros_2_Learning/ros2_ws_cpp/install/px4_ros_com' for CMake config files
[11.516s] Level 1:colcon.colcon_core.shell:create_environment_hook('px4_ros_com', 'cmake_prefix_path')
[11.516s] INFO:colcon.colcon_core.shell:Creating environment hook '/home/saleheen_linux/others/ros_2_Learning/ros2_ws_cpp/install/px4_ros_com/share/px4_ros_com/hook/cmake_prefix_path.ps1'
[11.517s] INFO:colcon.colcon_core.shell:Creating environment descriptor '/home/saleheen_linux/others/ros_2_Learning/ros2_ws_cpp/install/px4_ros_com/share/px4_ros_com/hook/cmake_prefix_path.dsv'
[11.517s] INFO:colcon.colcon_core.shell:Creating environment hook '/home/saleheen_linux/others/ros_2_Learning/ros2_ws_cpp/install/px4_ros_com/share/px4_ros_com/hook/cmake_prefix_path.sh'
[11.517s] Level 1:colcon.colcon_core.environment:checking '/home/saleheen_linux/others/ros_2_Learning/ros2_ws_cpp/install/px4_ros_com/lib'
[11.517s] Level 1:colcon.colcon_core.shell:create_environment_hook('px4_ros_com', 'ld_library_path_lib')
[11.518s] INFO:colcon.colcon_core.shell:Creating environment hook '/home/saleheen_linux/others/ros_2_Learning/ros2_ws_cpp/install/px4_ros_com/share/px4_ros_com/hook/ld_library_path_lib.ps1'
[11.518s] INFO:colcon.colcon_core.shell:Creating environment descriptor '/home/saleheen_linux/others/ros_2_Learning/ros2_ws_cpp/install/px4_ros_com/share/px4_ros_com/hook/ld_library_path_lib.dsv'
[11.518s] INFO:colcon.colcon_core.shell:Creating environment hook '/home/saleheen_linux/others/ros_2_Learning/ros2_ws_cpp/install/px4_ros_com/share/px4_ros_com/hook/ld_library_path_lib.sh'
[11.518s] Level 1:colcon.colcon_core.environment:checking '/home/saleheen_linux/others/ros_2_Learning/ros2_ws_cpp/install/px4_ros_com/bin'
[11.518s] Level 1:colcon.colcon_core.environment:checking '/home/saleheen_linux/others/ros_2_Learning/ros2_ws_cpp/install/px4_ros_com/lib/pkgconfig/px4_ros_com.pc'
[11.519s] Level 1:colcon.colcon_core.environment:checking '/home/saleheen_linux/others/ros_2_Learning/ros2_ws_cpp/install/px4_ros_com/lib/python3.10/site-packages'
[11.519s] Level 1:colcon.colcon_core.environment:checking '/home/saleheen_linux/others/ros_2_Learning/ros2_ws_cpp/install/px4_ros_com/bin'
[11.519s] INFO:colcon.colcon_core.shell:Creating package script '/home/saleheen_linux/others/ros_2_Learning/ros2_ws_cpp/install/px4_ros_com/share/px4_ros_com/package.ps1'
[11.519s] INFO:colcon.colcon_core.shell:Creating package descriptor '/home/saleheen_linux/others/ros_2_Learning/ros2_ws_cpp/install/px4_ros_com/share/px4_ros_com/package.dsv'
[11.519s] INFO:colcon.colcon_core.shell:Creating package script '/home/saleheen_linux/others/ros_2_Learning/ros2_ws_cpp/install/px4_ros_com/share/px4_ros_com/package.sh'
[11.520s] INFO:colcon.colcon_core.shell:Creating package script '/home/saleheen_linux/others/ros_2_Learning/ros2_ws_cpp/install/px4_ros_com/share/px4_ros_com/package.bash'
[11.520s] INFO:colcon.colcon_core.shell:Creating package script '/home/saleheen_linux/others/ros_2_Learning/ros2_ws_cpp/install/px4_ros_com/share/px4_ros_com/package.zsh'
[11.520s] Level 1:colcon.colcon_core.environment:create_file_with_runtime_dependencies(/home/saleheen_linux/others/ros_2_Learning/ros2_ws_cpp/install/px4_ros_com/share/colcon-core/packages/px4_ros_com)
[11.562s] Level 1:colcon.colcon_core.environment:create_environment_scripts_only(px4_ros_com)
[11.562s] Level 1:colcon.colcon_core.environment:checking '/home/saleheen_linux/others/ros_2_Learning/ros2_ws_cpp/install/px4_ros_com' for CMake module files
[11.562s] Level 1:colcon.colcon_core.environment:checking '/home/saleheen_linux/others/ros_2_Learning/ros2_ws_cpp/install/px4_ros_com' for CMake config files
[11.563s] Level 1:colcon.colcon_core.shell:create_environment_hook('px4_ros_com', 'cmake_prefix_path')
[11.563s] INFO:colcon.colcon_core.shell:Creating environment hook '/home/saleheen_linux/others/ros_2_Learning/ros2_ws_cpp/install/px4_ros_com/share/px4_ros_com/hook/cmake_prefix_path.ps1'
[11.563s] INFO:colcon.colcon_core.shell:Creating environment descriptor '/home/saleheen_linux/others/ros_2_Learning/ros2_ws_cpp/install/px4_ros_com/share/px4_ros_com/hook/cmake_prefix_path.dsv'
[11.564s] INFO:colcon.colcon_core.shell:Creating environment hook '/home/saleheen_linux/others/ros_2_Learning/ros2_ws_cpp/install/px4_ros_com/share/px4_ros_com/hook/cmake_prefix_path.sh'
[11.564s] Level 1:colcon.colcon_core.environment:checking '/home/saleheen_linux/others/ros_2_Learning/ros2_ws_cpp/install/px4_ros_com/lib'
[11.564s] Level 1:colcon.colcon_core.shell:create_environment_hook('px4_ros_com', 'ld_library_path_lib')
[11.564s] INFO:colcon.colcon_core.shell:Creating environment hook '/home/saleheen_linux/others/ros_2_Learning/ros2_ws_cpp/install/px4_ros_com/share/px4_ros_com/hook/ld_library_path_lib.ps1'
[11.564s] INFO:colcon.colcon_core.shell:Creating environment descriptor '/home/saleheen_linux/others/ros_2_Learning/ros2_ws_cpp/install/px4_ros_com/share/px4_ros_com/hook/ld_library_path_lib.dsv'
[11.565s] INFO:colcon.colcon_core.shell:Creating environment hook '/home/saleheen_linux/others/ros_2_Learning/ros2_ws_cpp/install/px4_ros_com/share/px4_ros_com/hook/ld_library_path_lib.sh'
[11.565s] Level 1:colcon.colcon_core.environment:checking '/home/saleheen_linux/others/ros_2_Learning/ros2_ws_cpp/install/px4_ros_com/bin'
[11.565s] Level 1:colcon.colcon_core.environment:checking '/home/saleheen_linux/others/ros_2_Learning/ros2_ws_cpp/install/px4_ros_com/lib/pkgconfig/px4_ros_com.pc'
[11.565s] Level 1:colcon.colcon_core.environment:checking '/home/saleheen_linux/others/ros_2_Learning/ros2_ws_cpp/install/px4_ros_com/lib/python3.10/site-packages'
[11.565s] Level 1:colcon.colcon_core.environment:checking '/home/saleheen_linux/others/ros_2_Learning/ros2_ws_cpp/install/px4_ros_com/bin'
[11.565s] INFO:colcon.colcon_core.shell:Creating package script '/home/saleheen_linux/others/ros_2_Learning/ros2_ws_cpp/install/px4_ros_com/share/px4_ros_com/package.ps1'
[11.566s] INFO:colcon.colcon_core.shell:Creating package descriptor '/home/saleheen_linux/others/ros_2_Learning/ros2_ws_cpp/install/px4_ros_com/share/px4_ros_com/package.dsv'
[11.566s] INFO:colcon.colcon_core.shell:Creating package script '/home/saleheen_linux/others/ros_2_Learning/ros2_ws_cpp/install/px4_ros_com/share/px4_ros_com/package.sh'
[11.566s] INFO:colcon.colcon_core.shell:Creating package script '/home/saleheen_linux/others/ros_2_Learning/ros2_ws_cpp/install/px4_ros_com/share/px4_ros_com/package.bash'
[11.567s] INFO:colcon.colcon_core.shell:Creating package script '/home/saleheen_linux/others/ros_2_Learning/ros2_ws_cpp/install/px4_ros_com/share/px4_ros_com/package.zsh'
[11.567s] Level 1:colcon.colcon_core.environment:create_file_with_runtime_dependencies(/home/saleheen_linux/others/ros_2_Learning/ros2_ws_cpp/install/px4_ros_com/share/colcon-core/packages/px4_ros_com)
[11.567s] DEBUG:colcon.colcon_parallel_executor.executor.parallel:closing loop
[11.567s] DEBUG:colcon.colcon_parallel_executor.executor.parallel:loop closed
[11.567s] DEBUG:colcon.colcon_parallel_executor.executor.parallel:run_until_complete finished with '0'
[11.567s] DEBUG:colcon.colcon_core.event_reactor:joining thread
[11.572s] INFO:colcon.colcon_core.plugin_system:Skipping extension 'colcon_notification.desktop_notification.terminal_notifier': Not used on non-Darwin systems
[11.572s] INFO:colcon.colcon_core.plugin_system:Skipping extension 'colcon_notification.desktop_notification.win32': Not used on non-Windows systems
[11.572s] INFO:colcon.colcon_notification.desktop_notification:Sending desktop notification using 'notify2'
[11.586s] DEBUG:colcon.colcon_core.event_reactor:joined thread
[11.586s] INFO:colcon.colcon_core.shell:Creating prefix script '/home/saleheen_linux/others/ros_2_Learning/ros2_ws_cpp/install/local_setup.ps1'
[11.587s] INFO:colcon.colcon_core.shell:Creating prefix util module '/home/saleheen_linux/others/ros_2_Learning/ros2_ws_cpp/install/_local_setup_util_ps1.py'
[11.588s] INFO:colcon.colcon_core.shell:Creating prefix chain script '/home/saleheen_linux/others/ros_2_Learning/ros2_ws_cpp/install/setup.ps1'
[11.590s] INFO:colcon.colcon_core.shell:Creating prefix script '/home/saleheen_linux/others/ros_2_Learning/ros2_ws_cpp/install/local_setup.sh'
[11.590s] INFO:colcon.colcon_core.shell:Creating prefix util module '/home/saleheen_linux/others/ros_2_Learning/ros2_ws_cpp/install/_local_setup_util_sh.py'
[11.591s] INFO:colcon.colcon_core.shell:Creating prefix chain script '/home/saleheen_linux/others/ros_2_Learning/ros2_ws_cpp/install/setup.sh'
[11.592s] INFO:colcon.colcon_core.shell:Creating prefix script '/home/saleheen_linux/others/ros_2_Learning/ros2_ws_cpp/install/local_setup.bash'
[11.592s] INFO:colcon.colcon_core.shell:Creating prefix chain script '/home/saleheen_linux/others/ros_2_Learning/ros2_ws_cpp/install/setup.bash'
[11.593s] INFO:colcon.colcon_core.shell:Creating prefix script '/home/saleheen_linux/others/ros_2_Learning/ros2_ws_cpp/install/local_setup.zsh'
[11.593s] INFO:colcon.colcon_core.shell:Creating prefix chain script '/home/saleheen_linux/others/ros_2_Learning/ros2_ws_cpp/install/setup.zsh'
