[0.013s] Invoking command in '/home/saleheen_linux/others/ros_2_Learning/ros2_ws_cpp/build/warehouse_rover_ros2': CMAKE_PREFIX_PATH=${CMAKE_PREFIX_PATH}:/home/saleheen_linux/others/ros_2_Learning/ros2_workspace/install/rover:/home/saleheen_linux/others/ros_2_Learning/ros2_workspace/install/prius_line_following:/home/saleheen_linux/others/ros_2_Learning/ros2_ws_cpp/install/warehouse_rover_py:/opt/ros/humble /usr/bin/cmake --build /home/saleheen_linux/others/ros_2_Learning/ros2_ws_cpp/build/warehouse_rover_ros2 -- -j16 -l16
[0.066s] [35m[1mConsolidate compiler generated dependencies of target autonomous_driving_node[0m
[0.074s] [ 50%] Built target video_save_node
[0.105s] [ 75%] [32mBuilding CXX object CMakeFiles/autonomous_driving_node.dir/src/autonomous_driving.cpp.o[0m
[6.645s] [01m[K/home/saleheen_linux/others/ros_2_Learning/ros2_ws_cpp/src/warehouse_rover_ros2/src/autonomous_driving.cpp:[m[K In constructor ‘[01m[KAutonmousDrivingNode::AutonmousDrivingNode()[m[K’:
[6.645s] [01m[K/home/saleheen_linux/others/ros_2_Learning/ros2_ws_cpp/src/warehouse_rover_ros2/src/autonomous_driving.cpp:23:12:[m[K [01;35m[Kwarning: [m[Kunused variable ‘[01m[Kmid_pt_error[m[K’ [[01;35m[K]8;;https://gcc.gnu.org/onlinedocs/gcc/Warning-Options.html#index-Wunused-variable-Wunused-variable]8;;[m[K]
[6.645s]    23 |     double [01;35m[Kmid_pt_error[m[K = 0.0;
[6.645s]       |            [01;35m[K^~~~~~~~~~~~[m[K
[6.654s] [01m[K/home/saleheen_linux/others/ros_2_Learning/ros2_ws_cpp/src/warehouse_rover_ros2/src/autonomous_driving.cpp:[m[K In member function ‘[01m[Kvoid AutonmousDrivingNode::image_process_callback(sensor_msgs::msg::Image_<std::allocator<void> >::SharedPtr)[m[K’:
[6.654s] [01m[K/home/saleheen_linux/others/ros_2_Learning/ros2_ws_cpp/src/warehouse_rover_ros2/src/autonomous_driving.cpp:61:9:[m[K [01;35m[Kwarning: [m[Kunused variable ‘[01m[Krow_of_interest[m[K’ [[01;35m[K]8;;https://gcc.gnu.org/onlinedocs/gcc/Warning-Options.html#index-Wunused-variable-Wunused-variable]8;;[m[K]
[6.654s]    61 |     int [01;35m[Krow_of_interest[m[K = 150;
[6.655s]       |         [01;35m[K^~~~~~~~~~~~~~~[m[K
[13.113s] [100%] [32m[1mLinking CXX executable autonomous_driving_node[0m
[13.708s] [100%] Built target autonomous_driving_node
[13.721s] Invoked command in '/home/saleheen_linux/others/ros_2_Learning/ros2_ws_cpp/build/warehouse_rover_ros2' returned '0': CMAKE_PREFIX_PATH=${CMAKE_PREFIX_PATH}:/home/saleheen_linux/others/ros_2_Learning/ros2_workspace/install/rover:/home/saleheen_linux/others/ros_2_Learning/ros2_workspace/install/prius_line_following:/home/saleheen_linux/others/ros_2_Learning/ros2_ws_cpp/install/warehouse_rover_py:/opt/ros/humble /usr/bin/cmake --build /home/saleheen_linux/others/ros_2_Learning/ros2_ws_cpp/build/warehouse_rover_ros2 -- -j16 -l16
[13.761s] Invoking command in '/home/saleheen_linux/others/ros_2_Learning/ros2_ws_cpp/build/warehouse_rover_ros2': CMAKE_PREFIX_PATH=${CMAKE_PREFIX_PATH}:/home/saleheen_linux/others/ros_2_Learning/ros2_workspace/install/rover:/home/saleheen_linux/others/ros_2_Learning/ros2_workspace/install/prius_line_following:/home/saleheen_linux/others/ros_2_Learning/ros2_ws_cpp/install/warehouse_rover_py:/opt/ros/humble /usr/bin/cmake --install /home/saleheen_linux/others/ros_2_Learning/ros2_ws_cpp/build/warehouse_rover_ros2
[13.768s] -- Install configuration: ""
[13.768s] -- Up-to-date: /home/saleheen_linux/others/ros_2_Learning/ros2_ws_cpp/install/warehouse_rover_ros2/lib/warehouse_rover_ros2/video_save_node
[13.769s] -- Installing: /home/saleheen_linux/others/ros_2_Learning/ros2_ws_cpp/install/warehouse_rover_ros2/lib/warehouse_rover_ros2/autonomous_driving_node
[13.772s] -- Set runtime path of "/home/saleheen_linux/others/ros_2_Learning/ros2_ws_cpp/install/warehouse_rover_ros2/lib/warehouse_rover_ros2/autonomous_driving_node" to ""
[13.772s] -- Up-to-date: /home/saleheen_linux/others/ros_2_Learning/ros2_ws_cpp/install/warehouse_rover_ros2/include/warehouse_rover_ros2
[13.772s] -- Up-to-date: /home/saleheen_linux/others/ros_2_Learning/ros2_ws_cpp/install/warehouse_rover_ros2/include/warehouse_rover_ros2/warehouse_rover_ros2
[13.772s] -- Up-to-date: /home/saleheen_linux/others/ros_2_Learning/ros2_ws_cpp/install/warehouse_rover_ros2/share/warehouse_rover_ros2/urdf
[13.773s] -- Up-to-date: /home/saleheen_linux/others/ros_2_Learning/ros2_ws_cpp/install/warehouse_rover_ros2/share/warehouse_rover_ros2/urdf/track_1
[13.773s] -- Up-to-date: /home/saleheen_linux/others/ros_2_Learning/ros2_ws_cpp/install/warehouse_rover_ros2/share/warehouse_rover_ros2/urdf/track_1/model.config
[13.773s] -- Up-to-date: /home/saleheen_linux/others/ros_2_Learning/ros2_ws_cpp/install/warehouse_rover_ros2/share/warehouse_rover_ros2/urdf/track_1/materials
[13.773s] -- Up-to-date: /home/saleheen_linux/others/ros_2_Learning/ros2_ws_cpp/install/warehouse_rover_ros2/share/warehouse_rover_ros2/urdf/track_1/materials/scripts
[13.773s] -- Up-to-date: /home/saleheen_linux/others/ros_2_Learning/ros2_ws_cpp/install/warehouse_rover_ros2/share/warehouse_rover_ros2/urdf/track_1/materials/scripts/track_1.material
[13.773s] -- Up-to-date: /home/saleheen_linux/others/ros_2_Learning/ros2_ws_cpp/install/warehouse_rover_ros2/share/warehouse_rover_ros2/urdf/track_1/materials/scripts/track_1.png
[13.773s] -- Up-to-date: /home/saleheen_linux/others/ros_2_Learning/ros2_ws_cpp/install/warehouse_rover_ros2/share/warehouse_rover_ros2/urdf/track_1/materials/textures
[13.773s] -- Up-to-date: /home/saleheen_linux/others/ros_2_Learning/ros2_ws_cpp/install/warehouse_rover_ros2/share/warehouse_rover_ros2/urdf/track_1/model.sdf
[13.773s] -- Up-to-date: /home/saleheen_linux/others/ros_2_Learning/ros2_ws_cpp/install/warehouse_rover_ros2/share/warehouse_rover_ros2/urdf/rover_proto_A1
[13.773s] -- Up-to-date: /home/saleheen_linux/others/ros_2_Learning/ros2_ws_cpp/install/warehouse_rover_ros2/share/warehouse_rover_ros2/urdf/rover_proto_A1/meshes
[13.773s] -- Up-to-date: /home/saleheen_linux/others/ros_2_Learning/ros2_ws_cpp/install/warehouse_rover_ros2/share/warehouse_rover_ros2/urdf/rover_proto_A1/meshes/Lights_Fwd_Link.STL
[13.773s] -- Up-to-date: /home/saleheen_linux/others/ros_2_Learning/ros2_ws_cpp/install/warehouse_rover_ros2/share/warehouse_rover_ros2/urdf/rover_proto_A1/meshes/Camera_Back_Link.dae
[13.774s] -- Up-to-date: /home/saleheen_linux/others/ros_2_Learning/ros2_ws_cpp/install/warehouse_rover_ros2/share/warehouse_rover_ros2/urdf/rover_proto_A1/meshes/Wheel_2_Link.STL
[13.774s] -- Up-to-date: /home/saleheen_linux/others/ros_2_Learning/ros2_ws_cpp/install/warehouse_rover_ros2/share/warehouse_rover_ros2/urdf/rover_proto_A1/meshes/Chassis.STL
[13.774s] -- Up-to-date: /home/saleheen_linux/others/ros_2_Learning/ros2_ws_cpp/install/warehouse_rover_ros2/share/warehouse_rover_ros2/urdf/rover_proto_A1/meshes/Chassis.dae
[13.774s] -- Up-to-date: /home/saleheen_linux/others/ros_2_Learning/ros2_ws_cpp/install/warehouse_rover_ros2/share/warehouse_rover_ros2/urdf/rover_proto_A1/meshes/Lights_Back_Link.STL
[13.774s] -- Up-to-date: /home/saleheen_linux/others/ros_2_Learning/ros2_ws_cpp/install/warehouse_rover_ros2/share/warehouse_rover_ros2/urdf/rover_proto_A1/meshes/Wheel_3_Link.STL
[13.774s] -- Up-to-date: /home/saleheen_linux/others/ros_2_Learning/ros2_ws_cpp/install/warehouse_rover_ros2/share/warehouse_rover_ros2/urdf/rover_proto_A1/meshes/Camera_Fwd_Link.STL
[13.774s] -- Up-to-date: /home/saleheen_linux/others/ros_2_Learning/ros2_ws_cpp/install/warehouse_rover_ros2/share/warehouse_rover_ros2/urdf/rover_proto_A1/meshes/Lidar_Back_Link.STL
[13.774s] -- Up-to-date: /home/saleheen_linux/others/ros_2_Learning/ros2_ws_cpp/install/warehouse_rover_ros2/share/warehouse_rover_ros2/urdf/rover_proto_A1/meshes/Lights_Left_Link.STL
[13.774s] -- Up-to-date: /home/saleheen_linux/others/ros_2_Learning/ros2_ws_cpp/install/warehouse_rover_ros2/share/warehouse_rover_ros2/urdf/rover_proto_A1/meshes/Lights_Right_Link.STL
[13.774s] -- Up-to-date: /home/saleheen_linux/others/ros_2_Learning/ros2_ws_cpp/install/warehouse_rover_ros2/share/warehouse_rover_ros2/urdf/rover_proto_A1/meshes/Lidar_Fwd_Link.STL
[13.774s] -- Up-to-date: /home/saleheen_linux/others/ros_2_Learning/ros2_ws_cpp/install/warehouse_rover_ros2/share/warehouse_rover_ros2/urdf/rover_proto_A1/meshes/Wheel_4_Link.STL
[13.774s] -- Up-to-date: /home/saleheen_linux/others/ros_2_Learning/ros2_ws_cpp/install/warehouse_rover_ros2/share/warehouse_rover_ros2/urdf/rover_proto_A1/meshes/Camera_Back_Link.STL
[13.774s] -- Up-to-date: /home/saleheen_linux/others/ros_2_Learning/ros2_ws_cpp/install/warehouse_rover_ros2/share/warehouse_rover_ros2/urdf/rover_proto_A1/meshes/Wheel_1_Link.STL
[13.774s] -- Up-to-date: /home/saleheen_linux/others/ros_2_Learning/ros2_ws_cpp/install/warehouse_rover_ros2/share/warehouse_rover_ros2/urdf/rover_proto_A1/rover_proto_A1_rviz.urdf
[13.774s] -- Up-to-date: /home/saleheen_linux/others/ros_2_Learning/ros2_ws_cpp/install/warehouse_rover_ros2/share/warehouse_rover_ros2/urdf/rover_proto_A1/config
[13.774s] -- Up-to-date: /home/saleheen_linux/others/ros_2_Learning/ros2_ws_cpp/install/warehouse_rover_ros2/share/warehouse_rover_ros2/urdf/rover_proto_A1/config/joint_names_rover_assembly_vA.yaml
[13.774s] -- Up-to-date: /home/saleheen_linux/others/ros_2_Learning/ros2_ws_cpp/install/warehouse_rover_ros2/share/warehouse_rover_ros2/urdf/rover_proto_A1/config.rviz
[13.774s] -- Up-to-date: /home/saleheen_linux/others/ros_2_Learning/ros2_ws_cpp/install/warehouse_rover_ros2/share/warehouse_rover_ros2/urdf/rover_proto_A1/textures
[13.774s] -- Up-to-date: /home/saleheen_linux/others/ros_2_Learning/ros2_ws_cpp/install/warehouse_rover_ros2/share/warehouse_rover_ros2/urdf/rover_proto_A1/rover_proto_A1.urdf
[13.774s] -- Up-to-date: /home/saleheen_linux/others/ros_2_Learning/ros2_ws_cpp/install/warehouse_rover_ros2/share/warehouse_rover_ros2/worlds
[13.774s] -- Up-to-date: /home/saleheen_linux/others/ros_2_Learning/ros2_ws_cpp/install/warehouse_rover_ros2/share/warehouse_rover_ros2/worlds/track_1.world
[13.775s] -- Up-to-date: /home/saleheen_linux/others/ros_2_Learning/ros2_ws_cpp/install/warehouse_rover_ros2/share/warehouse_rover_ros2/launch
[13.775s] -- Up-to-date: /home/saleheen_linux/others/ros_2_Learning/ros2_ws_cpp/install/warehouse_rover_ros2/share/warehouse_rover_ros2/launch/gazebo.launch.py
[13.775s] -- Up-to-date: /home/saleheen_linux/others/ros_2_Learning/ros2_ws_cpp/install/warehouse_rover_ros2/share/warehouse_rover_ros2/launch/rviz.launch.py
[13.775s] -- Up-to-date: /home/saleheen_linux/others/ros_2_Learning/ros2_ws_cpp/install/warehouse_rover_ros2/share/ament_index/resource_index/package_run_dependencies/warehouse_rover_ros2
[13.775s] -- Up-to-date: /home/saleheen_linux/others/ros_2_Learning/ros2_ws_cpp/install/warehouse_rover_ros2/share/ament_index/resource_index/parent_prefix_path/warehouse_rover_ros2
[13.775s] -- Up-to-date: /home/saleheen_linux/others/ros_2_Learning/ros2_ws_cpp/install/warehouse_rover_ros2/share/warehouse_rover_ros2/environment/ament_prefix_path.sh
[13.775s] -- Up-to-date: /home/saleheen_linux/others/ros_2_Learning/ros2_ws_cpp/install/warehouse_rover_ros2/share/warehouse_rover_ros2/environment/ament_prefix_path.dsv
[13.775s] -- Up-to-date: /home/saleheen_linux/others/ros_2_Learning/ros2_ws_cpp/install/warehouse_rover_ros2/share/warehouse_rover_ros2/environment/path.sh
[13.775s] -- Up-to-date: /home/saleheen_linux/others/ros_2_Learning/ros2_ws_cpp/install/warehouse_rover_ros2/share/warehouse_rover_ros2/environment/path.dsv
[13.775s] -- Up-to-date: /home/saleheen_linux/others/ros_2_Learning/ros2_ws_cpp/install/warehouse_rover_ros2/share/warehouse_rover_ros2/local_setup.bash
[13.775s] -- Up-to-date: /home/saleheen_linux/others/ros_2_Learning/ros2_ws_cpp/install/warehouse_rover_ros2/share/warehouse_rover_ros2/local_setup.sh
[13.775s] -- Up-to-date: /home/saleheen_linux/others/ros_2_Learning/ros2_ws_cpp/install/warehouse_rover_ros2/share/warehouse_rover_ros2/local_setup.zsh
[13.775s] -- Up-to-date: /home/saleheen_linux/others/ros_2_Learning/ros2_ws_cpp/install/warehouse_rover_ros2/share/warehouse_rover_ros2/local_setup.dsv
[13.776s] -- Installing: /home/saleheen_linux/others/ros_2_Learning/ros2_ws_cpp/install/warehouse_rover_ros2/share/warehouse_rover_ros2/package.dsv
[13.776s] -- Up-to-date: /home/saleheen_linux/others/ros_2_Learning/ros2_ws_cpp/install/warehouse_rover_ros2/share/ament_index/resource_index/packages/warehouse_rover_ros2
[13.776s] -- Up-to-date: /home/saleheen_linux/others/ros_2_Learning/ros2_ws_cpp/install/warehouse_rover_ros2/share/warehouse_rover_ros2/cmake/warehouse_rover_ros2Config.cmake
[13.776s] -- Up-to-date: /home/saleheen_linux/others/ros_2_Learning/ros2_ws_cpp/install/warehouse_rover_ros2/share/warehouse_rover_ros2/cmake/warehouse_rover_ros2Config-version.cmake
[13.776s] -- Up-to-date: /home/saleheen_linux/others/ros_2_Learning/ros2_ws_cpp/install/warehouse_rover_ros2/share/warehouse_rover_ros2/package.xml
[13.776s] Invoked command in '/home/saleheen_linux/others/ros_2_Learning/ros2_ws_cpp/build/warehouse_rover_ros2' returned '0': CMAKE_PREFIX_PATH=${CMAKE_PREFIX_PATH}:/home/saleheen_linux/others/ros_2_Learning/ros2_workspace/install/rover:/home/saleheen_linux/others/ros_2_Learning/ros2_workspace/install/prius_line_following:/home/saleheen_linux/others/ros_2_Learning/ros2_ws_cpp/install/warehouse_rover_py:/opt/ros/humble /usr/bin/cmake --install /home/saleheen_linux/others/ros_2_Learning/ros2_ws_cpp/build/warehouse_rover_ros2
