[0.007s] Invoking command in '/home/saleheen_linux/others/ros_2_Learning/ros2_ws_cpp/build/px4_ros_com': AMENT_PREFIX_PATH=/home/saleheen_linux/others/ros_2_Learning/ros2_ws_cpp/install/px4_msgs:${AMENT_PREFIX_PATH} CMAKE_PREFIX_PATH=/home/saleheen_linux/others/ros_2_Learning/ros2_ws_cpp/install/px4_msgs:/home/saleheen_linux/others/ros_2_Learning/ros2_ws_cpp/install/cpp_pubsub:/home/saleheen_linux/others/ros_2_Learning/ros2_workspace/install/rover:/home/saleheen_linux/others/ros_2_Learning/ros2_workspace/install/prius_line_following:/opt/ros/humble LD_LIBRARY_PATH=/home/saleheen_linux/others/ros_2_Learning/ros2_ws_cpp/install/px4_msgs/lib:/opt/ros/humble/opt/rviz_ogre_vendor/lib:/opt/ros/humble/lib/x86_64-linux-gnu:/opt/ros/humble/lib:/usr/lib/x86_64-linux-gnu/gazebo-11 PYTHONPATH=/home/saleheen_linux/others/ros_2_Learning/ros2_ws_cpp/install/px4_msgs/local/lib/python3.10/dist-packages:${PYTHONPATH} /usr/bin/cmake /home/saleheen_linux/others/ros_2_Learning/ros2_ws_cpp/src/px4_ros_com -DCMAKE_INSTALL_PREFIX=/home/saleheen_linux/others/ros_2_Learning/ros2_ws_cpp/install/px4_ros_com
[0.050s] -- The C compiler identification is GNU 11.4.0
[0.092s] -- The CXX compiler identification is GNU 11.4.0
[0.098s] -- Detecting C compiler ABI info
[0.153s] -- Detecting C compiler ABI info - done
[0.157s] -- Check for working C compiler: /usr/bin/cc - skipped
[0.158s] -- Detecting C compile features
[0.158s] -- Detecting C compile features - done
[0.160s] -- Detecting CXX compiler ABI info
[0.222s] -- Detecting CXX compiler ABI info - done
[0.227s] -- Check for working CXX compiler: /usr/bin/c++ - skipped
[0.227s] -- Detecting CXX compile features
[0.228s] -- Detecting CXX compile features - done
[0.230s] -- Found ament_cmake: 1.3.10 (/opt/ros/humble/share/ament_cmake/cmake)
[0.342s] -- Found Python3: /usr/bin/python3 (found version "3.10.12") found components: Interpreter 
[0.408s] -- Found builtin_interfaces: 1.2.1 (/opt/ros/humble/share/builtin_interfaces/cmake)
[0.434s] -- Found rosidl_generator_c: 3.1.5 (/opt/ros/humble/share/rosidl_generator_c/cmake)
[0.439s] -- Found rosidl_adapter: 3.1.5 (/opt/ros/humble/share/rosidl_adapter/cmake)
[0.445s] -- Found rosidl_generator_cpp: 3.1.5 (/opt/ros/humble/share/rosidl_generator_cpp/cmake)
[0.454s] -- Using all available rosidl_typesupport_c: rosidl_typesupport_fastrtps_c;rosidl_typesupport_introspection_c
[0.466s] -- Using all available rosidl_typesupport_cpp: rosidl_typesupport_fastrtps_cpp;rosidl_typesupport_introspection_cpp
[0.484s] -- Found eigen3_cmake_module: 0.1.1 (/opt/ros/humble/share/eigen3_cmake_module/cmake)
[0.492s] -- Found Eigen3: TRUE (found version "3.4.0") 
[0.493s] -- Found geometry_msgs: 4.2.4 (/opt/ros/humble/share/geometry_msgs/cmake)
[0.511s] -- Found px4_msgs: 2.0.1 (/home/saleheen_linux/others/ros_2_Learning/ros2_ws_cpp/install/px4_msgs/share/px4_msgs/cmake)
[0.520s] -- Found rclcpp: 16.0.10 (/opt/ros/humble/share/rclcpp/cmake)
[0.549s] -- Found rmw_implementation_cmake: 6.1.2 (/opt/ros/humble/share/rmw_implementation_cmake/cmake)
[0.551s] -- Found rmw_fastrtps_cpp: 6.2.7 (/opt/ros/humble/share/rmw_fastrtps_cpp/cmake)
[0.625s] -- Found OpenSSL: /usr/lib/x86_64-linux-gnu/libcrypto.so (found version "3.0.2")  
[0.650s] -- Found FastRTPS: /opt/ros/humble/include  
[0.685s] -- Using RMW implementation 'rmw_fastrtps_cpp' as default
[0.692s] -- Looking for pthread.h
[0.751s] -- Looking for pthread.h - found
[0.751s] -- Performing Test CMAKE_HAVE_LIBC_PTHREAD
[0.809s] -- Performing Test CMAKE_HAVE_LIBC_PTHREAD - Success
[0.810s] -- Found Threads: TRUE  
[0.838s] -- Found sensor_msgs: 4.2.4 (/opt/ros/humble/share/sensor_msgs/cmake)
[0.851s] -- Found rclpy: 3.3.14 (/opt/ros/humble/share/rclpy/cmake)
[0.857s] -- Found ament_lint_auto: 0.12.11 (/opt/ros/humble/share/ament_lint_auto/cmake)
[0.936s] -- Added test 'copyright' to check source files copyright and LICENSE
[0.941s] -- Added test 'cppcheck' to perform static code analysis on C / C++ code
[0.941s] -- Configured cppcheck include dirs: /home/saleheen_linux/others/ros_2_Learning/ros2_ws_cpp/src/px4_ros_com/include;$<BUILD_INTERFACE:/home/saleheen_linux/others/ros_2_Learning/ros2_ws_cpp/src/px4_ros_com/include/px4_ros_com>
[0.941s] -- Configured cppcheck exclude dirs and/or files: 
[0.946s] -- Added test 'cpplint' to check C / C++ code against the Google style
[0.946s] -- Configured cpplint exclude dirs and/or files: 
[0.946s] -- Added test 'flake8' to check Python code syntax and style conventions
[0.948s] -- Added test 'lint_cmake' to check CMake code style
[0.949s] -- Added test 'pep257' to check Python code against some of the docstring style conventions in PEP 257
[0.953s] -- Added test 'uncrustify' to check C / C++ code style
[0.953s] -- Configured uncrustify additional arguments: 
[0.954s] -- Added test 'xmllint' to check XML markup files
[0.956s] -- Configuring done
[0.975s] -- Generating done
[0.977s] -- Build files have been written to: /home/saleheen_linux/others/ros_2_Learning/ros2_ws_cpp/build/px4_ros_com
[0.985s] Invoked command in '/home/saleheen_linux/others/ros_2_Learning/ros2_ws_cpp/build/px4_ros_com' returned '0': AMENT_PREFIX_PATH=/home/saleheen_linux/others/ros_2_Learning/ros2_ws_cpp/install/px4_msgs:${AMENT_PREFIX_PATH} CMAKE_PREFIX_PATH=/home/saleheen_linux/others/ros_2_Learning/ros2_ws_cpp/install/px4_msgs:/home/saleheen_linux/others/ros_2_Learning/ros2_ws_cpp/install/cpp_pubsub:/home/saleheen_linux/others/ros_2_Learning/ros2_workspace/install/rover:/home/saleheen_linux/others/ros_2_Learning/ros2_workspace/install/prius_line_following:/opt/ros/humble LD_LIBRARY_PATH=/home/saleheen_linux/others/ros_2_Learning/ros2_ws_cpp/install/px4_msgs/lib:/opt/ros/humble/opt/rviz_ogre_vendor/lib:/opt/ros/humble/lib/x86_64-linux-gnu:/opt/ros/humble/lib:/usr/lib/x86_64-linux-gnu/gazebo-11 PYTHONPATH=/home/saleheen_linux/others/ros_2_Learning/ros2_ws_cpp/install/px4_msgs/local/lib/python3.10/dist-packages:${PYTHONPATH} /usr/bin/cmake /home/saleheen_linux/others/ros_2_Learning/ros2_ws_cpp/src/px4_ros_com -DCMAKE_INSTALL_PREFIX=/home/saleheen_linux/others/ros_2_Learning/ros2_ws_cpp/install/px4_ros_com
[0.986s] Invoking command in '/home/saleheen_linux/others/ros_2_Learning/ros2_ws_cpp/build/px4_ros_com': AMENT_PREFIX_PATH=/home/saleheen_linux/others/ros_2_Learning/ros2_ws_cpp/install/px4_msgs:${AMENT_PREFIX_PATH} CMAKE_PREFIX_PATH=/home/saleheen_linux/others/ros_2_Learning/ros2_ws_cpp/install/px4_msgs:/home/saleheen_linux/others/ros_2_Learning/ros2_ws_cpp/install/cpp_pubsub:/home/saleheen_linux/others/ros_2_Learning/ros2_workspace/install/rover:/home/saleheen_linux/others/ros_2_Learning/ros2_workspace/install/prius_line_following:/opt/ros/humble LD_LIBRARY_PATH=/home/saleheen_linux/others/ros_2_Learning/ros2_ws_cpp/install/px4_msgs/lib:/opt/ros/humble/opt/rviz_ogre_vendor/lib:/opt/ros/humble/lib/x86_64-linux-gnu:/opt/ros/humble/lib:/usr/lib/x86_64-linux-gnu/gazebo-11 PYTHONPATH=/home/saleheen_linux/others/ros_2_Learning/ros2_ws_cpp/install/px4_msgs/local/lib/python3.10/dist-packages:${PYTHONPATH} /usr/bin/cmake --build /home/saleheen_linux/others/ros_2_Learning/ros2_ws_cpp/build/px4_ros_com -- -j16 -l16
[1.028s] [ 50%] [32mBuilding CXX object CMakeFiles/offboard_control.dir/src/examples/offboard/offboard_control.cpp.o[0m
[1.028s] [ 50%] [32mBuilding CXX object CMakeFiles/debug_vect_advertiser.dir/src/examples/advertisers/debug_vect_advertiser.cpp.o[0m
[1.028s] [ 50%] [32mBuilding CXX object CMakeFiles/offboard_control_srv.dir/src/examples/offboard/offboard_control_srv.cpp.o[0m
[1.028s] [ 50%] [32mBuilding CXX object CMakeFiles/sensor_combined_listener.dir/src/examples/listeners/sensor_combined_listener.cpp.o[0m
[1.028s] [ 50%] [32mBuilding CXX object CMakeFiles/frame_transforms.dir/src/lib/frame_transforms.cpp.o[0m
[1.028s] [ 50%] [32mBuilding CXX object CMakeFiles/vehicle_gps_position_listener.dir/src/examples/listeners/vehicle_gps_position_listener.cpp.o[0m
[1.036s] [ 50%] Built target ament_cmake_python_copy_px4_ros_com
[1.236s] running egg_info
[1.236s] creating px4_ros_com.egg-info
[1.236s] writing px4_ros_com.egg-info/PKG-INFO
[1.237s] writing dependency_links to px4_ros_com.egg-info/dependency_links.txt
[1.237s] writing top-level names to px4_ros_com.egg-info/top_level.txt
[1.237s] writing manifest file 'px4_ros_com.egg-info/SOURCES.txt'
[1.238s] reading manifest file 'px4_ros_com.egg-info/SOURCES.txt'
[1.239s] writing manifest file 'px4_ros_com.egg-info/SOURCES.txt'
[1.266s] [ 50%] Built target ament_cmake_python_build_px4_ros_com_egg
[4.464s] [ 58%] [32m[1mLinking CXX executable debug_vect_advertiser[0m
[4.620s] [ 58%] Built target debug_vect_advertiser
[4.993s] [ 66%] [32m[1mLinking CXX executable offboard_control[0m
[5.164s] [ 66%] Built target offboard_control
[5.494s] [ 75%] [32m[1mLinking CXX executable offboard_control_srv[0m
[5.672s] [ 75%] Built target offboard_control_srv
[6.426s] [ 83%] [32m[1mLinking CXX shared library libframe_transforms.so[0m
[6.600s] [ 83%] Built target frame_transforms
[7.112s] [ 91%] [32m[1mLinking CXX executable sensor_combined_listener[0m
[7.208s] [100%] [32m[1mLinking CXX executable vehicle_gps_position_listener[0m
[7.367s] [100%] Built target sensor_combined_listener
[7.455s] [100%] Built target vehicle_gps_position_listener
[7.465s] Invoked command in '/home/saleheen_linux/others/ros_2_Learning/ros2_ws_cpp/build/px4_ros_com' returned '0': AMENT_PREFIX_PATH=/home/saleheen_linux/others/ros_2_Learning/ros2_ws_cpp/install/px4_msgs:${AMENT_PREFIX_PATH} CMAKE_PREFIX_PATH=/home/saleheen_linux/others/ros_2_Learning/ros2_ws_cpp/install/px4_msgs:/home/saleheen_linux/others/ros_2_Learning/ros2_ws_cpp/install/cpp_pubsub:/home/saleheen_linux/others/ros_2_Learning/ros2_workspace/install/rover:/home/saleheen_linux/others/ros_2_Learning/ros2_workspace/install/prius_line_following:/opt/ros/humble LD_LIBRARY_PATH=/home/saleheen_linux/others/ros_2_Learning/ros2_ws_cpp/install/px4_msgs/lib:/opt/ros/humble/opt/rviz_ogre_vendor/lib:/opt/ros/humble/lib/x86_64-linux-gnu:/opt/ros/humble/lib:/usr/lib/x86_64-linux-gnu/gazebo-11 PYTHONPATH=/home/saleheen_linux/others/ros_2_Learning/ros2_ws_cpp/install/px4_msgs/local/lib/python3.10/dist-packages:${PYTHONPATH} /usr/bin/cmake --build /home/saleheen_linux/others/ros_2_Learning/ros2_ws_cpp/build/px4_ros_com -- -j16 -l16
[7.501s] Invoking command in '/home/saleheen_linux/others/ros_2_Learning/ros2_ws_cpp/build/px4_ros_com': AMENT_PREFIX_PATH=/home/saleheen_linux/others/ros_2_Learning/ros2_ws_cpp/install/px4_msgs:${AMENT_PREFIX_PATH} CMAKE_PREFIX_PATH=/home/saleheen_linux/others/ros_2_Learning/ros2_ws_cpp/install/px4_msgs:/home/saleheen_linux/others/ros_2_Learning/ros2_ws_cpp/install/cpp_pubsub:/home/saleheen_linux/others/ros_2_Learning/ros2_workspace/install/rover:/home/saleheen_linux/others/ros_2_Learning/ros2_workspace/install/prius_line_following:/opt/ros/humble LD_LIBRARY_PATH=/home/saleheen_linux/others/ros_2_Learning/ros2_ws_cpp/install/px4_msgs/lib:/opt/ros/humble/opt/rviz_ogre_vendor/lib:/opt/ros/humble/lib/x86_64-linux-gnu:/opt/ros/humble/lib:/usr/lib/x86_64-linux-gnu/gazebo-11 PYTHONPATH=/home/saleheen_linux/others/ros_2_Learning/ros2_ws_cpp/install/px4_msgs/local/lib/python3.10/dist-packages:${PYTHONPATH} /usr/bin/cmake --install /home/saleheen_linux/others/ros_2_Learning/ros2_ws_cpp/build/px4_ros_com
[7.507s] -- Install configuration: ""
[7.507s] -- Installing: /home/saleheen_linux/others/ros_2_Learning/ros2_ws_cpp/install/px4_ros_com/lib/px4_ros_com/sensor_combined_listener
[7.510s] -- Set runtime path of "/home/saleheen_linux/others/ros_2_Learning/ros2_ws_cpp/install/px4_ros_com/lib/px4_ros_com/sensor_combined_listener" to ""
[7.510s] -- Installing: /home/saleheen_linux/others/ros_2_Learning/ros2_ws_cpp/install/px4_ros_com/lib/px4_ros_com/vehicle_gps_position_listener
[7.514s] -- Set runtime path of "/home/saleheen_linux/others/ros_2_Learning/ros2_ws_cpp/install/px4_ros_com/lib/px4_ros_com/vehicle_gps_position_listener" to ""
[7.514s] -- Installing: /home/saleheen_linux/others/ros_2_Learning/ros2_ws_cpp/install/px4_ros_com/lib/px4_ros_com/debug_vect_advertiser
[7.515s] -- Set runtime path of "/home/saleheen_linux/others/ros_2_Learning/ros2_ws_cpp/install/px4_ros_com/lib/px4_ros_com/debug_vect_advertiser" to ""
[7.515s] -- Installing: /home/saleheen_linux/others/ros_2_Learning/ros2_ws_cpp/install/px4_ros_com/lib/px4_ros_com/offboard_control
[7.516s] -- Set runtime path of "/home/saleheen_linux/others/ros_2_Learning/ros2_ws_cpp/install/px4_ros_com/lib/px4_ros_com/offboard_control" to ""
[7.516s] -- Installing: /home/saleheen_linux/others/ros_2_Learning/ros2_ws_cpp/install/px4_ros_com/lib/px4_ros_com/offboard_control_srv
[7.518s] -- Set runtime path of "/home/saleheen_linux/others/ros_2_Learning/ros2_ws_cpp/install/px4_ros_com/lib/px4_ros_com/offboard_control_srv" to ""
[7.518s] -- Installing: /home/saleheen_linux/others/ros_2_Learning/ros2_ws_cpp/install/px4_ros_com/share/px4_ros_com/environment/library_path.sh
[7.518s] -- Installing: /home/saleheen_linux/others/ros_2_Learning/ros2_ws_cpp/install/px4_ros_com/share/px4_ros_com/environment/library_path.dsv
[7.518s] -- Installing: /home/saleheen_linux/others/ros_2_Learning/ros2_ws_cpp/install/px4_ros_com/include/px4_ros_com
[7.518s] -- Installing: /home/saleheen_linux/others/ros_2_Learning/ros2_ws_cpp/install/px4_ros_com/include/px4_ros_com/frame_transforms.h
[7.518s] -- Installing: /home/saleheen_linux/others/ros_2_Learning/ros2_ws_cpp/install/px4_ros_com/lib/libframe_transforms.so
[7.522s] -- Set runtime path of "/home/saleheen_linux/others/ros_2_Learning/ros2_ws_cpp/install/px4_ros_com/lib/libframe_transforms.so" to ""
[7.522s] -- Installing: /home/saleheen_linux/others/ros_2_Learning/ros2_ws_cpp/install/px4_ros_com/share/px4_ros_com//launch
[7.522s] -- Installing: /home/saleheen_linux/others/ros_2_Learning/ros2_ws_cpp/install/px4_ros_com/share/px4_ros_com//launch/sensor_combined_listener.launch.py
[7.522s] -- Installing: /home/saleheen_linux/others/ros_2_Learning/ros2_ws_cpp/install/px4_ros_com/share/px4_ros_com//launch/offboard_control_launch.yaml
[7.522s] -- Installing: /home/saleheen_linux/others/ros_2_Learning/ros2_ws_cpp/install/px4_ros_com/share/px4_ros_com//test
[7.522s] -- Installing: /home/saleheen_linux/others/ros_2_Learning/ros2_ws_cpp/install/px4_ros_com/share/px4_ros_com//test/pipeline_io_test.py
[7.523s] -- Installing: /home/saleheen_linux/others/ros_2_Learning/ros2_ws_cpp/install/px4_ros_com/share/px4_ros_com//test/test_input.py
[7.523s] -- Installing: /home/saleheen_linux/others/ros_2_Learning/ros2_ws_cpp/install/px4_ros_com/share/px4_ros_com//test/test_output.py
[7.523s] -- Installing: /home/saleheen_linux/others/ros_2_Learning/ros2_ws_cpp/install/px4_ros_com/share/px4_ros_com//test/__init__.py
[7.523s] -- Installing: /home/saleheen_linux/others/ros_2_Learning/ros2_ws_cpp/install/px4_ros_com/share/px4_ros_com/environment/pythonpath.sh
[7.523s] -- Installing: /home/saleheen_linux/others/ros_2_Learning/ros2_ws_cpp/install/px4_ros_com/share/px4_ros_com/environment/pythonpath.dsv
[7.523s] -- Installing: /home/saleheen_linux/others/ros_2_Learning/ros2_ws_cpp/install/px4_ros_com/local/lib/python3.10/dist-packages/px4_ros_com-0.1.0-py3.10.egg-info
[7.523s] -- Installing: /home/saleheen_linux/others/ros_2_Learning/ros2_ws_cpp/install/px4_ros_com/local/lib/python3.10/dist-packages/px4_ros_com-0.1.0-py3.10.egg-info/dependency_links.txt
[7.524s] -- Installing: /home/saleheen_linux/others/ros_2_Learning/ros2_ws_cpp/install/px4_ros_com/local/lib/python3.10/dist-packages/px4_ros_com-0.1.0-py3.10.egg-info/PKG-INFO
[7.524s] -- Installing: /home/saleheen_linux/others/ros_2_Learning/ros2_ws_cpp/install/px4_ros_com/local/lib/python3.10/dist-packages/px4_ros_com-0.1.0-py3.10.egg-info/top_level.txt
[7.524s] -- Installing: /home/saleheen_linux/others/ros_2_Learning/ros2_ws_cpp/install/px4_ros_com/local/lib/python3.10/dist-packages/px4_ros_com-0.1.0-py3.10.egg-info/SOURCES.txt
[7.524s] -- Installing: /home/saleheen_linux/others/ros_2_Learning/ros2_ws_cpp/install/px4_ros_com/local/lib/python3.10/dist-packages/px4_ros_com
[7.524s] -- Installing: /home/saleheen_linux/others/ros_2_Learning/ros2_ws_cpp/install/px4_ros_com/local/lib/python3.10/dist-packages/px4_ros_com/__init__.py
[7.524s] -- Installing: /home/saleheen_linux/others/ros_2_Learning/ros2_ws_cpp/install/px4_ros_com/local/lib/python3.10/dist-packages/px4_ros_com/module_to_import.py
[7.547s] Listing '/home/saleheen_linux/others/ros_2_Learning/ros2_ws_cpp/install/px4_ros_com/local/lib/python3.10/dist-packages/px4_ros_com'...
[7.547s] Compiling '/home/saleheen_linux/others/ros_2_Learning/ros2_ws_cpp/install/px4_ros_com/local/lib/python3.10/dist-packages/px4_ros_com/__init__.py'...
[7.547s] Compiling '/home/saleheen_linux/others/ros_2_Learning/ros2_ws_cpp/install/px4_ros_com/local/lib/python3.10/dist-packages/px4_ros_com/module_to_import.py'...
[7.550s] -- Installing: /home/saleheen_linux/others/ros_2_Learning/ros2_ws_cpp/install/px4_ros_com/lib/px4_ros_com/offboard_control.py
[7.550s] -- Installing: /home/saleheen_linux/others/ros_2_Learning/ros2_ws_cpp/install/px4_ros_com/share/ament_index/resource_index/package_run_dependencies/px4_ros_com
[7.551s] -- Installing: /home/saleheen_linux/others/ros_2_Learning/ros2_ws_cpp/install/px4_ros_com/share/ament_index/resource_index/parent_prefix_path/px4_ros_com
[7.551s] -- Installing: /home/saleheen_linux/others/ros_2_Learning/ros2_ws_cpp/install/px4_ros_com/share/px4_ros_com/environment/ament_prefix_path.sh
[7.551s] -- Installing: /home/saleheen_linux/others/ros_2_Learning/ros2_ws_cpp/install/px4_ros_com/share/px4_ros_com/environment/ament_prefix_path.dsv
[7.551s] -- Installing: /home/saleheen_linux/others/ros_2_Learning/ros2_ws_cpp/install/px4_ros_com/share/px4_ros_com/environment/path.sh
[7.551s] -- Installing: /home/saleheen_linux/others/ros_2_Learning/ros2_ws_cpp/install/px4_ros_com/share/px4_ros_com/environment/path.dsv
[7.551s] -- Installing: /home/saleheen_linux/others/ros_2_Learning/ros2_ws_cpp/install/px4_ros_com/share/px4_ros_com/local_setup.bash
[7.551s] -- Installing: /home/saleheen_linux/others/ros_2_Learning/ros2_ws_cpp/install/px4_ros_com/share/px4_ros_com/local_setup.sh
[7.551s] -- Installing: /home/saleheen_linux/others/ros_2_Learning/ros2_ws_cpp/install/px4_ros_com/share/px4_ros_com/local_setup.zsh
[7.551s] -- Installing: /home/saleheen_linux/others/ros_2_Learning/ros2_ws_cpp/install/px4_ros_com/share/px4_ros_com/local_setup.dsv
[7.552s] -- Installing: /home/saleheen_linux/others/ros_2_Learning/ros2_ws_cpp/install/px4_ros_com/share/px4_ros_com/package.dsv
[7.552s] -- Installing: /home/saleheen_linux/others/ros_2_Learning/ros2_ws_cpp/install/px4_ros_com/share/ament_index/resource_index/packages/px4_ros_com
[7.552s] -- Installing: /home/saleheen_linux/others/ros_2_Learning/ros2_ws_cpp/install/px4_ros_com/share/px4_ros_com/cmake/export_frame_transformsExport.cmake
[7.552s] -- Installing: /home/saleheen_linux/others/ros_2_Learning/ros2_ws_cpp/install/px4_ros_com/share/px4_ros_com/cmake/export_frame_transformsExport-noconfig.cmake
[7.552s] -- Installing: /home/saleheen_linux/others/ros_2_Learning/ros2_ws_cpp/install/px4_ros_com/share/px4_ros_com/cmake/ament_cmake_export_dependencies-extras.cmake
[7.552s] -- Installing: /home/saleheen_linux/others/ros_2_Learning/ros2_ws_cpp/install/px4_ros_com/share/px4_ros_com/cmake/ament_cmake_export_targets-extras.cmake
[7.552s] -- Installing: /home/saleheen_linux/others/ros_2_Learning/ros2_ws_cpp/install/px4_ros_com/share/px4_ros_com/cmake/ament_cmake_export_include_directories-extras.cmake
[7.553s] -- Installing: /home/saleheen_linux/others/ros_2_Learning/ros2_ws_cpp/install/px4_ros_com/share/px4_ros_com/cmake/ament_cmake_export_libraries-extras.cmake
[7.553s] -- Installing: /home/saleheen_linux/others/ros_2_Learning/ros2_ws_cpp/install/px4_ros_com/share/px4_ros_com/cmake/px4_ros_comConfig.cmake
[7.553s] -- Installing: /home/saleheen_linux/others/ros_2_Learning/ros2_ws_cpp/install/px4_ros_com/share/px4_ros_com/cmake/px4_ros_comConfig-version.cmake
[7.553s] -- Installing: /home/saleheen_linux/others/ros_2_Learning/ros2_ws_cpp/install/px4_ros_com/share/px4_ros_com/package.xml
[7.555s] Invoked command in '/home/saleheen_linux/others/ros_2_Learning/ros2_ws_cpp/build/px4_ros_com' returned '0': AMENT_PREFIX_PATH=/home/saleheen_linux/others/ros_2_Learning/ros2_ws_cpp/install/px4_msgs:${AMENT_PREFIX_PATH} CMAKE_PREFIX_PATH=/home/saleheen_linux/others/ros_2_Learning/ros2_ws_cpp/install/px4_msgs:/home/saleheen_linux/others/ros_2_Learning/ros2_ws_cpp/install/cpp_pubsub:/home/saleheen_linux/others/ros_2_Learning/ros2_workspace/install/rover:/home/saleheen_linux/others/ros_2_Learning/ros2_workspace/install/prius_line_following:/opt/ros/humble LD_LIBRARY_PATH=/home/saleheen_linux/others/ros_2_Learning/ros2_ws_cpp/install/px4_msgs/lib:/opt/ros/humble/opt/rviz_ogre_vendor/lib:/opt/ros/humble/lib/x86_64-linux-gnu:/opt/ros/humble/lib:/usr/lib/x86_64-linux-gnu/gazebo-11 PYTHONPATH=/home/saleheen_linux/others/ros_2_Learning/ros2_ws_cpp/install/px4_msgs/local/lib/python3.10/dist-packages:${PYTHONPATH} /usr/bin/cmake --install /home/saleheen_linux/others/ros_2_Learning/ros2_ws_cpp/build/px4_ros_com
