[0.010s] Invoking command in '/home/saleheen_linux/others/ros_2_Learning/ros2_ws_cpp/build/cpp_pubsub': CMAKE_PREFIX_PATH=/home/saleheen_linux/others/ros_2_Learning/ros2_workspace/install/rover:/opt/ros/humble /usr/bin/cmake --build /home/saleheen_linux/others/ros_2_Learning/ros2_ws_cpp/build/cpp_pubsub -- -j16 -l16
[0.045s] Invoked command in '/home/saleheen_linux/others/ros_2_Learning/ros2_ws_cpp/build/cpp_pubsub' returned '0': CMAKE_PREFIX_PATH=/home/saleheen_linux/others/ros_2_Learning/ros2_workspace/install/rover:/opt/ros/humble /usr/bin/cmake --build /home/saleheen_linux/others/ros_2_Learning/ros2_ws_cpp/build/cpp_pubsub -- -j16 -l16
[0.072s] Invoking command in '/home/saleheen_linux/others/ros_2_Learning/ros2_ws_cpp/build/cpp_pubsub': CMAKE_PREFIX_PATH=/home/saleheen_linux/others/ros_2_Learning/ros2_workspace/install/rover:/opt/ros/humble /usr/bin/cmake --install /home/saleheen_linux/others/ros_2_Learning/ros2_ws_cpp/build/cpp_pubsub
[0.079s] -- Install configuration: ""
[0.079s] -- Up-to-date: /home/saleheen_linux/others/ros_2_Learning/ros2_ws_cpp/install/cpp_pubsub/share/ament_index/resource_index/package_run_dependencies/cpp_pubsub
[0.079s] -- Up-to-date: /home/saleheen_linux/others/ros_2_Learning/ros2_ws_cpp/install/cpp_pubsub/share/ament_index/resource_index/parent_prefix_path/cpp_pubsub
[0.079s] -- Up-to-date: /home/saleheen_linux/others/ros_2_Learning/ros2_ws_cpp/install/cpp_pubsub/share/cpp_pubsub/environment/ament_prefix_path.sh
[0.079s] -- Up-to-date: /home/saleheen_linux/others/ros_2_Learning/ros2_ws_cpp/install/cpp_pubsub/share/cpp_pubsub/environment/ament_prefix_path.dsv
[0.080s] -- Up-to-date: /home/saleheen_linux/others/ros_2_Learning/ros2_ws_cpp/install/cpp_pubsub/share/cpp_pubsub/environment/path.sh
[0.080s] -- Up-to-date: /home/saleheen_linux/others/ros_2_Learning/ros2_ws_cpp/install/cpp_pubsub/share/cpp_pubsub/environment/path.dsv
[0.080s] -- Up-to-date: /home/saleheen_linux/others/ros_2_Learning/ros2_ws_cpp/install/cpp_pubsub/share/cpp_pubsub/local_setup.bash
[0.080s] -- Up-to-date: /home/saleheen_linux/others/ros_2_Learning/ros2_ws_cpp/install/cpp_pubsub/share/cpp_pubsub/local_setup.sh
[0.080s] -- Up-to-date: /home/saleheen_linux/others/ros_2_Learning/ros2_ws_cpp/install/cpp_pubsub/share/cpp_pubsub/local_setup.zsh
[0.080s] -- Up-to-date: /home/saleheen_linux/others/ros_2_Learning/ros2_ws_cpp/install/cpp_pubsub/share/cpp_pubsub/local_setup.dsv
[0.080s] -- Up-to-date: /home/saleheen_linux/others/ros_2_Learning/ros2_ws_cpp/install/cpp_pubsub/share/cpp_pubsub/package.dsv
[0.080s] -- Up-to-date: /home/saleheen_linux/others/ros_2_Learning/ros2_ws_cpp/install/cpp_pubsub/share/ament_index/resource_index/packages/cpp_pubsub
[0.080s] -- Up-to-date: /home/saleheen_linux/others/ros_2_Learning/ros2_ws_cpp/install/cpp_pubsub/share/cpp_pubsub/cmake/cpp_pubsubConfig.cmake
[0.080s] -- Up-to-date: /home/saleheen_linux/others/ros_2_Learning/ros2_ws_cpp/install/cpp_pubsub/share/cpp_pubsub/cmake/cpp_pubsubConfig-version.cmake
[0.080s] -- Up-to-date: /home/saleheen_linux/others/ros_2_Learning/ros2_ws_cpp/install/cpp_pubsub/share/cpp_pubsub/package.xml
[0.082s] Invoked command in '/home/saleheen_linux/others/ros_2_Learning/ros2_ws_cpp/build/cpp_pubsub' returned '0': CMAKE_PREFIX_PATH=/home/saleheen_linux/others/ros_2_Learning/ros2_workspace/install/rover:/opt/ros/humble /usr/bin/cmake --install /home/saleheen_linux/others/ros_2_Learning/ros2_ws_cpp/build/cpp_pubsub
