[0.076s] DEBUG:colcon:Command line arguments: ['/usr/bin/colcon', 'build']
[0.076s] DEBUG:colcon:Parsed command line arguments: Namespace(log_base=None, log_level=None, verb_name='build', build_base='build', install_base='install', merge_install=False, symlink_install=False, test_result_base=None, continue_on_error=False, executor='parallel', parallel_workers=16, event_handlers=None, ignore_user_meta=False, metas=['./colcon.meta'], base_paths=['.'], packages_ignore=None, packages_ignore_regex=None, paths=None, packages_up_to=None, packages_up_to_regex=None, packages_above=None, packages_above_and_dependencies=None, packages_above_depth=None, packages_select_by_dep=None, packages_skip_by_dep=None, packages_skip_up_to=None, packages_select_build_failed=False, packages_skip_build_finished=False, packages_select_test_failures=False, packages_skip_test_passed=False, packages_select=None, packages_skip=None, packages_select_regex=None, packages_skip_regex=None, packages_start=None, packages_end=None, allow_overriding=[], cmake_args=None, cmake_target=None, cmake_target_skip_unavailable=False, cmake_clean_cache=False, cmake_clean_first=False, cmake_force_configure=False, ament_cmake_args=None, catkin_cmake_args=None, catkin_skip_building_tests=False, mixin_files=None, mixin=None, verb_parser=<colcon_mixin.mixin.mixin_argument.MixinArgumentDecorator object at 0x7596aa4abbb0>, verb_extension=<colcon_core.verb.build.BuildVerb object at 0x7596aa61fe20>, main=<bound method BuildVerb.main of <colcon_core.verb.build.BuildVerb object at 0x7596aa61fe20>>, mixin_verb=('build',))
[0.210s] Level 1:colcon.colcon_core.package_discovery:discover_packages(colcon_meta) check parameters
[0.210s] Level 1:colcon.colcon_core.package_discovery:discover_packages(recursive) check parameters
[0.210s] Level 1:colcon.colcon_core.package_discovery:discover_packages(ignore) check parameters
[0.210s] Level 1:colcon.colcon_core.package_discovery:discover_packages(path) check parameters
[0.210s] Level 1:colcon.colcon_core.package_discovery:discover_packages(colcon_meta) discover
[0.210s] Level 1:colcon.colcon_core.package_discovery:discover_packages(recursive) discover
[0.210s] INFO:colcon.colcon_core.package_discovery:Crawling recursively for packages in '/home/saleheen_linux/others/ros_2_Learning/ros2_ws_cpp'
[0.210s] Level 1:colcon.colcon_core.package_identification:_identify(.) by extensions ['ignore', 'ignore_ament_install']
[0.210s] Level 1:colcon.colcon_core.package_identification:_identify(.) by extension 'ignore'
[0.210s] Level 1:colcon.colcon_core.package_identification:_identify(.) by extension 'ignore_ament_install'
[0.210s] Level 1:colcon.colcon_core.package_identification:_identify(.) by extensions ['colcon_pkg']
[0.210s] Level 1:colcon.colcon_core.package_identification:_identify(.) by extension 'colcon_pkg'
[0.210s] Level 1:colcon.colcon_core.package_identification:_identify(.) by extensions ['colcon_meta']
[0.210s] Level 1:colcon.colcon_core.package_identification:_identify(.) by extension 'colcon_meta'
[0.211s] Level 1:colcon.colcon_core.package_identification:_identify(.) by extensions ['ros']
[0.211s] Level 1:colcon.colcon_core.package_identification:_identify(.) by extension 'ros'
[0.225s] Level 1:colcon.colcon_core.package_identification:_identify(.) by extensions ['cmake', 'python']
[0.225s] Level 1:colcon.colcon_core.package_identification:_identify(.) by extension 'cmake'
[0.225s] Level 1:colcon.colcon_core.package_identification:_identify(.) by extension 'python'
[0.225s] Level 1:colcon.colcon_core.package_identification:_identify(.) by extensions ['python_setup_py']
[0.225s] Level 1:colcon.colcon_core.package_identification:_identify(.) by extension 'python_setup_py'
[0.225s] Level 1:colcon.colcon_core.package_identification:_identify(backup) by extensions ['ignore', 'ignore_ament_install']
[0.225s] Level 1:colcon.colcon_core.package_identification:_identify(backup) by extension 'ignore'
[0.225s] Level 1:colcon.colcon_core.package_identification:_identify(backup) by extension 'ignore_ament_install'
[0.225s] Level 1:colcon.colcon_core.package_identification:_identify(backup) by extensions ['colcon_pkg']
[0.225s] Level 1:colcon.colcon_core.package_identification:_identify(backup) by extension 'colcon_pkg'
[0.225s] Level 1:colcon.colcon_core.package_identification:_identify(backup) by extensions ['colcon_meta']
[0.225s] Level 1:colcon.colcon_core.package_identification:_identify(backup) by extension 'colcon_meta'
[0.225s] Level 1:colcon.colcon_core.package_identification:_identify(backup) by extensions ['ros']
[0.225s] Level 1:colcon.colcon_core.package_identification:_identify(backup) by extension 'ros'
[0.225s] Level 1:colcon.colcon_core.package_identification:_identify(backup) by extensions ['cmake', 'python']
[0.225s] Level 1:colcon.colcon_core.package_identification:_identify(backup) by extension 'cmake'
[0.225s] Level 1:colcon.colcon_core.package_identification:_identify(backup) by extension 'python'
[0.225s] Level 1:colcon.colcon_core.package_identification:_identify(backup) by extensions ['python_setup_py']
[0.225s] Level 1:colcon.colcon_core.package_identification:_identify(backup) by extension 'python_setup_py'
[0.226s] Level 1:colcon.colcon_core.package_identification:_identify(build) by extensions ['ignore', 'ignore_ament_install']
[0.226s] Level 1:colcon.colcon_core.package_identification:_identify(build) by extension 'ignore'
[0.226s] Level 1:colcon.colcon_core.package_identification:_identify(build) ignored
[0.226s] Level 1:colcon.colcon_core.package_identification:_identify(install) by extensions ['ignore', 'ignore_ament_install']
[0.226s] Level 1:colcon.colcon_core.package_identification:_identify(install) by extension 'ignore'
[0.226s] Level 1:colcon.colcon_core.package_identification:_identify(install) ignored
[0.226s] Level 1:colcon.colcon_core.package_identification:_identify(log) by extensions ['ignore', 'ignore_ament_install']
[0.226s] Level 1:colcon.colcon_core.package_identification:_identify(log) by extension 'ignore'
[0.226s] Level 1:colcon.colcon_core.package_identification:_identify(log) ignored
[0.226s] Level 1:colcon.colcon_core.package_identification:_identify(src) by extensions ['ignore', 'ignore_ament_install']
[0.226s] Level 1:colcon.colcon_core.package_identification:_identify(src) by extension 'ignore'
[0.226s] Level 1:colcon.colcon_core.package_identification:_identify(src) by extension 'ignore_ament_install'
[0.226s] Level 1:colcon.colcon_core.package_identification:_identify(src) by extensions ['colcon_pkg']
[0.226s] Level 1:colcon.colcon_core.package_identification:_identify(src) by extension 'colcon_pkg'
[0.226s] Level 1:colcon.colcon_core.package_identification:_identify(src) by extensions ['colcon_meta']
[0.226s] Level 1:colcon.colcon_core.package_identification:_identify(src) by extension 'colcon_meta'
[0.226s] Level 1:colcon.colcon_core.package_identification:_identify(src) by extensions ['ros']
[0.226s] Level 1:colcon.colcon_core.package_identification:_identify(src) by extension 'ros'
[0.226s] Level 1:colcon.colcon_core.package_identification:_identify(src) by extensions ['cmake', 'python']
[0.226s] Level 1:colcon.colcon_core.package_identification:_identify(src) by extension 'cmake'
[0.226s] Level 1:colcon.colcon_core.package_identification:_identify(src) by extension 'python'
[0.226s] Level 1:colcon.colcon_core.package_identification:_identify(src) by extensions ['python_setup_py']
[0.226s] Level 1:colcon.colcon_core.package_identification:_identify(src) by extension 'python_setup_py'
[0.226s] Level 1:colcon.colcon_core.package_identification:_identify(src/cpp_pubsub) by extensions ['ignore', 'ignore_ament_install']
[0.227s] Level 1:colcon.colcon_core.package_identification:_identify(src/cpp_pubsub) by extension 'ignore'
[0.227s] Level 1:colcon.colcon_core.package_identification:_identify(src/cpp_pubsub) by extension 'ignore_ament_install'
[0.227s] Level 1:colcon.colcon_core.package_identification:_identify(src/cpp_pubsub) by extensions ['colcon_pkg']
[0.227s] Level 1:colcon.colcon_core.package_identification:_identify(src/cpp_pubsub) by extension 'colcon_pkg'
[0.227s] Level 1:colcon.colcon_core.package_identification:_identify(src/cpp_pubsub) by extensions ['colcon_meta']
[0.227s] Level 1:colcon.colcon_core.package_identification:_identify(src/cpp_pubsub) by extension 'colcon_meta'
[0.227s] Level 1:colcon.colcon_core.package_identification:_identify(src/cpp_pubsub) by extensions ['ros']
[0.227s] Level 1:colcon.colcon_core.package_identification:_identify(src/cpp_pubsub) by extension 'ros'
[0.228s] DEBUG:colcon.colcon_core.package_identification:Package 'src/cpp_pubsub' with type 'ros.ament_cmake' and name 'cpp_pubsub'
[0.228s] Level 1:colcon.colcon_core.package_identification:_identify(src/px4_msgs) by extensions ['ignore', 'ignore_ament_install']
[0.228s] Level 1:colcon.colcon_core.package_identification:_identify(src/px4_msgs) by extension 'ignore'
[0.228s] Level 1:colcon.colcon_core.package_identification:_identify(src/px4_msgs) by extension 'ignore_ament_install'
[0.228s] Level 1:colcon.colcon_core.package_identification:_identify(src/px4_msgs) by extensions ['colcon_pkg']
[0.228s] Level 1:colcon.colcon_core.package_identification:_identify(src/px4_msgs) by extension 'colcon_pkg'
[0.229s] Level 1:colcon.colcon_core.package_identification:_identify(src/px4_msgs) by extensions ['colcon_meta']
[0.229s] Level 1:colcon.colcon_core.package_identification:_identify(src/px4_msgs) by extension 'colcon_meta'
[0.229s] Level 1:colcon.colcon_core.package_identification:_identify(src/px4_msgs) by extensions ['ros']
[0.229s] Level 1:colcon.colcon_core.package_identification:_identify(src/px4_msgs) by extension 'ros'
[0.229s] DEBUG:colcon.colcon_core.package_identification:Package 'src/px4_msgs' with type 'ros.ament_cmake' and name 'px4_msgs'
[0.229s] Level 1:colcon.colcon_core.package_identification:_identify(src/px4_ros_com) by extensions ['ignore', 'ignore_ament_install']
[0.229s] Level 1:colcon.colcon_core.package_identification:_identify(src/px4_ros_com) by extension 'ignore'
[0.229s] Level 1:colcon.colcon_core.package_identification:_identify(src/px4_ros_com) by extension 'ignore_ament_install'
[0.229s] Level 1:colcon.colcon_core.package_identification:_identify(src/px4_ros_com) by extensions ['colcon_pkg']
[0.229s] Level 1:colcon.colcon_core.package_identification:_identify(src/px4_ros_com) by extension 'colcon_pkg'
[0.229s] Level 1:colcon.colcon_core.package_identification:_identify(src/px4_ros_com) by extensions ['colcon_meta']
[0.229s] Level 1:colcon.colcon_core.package_identification:_identify(src/px4_ros_com) by extension 'colcon_meta'
[0.229s] Level 1:colcon.colcon_core.package_identification:_identify(src/px4_ros_com) by extensions ['ros']
[0.229s] Level 1:colcon.colcon_core.package_identification:_identify(src/px4_ros_com) by extension 'ros'
[0.230s] DEBUG:colcon.colcon_core.package_identification:Package 'src/px4_ros_com' with type 'ros.ament_cmake' and name 'px4_ros_com'
[0.230s] Level 1:colcon.colcon_core.package_identification:_identify(src/rover_cpp) by extensions ['ignore', 'ignore_ament_install']
[0.230s] Level 1:colcon.colcon_core.package_identification:_identify(src/rover_cpp) by extension 'ignore'
[0.230s] Level 1:colcon.colcon_core.package_identification:_identify(src/rover_cpp) by extension 'ignore_ament_install'
[0.230s] Level 1:colcon.colcon_core.package_identification:_identify(src/rover_cpp) by extensions ['colcon_pkg']
[0.230s] Level 1:colcon.colcon_core.package_identification:_identify(src/rover_cpp) by extension 'colcon_pkg'
[0.230s] Level 1:colcon.colcon_core.package_identification:_identify(src/rover_cpp) by extensions ['colcon_meta']
[0.230s] Level 1:colcon.colcon_core.package_identification:_identify(src/rover_cpp) by extension 'colcon_meta'
[0.230s] Level 1:colcon.colcon_core.package_identification:_identify(src/rover_cpp) by extensions ['ros']
[0.230s] Level 1:colcon.colcon_core.package_identification:_identify(src/rover_cpp) by extension 'ros'
[0.231s] DEBUG:colcon.colcon_core.package_identification:Package 'src/rover_cpp' with type 'ros.ament_cmake' and name 'rover_cpp'
[0.231s] Level 1:colcon.colcon_core.package_identification:_identify(src/warehouse_rover_ros2) by extensions ['ignore', 'ignore_ament_install']
[0.231s] Level 1:colcon.colcon_core.package_identification:_identify(src/warehouse_rover_ros2) by extension 'ignore'
[0.231s] Level 1:colcon.colcon_core.package_identification:_identify(src/warehouse_rover_ros2) by extension 'ignore_ament_install'
[0.231s] Level 1:colcon.colcon_core.package_identification:_identify(src/warehouse_rover_ros2) by extensions ['colcon_pkg']
[0.231s] Level 1:colcon.colcon_core.package_identification:_identify(src/warehouse_rover_ros2) by extension 'colcon_pkg'
[0.231s] Level 1:colcon.colcon_core.package_identification:_identify(src/warehouse_rover_ros2) by extensions ['colcon_meta']
[0.231s] Level 1:colcon.colcon_core.package_identification:_identify(src/warehouse_rover_ros2) by extension 'colcon_meta'
[0.231s] Level 1:colcon.colcon_core.package_identification:_identify(src/warehouse_rover_ros2) by extensions ['ros']
[0.231s] Level 1:colcon.colcon_core.package_identification:_identify(src/warehouse_rover_ros2) by extension 'ros'
[0.232s] DEBUG:colcon.colcon_core.package_identification:Package 'src/warehouse_rover_ros2' with type 'ros.ament_cmake' and name 'warehouse_rover_ros2'
[0.232s] Level 1:colcon.colcon_core.package_discovery:discover_packages(recursive) using defaults
[0.232s] Level 1:colcon.colcon_core.package_discovery:discover_packages(ignore) discover
[0.232s] Level 1:colcon.colcon_core.package_discovery:discover_packages(ignore) using defaults
[0.232s] Level 1:colcon.colcon_core.package_discovery:discover_packages(path) discover
[0.232s] Level 1:colcon.colcon_core.package_discovery:discover_packages(path) using defaults
[0.245s] Level 1:colcon.colcon_core.package_discovery:discover_packages(prefix_path) check parameters
[0.245s] Level 1:colcon.colcon_core.package_discovery:discover_packages(prefix_path) discover
[0.247s] DEBUG:colcon.colcon_installed_package_information.package_discovery:Found 4 installed packages in /home/saleheen_linux/others/ros_2_Learning/ros2_ws_cpp/install
[0.247s] DEBUG:colcon.colcon_installed_package_information.package_discovery:Found 2 installed packages in /home/saleheen_linux/others/ros_2_Learning/ros2_workspace/install
[0.248s] DEBUG:colcon.colcon_installed_package_information.package_discovery:Found 330 installed packages in /opt/ros/humble
[0.250s] Level 1:colcon.colcon_core.package_discovery:discover_packages(prefix_path) using defaults
[0.278s] Level 5:colcon.colcon_core.verb:set package 'cpp_pubsub' build argument 'cmake_args' from command line to 'None'
[0.279s] Level 5:colcon.colcon_core.verb:set package 'cpp_pubsub' build argument 'cmake_target' from command line to 'None'
[0.279s] Level 5:colcon.colcon_core.verb:set package 'cpp_pubsub' build argument 'cmake_target_skip_unavailable' from command line to 'False'
[0.279s] Level 5:colcon.colcon_core.verb:set package 'cpp_pubsub' build argument 'cmake_clean_cache' from command line to 'False'
[0.279s] Level 5:colcon.colcon_core.verb:set package 'cpp_pubsub' build argument 'cmake_clean_first' from command line to 'False'
[0.279s] Level 5:colcon.colcon_core.verb:set package 'cpp_pubsub' build argument 'cmake_force_configure' from command line to 'False'
[0.279s] Level 5:colcon.colcon_core.verb:set package 'cpp_pubsub' build argument 'ament_cmake_args' from command line to 'None'
[0.279s] Level 5:colcon.colcon_core.verb:set package 'cpp_pubsub' build argument 'catkin_cmake_args' from command line to 'None'
[0.279s] Level 5:colcon.colcon_core.verb:set package 'cpp_pubsub' build argument 'catkin_skip_building_tests' from command line to 'False'
[0.279s] DEBUG:colcon.colcon_core.verb:Building package 'cpp_pubsub' with the following arguments: {'ament_cmake_args': None, 'build_base': '/home/saleheen_linux/others/ros_2_Learning/ros2_ws_cpp/build/cpp_pubsub', 'catkin_cmake_args': None, 'catkin_skip_building_tests': False, 'cmake_args': None, 'cmake_clean_cache': False, 'cmake_clean_first': False, 'cmake_force_configure': False, 'cmake_target': None, 'cmake_target_skip_unavailable': False, 'install_base': '/home/saleheen_linux/others/ros_2_Learning/ros2_ws_cpp/install/cpp_pubsub', 'merge_install': False, 'path': '/home/saleheen_linux/others/ros_2_Learning/ros2_ws_cpp/src/cpp_pubsub', 'symlink_install': False, 'test_result_base': None}
[0.279s] Level 5:colcon.colcon_core.verb:set package 'px4_msgs' build argument 'cmake_args' from command line to 'None'
[0.279s] Level 5:colcon.colcon_core.verb:set package 'px4_msgs' build argument 'cmake_target' from command line to 'None'
[0.279s] Level 5:colcon.colcon_core.verb:set package 'px4_msgs' build argument 'cmake_target_skip_unavailable' from command line to 'False'
[0.279s] Level 5:colcon.colcon_core.verb:set package 'px4_msgs' build argument 'cmake_clean_cache' from command line to 'False'
[0.279s] Level 5:colcon.colcon_core.verb:set package 'px4_msgs' build argument 'cmake_clean_first' from command line to 'False'
[0.279s] Level 5:colcon.colcon_core.verb:set package 'px4_msgs' build argument 'cmake_force_configure' from command line to 'False'
[0.279s] Level 5:colcon.colcon_core.verb:set package 'px4_msgs' build argument 'ament_cmake_args' from command line to 'None'
[0.279s] Level 5:colcon.colcon_core.verb:set package 'px4_msgs' build argument 'catkin_cmake_args' from command line to 'None'
[0.279s] Level 5:colcon.colcon_core.verb:set package 'px4_msgs' build argument 'catkin_skip_building_tests' from command line to 'False'
[0.279s] DEBUG:colcon.colcon_core.verb:Building package 'px4_msgs' with the following arguments: {'ament_cmake_args': None, 'build_base': '/home/saleheen_linux/others/ros_2_Learning/ros2_ws_cpp/build/px4_msgs', 'catkin_cmake_args': None, 'catkin_skip_building_tests': False, 'cmake_args': None, 'cmake_clean_cache': False, 'cmake_clean_first': False, 'cmake_force_configure': False, 'cmake_target': None, 'cmake_target_skip_unavailable': False, 'install_base': '/home/saleheen_linux/others/ros_2_Learning/ros2_ws_cpp/install/px4_msgs', 'merge_install': False, 'path': '/home/saleheen_linux/others/ros_2_Learning/ros2_ws_cpp/src/px4_msgs', 'symlink_install': False, 'test_result_base': None}
[0.279s] Level 5:colcon.colcon_core.verb:set package 'rover_cpp' build argument 'cmake_args' from command line to 'None'
[0.279s] Level 5:colcon.colcon_core.verb:set package 'rover_cpp' build argument 'cmake_target' from command line to 'None'
[0.279s] Level 5:colcon.colcon_core.verb:set package 'rover_cpp' build argument 'cmake_target_skip_unavailable' from command line to 'False'
[0.279s] Level 5:colcon.colcon_core.verb:set package 'rover_cpp' build argument 'cmake_clean_cache' from command line to 'False'
[0.279s] Level 5:colcon.colcon_core.verb:set package 'rover_cpp' build argument 'cmake_clean_first' from command line to 'False'
[0.279s] Level 5:colcon.colcon_core.verb:set package 'rover_cpp' build argument 'cmake_force_configure' from command line to 'False'
[0.279s] Level 5:colcon.colcon_core.verb:set package 'rover_cpp' build argument 'ament_cmake_args' from command line to 'None'
[0.279s] Level 5:colcon.colcon_core.verb:set package 'rover_cpp' build argument 'catkin_cmake_args' from command line to 'None'
[0.279s] Level 5:colcon.colcon_core.verb:set package 'rover_cpp' build argument 'catkin_skip_building_tests' from command line to 'False'
[0.279s] DEBUG:colcon.colcon_core.verb:Building package 'rover_cpp' with the following arguments: {'ament_cmake_args': None, 'build_base': '/home/saleheen_linux/others/ros_2_Learning/ros2_ws_cpp/build/rover_cpp', 'catkin_cmake_args': None, 'catkin_skip_building_tests': False, 'cmake_args': None, 'cmake_clean_cache': False, 'cmake_clean_first': False, 'cmake_force_configure': False, 'cmake_target': None, 'cmake_target_skip_unavailable': False, 'install_base': '/home/saleheen_linux/others/ros_2_Learning/ros2_ws_cpp/install/rover_cpp', 'merge_install': False, 'path': '/home/saleheen_linux/others/ros_2_Learning/ros2_ws_cpp/src/rover_cpp', 'symlink_install': False, 'test_result_base': None}
[0.280s] Level 5:colcon.colcon_core.verb:set package 'warehouse_rover_ros2' build argument 'cmake_args' from command line to 'None'
[0.280s] Level 5:colcon.colcon_core.verb:set package 'warehouse_rover_ros2' build argument 'cmake_target' from command line to 'None'
[0.280s] Level 5:colcon.colcon_core.verb:set package 'warehouse_rover_ros2' build argument 'cmake_target_skip_unavailable' from command line to 'False'
[0.280s] Level 5:colcon.colcon_core.verb:set package 'warehouse_rover_ros2' build argument 'cmake_clean_cache' from command line to 'False'
[0.280s] Level 5:colcon.colcon_core.verb:set package 'warehouse_rover_ros2' build argument 'cmake_clean_first' from command line to 'False'
[0.280s] Level 5:colcon.colcon_core.verb:set package 'warehouse_rover_ros2' build argument 'cmake_force_configure' from command line to 'False'
[0.280s] Level 5:colcon.colcon_core.verb:set package 'warehouse_rover_ros2' build argument 'ament_cmake_args' from command line to 'None'
[0.280s] Level 5:colcon.colcon_core.verb:set package 'warehouse_rover_ros2' build argument 'catkin_cmake_args' from command line to 'None'
[0.280s] Level 5:colcon.colcon_core.verb:set package 'warehouse_rover_ros2' build argument 'catkin_skip_building_tests' from command line to 'False'
[0.280s] DEBUG:colcon.colcon_core.verb:Building package 'warehouse_rover_ros2' with the following arguments: {'ament_cmake_args': None, 'build_base': '/home/saleheen_linux/others/ros_2_Learning/ros2_ws_cpp/build/warehouse_rover_ros2', 'catkin_cmake_args': None, 'catkin_skip_building_tests': False, 'cmake_args': None, 'cmake_clean_cache': False, 'cmake_clean_first': False, 'cmake_force_configure': False, 'cmake_target': None, 'cmake_target_skip_unavailable': False, 'install_base': '/home/saleheen_linux/others/ros_2_Learning/ros2_ws_cpp/install/warehouse_rover_ros2', 'merge_install': False, 'path': '/home/saleheen_linux/others/ros_2_Learning/ros2_ws_cpp/src/warehouse_rover_ros2', 'symlink_install': False, 'test_result_base': None}
[0.280s] Level 5:colcon.colcon_core.verb:set package 'px4_ros_com' build argument 'cmake_args' from command line to 'None'
[0.280s] Level 5:colcon.colcon_core.verb:set package 'px4_ros_com' build argument 'cmake_target' from command line to 'None'
[0.280s] Level 5:colcon.colcon_core.verb:set package 'px4_ros_com' build argument 'cmake_target_skip_unavailable' from command line to 'False'
[0.280s] Level 5:colcon.colcon_core.verb:set package 'px4_ros_com' build argument 'cmake_clean_cache' from command line to 'False'
[0.280s] Level 5:colcon.colcon_core.verb:set package 'px4_ros_com' build argument 'cmake_clean_first' from command line to 'False'
[0.280s] Level 5:colcon.colcon_core.verb:set package 'px4_ros_com' build argument 'cmake_force_configure' from command line to 'False'
[0.280s] Level 5:colcon.colcon_core.verb:set package 'px4_ros_com' build argument 'ament_cmake_args' from command line to 'None'
[0.280s] Level 5:colcon.colcon_core.verb:set package 'px4_ros_com' build argument 'catkin_cmake_args' from command line to 'None'
[0.280s] Level 5:colcon.colcon_core.verb:set package 'px4_ros_com' build argument 'catkin_skip_building_tests' from command line to 'False'
[0.280s] DEBUG:colcon.colcon_core.verb:Building package 'px4_ros_com' with the following arguments: {'ament_cmake_args': None, 'build_base': '/home/saleheen_linux/others/ros_2_Learning/ros2_ws_cpp/build/px4_ros_com', 'catkin_cmake_args': None, 'catkin_skip_building_tests': False, 'cmake_args': None, 'cmake_clean_cache': False, 'cmake_clean_first': False, 'cmake_force_configure': False, 'cmake_target': None, 'cmake_target_skip_unavailable': False, 'install_base': '/home/saleheen_linux/others/ros_2_Learning/ros2_ws_cpp/install/px4_ros_com', 'merge_install': False, 'path': '/home/saleheen_linux/others/ros_2_Learning/ros2_ws_cpp/src/px4_ros_com', 'symlink_install': False, 'test_result_base': None}
[0.280s] INFO:colcon.colcon_core.executor:Executing jobs using 'parallel' executor
[0.281s] DEBUG:colcon.colcon_parallel_executor.executor.parallel:run_until_complete
[0.281s] INFO:colcon.colcon_ros.task.ament_cmake.build:Building ROS package in '/home/saleheen_linux/others/ros_2_Learning/ros2_ws_cpp/src/px4_msgs' with build type 'ament_cmake'
[0.281s] INFO:colcon.colcon_cmake.task.cmake.build:Building CMake package in '/home/saleheen_linux/others/ros_2_Learning/ros2_ws_cpp/src/px4_msgs'
[0.283s] INFO:colcon.colcon_core.plugin_system:Skipping extension 'colcon_core.shell.bat': Not used on non-Windows systems
[0.283s] INFO:colcon.colcon_core.shell:Skip shell extension 'powershell' for command environment: Not usable outside of PowerShell
[0.283s] DEBUG:colcon.colcon_core.shell:Skip shell extension 'dsv' for command environment
[0.286s] INFO:colcon.colcon_ros.task.ament_cmake.build:Building ROS package in '/home/saleheen_linux/others/ros_2_Learning/ros2_ws_cpp/src/cpp_pubsub' with build type 'ament_cmake'
[0.286s] INFO:colcon.colcon_cmake.task.cmake.build:Building CMake package in '/home/saleheen_linux/others/ros_2_Learning/ros2_ws_cpp/src/cpp_pubsub'
[0.286s] INFO:colcon.colcon_core.shell:Skip shell extension 'powershell' for command environment: Not usable outside of PowerShell
[0.286s] DEBUG:colcon.colcon_core.shell:Skip shell extension 'dsv' for command environment
[0.289s] INFO:colcon.colcon_ros.task.ament_cmake.build:Building ROS package in '/home/saleheen_linux/others/ros_2_Learning/ros2_ws_cpp/src/rover_cpp' with build type 'ament_cmake'
[0.289s] INFO:colcon.colcon_cmake.task.cmake.build:Building CMake package in '/home/saleheen_linux/others/ros_2_Learning/ros2_ws_cpp/src/rover_cpp'
[0.289s] INFO:colcon.colcon_core.shell:Skip shell extension 'powershell' for command environment: Not usable outside of PowerShell
[0.289s] DEBUG:colcon.colcon_core.shell:Skip shell extension 'dsv' for command environment
[0.292s] INFO:colcon.colcon_ros.task.ament_cmake.build:Building ROS package in '/home/saleheen_linux/others/ros_2_Learning/ros2_ws_cpp/src/warehouse_rover_ros2' with build type 'ament_cmake'
[0.292s] INFO:colcon.colcon_cmake.task.cmake.build:Building CMake package in '/home/saleheen_linux/others/ros_2_Learning/ros2_ws_cpp/src/warehouse_rover_ros2'
[0.292s] INFO:colcon.colcon_core.shell:Skip shell extension 'powershell' for command environment: Not usable outside of PowerShell
[0.292s] DEBUG:colcon.colcon_core.shell:Skip shell extension 'dsv' for command environment
[0.298s] DEBUG:colcon.colcon_core.event_handler.log_command:Invoking command in '/home/saleheen_linux/others/ros_2_Learning/ros2_ws_cpp/build/px4_msgs': CMAKE_PREFIX_PATH=${CMAKE_PREFIX_PATH}:/home/saleheen_linux/others/ros_2_Learning/ros2_workspace/install/rover:/home/saleheen_linux/others/ros_2_Learning/ros2_workspace/install/prius_line_following:/opt/ros/humble /usr/bin/cmake --build /home/saleheen_linux/others/ros_2_Learning/ros2_ws_cpp/build/px4_msgs -- -j16 -l16
[0.300s] DEBUG:colcon.colcon_core.event_handler.log_command:Invoking command in '/home/saleheen_linux/others/ros_2_Learning/ros2_ws_cpp/build/cpp_pubsub': CMAKE_PREFIX_PATH=${CMAKE_PREFIX_PATH}:/home/saleheen_linux/others/ros_2_Learning/ros2_workspace/install/rover:/home/saleheen_linux/others/ros_2_Learning/ros2_workspace/install/prius_line_following:/opt/ros/humble /usr/bin/cmake --build /home/saleheen_linux/others/ros_2_Learning/ros2_ws_cpp/build/cpp_pubsub -- -j16 -l16
[0.303s] DEBUG:colcon.colcon_core.event_handler.log_command:Invoking command in '/home/saleheen_linux/others/ros_2_Learning/ros2_ws_cpp/build/rover_cpp': CMAKE_PREFIX_PATH=${CMAKE_PREFIX_PATH}:/home/saleheen_linux/others/ros_2_Learning/ros2_workspace/install/rover:/home/saleheen_linux/others/ros_2_Learning/ros2_workspace/install/prius_line_following:/opt/ros/humble /usr/bin/cmake --build /home/saleheen_linux/others/ros_2_Learning/ros2_ws_cpp/build/rover_cpp -- -j16 -l16
[0.305s] DEBUG:colcon.colcon_core.event_handler.log_command:Invoking command in '/home/saleheen_linux/others/ros_2_Learning/ros2_ws_cpp/build/warehouse_rover_ros2': CMAKE_PREFIX_PATH=${CMAKE_PREFIX_PATH}:/home/saleheen_linux/others/ros_2_Learning/ros2_workspace/install/rover:/home/saleheen_linux/others/ros_2_Learning/ros2_workspace/install/prius_line_following:/opt/ros/humble /usr/bin/cmake --build /home/saleheen_linux/others/ros_2_Learning/ros2_ws_cpp/build/warehouse_rover_ros2 -- -j16 -l16
[0.330s] DEBUG:colcon.colcon_core.event_handler.log_command:Invoked command in '/home/saleheen_linux/others/ros_2_Learning/ros2_ws_cpp/build/cpp_pubsub' returned '0': CMAKE_PREFIX_PATH=${CMAKE_PREFIX_PATH}:/home/saleheen_linux/others/ros_2_Learning/ros2_workspace/install/rover:/home/saleheen_linux/others/ros_2_Learning/ros2_workspace/install/prius_line_following:/opt/ros/humble /usr/bin/cmake --build /home/saleheen_linux/others/ros_2_Learning/ros2_ws_cpp/build/cpp_pubsub -- -j16 -l16
[0.337s] DEBUG:colcon.colcon_core.event_handler.log_command:Invoked command in '/home/saleheen_linux/others/ros_2_Learning/ros2_ws_cpp/build/warehouse_rover_ros2' returned '0': CMAKE_PREFIX_PATH=${CMAKE_PREFIX_PATH}:/home/saleheen_linux/others/ros_2_Learning/ros2_workspace/install/rover:/home/saleheen_linux/others/ros_2_Learning/ros2_workspace/install/prius_line_following:/opt/ros/humble /usr/bin/cmake --build /home/saleheen_linux/others/ros_2_Learning/ros2_ws_cpp/build/warehouse_rover_ros2 -- -j16 -l16
[0.355s] DEBUG:colcon.colcon_core.event_handler.log_command:Invoking command in '/home/saleheen_linux/others/ros_2_Learning/ros2_ws_cpp/build/cpp_pubsub': CMAKE_PREFIX_PATH=${CMAKE_PREFIX_PATH}:/home/saleheen_linux/others/ros_2_Learning/ros2_workspace/install/rover:/home/saleheen_linux/others/ros_2_Learning/ros2_workspace/install/prius_line_following:/opt/ros/humble /usr/bin/cmake --install /home/saleheen_linux/others/ros_2_Learning/ros2_ws_cpp/build/cpp_pubsub
[0.357s] DEBUG:colcon.colcon_core.event_handler.log_command:Invoking command in '/home/saleheen_linux/others/ros_2_Learning/ros2_ws_cpp/build/warehouse_rover_ros2': CMAKE_PREFIX_PATH=${CMAKE_PREFIX_PATH}:/home/saleheen_linux/others/ros_2_Learning/ros2_workspace/install/rover:/home/saleheen_linux/others/ros_2_Learning/ros2_workspace/install/prius_line_following:/opt/ros/humble /usr/bin/cmake --install /home/saleheen_linux/others/ros_2_Learning/ros2_ws_cpp/build/warehouse_rover_ros2
[0.358s] DEBUG:colcon.colcon_core.event_handler.log_command:Invoked command in '/home/saleheen_linux/others/ros_2_Learning/ros2_ws_cpp/build/rover_cpp' returned '0': CMAKE_PREFIX_PATH=${CMAKE_PREFIX_PATH}:/home/saleheen_linux/others/ros_2_Learning/ros2_workspace/install/rover:/home/saleheen_linux/others/ros_2_Learning/ros2_workspace/install/prius_line_following:/opt/ros/humble /usr/bin/cmake --build /home/saleheen_linux/others/ros_2_Learning/ros2_ws_cpp/build/rover_cpp -- -j16 -l16
[0.366s] Level 1:colcon.colcon_core.environment:create_environment_scripts_only(cpp_pubsub)
[0.367s] DEBUG:colcon.colcon_core.event_handler.log_command:Invoked command in '/home/saleheen_linux/others/ros_2_Learning/ros2_ws_cpp/build/cpp_pubsub' returned '0': CMAKE_PREFIX_PATH=${CMAKE_PREFIX_PATH}:/home/saleheen_linux/others/ros_2_Learning/ros2_workspace/install/rover:/home/saleheen_linux/others/ros_2_Learning/ros2_workspace/install/prius_line_following:/opt/ros/humble /usr/bin/cmake --install /home/saleheen_linux/others/ros_2_Learning/ros2_ws_cpp/build/cpp_pubsub
[0.368s] Level 1:colcon.colcon_core.environment:checking '/home/saleheen_linux/others/ros_2_Learning/ros2_ws_cpp/install/cpp_pubsub' for CMake module files
[0.368s] Level 1:colcon.colcon_core.environment:checking '/home/saleheen_linux/others/ros_2_Learning/ros2_ws_cpp/install/cpp_pubsub' for CMake config files
[0.368s] Level 1:colcon.colcon_core.shell:create_environment_hook('cpp_pubsub', 'cmake_prefix_path')
[0.369s] INFO:colcon.colcon_core.shell:Creating environment hook '/home/saleheen_linux/others/ros_2_Learning/ros2_ws_cpp/install/cpp_pubsub/share/cpp_pubsub/hook/cmake_prefix_path.ps1'
[0.369s] INFO:colcon.colcon_core.shell:Creating environment descriptor '/home/saleheen_linux/others/ros_2_Learning/ros2_ws_cpp/install/cpp_pubsub/share/cpp_pubsub/hook/cmake_prefix_path.dsv'
[0.369s] INFO:colcon.colcon_core.shell:Creating environment hook '/home/saleheen_linux/others/ros_2_Learning/ros2_ws_cpp/install/cpp_pubsub/share/cpp_pubsub/hook/cmake_prefix_path.sh'
[0.370s] Level 1:colcon.colcon_core.environment:checking '/home/saleheen_linux/others/ros_2_Learning/ros2_ws_cpp/install/cpp_pubsub/bin'
[0.370s] Level 1:colcon.colcon_core.environment:checking '/home/saleheen_linux/others/ros_2_Learning/ros2_ws_cpp/install/cpp_pubsub/lib/pkgconfig/cpp_pubsub.pc'
[0.370s] Level 1:colcon.colcon_core.environment:checking '/home/saleheen_linux/others/ros_2_Learning/ros2_ws_cpp/install/cpp_pubsub/lib/python3.10/site-packages'
[0.370s] Level 1:colcon.colcon_core.environment:checking '/home/saleheen_linux/others/ros_2_Learning/ros2_ws_cpp/install/cpp_pubsub/bin'
[0.371s] INFO:colcon.colcon_core.shell:Creating package script '/home/saleheen_linux/others/ros_2_Learning/ros2_ws_cpp/install/cpp_pubsub/share/cpp_pubsub/package.ps1'
[0.371s] INFO:colcon.colcon_core.shell:Creating package descriptor '/home/saleheen_linux/others/ros_2_Learning/ros2_ws_cpp/install/cpp_pubsub/share/cpp_pubsub/package.dsv'
[0.371s] INFO:colcon.colcon_core.shell:Creating package script '/home/saleheen_linux/others/ros_2_Learning/ros2_ws_cpp/install/cpp_pubsub/share/cpp_pubsub/package.sh'
[0.372s] INFO:colcon.colcon_core.shell:Creating package script '/home/saleheen_linux/others/ros_2_Learning/ros2_ws_cpp/install/cpp_pubsub/share/cpp_pubsub/package.bash'
[0.373s] INFO:colcon.colcon_core.shell:Creating package script '/home/saleheen_linux/others/ros_2_Learning/ros2_ws_cpp/install/cpp_pubsub/share/cpp_pubsub/package.zsh'
[0.373s] Level 1:colcon.colcon_core.environment:create_file_with_runtime_dependencies(/home/saleheen_linux/others/ros_2_Learning/ros2_ws_cpp/install/cpp_pubsub/share/colcon-core/packages/cpp_pubsub)
[0.374s] Level 1:colcon.colcon_core.environment:create_environment_scripts_only(warehouse_rover_ros2)
[0.374s] Level 1:colcon.colcon_core.environment:checking '/home/saleheen_linux/others/ros_2_Learning/ros2_ws_cpp/install/warehouse_rover_ros2' for CMake module files
[0.375s] DEBUG:colcon.colcon_core.event_handler.log_command:Invoked command in '/home/saleheen_linux/others/ros_2_Learning/ros2_ws_cpp/build/warehouse_rover_ros2' returned '0': CMAKE_PREFIX_PATH=${CMAKE_PREFIX_PATH}:/home/saleheen_linux/others/ros_2_Learning/ros2_workspace/install/rover:/home/saleheen_linux/others/ros_2_Learning/ros2_workspace/install/prius_line_following:/opt/ros/humble /usr/bin/cmake --install /home/saleheen_linux/others/ros_2_Learning/ros2_ws_cpp/build/warehouse_rover_ros2
[0.375s] Level 1:colcon.colcon_core.environment:checking '/home/saleheen_linux/others/ros_2_Learning/ros2_ws_cpp/install/warehouse_rover_ros2' for CMake config files
[0.375s] Level 1:colcon.colcon_core.shell:create_environment_hook('warehouse_rover_ros2', 'cmake_prefix_path')
[0.375s] INFO:colcon.colcon_core.shell:Creating environment hook '/home/saleheen_linux/others/ros_2_Learning/ros2_ws_cpp/install/warehouse_rover_ros2/share/warehouse_rover_ros2/hook/cmake_prefix_path.ps1'
[0.376s] INFO:colcon.colcon_core.shell:Creating environment descriptor '/home/saleheen_linux/others/ros_2_Learning/ros2_ws_cpp/install/warehouse_rover_ros2/share/warehouse_rover_ros2/hook/cmake_prefix_path.dsv'
[0.376s] INFO:colcon.colcon_core.shell:Creating environment hook '/home/saleheen_linux/others/ros_2_Learning/ros2_ws_cpp/install/warehouse_rover_ros2/share/warehouse_rover_ros2/hook/cmake_prefix_path.sh'
[0.376s] Level 1:colcon.colcon_core.environment:checking '/home/saleheen_linux/others/ros_2_Learning/ros2_ws_cpp/install/warehouse_rover_ros2/bin'
[0.376s] Level 1:colcon.colcon_core.environment:checking '/home/saleheen_linux/others/ros_2_Learning/ros2_ws_cpp/install/warehouse_rover_ros2/lib/pkgconfig/warehouse_rover_ros2.pc'
[0.376s] Level 1:colcon.colcon_core.environment:checking '/home/saleheen_linux/others/ros_2_Learning/ros2_ws_cpp/install/warehouse_rover_ros2/lib/python3.10/site-packages'
[0.377s] Level 1:colcon.colcon_core.environment:checking '/home/saleheen_linux/others/ros_2_Learning/ros2_ws_cpp/install/warehouse_rover_ros2/bin'
[0.377s] INFO:colcon.colcon_core.shell:Creating package script '/home/saleheen_linux/others/ros_2_Learning/ros2_ws_cpp/install/warehouse_rover_ros2/share/warehouse_rover_ros2/package.ps1'
[0.377s] INFO:colcon.colcon_core.shell:Creating package descriptor '/home/saleheen_linux/others/ros_2_Learning/ros2_ws_cpp/install/warehouse_rover_ros2/share/warehouse_rover_ros2/package.dsv'
[0.377s] INFO:colcon.colcon_core.shell:Creating package script '/home/saleheen_linux/others/ros_2_Learning/ros2_ws_cpp/install/warehouse_rover_ros2/share/warehouse_rover_ros2/package.sh'
[0.378s] INFO:colcon.colcon_core.shell:Creating package script '/home/saleheen_linux/others/ros_2_Learning/ros2_ws_cpp/install/warehouse_rover_ros2/share/warehouse_rover_ros2/package.bash'
[0.378s] INFO:colcon.colcon_core.shell:Creating package script '/home/saleheen_linux/others/ros_2_Learning/ros2_ws_cpp/install/warehouse_rover_ros2/share/warehouse_rover_ros2/package.zsh'
[0.378s] Level 1:colcon.colcon_core.environment:create_file_with_runtime_dependencies(/home/saleheen_linux/others/ros_2_Learning/ros2_ws_cpp/install/warehouse_rover_ros2/share/colcon-core/packages/warehouse_rover_ros2)
[0.384s] DEBUG:colcon.colcon_core.event_handler.log_command:Invoking command in '/home/saleheen_linux/others/ros_2_Learning/ros2_ws_cpp/build/rover_cpp': CMAKE_PREFIX_PATH=${CMAKE_PREFIX_PATH}:/home/saleheen_linux/others/ros_2_Learning/ros2_workspace/install/rover:/home/saleheen_linux/others/ros_2_Learning/ros2_workspace/install/prius_line_following:/opt/ros/humble /usr/bin/cmake --install /home/saleheen_linux/others/ros_2_Learning/ros2_ws_cpp/build/rover_cpp
[0.391s] Level 1:colcon.colcon_core.environment:create_environment_scripts_only(cpp_pubsub)
[0.392s] Level 1:colcon.colcon_core.environment:checking '/home/saleheen_linux/others/ros_2_Learning/ros2_ws_cpp/install/cpp_pubsub' for CMake module files
[0.393s] Level 1:colcon.colcon_core.environment:checking '/home/saleheen_linux/others/ros_2_Learning/ros2_ws_cpp/install/cpp_pubsub' for CMake config files
[0.394s] Level 1:colcon.colcon_core.shell:create_environment_hook('cpp_pubsub', 'cmake_prefix_path')
[0.394s] INFO:colcon.colcon_core.shell:Creating environment hook '/home/saleheen_linux/others/ros_2_Learning/ros2_ws_cpp/install/cpp_pubsub/share/cpp_pubsub/hook/cmake_prefix_path.ps1'
[0.394s] INFO:colcon.colcon_core.shell:Creating environment descriptor '/home/saleheen_linux/others/ros_2_Learning/ros2_ws_cpp/install/cpp_pubsub/share/cpp_pubsub/hook/cmake_prefix_path.dsv'
[0.394s] INFO:colcon.colcon_core.shell:Creating environment hook '/home/saleheen_linux/others/ros_2_Learning/ros2_ws_cpp/install/cpp_pubsub/share/cpp_pubsub/hook/cmake_prefix_path.sh'
[0.395s] Level 1:colcon.colcon_core.environment:checking '/home/saleheen_linux/others/ros_2_Learning/ros2_ws_cpp/install/cpp_pubsub/bin'
[0.395s] Level 1:colcon.colcon_core.environment:checking '/home/saleheen_linux/others/ros_2_Learning/ros2_ws_cpp/install/cpp_pubsub/lib/pkgconfig/cpp_pubsub.pc'
[0.395s] Level 1:colcon.colcon_core.environment:checking '/home/saleheen_linux/others/ros_2_Learning/ros2_ws_cpp/install/cpp_pubsub/lib/python3.10/site-packages'
[0.395s] Level 1:colcon.colcon_core.environment:checking '/home/saleheen_linux/others/ros_2_Learning/ros2_ws_cpp/install/cpp_pubsub/bin'
[0.395s] INFO:colcon.colcon_core.shell:Creating package script '/home/saleheen_linux/others/ros_2_Learning/ros2_ws_cpp/install/cpp_pubsub/share/cpp_pubsub/package.ps1'
[0.396s] INFO:colcon.colcon_core.shell:Creating package descriptor '/home/saleheen_linux/others/ros_2_Learning/ros2_ws_cpp/install/cpp_pubsub/share/cpp_pubsub/package.dsv'
[0.396s] INFO:colcon.colcon_core.shell:Creating package script '/home/saleheen_linux/others/ros_2_Learning/ros2_ws_cpp/install/cpp_pubsub/share/cpp_pubsub/package.sh'
[0.396s] INFO:colcon.colcon_core.shell:Creating package script '/home/saleheen_linux/others/ros_2_Learning/ros2_ws_cpp/install/cpp_pubsub/share/cpp_pubsub/package.bash'
[0.397s] INFO:colcon.colcon_core.shell:Creating package script '/home/saleheen_linux/others/ros_2_Learning/ros2_ws_cpp/install/cpp_pubsub/share/cpp_pubsub/package.zsh'
[0.397s] Level 1:colcon.colcon_core.environment:create_file_with_runtime_dependencies(/home/saleheen_linux/others/ros_2_Learning/ros2_ws_cpp/install/cpp_pubsub/share/colcon-core/packages/cpp_pubsub)
[0.398s] Level 1:colcon.colcon_core.environment:create_environment_scripts_only(warehouse_rover_ros2)
[0.398s] Level 1:colcon.colcon_core.environment:checking '/home/saleheen_linux/others/ros_2_Learning/ros2_ws_cpp/install/warehouse_rover_ros2' for CMake module files
[0.398s] Level 1:colcon.colcon_core.environment:checking '/home/saleheen_linux/others/ros_2_Learning/ros2_ws_cpp/install/warehouse_rover_ros2' for CMake config files
[0.399s] Level 1:colcon.colcon_core.shell:create_environment_hook('warehouse_rover_ros2', 'cmake_prefix_path')
[0.399s] INFO:colcon.colcon_core.shell:Creating environment hook '/home/saleheen_linux/others/ros_2_Learning/ros2_ws_cpp/install/warehouse_rover_ros2/share/warehouse_rover_ros2/hook/cmake_prefix_path.ps1'
[0.399s] INFO:colcon.colcon_core.shell:Creating environment descriptor '/home/saleheen_linux/others/ros_2_Learning/ros2_ws_cpp/install/warehouse_rover_ros2/share/warehouse_rover_ros2/hook/cmake_prefix_path.dsv'
[0.399s] INFO:colcon.colcon_core.shell:Creating environment hook '/home/saleheen_linux/others/ros_2_Learning/ros2_ws_cpp/install/warehouse_rover_ros2/share/warehouse_rover_ros2/hook/cmake_prefix_path.sh'
[0.400s] Level 1:colcon.colcon_core.environment:checking '/home/saleheen_linux/others/ros_2_Learning/ros2_ws_cpp/install/warehouse_rover_ros2/bin'
[0.400s] Level 1:colcon.colcon_core.environment:checking '/home/saleheen_linux/others/ros_2_Learning/ros2_ws_cpp/install/warehouse_rover_ros2/lib/pkgconfig/warehouse_rover_ros2.pc'
[0.400s] Level 1:colcon.colcon_core.environment:checking '/home/saleheen_linux/others/ros_2_Learning/ros2_ws_cpp/install/warehouse_rover_ros2/lib/python3.10/site-packages'
[0.400s] Level 1:colcon.colcon_core.environment:checking '/home/saleheen_linux/others/ros_2_Learning/ros2_ws_cpp/install/warehouse_rover_ros2/bin'
[0.400s] INFO:colcon.colcon_core.shell:Creating package script '/home/saleheen_linux/others/ros_2_Learning/ros2_ws_cpp/install/warehouse_rover_ros2/share/warehouse_rover_ros2/package.ps1'
[0.401s] INFO:colcon.colcon_core.shell:Creating package descriptor '/home/saleheen_linux/others/ros_2_Learning/ros2_ws_cpp/install/warehouse_rover_ros2/share/warehouse_rover_ros2/package.dsv'
[0.401s] INFO:colcon.colcon_core.shell:Creating package script '/home/saleheen_linux/others/ros_2_Learning/ros2_ws_cpp/install/warehouse_rover_ros2/share/warehouse_rover_ros2/package.sh'
[0.401s] INFO:colcon.colcon_core.shell:Creating package script '/home/saleheen_linux/others/ros_2_Learning/ros2_ws_cpp/install/warehouse_rover_ros2/share/warehouse_rover_ros2/package.bash'
[0.401s] INFO:colcon.colcon_core.shell:Creating package script '/home/saleheen_linux/others/ros_2_Learning/ros2_ws_cpp/install/warehouse_rover_ros2/share/warehouse_rover_ros2/package.zsh'
[0.402s] Level 1:colcon.colcon_core.environment:create_file_with_runtime_dependencies(/home/saleheen_linux/others/ros_2_Learning/ros2_ws_cpp/install/warehouse_rover_ros2/share/colcon-core/packages/warehouse_rover_ros2)
[0.402s] Level 1:colcon.colcon_core.environment:create_environment_scripts_only(rover_cpp)
[0.402s] Level 1:colcon.colcon_core.environment:checking '/home/saleheen_linux/others/ros_2_Learning/ros2_ws_cpp/install/rover_cpp' for CMake module files
[0.403s] DEBUG:colcon.colcon_core.event_handler.log_command:Invoked command in '/home/saleheen_linux/others/ros_2_Learning/ros2_ws_cpp/build/rover_cpp' returned '0': CMAKE_PREFIX_PATH=${CMAKE_PREFIX_PATH}:/home/saleheen_linux/others/ros_2_Learning/ros2_workspace/install/rover:/home/saleheen_linux/others/ros_2_Learning/ros2_workspace/install/prius_line_following:/opt/ros/humble /usr/bin/cmake --install /home/saleheen_linux/others/ros_2_Learning/ros2_ws_cpp/build/rover_cpp
[0.403s] Level 1:colcon.colcon_core.environment:checking '/home/saleheen_linux/others/ros_2_Learning/ros2_ws_cpp/install/rover_cpp' for CMake config files
[0.403s] Level 1:colcon.colcon_core.shell:create_environment_hook('rover_cpp', 'cmake_prefix_path')
[0.403s] INFO:colcon.colcon_core.shell:Creating environment hook '/home/saleheen_linux/others/ros_2_Learning/ros2_ws_cpp/install/rover_cpp/share/rover_cpp/hook/cmake_prefix_path.ps1'
[0.404s] INFO:colcon.colcon_core.shell:Creating environment descriptor '/home/saleheen_linux/others/ros_2_Learning/ros2_ws_cpp/install/rover_cpp/share/rover_cpp/hook/cmake_prefix_path.dsv'
[0.404s] INFO:colcon.colcon_core.shell:Creating environment hook '/home/saleheen_linux/others/ros_2_Learning/ros2_ws_cpp/install/rover_cpp/share/rover_cpp/hook/cmake_prefix_path.sh'
[0.404s] Level 1:colcon.colcon_core.environment:checking '/home/saleheen_linux/others/ros_2_Learning/ros2_ws_cpp/install/rover_cpp/lib'
[0.404s] Level 1:colcon.colcon_core.environment:checking '/home/saleheen_linux/others/ros_2_Learning/ros2_ws_cpp/install/rover_cpp/bin'
[0.404s] Level 1:colcon.colcon_core.environment:checking '/home/saleheen_linux/others/ros_2_Learning/ros2_ws_cpp/install/rover_cpp/lib/pkgconfig/rover_cpp.pc'
[0.405s] Level 1:colcon.colcon_core.environment:checking '/home/saleheen_linux/others/ros_2_Learning/ros2_ws_cpp/install/rover_cpp/lib/python3.10/site-packages'
[0.405s] Level 1:colcon.colcon_core.environment:checking '/home/saleheen_linux/others/ros_2_Learning/ros2_ws_cpp/install/rover_cpp/bin'
[0.405s] INFO:colcon.colcon_core.shell:Creating package script '/home/saleheen_linux/others/ros_2_Learning/ros2_ws_cpp/install/rover_cpp/share/rover_cpp/package.ps1'
[0.405s] INFO:colcon.colcon_core.shell:Creating package descriptor '/home/saleheen_linux/others/ros_2_Learning/ros2_ws_cpp/install/rover_cpp/share/rover_cpp/package.dsv'
[0.405s] INFO:colcon.colcon_core.shell:Creating package script '/home/saleheen_linux/others/ros_2_Learning/ros2_ws_cpp/install/rover_cpp/share/rover_cpp/package.sh'
[0.406s] INFO:colcon.colcon_core.shell:Creating package script '/home/saleheen_linux/others/ros_2_Learning/ros2_ws_cpp/install/rover_cpp/share/rover_cpp/package.bash'
[0.406s] INFO:colcon.colcon_core.shell:Creating package script '/home/saleheen_linux/others/ros_2_Learning/ros2_ws_cpp/install/rover_cpp/share/rover_cpp/package.zsh'
[0.406s] Level 1:colcon.colcon_core.environment:create_file_with_runtime_dependencies(/home/saleheen_linux/others/ros_2_Learning/ros2_ws_cpp/install/rover_cpp/share/colcon-core/packages/rover_cpp)
[0.433s] Level 1:colcon.colcon_core.environment:create_environment_scripts_only(rover_cpp)
[0.433s] Level 1:colcon.colcon_core.environment:checking '/home/saleheen_linux/others/ros_2_Learning/ros2_ws_cpp/install/rover_cpp' for CMake module files
[0.433s] Level 1:colcon.colcon_core.environment:checking '/home/saleheen_linux/others/ros_2_Learning/ros2_ws_cpp/install/rover_cpp' for CMake config files
[0.434s] Level 1:colcon.colcon_core.shell:create_environment_hook('rover_cpp', 'cmake_prefix_path')
[0.434s] INFO:colcon.colcon_core.shell:Creating environment hook '/home/saleheen_linux/others/ros_2_Learning/ros2_ws_cpp/install/rover_cpp/share/rover_cpp/hook/cmake_prefix_path.ps1'
[0.434s] INFO:colcon.colcon_core.shell:Creating environment descriptor '/home/saleheen_linux/others/ros_2_Learning/ros2_ws_cpp/install/rover_cpp/share/rover_cpp/hook/cmake_prefix_path.dsv'
[0.434s] INFO:colcon.colcon_core.shell:Creating environment hook '/home/saleheen_linux/others/ros_2_Learning/ros2_ws_cpp/install/rover_cpp/share/rover_cpp/hook/cmake_prefix_path.sh'
[0.435s] Level 1:colcon.colcon_core.environment:checking '/home/saleheen_linux/others/ros_2_Learning/ros2_ws_cpp/install/rover_cpp/lib'
[0.435s] Level 1:colcon.colcon_core.environment:checking '/home/saleheen_linux/others/ros_2_Learning/ros2_ws_cpp/install/rover_cpp/bin'
[0.435s] Level 1:colcon.colcon_core.environment:checking '/home/saleheen_linux/others/ros_2_Learning/ros2_ws_cpp/install/rover_cpp/lib/pkgconfig/rover_cpp.pc'
[0.435s] Level 1:colcon.colcon_core.environment:checking '/home/saleheen_linux/others/ros_2_Learning/ros2_ws_cpp/install/rover_cpp/lib/python3.10/site-packages'
[0.435s] Level 1:colcon.colcon_core.environment:checking '/home/saleheen_linux/others/ros_2_Learning/ros2_ws_cpp/install/rover_cpp/bin'
[0.435s] INFO:colcon.colcon_core.shell:Creating package script '/home/saleheen_linux/others/ros_2_Learning/ros2_ws_cpp/install/rover_cpp/share/rover_cpp/package.ps1'
[0.436s] INFO:colcon.colcon_core.shell:Creating package descriptor '/home/saleheen_linux/others/ros_2_Learning/ros2_ws_cpp/install/rover_cpp/share/rover_cpp/package.dsv'
[0.436s] INFO:colcon.colcon_core.shell:Creating package script '/home/saleheen_linux/others/ros_2_Learning/ros2_ws_cpp/install/rover_cpp/share/rover_cpp/package.sh'
[0.436s] INFO:colcon.colcon_core.shell:Creating package script '/home/saleheen_linux/others/ros_2_Learning/ros2_ws_cpp/install/rover_cpp/share/rover_cpp/package.bash'
[0.437s] INFO:colcon.colcon_core.shell:Creating package script '/home/saleheen_linux/others/ros_2_Learning/ros2_ws_cpp/install/rover_cpp/share/rover_cpp/package.zsh'
[0.437s] Level 1:colcon.colcon_core.environment:create_file_with_runtime_dependencies(/home/saleheen_linux/others/ros_2_Learning/ros2_ws_cpp/install/rover_cpp/share/colcon-core/packages/rover_cpp)
[1.312s] DEBUG:colcon.colcon_core.event_handler.log_command:Invoked command in '/home/saleheen_linux/others/ros_2_Learning/ros2_ws_cpp/build/px4_msgs' returned '0': CMAKE_PREFIX_PATH=${CMAKE_PREFIX_PATH}:/home/saleheen_linux/others/ros_2_Learning/ros2_workspace/install/rover:/home/saleheen_linux/others/ros_2_Learning/ros2_workspace/install/prius_line_following:/opt/ros/humble /usr/bin/cmake --build /home/saleheen_linux/others/ros_2_Learning/ros2_ws_cpp/build/px4_msgs -- -j16 -l16
[5.387s] DEBUG:colcon.colcon_core.event_handler.log_command:Invoking command in '/home/saleheen_linux/others/ros_2_Learning/ros2_ws_cpp/build/px4_msgs': CMAKE_PREFIX_PATH=${CMAKE_PREFIX_PATH}:/home/saleheen_linux/others/ros_2_Learning/ros2_workspace/install/rover:/home/saleheen_linux/others/ros_2_Learning/ros2_workspace/install/prius_line_following:/opt/ros/humble /usr/bin/cmake --install /home/saleheen_linux/others/ros_2_Learning/ros2_ws_cpp/build/px4_msgs
[5.798s] Level 1:colcon.colcon_core.environment:create_environment_scripts_only(px4_msgs)
[5.798s] Level 1:colcon.colcon_core.environment:checking '/home/saleheen_linux/others/ros_2_Learning/ros2_ws_cpp/install/px4_msgs' for CMake module files
[5.798s] DEBUG:colcon.colcon_core.event_handler.log_command:Invoked command in '/home/saleheen_linux/others/ros_2_Learning/ros2_ws_cpp/build/px4_msgs' returned '0': CMAKE_PREFIX_PATH=${CMAKE_PREFIX_PATH}:/home/saleheen_linux/others/ros_2_Learning/ros2_workspace/install/rover:/home/saleheen_linux/others/ros_2_Learning/ros2_workspace/install/prius_line_following:/opt/ros/humble /usr/bin/cmake --install /home/saleheen_linux/others/ros_2_Learning/ros2_ws_cpp/build/px4_msgs
[5.799s] Level 1:colcon.colcon_core.environment:checking '/home/saleheen_linux/others/ros_2_Learning/ros2_ws_cpp/install/px4_msgs' for CMake config files
[5.802s] Level 1:colcon.colcon_core.shell:create_environment_hook('px4_msgs', 'cmake_prefix_path')
[5.802s] INFO:colcon.colcon_core.shell:Creating environment hook '/home/saleheen_linux/others/ros_2_Learning/ros2_ws_cpp/install/px4_msgs/share/px4_msgs/hook/cmake_prefix_path.ps1'
[5.802s] INFO:colcon.colcon_core.shell:Creating environment descriptor '/home/saleheen_linux/others/ros_2_Learning/ros2_ws_cpp/install/px4_msgs/share/px4_msgs/hook/cmake_prefix_path.dsv'
[5.803s] INFO:colcon.colcon_core.shell:Creating environment hook '/home/saleheen_linux/others/ros_2_Learning/ros2_ws_cpp/install/px4_msgs/share/px4_msgs/hook/cmake_prefix_path.sh'
[5.803s] Level 1:colcon.colcon_core.environment:checking '/home/saleheen_linux/others/ros_2_Learning/ros2_ws_cpp/install/px4_msgs/lib'
[5.803s] Level 1:colcon.colcon_core.shell:create_environment_hook('px4_msgs', 'ld_library_path_lib')
[5.803s] INFO:colcon.colcon_core.shell:Creating environment hook '/home/saleheen_linux/others/ros_2_Learning/ros2_ws_cpp/install/px4_msgs/share/px4_msgs/hook/ld_library_path_lib.ps1'
[5.803s] INFO:colcon.colcon_core.shell:Creating environment descriptor '/home/saleheen_linux/others/ros_2_Learning/ros2_ws_cpp/install/px4_msgs/share/px4_msgs/hook/ld_library_path_lib.dsv'
[5.804s] INFO:colcon.colcon_core.shell:Creating environment hook '/home/saleheen_linux/others/ros_2_Learning/ros2_ws_cpp/install/px4_msgs/share/px4_msgs/hook/ld_library_path_lib.sh'
[5.804s] Level 1:colcon.colcon_core.environment:checking '/home/saleheen_linux/others/ros_2_Learning/ros2_ws_cpp/install/px4_msgs/bin'
[5.804s] Level 1:colcon.colcon_core.environment:checking '/home/saleheen_linux/others/ros_2_Learning/ros2_ws_cpp/install/px4_msgs/lib/pkgconfig/px4_msgs.pc'
[5.804s] Level 1:colcon.colcon_core.environment:checking '/home/saleheen_linux/others/ros_2_Learning/ros2_ws_cpp/install/px4_msgs/lib/python3.10/site-packages'
[5.804s] Level 1:colcon.colcon_core.environment:checking '/home/saleheen_linux/others/ros_2_Learning/ros2_ws_cpp/install/px4_msgs/bin'
[5.804s] INFO:colcon.colcon_core.shell:Creating package script '/home/saleheen_linux/others/ros_2_Learning/ros2_ws_cpp/install/px4_msgs/share/px4_msgs/package.ps1'
[5.805s] INFO:colcon.colcon_core.shell:Creating package descriptor '/home/saleheen_linux/others/ros_2_Learning/ros2_ws_cpp/install/px4_msgs/share/px4_msgs/package.dsv'
[5.805s] INFO:colcon.colcon_core.shell:Creating package script '/home/saleheen_linux/others/ros_2_Learning/ros2_ws_cpp/install/px4_msgs/share/px4_msgs/package.sh'
[5.805s] INFO:colcon.colcon_core.shell:Creating package script '/home/saleheen_linux/others/ros_2_Learning/ros2_ws_cpp/install/px4_msgs/share/px4_msgs/package.bash'
[5.806s] INFO:colcon.colcon_core.shell:Creating package script '/home/saleheen_linux/others/ros_2_Learning/ros2_ws_cpp/install/px4_msgs/share/px4_msgs/package.zsh'
[5.806s] Level 1:colcon.colcon_core.environment:create_file_with_runtime_dependencies(/home/saleheen_linux/others/ros_2_Learning/ros2_ws_cpp/install/px4_msgs/share/colcon-core/packages/px4_msgs)
[9.877s] Level 1:colcon.colcon_core.environment:create_environment_scripts_only(px4_msgs)
[9.877s] Level 1:colcon.colcon_core.environment:checking '/home/saleheen_linux/others/ros_2_Learning/ros2_ws_cpp/install/px4_msgs' for CMake module files
[9.877s] Level 1:colcon.colcon_core.environment:checking '/home/saleheen_linux/others/ros_2_Learning/ros2_ws_cpp/install/px4_msgs' for CMake config files
[9.880s] Level 1:colcon.colcon_core.shell:create_environment_hook('px4_msgs', 'cmake_prefix_path')
[9.880s] INFO:colcon.colcon_core.shell:Creating environment hook '/home/saleheen_linux/others/ros_2_Learning/ros2_ws_cpp/install/px4_msgs/share/px4_msgs/hook/cmake_prefix_path.ps1'
[9.881s] INFO:colcon.colcon_core.shell:Creating environment descriptor '/home/saleheen_linux/others/ros_2_Learning/ros2_ws_cpp/install/px4_msgs/share/px4_msgs/hook/cmake_prefix_path.dsv'
[9.881s] INFO:colcon.colcon_core.shell:Creating environment hook '/home/saleheen_linux/others/ros_2_Learning/ros2_ws_cpp/install/px4_msgs/share/px4_msgs/hook/cmake_prefix_path.sh'
[9.881s] Level 1:colcon.colcon_core.environment:checking '/home/saleheen_linux/others/ros_2_Learning/ros2_ws_cpp/install/px4_msgs/lib'
[9.882s] Level 1:colcon.colcon_core.shell:create_environment_hook('px4_msgs', 'ld_library_path_lib')
[9.882s] INFO:colcon.colcon_core.shell:Creating environment hook '/home/saleheen_linux/others/ros_2_Learning/ros2_ws_cpp/install/px4_msgs/share/px4_msgs/hook/ld_library_path_lib.ps1'
[9.882s] INFO:colcon.colcon_core.shell:Creating environment descriptor '/home/saleheen_linux/others/ros_2_Learning/ros2_ws_cpp/install/px4_msgs/share/px4_msgs/hook/ld_library_path_lib.dsv'
[9.882s] INFO:colcon.colcon_core.shell:Creating environment hook '/home/saleheen_linux/others/ros_2_Learning/ros2_ws_cpp/install/px4_msgs/share/px4_msgs/hook/ld_library_path_lib.sh'
[9.882s] Level 1:colcon.colcon_core.environment:checking '/home/saleheen_linux/others/ros_2_Learning/ros2_ws_cpp/install/px4_msgs/bin'
[9.882s] Level 1:colcon.colcon_core.environment:checking '/home/saleheen_linux/others/ros_2_Learning/ros2_ws_cpp/install/px4_msgs/lib/pkgconfig/px4_msgs.pc'
[9.883s] Level 1:colcon.colcon_core.environment:checking '/home/saleheen_linux/others/ros_2_Learning/ros2_ws_cpp/install/px4_msgs/lib/python3.10/site-packages'
[9.883s] Level 1:colcon.colcon_core.environment:checking '/home/saleheen_linux/others/ros_2_Learning/ros2_ws_cpp/install/px4_msgs/bin'
[9.883s] INFO:colcon.colcon_core.shell:Creating package script '/home/saleheen_linux/others/ros_2_Learning/ros2_ws_cpp/install/px4_msgs/share/px4_msgs/package.ps1'
[9.883s] INFO:colcon.colcon_core.shell:Creating package descriptor '/home/saleheen_linux/others/ros_2_Learning/ros2_ws_cpp/install/px4_msgs/share/px4_msgs/package.dsv'
[9.884s] INFO:colcon.colcon_core.shell:Creating package script '/home/saleheen_linux/others/ros_2_Learning/ros2_ws_cpp/install/px4_msgs/share/px4_msgs/package.sh'
[9.886s] INFO:colcon.colcon_core.shell:Creating package script '/home/saleheen_linux/others/ros_2_Learning/ros2_ws_cpp/install/px4_msgs/share/px4_msgs/package.bash'
[9.887s] INFO:colcon.colcon_core.shell:Creating package script '/home/saleheen_linux/others/ros_2_Learning/ros2_ws_cpp/install/px4_msgs/share/px4_msgs/package.zsh'
[9.888s] Level 1:colcon.colcon_core.environment:create_file_with_runtime_dependencies(/home/saleheen_linux/others/ros_2_Learning/ros2_ws_cpp/install/px4_msgs/share/colcon-core/packages/px4_msgs)
[9.888s] INFO:colcon.colcon_ros.task.ament_cmake.build:Building ROS package in '/home/saleheen_linux/others/ros_2_Learning/ros2_ws_cpp/src/px4_ros_com' with build type 'ament_cmake'
[9.888s] INFO:colcon.colcon_cmake.task.cmake.build:Building CMake package in '/home/saleheen_linux/others/ros_2_Learning/ros2_ws_cpp/src/px4_ros_com'
[9.888s] INFO:colcon.colcon_core.shell:Skip shell extension 'powershell' for command environment: Not usable outside of PowerShell
[9.888s] DEBUG:colcon.colcon_core.shell:Skip shell extension 'dsv' for command environment
[9.896s] DEBUG:colcon.colcon_core.event_handler.log_command:Invoking command in '/home/saleheen_linux/others/ros_2_Learning/ros2_ws_cpp/build/px4_ros_com': AMENT_PREFIX_PATH=/home/saleheen_linux/others/ros_2_Learning/ros2_ws_cpp/install/px4_msgs:${AMENT_PREFIX_PATH} CMAKE_PREFIX_PATH=/home/saleheen_linux/others/ros_2_Learning/ros2_ws_cpp/install/px4_msgs:/home/saleheen_linux/others/ros_2_Learning/ros2_ws_cpp/install/cpp_pubsub:/home/saleheen_linux/others/ros_2_Learning/ros2_workspace/install/rover:/home/saleheen_linux/others/ros_2_Learning/ros2_workspace/install/prius_line_following:/opt/ros/humble LD_LIBRARY_PATH=/home/saleheen_linux/others/ros_2_Learning/ros2_ws_cpp/install/px4_msgs/lib:/opt/ros/humble/opt/rviz_ogre_vendor/lib:/opt/ros/humble/lib/x86_64-linux-gnu:/opt/ros/humble/lib:/usr/lib/x86_64-linux-gnu/gazebo-11 PYTHONPATH=/home/saleheen_linux/others/ros_2_Learning/ros2_ws_cpp/install/px4_msgs/local/lib/python3.10/dist-packages:${PYTHONPATH} /usr/bin/cmake /home/saleheen_linux/others/ros_2_Learning/ros2_ws_cpp/src/px4_ros_com -DCMAKE_INSTALL_PREFIX=/home/saleheen_linux/others/ros_2_Learning/ros2_ws_cpp/install/px4_ros_com
[10.873s] DEBUG:colcon.colcon_core.event_handler.log_command:Invoked command in '/home/saleheen_linux/others/ros_2_Learning/ros2_ws_cpp/build/px4_ros_com' returned '0': AMENT_PREFIX_PATH=/home/saleheen_linux/others/ros_2_Learning/ros2_ws_cpp/install/px4_msgs:${AMENT_PREFIX_PATH} CMAKE_PREFIX_PATH=/home/saleheen_linux/others/ros_2_Learning/ros2_ws_cpp/install/px4_msgs:/home/saleheen_linux/others/ros_2_Learning/ros2_ws_cpp/install/cpp_pubsub:/home/saleheen_linux/others/ros_2_Learning/ros2_workspace/install/rover:/home/saleheen_linux/others/ros_2_Learning/ros2_workspace/install/prius_line_following:/opt/ros/humble LD_LIBRARY_PATH=/home/saleheen_linux/others/ros_2_Learning/ros2_ws_cpp/install/px4_msgs/lib:/opt/ros/humble/opt/rviz_ogre_vendor/lib:/opt/ros/humble/lib/x86_64-linux-gnu:/opt/ros/humble/lib:/usr/lib/x86_64-linux-gnu/gazebo-11 PYTHONPATH=/home/saleheen_linux/others/ros_2_Learning/ros2_ws_cpp/install/px4_msgs/local/lib/python3.10/dist-packages:${PYTHONPATH} /usr/bin/cmake /home/saleheen_linux/others/ros_2_Learning/ros2_ws_cpp/src/px4_ros_com -DCMAKE_INSTALL_PREFIX=/home/saleheen_linux/others/ros_2_Learning/ros2_ws_cpp/install/px4_ros_com
[10.875s] DEBUG:colcon.colcon_core.event_handler.log_command:Invoking command in '/home/saleheen_linux/others/ros_2_Learning/ros2_ws_cpp/build/px4_ros_com': AMENT_PREFIX_PATH=/home/saleheen_linux/others/ros_2_Learning/ros2_ws_cpp/install/px4_msgs:${AMENT_PREFIX_PATH} CMAKE_PREFIX_PATH=/home/saleheen_linux/others/ros_2_Learning/ros2_ws_cpp/install/px4_msgs:/home/saleheen_linux/others/ros_2_Learning/ros2_ws_cpp/install/cpp_pubsub:/home/saleheen_linux/others/ros_2_Learning/ros2_workspace/install/rover:/home/saleheen_linux/others/ros_2_Learning/ros2_workspace/install/prius_line_following:/opt/ros/humble LD_LIBRARY_PATH=/home/saleheen_linux/others/ros_2_Learning/ros2_ws_cpp/install/px4_msgs/lib:/opt/ros/humble/opt/rviz_ogre_vendor/lib:/opt/ros/humble/lib/x86_64-linux-gnu:/opt/ros/humble/lib:/usr/lib/x86_64-linux-gnu/gazebo-11 PYTHONPATH=/home/saleheen_linux/others/ros_2_Learning/ros2_ws_cpp/install/px4_msgs/local/lib/python3.10/dist-packages:${PYTHONPATH} /usr/bin/cmake --build /home/saleheen_linux/others/ros_2_Learning/ros2_ws_cpp/build/px4_ros_com -- -j16 -l16
[17.353s] DEBUG:colcon.colcon_core.event_handler.log_command:Invoked command in '/home/saleheen_linux/others/ros_2_Learning/ros2_ws_cpp/build/px4_ros_com' returned '0': AMENT_PREFIX_PATH=/home/saleheen_linux/others/ros_2_Learning/ros2_ws_cpp/install/px4_msgs:${AMENT_PREFIX_PATH} CMAKE_PREFIX_PATH=/home/saleheen_linux/others/ros_2_Learning/ros2_ws_cpp/install/px4_msgs:/home/saleheen_linux/others/ros_2_Learning/ros2_ws_cpp/install/cpp_pubsub:/home/saleheen_linux/others/ros_2_Learning/ros2_workspace/install/rover:/home/saleheen_linux/others/ros_2_Learning/ros2_workspace/install/prius_line_following:/opt/ros/humble LD_LIBRARY_PATH=/home/saleheen_linux/others/ros_2_Learning/ros2_ws_cpp/install/px4_msgs/lib:/opt/ros/humble/opt/rviz_ogre_vendor/lib:/opt/ros/humble/lib/x86_64-linux-gnu:/opt/ros/humble/lib:/usr/lib/x86_64-linux-gnu/gazebo-11 PYTHONPATH=/home/saleheen_linux/others/ros_2_Learning/ros2_ws_cpp/install/px4_msgs/local/lib/python3.10/dist-packages:${PYTHONPATH} /usr/bin/cmake --build /home/saleheen_linux/others/ros_2_Learning/ros2_ws_cpp/build/px4_ros_com -- -j16 -l16
[17.390s] DEBUG:colcon.colcon_core.event_handler.log_command:Invoking command in '/home/saleheen_linux/others/ros_2_Learning/ros2_ws_cpp/build/px4_ros_com': AMENT_PREFIX_PATH=/home/saleheen_linux/others/ros_2_Learning/ros2_ws_cpp/install/px4_msgs:${AMENT_PREFIX_PATH} CMAKE_PREFIX_PATH=/home/saleheen_linux/others/ros_2_Learning/ros2_ws_cpp/install/px4_msgs:/home/saleheen_linux/others/ros_2_Learning/ros2_ws_cpp/install/cpp_pubsub:/home/saleheen_linux/others/ros_2_Learning/ros2_workspace/install/rover:/home/saleheen_linux/others/ros_2_Learning/ros2_workspace/install/prius_line_following:/opt/ros/humble LD_LIBRARY_PATH=/home/saleheen_linux/others/ros_2_Learning/ros2_ws_cpp/install/px4_msgs/lib:/opt/ros/humble/opt/rviz_ogre_vendor/lib:/opt/ros/humble/lib/x86_64-linux-gnu:/opt/ros/humble/lib:/usr/lib/x86_64-linux-gnu/gazebo-11 PYTHONPATH=/home/saleheen_linux/others/ros_2_Learning/ros2_ws_cpp/install/px4_msgs/local/lib/python3.10/dist-packages:${PYTHONPATH} /usr/bin/cmake --install /home/saleheen_linux/others/ros_2_Learning/ros2_ws_cpp/build/px4_ros_com
[17.443s] Level 1:colcon.colcon_core.environment:create_environment_scripts_only(px4_ros_com)
[17.444s] Level 1:colcon.colcon_core.environment:checking '/home/saleheen_linux/others/ros_2_Learning/ros2_ws_cpp/install/px4_ros_com' for CMake module files
[17.444s] DEBUG:colcon.colcon_core.event_handler.log_command:Invoked command in '/home/saleheen_linux/others/ros_2_Learning/ros2_ws_cpp/build/px4_ros_com' returned '0': AMENT_PREFIX_PATH=/home/saleheen_linux/others/ros_2_Learning/ros2_ws_cpp/install/px4_msgs:${AMENT_PREFIX_PATH} CMAKE_PREFIX_PATH=/home/saleheen_linux/others/ros_2_Learning/ros2_ws_cpp/install/px4_msgs:/home/saleheen_linux/others/ros_2_Learning/ros2_ws_cpp/install/cpp_pubsub:/home/saleheen_linux/others/ros_2_Learning/ros2_workspace/install/rover:/home/saleheen_linux/others/ros_2_Learning/ros2_workspace/install/prius_line_following:/opt/ros/humble LD_LIBRARY_PATH=/home/saleheen_linux/others/ros_2_Learning/ros2_ws_cpp/install/px4_msgs/lib:/opt/ros/humble/opt/rviz_ogre_vendor/lib:/opt/ros/humble/lib/x86_64-linux-gnu:/opt/ros/humble/lib:/usr/lib/x86_64-linux-gnu/gazebo-11 PYTHONPATH=/home/saleheen_linux/others/ros_2_Learning/ros2_ws_cpp/install/px4_msgs/local/lib/python3.10/dist-packages:${PYTHONPATH} /usr/bin/cmake --install /home/saleheen_linux/others/ros_2_Learning/ros2_ws_cpp/build/px4_ros_com
[17.444s] Level 1:colcon.colcon_core.environment:checking '/home/saleheen_linux/others/ros_2_Learning/ros2_ws_cpp/install/px4_ros_com' for CMake config files
[17.444s] Level 1:colcon.colcon_core.shell:create_environment_hook('px4_ros_com', 'cmake_prefix_path')
[17.445s] INFO:colcon.colcon_core.shell:Creating environment hook '/home/saleheen_linux/others/ros_2_Learning/ros2_ws_cpp/install/px4_ros_com/share/px4_ros_com/hook/cmake_prefix_path.ps1'
[17.445s] INFO:colcon.colcon_core.shell:Creating environment descriptor '/home/saleheen_linux/others/ros_2_Learning/ros2_ws_cpp/install/px4_ros_com/share/px4_ros_com/hook/cmake_prefix_path.dsv'
[17.445s] INFO:colcon.colcon_core.shell:Creating environment hook '/home/saleheen_linux/others/ros_2_Learning/ros2_ws_cpp/install/px4_ros_com/share/px4_ros_com/hook/cmake_prefix_path.sh'
[17.445s] Level 1:colcon.colcon_core.environment:checking '/home/saleheen_linux/others/ros_2_Learning/ros2_ws_cpp/install/px4_ros_com/lib'
[17.446s] Level 1:colcon.colcon_core.shell:create_environment_hook('px4_ros_com', 'ld_library_path_lib')
[17.446s] INFO:colcon.colcon_core.shell:Creating environment hook '/home/saleheen_linux/others/ros_2_Learning/ros2_ws_cpp/install/px4_ros_com/share/px4_ros_com/hook/ld_library_path_lib.ps1'
[17.446s] INFO:colcon.colcon_core.shell:Creating environment descriptor '/home/saleheen_linux/others/ros_2_Learning/ros2_ws_cpp/install/px4_ros_com/share/px4_ros_com/hook/ld_library_path_lib.dsv'
[17.446s] INFO:colcon.colcon_core.shell:Creating environment hook '/home/saleheen_linux/others/ros_2_Learning/ros2_ws_cpp/install/px4_ros_com/share/px4_ros_com/hook/ld_library_path_lib.sh'
[17.446s] Level 1:colcon.colcon_core.environment:checking '/home/saleheen_linux/others/ros_2_Learning/ros2_ws_cpp/install/px4_ros_com/bin'
[17.446s] Level 1:colcon.colcon_core.environment:checking '/home/saleheen_linux/others/ros_2_Learning/ros2_ws_cpp/install/px4_ros_com/lib/pkgconfig/px4_ros_com.pc'
[17.447s] Level 1:colcon.colcon_core.environment:checking '/home/saleheen_linux/others/ros_2_Learning/ros2_ws_cpp/install/px4_ros_com/lib/python3.10/site-packages'
[17.447s] Level 1:colcon.colcon_core.environment:checking '/home/saleheen_linux/others/ros_2_Learning/ros2_ws_cpp/install/px4_ros_com/bin'
[17.447s] INFO:colcon.colcon_core.shell:Creating package script '/home/saleheen_linux/others/ros_2_Learning/ros2_ws_cpp/install/px4_ros_com/share/px4_ros_com/package.ps1'
[17.447s] INFO:colcon.colcon_core.shell:Creating package descriptor '/home/saleheen_linux/others/ros_2_Learning/ros2_ws_cpp/install/px4_ros_com/share/px4_ros_com/package.dsv'
[17.448s] INFO:colcon.colcon_core.shell:Creating package script '/home/saleheen_linux/others/ros_2_Learning/ros2_ws_cpp/install/px4_ros_com/share/px4_ros_com/package.sh'
[17.448s] INFO:colcon.colcon_core.shell:Creating package script '/home/saleheen_linux/others/ros_2_Learning/ros2_ws_cpp/install/px4_ros_com/share/px4_ros_com/package.bash'
[17.448s] INFO:colcon.colcon_core.shell:Creating package script '/home/saleheen_linux/others/ros_2_Learning/ros2_ws_cpp/install/px4_ros_com/share/px4_ros_com/package.zsh'
[17.448s] Level 1:colcon.colcon_core.environment:create_file_with_runtime_dependencies(/home/saleheen_linux/others/ros_2_Learning/ros2_ws_cpp/install/px4_ros_com/share/colcon-core/packages/px4_ros_com)
[17.486s] Level 1:colcon.colcon_core.environment:create_environment_scripts_only(px4_ros_com)
[17.486s] Level 1:colcon.colcon_core.environment:checking '/home/saleheen_linux/others/ros_2_Learning/ros2_ws_cpp/install/px4_ros_com' for CMake module files
[17.486s] Level 1:colcon.colcon_core.environment:checking '/home/saleheen_linux/others/ros_2_Learning/ros2_ws_cpp/install/px4_ros_com' for CMake config files
[17.487s] Level 1:colcon.colcon_core.shell:create_environment_hook('px4_ros_com', 'cmake_prefix_path')
[17.487s] INFO:colcon.colcon_core.shell:Creating environment hook '/home/saleheen_linux/others/ros_2_Learning/ros2_ws_cpp/install/px4_ros_com/share/px4_ros_com/hook/cmake_prefix_path.ps1'
[17.487s] INFO:colcon.colcon_core.shell:Creating environment descriptor '/home/saleheen_linux/others/ros_2_Learning/ros2_ws_cpp/install/px4_ros_com/share/px4_ros_com/hook/cmake_prefix_path.dsv'
[17.487s] INFO:colcon.colcon_core.shell:Creating environment hook '/home/saleheen_linux/others/ros_2_Learning/ros2_ws_cpp/install/px4_ros_com/share/px4_ros_com/hook/cmake_prefix_path.sh'
[17.488s] Level 1:colcon.colcon_core.environment:checking '/home/saleheen_linux/others/ros_2_Learning/ros2_ws_cpp/install/px4_ros_com/lib'
[17.488s] Level 1:colcon.colcon_core.shell:create_environment_hook('px4_ros_com', 'ld_library_path_lib')
[17.488s] INFO:colcon.colcon_core.shell:Creating environment hook '/home/saleheen_linux/others/ros_2_Learning/ros2_ws_cpp/install/px4_ros_com/share/px4_ros_com/hook/ld_library_path_lib.ps1'
[17.488s] INFO:colcon.colcon_core.shell:Creating environment descriptor '/home/saleheen_linux/others/ros_2_Learning/ros2_ws_cpp/install/px4_ros_com/share/px4_ros_com/hook/ld_library_path_lib.dsv'
[17.488s] INFO:colcon.colcon_core.shell:Creating environment hook '/home/saleheen_linux/others/ros_2_Learning/ros2_ws_cpp/install/px4_ros_com/share/px4_ros_com/hook/ld_library_path_lib.sh'
[17.489s] Level 1:colcon.colcon_core.environment:checking '/home/saleheen_linux/others/ros_2_Learning/ros2_ws_cpp/install/px4_ros_com/bin'
[17.489s] Level 1:colcon.colcon_core.environment:checking '/home/saleheen_linux/others/ros_2_Learning/ros2_ws_cpp/install/px4_ros_com/lib/pkgconfig/px4_ros_com.pc'
[17.489s] Level 1:colcon.colcon_core.environment:checking '/home/saleheen_linux/others/ros_2_Learning/ros2_ws_cpp/install/px4_ros_com/lib/python3.10/site-packages'
[17.489s] Level 1:colcon.colcon_core.environment:checking '/home/saleheen_linux/others/ros_2_Learning/ros2_ws_cpp/install/px4_ros_com/bin'
[17.489s] INFO:colcon.colcon_core.shell:Creating package script '/home/saleheen_linux/others/ros_2_Learning/ros2_ws_cpp/install/px4_ros_com/share/px4_ros_com/package.ps1'
[17.490s] INFO:colcon.colcon_core.shell:Creating package descriptor '/home/saleheen_linux/others/ros_2_Learning/ros2_ws_cpp/install/px4_ros_com/share/px4_ros_com/package.dsv'
[17.490s] INFO:colcon.colcon_core.shell:Creating package script '/home/saleheen_linux/others/ros_2_Learning/ros2_ws_cpp/install/px4_ros_com/share/px4_ros_com/package.sh'
[17.490s] INFO:colcon.colcon_core.shell:Creating package script '/home/saleheen_linux/others/ros_2_Learning/ros2_ws_cpp/install/px4_ros_com/share/px4_ros_com/package.bash'
[17.491s] INFO:colcon.colcon_core.shell:Creating package script '/home/saleheen_linux/others/ros_2_Learning/ros2_ws_cpp/install/px4_ros_com/share/px4_ros_com/package.zsh'
[17.491s] Level 1:colcon.colcon_core.environment:create_file_with_runtime_dependencies(/home/saleheen_linux/others/ros_2_Learning/ros2_ws_cpp/install/px4_ros_com/share/colcon-core/packages/px4_ros_com)
[17.491s] DEBUG:colcon.colcon_parallel_executor.executor.parallel:closing loop
[17.491s] DEBUG:colcon.colcon_parallel_executor.executor.parallel:loop closed
[17.491s] DEBUG:colcon.colcon_parallel_executor.executor.parallel:run_until_complete finished with '0'
[17.491s] DEBUG:colcon.colcon_core.event_reactor:joining thread
[17.495s] INFO:colcon.colcon_core.plugin_system:Skipping extension 'colcon_notification.desktop_notification.terminal_notifier': Not used on non-Darwin systems
[17.495s] INFO:colcon.colcon_core.plugin_system:Skipping extension 'colcon_notification.desktop_notification.win32': Not used on non-Windows systems
[17.495s] INFO:colcon.colcon_notification.desktop_notification:Sending desktop notification using 'notify2'
[17.507s] DEBUG:colcon.colcon_core.event_reactor:joined thread
[17.507s] INFO:colcon.colcon_core.shell:Creating prefix script '/home/saleheen_linux/others/ros_2_Learning/ros2_ws_cpp/install/local_setup.ps1'
[17.508s] INFO:colcon.colcon_core.shell:Creating prefix util module '/home/saleheen_linux/others/ros_2_Learning/ros2_ws_cpp/install/_local_setup_util_ps1.py'
[17.509s] INFO:colcon.colcon_core.shell:Creating prefix chain script '/home/saleheen_linux/others/ros_2_Learning/ros2_ws_cpp/install/setup.ps1'
[17.510s] INFO:colcon.colcon_core.shell:Creating prefix script '/home/saleheen_linux/others/ros_2_Learning/ros2_ws_cpp/install/local_setup.sh'
[17.510s] INFO:colcon.colcon_core.shell:Creating prefix util module '/home/saleheen_linux/others/ros_2_Learning/ros2_ws_cpp/install/_local_setup_util_sh.py'
[17.511s] INFO:colcon.colcon_core.shell:Creating prefix chain script '/home/saleheen_linux/others/ros_2_Learning/ros2_ws_cpp/install/setup.sh'
[17.511s] INFO:colcon.colcon_core.shell:Creating prefix script '/home/saleheen_linux/others/ros_2_Learning/ros2_ws_cpp/install/local_setup.bash'
[17.512s] INFO:colcon.colcon_core.shell:Creating prefix chain script '/home/saleheen_linux/others/ros_2_Learning/ros2_ws_cpp/install/setup.bash'
[17.512s] INFO:colcon.colcon_core.shell:Creating prefix script '/home/saleheen_linux/others/ros_2_Learning/ros2_ws_cpp/install/local_setup.zsh'
[17.513s] INFO:colcon.colcon_core.shell:Creating prefix chain script '/home/saleheen_linux/others/ros_2_Learning/ros2_ws_cpp/install/setup.zsh'
