running egg_info
writing ../../build/prius_line_following/prius_line_following.egg-info/PKG-INFO
writing dependency_links to ../../build/prius_line_following/prius_line_following.egg-info/dependency_links.txt
writing entry points to ../../build/prius_line_following/prius_line_following.egg-info/entry_points.txt
writing requirements to ../../build/prius_line_following/prius_line_following.egg-info/requires.txt
writing top-level names to ../../build/prius_line_following/prius_line_following.egg-info/top_level.txt
reading manifest file '../../build/prius_line_following/prius_line_following.egg-info/SOURCES.txt'
writing manifest file '../../build/prius_line_following/prius_line_following.egg-info/SOURCES.txt'
running build
running build_py
running install
running install_lib
running install_data
creating /home/saleheen_linux/others/ros_2_Learning/ros2_workspace/install/prius_line_following/share/prius_line_following/urdf/prius_hybrid/materials
creating /home/saleheen_linux/others/ros_2_Learning/ros2_workspace/install/prius_line_following/share/prius_line_following/urdf/prius_hybrid/materials/textures
copying urdf/prius_hybrid/materials/textures/Wheels3.png -> /home/saleheen_linux/others/ros_2_Learning/ros2_workspace/install/prius_line_following/share/prius_line_following/urdf/prius_hybrid/materials/textures
copying urdf/prius_hybrid/materials/textures/Hybrid_Interior.png -> /home/saleheen_linux/others/ros_2_Learning/ros2_workspace/install/prius_line_following/share/prius_line_following/urdf/prius_hybrid/materials/textures
copying urdf/prius_hybrid/materials/textures/Hybrid.png -> /home/saleheen_linux/others/ros_2_Learning/ros2_workspace/install/prius_line_following/share/prius_line_following/urdf/prius_hybrid/materials/textures
creating /home/saleheen_linux/others/ros_2_Learning/ros2_workspace/install/prius_line_following/share/prius_line_following/urdf/prius_hybrid/meshes
copying urdf/prius_hybrid/meshes/Hybrid.mtl -> /home/saleheen_linux/others/ros_2_Learning/ros2_workspace/install/prius_line_following/share/prius_line_following/urdf/prius_hybrid/meshes
copying urdf/prius_hybrid/meshes/Hybrid.obj -> /home/saleheen_linux/others/ros_2_Learning/ros2_workspace/install/prius_line_following/share/prius_line_following/urdf/prius_hybrid/meshes
running install_egg_info
removing '/home/saleheen_linux/others/ros_2_Learning/ros2_workspace/install/prius_line_following/lib/python3.10/site-packages/prius_line_following-0.0.0-py3.10.egg-info' (and everything under it)
Copying ../../build/prius_line_following/prius_line_following.egg-info to /home/saleheen_linux/others/ros_2_Learning/ros2_workspace/install/prius_line_following/lib/python3.10/site-packages/prius_line_following-0.0.0-py3.10.egg-info
running install_scripts
Installing prius_line_follower script to /home/saleheen_linux/others/ros_2_Learning/ros2_workspace/install/prius_line_following/lib/prius_line_following
Installing video_saver script to /home/saleheen_linux/others/ros_2_Learning/ros2_workspace/install/prius_line_following/lib/prius_line_following
writing list of installed files to '/home/saleheen_linux/others/ros_2_Learning/ros2_workspace/build/prius_line_following/install.log'
