[0.713s] Invoking command in '/home/saleheen_linux/others/ros_2_Learning/ros2_workspace/src/rover': PYTHONPATH=/home/saleheen_linux/others/ros_2_Learning/ros2_workspace/build/rover/prefix_override:/usr/lib/python3/dist-packages/colcon_core/task/python/colcon_distutils_commands:/home/saleheen_linux/others/ros_2_Learning/ros2_workspace/install/rover/lib/python3.10/site-packages:${PYTHONPATH} /usr/bin/python3 -W ignore:setup.py install is deprecated setup.py egg_info --egg-base ../../build/rover build --build-base /home/saleheen_linux/others/ros_2_Learning/ros2_workspace/build/rover/build install --record /home/saleheen_linux/others/ros_2_Learning/ros2_workspace/build/rover/install.log --single-version-externally-managed install_data
[0.907s] running egg_info
[0.907s] writing ../../build/rover/rover.egg-info/PKG-INFO
[0.908s] writing dependency_links to ../../build/rover/rover.egg-info/dependency_links.txt
[0.908s] writing entry points to ../../build/rover/rover.egg-info/entry_points.txt
[0.908s] writing requirements to ../../build/rover/rover.egg-info/requires.txt
[0.908s] writing top-level names to ../../build/rover/rover.egg-info/top_level.txt
[0.909s] reading manifest file '../../build/rover/rover.egg-info/SOURCES.txt'
[0.910s] writing manifest file '../../build/rover/rover.egg-info/SOURCES.txt'
[0.910s] running build
[0.910s] running build_py
[0.910s] running install
[0.911s] running install_lib
[0.911s] running install_data
[0.912s] running install_egg_info
[0.913s] removing '/home/saleheen_linux/others/ros_2_Learning/ros2_workspace/install/rover/lib/python3.10/site-packages/rover-0.0.0-py3.10.egg-info' (and everything under it)
[0.913s] Copying ../../build/rover/rover.egg-info to /home/saleheen_linux/others/ros_2_Learning/ros2_workspace/install/rover/lib/python3.10/site-packages/rover-0.0.0-py3.10.egg-info
[0.914s] running install_scripts
[0.929s] Installing obstacle_avoidance script to /home/saleheen_linux/others/ros_2_Learning/ros2_workspace/install/rover/lib/rover
[0.930s] Installing wall_following script to /home/saleheen_linux/others/ros_2_Learning/ros2_workspace/install/rover/lib/rover
[0.930s] writing list of installed files to '/home/saleheen_linux/others/ros_2_Learning/ros2_workspace/build/rover/install.log'
[0.955s] Invoked command in '/home/saleheen_linux/others/ros_2_Learning/ros2_workspace/src/rover' returned '0': PYTHONPATH=/home/saleheen_linux/others/ros_2_Learning/ros2_workspace/build/rover/prefix_override:/usr/lib/python3/dist-packages/colcon_core/task/python/colcon_distutils_commands:/home/saleheen_linux/others/ros_2_Learning/ros2_workspace/install/rover/lib/python3.10/site-packages:${PYTHONPATH} /usr/bin/python3 -W ignore:setup.py install is deprecated setup.py egg_info --egg-base ../../build/rover build --build-base /home/saleheen_linux/others/ros_2_Learning/ros2_workspace/build/rover/build install --record /home/saleheen_linux/others/ros_2_Learning/ros2_workspace/build/rover/install.log --single-version-externally-managed install_data
