[0.009s] Invoking command in '/home/saleheen_linux/others/ros_2_Learning/ros2_ws_cpp/build/rover_cpp': CMAKE_PREFIX_PATH=${CMAKE_PREFIX_PATH}:/home/saleheen_linux/others/ros_2_Learning/ros2_workspace/install/rover:/opt/ros/humble /usr/bin/cmake --build /home/saleheen_linux/others/ros_2_Learning/ros2_ws_cpp/build/rover_cpp -- -j16 -l16
[0.042s] [35m[1mConsolidate compiler generated dependencies of target linear_velocity_publisher[0m
[0.050s] [ 66%] Built target follow_wall_node
[0.050s] [ 66%] Built target obs_avoidance_node
[0.055s] [ 83%] [32mBuilding CXX object CMakeFiles/linear_velocity_publisher.dir/src/linear_velocity_publisher.cpp.o[0m
[5.844s] [100%] [32m[1mLinking CXX executable linear_velocity_publisher[0m
[6.100s] [100%] Built target linear_velocity_publisher
[6.110s] Invoked command in '/home/saleheen_linux/others/ros_2_Learning/ros2_ws_cpp/build/rover_cpp' returned '0': CMAKE_PREFIX_PATH=${CMAKE_PREFIX_PATH}:/home/saleheen_linux/others/ros_2_Learning/ros2_workspace/install/rover:/opt/ros/humble /usr/bin/cmake --build /home/saleheen_linux/others/ros_2_Learning/ros2_ws_cpp/build/rover_cpp -- -j16 -l16
[6.143s] Invoking command in '/home/saleheen_linux/others/ros_2_Learning/ros2_ws_cpp/build/rover_cpp': CMAKE_PREFIX_PATH=${CMAKE_PREFIX_PATH}:/home/saleheen_linux/others/ros_2_Learning/ros2_workspace/install/rover:/opt/ros/humble /usr/bin/cmake --install /home/saleheen_linux/others/ros_2_Learning/ros2_ws_cpp/build/rover_cpp
[6.149s] -- Install configuration: ""
[6.149s] -- Up-to-date: /home/saleheen_linux/others/ros_2_Learning/ros2_ws_cpp/install/rover_cpp/lib/rover_cpp/obs_avoidance_node
[6.149s] -- Up-to-date: /home/saleheen_linux/others/ros_2_Learning/ros2_ws_cpp/install/rover_cpp/lib/rover_cpp/follow_wall_node
[6.150s] -- Installing: /home/saleheen_linux/others/ros_2_Learning/ros2_ws_cpp/install/rover_cpp/lib/rover_cpp/linear_velocity_publisher
[6.153s] -- Set runtime path of "/home/saleheen_linux/others/ros_2_Learning/ros2_ws_cpp/install/rover_cpp/lib/rover_cpp/linear_velocity_publisher" to ""
[6.153s] -- Up-to-date: /home/saleheen_linux/others/ros_2_Learning/ros2_ws_cpp/install/rover_cpp/include/rover_cpp
[6.154s] -- Up-to-date: /home/saleheen_linux/others/ros_2_Learning/ros2_ws_cpp/install/rover_cpp/include/rover_cpp/follow_wall_cpp.hpp
[6.154s] -- Up-to-date: /home/saleheen_linux/others/ros_2_Learning/ros2_ws_cpp/install/rover_cpp/include/rover_cpp/obs_avoidance_cpp.hpp
[6.154s] -- Up-to-date: /home/saleheen_linux/others/ros_2_Learning/ros2_ws_cpp/install/rover_cpp/share/ament_index/resource_index/package_run_dependencies/rover_cpp
[6.154s] -- Up-to-date: /home/saleheen_linux/others/ros_2_Learning/ros2_ws_cpp/install/rover_cpp/share/ament_index/resource_index/parent_prefix_path/rover_cpp
[6.154s] -- Up-to-date: /home/saleheen_linux/others/ros_2_Learning/ros2_ws_cpp/install/rover_cpp/share/rover_cpp/environment/ament_prefix_path.sh
[6.154s] -- Up-to-date: /home/saleheen_linux/others/ros_2_Learning/ros2_ws_cpp/install/rover_cpp/share/rover_cpp/environment/ament_prefix_path.dsv
[6.154s] -- Up-to-date: /home/saleheen_linux/others/ros_2_Learning/ros2_ws_cpp/install/rover_cpp/share/rover_cpp/environment/path.sh
[6.154s] -- Up-to-date: /home/saleheen_linux/others/ros_2_Learning/ros2_ws_cpp/install/rover_cpp/share/rover_cpp/environment/path.dsv
[6.154s] -- Up-to-date: /home/saleheen_linux/others/ros_2_Learning/ros2_ws_cpp/install/rover_cpp/share/rover_cpp/local_setup.bash
[6.154s] -- Up-to-date: /home/saleheen_linux/others/ros_2_Learning/ros2_ws_cpp/install/rover_cpp/share/rover_cpp/local_setup.sh
[6.154s] -- Up-to-date: /home/saleheen_linux/others/ros_2_Learning/ros2_ws_cpp/install/rover_cpp/share/rover_cpp/local_setup.zsh
[6.154s] -- Up-to-date: /home/saleheen_linux/others/ros_2_Learning/ros2_ws_cpp/install/rover_cpp/share/rover_cpp/local_setup.dsv
[6.154s] -- Installing: /home/saleheen_linux/others/ros_2_Learning/ros2_ws_cpp/install/rover_cpp/share/rover_cpp/package.dsv
[6.154s] -- Up-to-date: /home/saleheen_linux/others/ros_2_Learning/ros2_ws_cpp/install/rover_cpp/share/ament_index/resource_index/packages/rover_cpp
[6.154s] -- Up-to-date: /home/saleheen_linux/others/ros_2_Learning/ros2_ws_cpp/install/rover_cpp/share/rover_cpp/cmake/rover_cppConfig.cmake
[6.154s] -- Up-to-date: /home/saleheen_linux/others/ros_2_Learning/ros2_ws_cpp/install/rover_cpp/share/rover_cpp/cmake/rover_cppConfig-version.cmake
[6.154s] -- Up-to-date: /home/saleheen_linux/others/ros_2_Learning/ros2_ws_cpp/install/rover_cpp/share/rover_cpp/package.xml
[6.155s] -- Up-to-date: /home/saleheen_linux/others/ros_2_Learning/ros2_ws_cpp/install/rover_cpp/share/rover_cpp/urdf
[6.155s] -- Up-to-date: /home/saleheen_linux/others/ros_2_Learning/ros2_ws_cpp/install/rover_cpp/share/rover_cpp/urdf/rover_cpp.urdf
[6.155s] -- Up-to-date: /home/saleheen_linux/others/ros_2_Learning/ros2_ws_cpp/install/rover_cpp/share/rover_cpp/urdf/config.rviz
[6.155s] -- Up-to-date: /home/saleheen_linux/others/ros_2_Learning/ros2_ws_cpp/install/rover_cpp/share/rover_cpp/worlds
[6.155s] -- Up-to-date: /home/saleheen_linux/others/ros_2_Learning/ros2_ws_cpp/install/rover_cpp/share/rover_cpp/worlds/blocks.sdf
[6.155s] -- Up-to-date: /home/saleheen_linux/others/ros_2_Learning/ros2_ws_cpp/install/rover_cpp/share/rover_cpp/launch
[6.155s] -- Up-to-date: /home/saleheen_linux/others/ros_2_Learning/ros2_ws_cpp/install/rover_cpp/share/rover_cpp/launch/2_gazebo.launch.py
[6.155s] -- Up-to-date: /home/saleheen_linux/others/ros_2_Learning/ros2_ws_cpp/install/rover_cpp/share/rover_cpp/launch/1_rviz.launch.py
[6.156s] Invoked command in '/home/saleheen_linux/others/ros_2_Learning/ros2_ws_cpp/build/rover_cpp' returned '0': CMAKE_PREFIX_PATH=${CMAKE_PREFIX_PATH}:/home/saleheen_linux/others/ros_2_Learning/ros2_workspace/install/rover:/opt/ros/humble /usr/bin/cmake --install /home/saleheen_linux/others/ros_2_Learning/ros2_ws_cpp/build/rover_cpp
