[0.008s] Invoking command in '/home/saleheen_linux/others/ros_2_Learning/ros2_ws_cpp/build/rover_cpp': CMAKE_PREFIX_PATH=${CMAKE_PREFIX_PATH}:/home/saleheen_linux/others/ros_2_Learning/ros2_workspace/install/rover:/opt/ros/humble /usr/bin/cmake --build /home/saleheen_linux/others/ros_2_Learning/ros2_ws_cpp/build/rover_cpp -- -j16 -l16
[0.045s] [35m[1mConsolidate compiler generated dependencies of target follow_path_node[0m
[0.056s] [ 66%] Built target linear_velocity_publisher
[0.056s] [ 66%] Built target obs_avoidance_node
[0.058s] [ 83%] [32mBuilding CXX object CMakeFiles/follow_path_node.dir/src/follow_path_cpp.cpp.o[0m
[7.987s] [100%] [32m[1mLinking CXX executable follow_path_node[0m
[8.367s] [100%] Built target follow_path_node
[8.378s] Invoked command in '/home/saleheen_linux/others/ros_2_Learning/ros2_ws_cpp/build/rover_cpp' returned '0': CMAKE_PREFIX_PATH=${CMAKE_PREFIX_PATH}:/home/saleheen_linux/others/ros_2_Learning/ros2_workspace/install/rover:/opt/ros/humble /usr/bin/cmake --build /home/saleheen_linux/others/ros_2_Learning/ros2_ws_cpp/build/rover_cpp -- -j16 -l16
[8.414s] Invoking command in '/home/saleheen_linux/others/ros_2_Learning/ros2_ws_cpp/build/rover_cpp': CMAKE_PREFIX_PATH=${CMAKE_PREFIX_PATH}:/home/saleheen_linux/others/ros_2_Learning/ros2_workspace/install/rover:/opt/ros/humble /usr/bin/cmake --install /home/saleheen_linux/others/ros_2_Learning/ros2_ws_cpp/build/rover_cpp
[8.421s] -- Install configuration: ""
[8.421s] -- Up-to-date: /home/saleheen_linux/others/ros_2_Learning/ros2_ws_cpp/install/rover_cpp/lib/rover_cpp/obs_avoidance_node
[8.421s] -- Installing: /home/saleheen_linux/others/ros_2_Learning/ros2_ws_cpp/install/rover_cpp/lib/rover_cpp/follow_path_node
[8.427s] -- Set runtime path of "/home/saleheen_linux/others/ros_2_Learning/ros2_ws_cpp/install/rover_cpp/lib/rover_cpp/follow_path_node" to ""
[8.427s] -- Up-to-date: /home/saleheen_linux/others/ros_2_Learning/ros2_ws_cpp/install/rover_cpp/lib/rover_cpp/linear_velocity_publisher
[8.427s] -- Up-to-date: /home/saleheen_linux/others/ros_2_Learning/ros2_ws_cpp/install/rover_cpp/include/rover_cpp
[8.427s] -- Up-to-date: /home/saleheen_linux/others/ros_2_Learning/ros2_ws_cpp/install/rover_cpp/include/rover_cpp/follow_wall_cpp.hpp
[8.427s] -- Up-to-date: /home/saleheen_linux/others/ros_2_Learning/ros2_ws_cpp/install/rover_cpp/include/rover_cpp/obs_avoidance_cpp.hpp
[8.427s] -- Up-to-date: /home/saleheen_linux/others/ros_2_Learning/ros2_ws_cpp/install/rover_cpp/share/ament_index/resource_index/package_run_dependencies/rover_cpp
[8.427s] -- Up-to-date: /home/saleheen_linux/others/ros_2_Learning/ros2_ws_cpp/install/rover_cpp/share/ament_index/resource_index/parent_prefix_path/rover_cpp
[8.427s] -- Up-to-date: /home/saleheen_linux/others/ros_2_Learning/ros2_ws_cpp/install/rover_cpp/share/rover_cpp/environment/ament_prefix_path.sh
[8.428s] -- Up-to-date: /home/saleheen_linux/others/ros_2_Learning/ros2_ws_cpp/install/rover_cpp/share/rover_cpp/environment/ament_prefix_path.dsv
[8.428s] -- Up-to-date: /home/saleheen_linux/others/ros_2_Learning/ros2_ws_cpp/install/rover_cpp/share/rover_cpp/environment/path.sh
[8.428s] -- Up-to-date: /home/saleheen_linux/others/ros_2_Learning/ros2_ws_cpp/install/rover_cpp/share/rover_cpp/environment/path.dsv
[8.428s] -- Up-to-date: /home/saleheen_linux/others/ros_2_Learning/ros2_ws_cpp/install/rover_cpp/share/rover_cpp/local_setup.bash
[8.428s] -- Up-to-date: /home/saleheen_linux/others/ros_2_Learning/ros2_ws_cpp/install/rover_cpp/share/rover_cpp/local_setup.sh
[8.428s] -- Up-to-date: /home/saleheen_linux/others/ros_2_Learning/ros2_ws_cpp/install/rover_cpp/share/rover_cpp/local_setup.zsh
[8.428s] -- Up-to-date: /home/saleheen_linux/others/ros_2_Learning/ros2_ws_cpp/install/rover_cpp/share/rover_cpp/local_setup.dsv
[8.428s] -- Installing: /home/saleheen_linux/others/ros_2_Learning/ros2_ws_cpp/install/rover_cpp/share/rover_cpp/package.dsv
[8.428s] -- Up-to-date: /home/saleheen_linux/others/ros_2_Learning/ros2_ws_cpp/install/rover_cpp/share/ament_index/resource_index/packages/rover_cpp
[8.428s] -- Up-to-date: /home/saleheen_linux/others/ros_2_Learning/ros2_ws_cpp/install/rover_cpp/share/rover_cpp/cmake/rover_cppConfig.cmake
[8.428s] -- Up-to-date: /home/saleheen_linux/others/ros_2_Learning/ros2_ws_cpp/install/rover_cpp/share/rover_cpp/cmake/rover_cppConfig-version.cmake
[8.428s] -- Up-to-date: /home/saleheen_linux/others/ros_2_Learning/ros2_ws_cpp/install/rover_cpp/share/rover_cpp/package.xml
[8.428s] -- Up-to-date: /home/saleheen_linux/others/ros_2_Learning/ros2_ws_cpp/install/rover_cpp/share/rover_cpp/urdf
[8.428s] -- Up-to-date: /home/saleheen_linux/others/ros_2_Learning/ros2_ws_cpp/install/rover_cpp/share/rover_cpp/urdf/rover_cpp.urdf
[8.428s] -- Up-to-date: /home/saleheen_linux/others/ros_2_Learning/ros2_ws_cpp/install/rover_cpp/share/rover_cpp/urdf/config.rviz
[8.428s] -- Up-to-date: /home/saleheen_linux/others/ros_2_Learning/ros2_ws_cpp/install/rover_cpp/share/rover_cpp/worlds
[8.428s] -- Up-to-date: /home/saleheen_linux/others/ros_2_Learning/ros2_ws_cpp/install/rover_cpp/share/rover_cpp/worlds/blocks.sdf
[8.429s] -- Up-to-date: /home/saleheen_linux/others/ros_2_Learning/ros2_ws_cpp/install/rover_cpp/share/rover_cpp/launch
[8.429s] -- Up-to-date: /home/saleheen_linux/others/ros_2_Learning/ros2_ws_cpp/install/rover_cpp/share/rover_cpp/launch/2_gazebo.launch.py
[8.429s] -- Up-to-date: /home/saleheen_linux/others/ros_2_Learning/ros2_ws_cpp/install/rover_cpp/share/rover_cpp/launch/1_rviz.launch.py
[8.430s] Invoked command in '/home/saleheen_linux/others/ros_2_Learning/ros2_ws_cpp/build/rover_cpp' returned '0': CMAKE_PREFIX_PATH=${CMAKE_PREFIX_PATH}:/home/saleheen_linux/others/ros_2_Learning/ros2_workspace/install/rover:/opt/ros/humble /usr/bin/cmake --install /home/saleheen_linux/others/ros_2_Learning/ros2_ws_cpp/build/rover_cpp
