running egg_info
creating ../../../build/rover/rover.egg-info
writing ../../../build/rover/rover.egg-info/PKG-INFO
writing dependency_links to ../../../build/rover/rover.egg-info/dependency_links.txt
writing entry points to ../../../build/rover/rover.egg-info/entry_points.txt
writing requirements to ../../../build/rover/rover.egg-info/requires.txt
writing top-level names to ../../../build/rover/rover.egg-info/top_level.txt
writing manifest file '../../../build/rover/rover.egg-info/SOURCES.txt'
reading manifest file '../../../build/rover/rover.egg-info/SOURCES.txt'
writing manifest file '../../../build/rover/rover.egg-info/SOURCES.txt'
running build
running build_py
creating /home/saleheen_linux/others/ros_2_Learning/build/rover/build
creating /home/saleheen_linux/others/ros_2_Learning/build/rover/build/lib
creating /home/saleheen_linux/others/ros_2_Learning/build/rover/build/lib/rover
copying rover/__init__.py -> /home/saleheen_linux/others/ros_2_Learning/build/rover/build/lib/rover
running install
running install_lib
creating /home/saleheen_linux/others/ros_2_Learning/install/rover/lib/python3.10/site-packages/rover
copying /home/saleheen_linux/others/ros_2_Learning/build/rover/build/lib/rover/__init__.py -> /home/saleheen_linux/others/ros_2_Learning/install/rover/lib/python3.10/site-packages/rover
byte-compiling /home/saleheen_linux/others/ros_2_Learning/install/rover/lib/python3.10/site-packages/rover/__init__.py to __init__.cpython-310.pyc
running install_data
creating /home/saleheen_linux/others/ros_2_Learning/install/rover/share/ament_index
creating /home/saleheen_linux/others/ros_2_Learning/install/rover/share/ament_index/resource_index
creating /home/saleheen_linux/others/ros_2_Learning/install/rover/share/ament_index/resource_index/packages
copying resource/rover -> /home/saleheen_linux/others/ros_2_Learning/install/rover/share/ament_index/resource_index/packages
copying package.xml -> /home/saleheen_linux/others/ros_2_Learning/install/rover/share/rover
creating /home/saleheen_linux/others/ros_2_Learning/install/rover/share/rover/launch
copying launch/2_gazebo.launch.py -> /home/saleheen_linux/others/ros_2_Learning/install/rover/share/rover/launch
copying launch/1_rviz.launch.py -> /home/saleheen_linux/others/ros_2_Learning/install/rover/share/rover/launch
creating /home/saleheen_linux/others/ros_2_Learning/install/rover/share/rover/worlds
creating /home/saleheen_linux/others/ros_2_Learning/install/rover/share/rover/urdf
copying urdf/rover.urdf -> /home/saleheen_linux/others/ros_2_Learning/install/rover/share/rover/urdf
copying urdf/config.rviz -> /home/saleheen_linux/others/ros_2_Learning/install/rover/share/rover/urdf
creating /home/saleheen_linux/others/ros_2_Learning/install/rover/lib/rover
running install_egg_info
Copying ../../../build/rover/rover.egg-info to /home/saleheen_linux/others/ros_2_Learning/install/rover/lib/python3.10/site-packages/rover-0.0.0-py3.10.egg-info
running install_scripts
writing list of installed files to '/home/saleheen_linux/others/ros_2_Learning/build/rover/install.log'
