running egg_info
writing ../../build/rover/rover.egg-info/PKG-INFO
writing dependency_links to ../../build/rover/rover.egg-info/dependency_links.txt
writing entry points to ../../build/rover/rover.egg-info/entry_points.txt
writing requirements to ../../build/rover/rover.egg-info/requires.txt
writing top-level names to ../../build/rover/rover.egg-info/top_level.txt
reading manifest file '../../build/rover/rover.egg-info/SOURCES.txt'
writing manifest file '../../build/rover/rover.egg-info/SOURCES.txt'
running build
running build_py
copying rover/obstacle_avoiding.py -> /home/saleheen_linux/others/ros_2_Learning/ros2_workspace/build/rover/build/lib/rover
running install
running install_lib
copying /home/saleheen_linux/others/ros_2_Learning/ros2_workspace/build/rover/build/lib/rover/obstacle_avoiding.py -> /home/saleheen_linux/others/ros_2_Learning/ros2_workspace/install/rover/lib/python3.10/site-packages/rover
byte-compiling /home/saleheen_linux/others/ros_2_Learning/ros2_workspace/install/rover/lib/python3.10/site-packages/rover/obstacle_avoiding.py to obstacle_avoiding.cpython-310.pyc
running install_data
running install_egg_info
removing '/home/saleheen_linux/others/ros_2_Learning/ros2_workspace/install/rover/lib/python3.10/site-packages/rover-0.0.0-py3.10.egg-info' (and everything under it)
Copying ../../build/rover/rover.egg-info to /home/saleheen_linux/others/ros_2_Learning/ros2_workspace/install/rover/lib/python3.10/site-packages/rover-0.0.0-py3.10.egg-info
running install_scripts
Installing obstacle_avoidance script to /home/saleheen_linux/others/ros_2_Learning/ros2_workspace/install/rover/lib/rover
writing list of installed files to '/home/saleheen_linux/others/ros_2_Learning/ros2_workspace/build/rover/install.log'
