[35m[1mConsolidate compiler generated dependencies of target autonomous_driving_node[0m
[ 50%] Built target video_save_node
[ 75%] [32mBuilding CXX object CMakeFiles/autonomous_driving_node.dir/src/autonomous_driving.cpp.o[0m
[01m[K/home/saleheen_linux/others/ros_2_Learning/ros2_ws_cpp/src/warehouse_rover_ros2/src/autonomous_driving.cpp:[m[K In constructor ‘[01m[KAutonmousDrivingNode::AutonmousDrivingNode()[m[K’:
[01m[K/home/saleheen_linux/others/ros_2_Learning/ros2_ws_cpp/src/warehouse_rover_ros2/src/autonomous_driving.cpp:23:12:[m[K [01;35m[Kwarning: [m[Kunused variable ‘[01m[Kmid_pt_error[m[K’ [[01;35m[K]8;;https://gcc.gnu.org/onlinedocs/gcc/Warning-Options.html#index-Wunused-variable-Wunused-variable]8;;[m[K]
   23 |     double [01;35m[Kmid_pt_error[m[K = 0.0;
      |            [01;35m[K^~~~~~~~~~~~[m[K
In file included from [01m[K/opt/ros/humble/include/rclcpp/rclcpp/logging.hpp:24[m[K,
                 from [01m[K/opt/ros/humble/include/rclcpp/rclcpp/client.hpp:40[m[K,
                 from [01m[K/opt/ros/humble/include/rclcpp/rclcpp/callback_group.hpp:24[m[K,
                 from [01m[K/opt/ros/humble/include/rclcpp/rclcpp/any_executable.hpp:20[m[K,
                 from [01m[K/opt/ros/humble/include/rclcpp/rclcpp/memory_strategy.hpp:25[m[K,
                 from [01m[K/opt/ros/humble/include/rclcpp/rclcpp/memory_strategies.hpp:18[m[K,
                 from [01m[K/opt/ros/humble/include/rclcpp/rclcpp/executor_options.hpp:20[m[K,
                 from [01m[K/opt/ros/humble/include/rclcpp/rclcpp/executor.hpp:37[m[K,
                 from [01m[K/opt/ros/humble/include/rclcpp/rclcpp/executors/multi_threaded_executor.hpp:25[m[K,
                 from [01m[K/opt/ros/humble/include/rclcpp/rclcpp/executors.hpp:21[m[K,
                 from [01m[K/opt/ros/humble/include/rclcpp/rclcpp/rclcpp.hpp:155[m[K,
                 from [01m[K/home/saleheen_linux/others/ros_2_Learning/ros2_ws_cpp/src/warehouse_rover_ros2/src/autonomous_driving.cpp:6[m[K:
[01m[K/home/saleheen_linux/others/ros_2_Learning/ros2_ws_cpp/src/warehouse_rover_ros2/src/autonomous_driving.cpp:[m[K In member function ‘[01m[Kvoid AutonmousDrivingNode::image_process_callback(sensor_msgs::msg::Image_<std::allocator<void> >::SharedPtr)[m[K’:
[01m[K/home/saleheen_linux/others/ros_2_Learning/ros2_ws_cpp/src/warehouse_rover_ros2/src/autonomous_driving.cpp:68:41:[m[K [01;35m[Kwarning: [m[Kformat ‘[01m[K%f[m[K’ expects argument of type ‘[01m[Kdouble[m[K’, but argument 5 has type ‘[01m[Kint[m[K’ [[01;35m[K]8;;https://gcc.gnu.org/onlinedocs/gcc/Warning-Options.html#index-Wformat=-Wformat=]8;;[m[K]
   68 |         RCLCPP_INFO(this->get_logger(), [01;35m[K"column: %f and pixel value- %f"[m[K, [32m[Kcol[m[K, cropped_canny.at<float>(row_of_interest,col));
      |                                         [01;35m[K^~~~~~~~~~~~~~~~~~~~~~~~~~~~~~~~[m[K  [32m[K~~~[m[K
      |                                                                           [32m[K|[m[K
      |                                                                           [32m[Kint[m[K
[01m[K/home/saleheen_linux/others/ros_2_Learning/ros2_ws_cpp/src/warehouse_rover_ros2/src/autonomous_driving.cpp:68:51:[m[K [01;36m[Knote: [m[Kformat string is defined here
   68 |         RCLCPP_INFO(this->get_logger(), "column: [01;36m[K%f[m[K and pixel value- %f", col, cropped_canny.at<float>(row_of_interest,col));
      |                                                  [01;36m[K~^[m[K
      |                                                   [01;36m[K|[m[K
      |                                                   [01;36m[Kdouble[m[K
      |                                                  [32m[K%d[m[K
[100%] [32m[1mLinking CXX executable autonomous_driving_node[0m
[100%] Built target autonomous_driving_node
-- Install configuration: ""
-- Up-to-date: /home/saleheen_linux/others/ros_2_Learning/ros2_ws_cpp/install/warehouse_rover_ros2/lib/warehouse_rover_ros2/video_save_node
-- Installing: /home/saleheen_linux/others/ros_2_Learning/ros2_ws_cpp/install/warehouse_rover_ros2/lib/warehouse_rover_ros2/autonomous_driving_node
-- Set runtime path of "/home/saleheen_linux/others/ros_2_Learning/ros2_ws_cpp/install/warehouse_rover_ros2/lib/warehouse_rover_ros2/autonomous_driving_node" to ""
-- Up-to-date: /home/saleheen_linux/others/ros_2_Learning/ros2_ws_cpp/install/warehouse_rover_ros2/include/warehouse_rover_ros2
-- Up-to-date: /home/saleheen_linux/others/ros_2_Learning/ros2_ws_cpp/install/warehouse_rover_ros2/include/warehouse_rover_ros2/warehouse_rover_ros2
-- Up-to-date: /home/saleheen_linux/others/ros_2_Learning/ros2_ws_cpp/install/warehouse_rover_ros2/share/warehouse_rover_ros2/urdf
-- Up-to-date: /home/saleheen_linux/others/ros_2_Learning/ros2_ws_cpp/install/warehouse_rover_ros2/share/warehouse_rover_ros2/urdf/track_1
-- Up-to-date: /home/saleheen_linux/others/ros_2_Learning/ros2_ws_cpp/install/warehouse_rover_ros2/share/warehouse_rover_ros2/urdf/track_1/model.config
-- Up-to-date: /home/saleheen_linux/others/ros_2_Learning/ros2_ws_cpp/install/warehouse_rover_ros2/share/warehouse_rover_ros2/urdf/track_1/materials
-- Up-to-date: /home/saleheen_linux/others/ros_2_Learning/ros2_ws_cpp/install/warehouse_rover_ros2/share/warehouse_rover_ros2/urdf/track_1/materials/scripts
-- Up-to-date: /home/saleheen_linux/others/ros_2_Learning/ros2_ws_cpp/install/warehouse_rover_ros2/share/warehouse_rover_ros2/urdf/track_1/materials/scripts/track_1.material
-- Up-to-date: /home/saleheen_linux/others/ros_2_Learning/ros2_ws_cpp/install/warehouse_rover_ros2/share/warehouse_rover_ros2/urdf/track_1/materials/scripts/track_1.png
-- Up-to-date: /home/saleheen_linux/others/ros_2_Learning/ros2_ws_cpp/install/warehouse_rover_ros2/share/warehouse_rover_ros2/urdf/track_1/materials/textures
-- Up-to-date: /home/saleheen_linux/others/ros_2_Learning/ros2_ws_cpp/install/warehouse_rover_ros2/share/warehouse_rover_ros2/urdf/track_1/model.sdf
-- Up-to-date: /home/saleheen_linux/others/ros_2_Learning/ros2_ws_cpp/install/warehouse_rover_ros2/share/warehouse_rover_ros2/urdf/rover_proto_A1
-- Up-to-date: /home/saleheen_linux/others/ros_2_Learning/ros2_ws_cpp/install/warehouse_rover_ros2/share/warehouse_rover_ros2/urdf/rover_proto_A1/meshes
-- Up-to-date: /home/saleheen_linux/others/ros_2_Learning/ros2_ws_cpp/install/warehouse_rover_ros2/share/warehouse_rover_ros2/urdf/rover_proto_A1/meshes/Lights_Fwd_Link.STL
-- Up-to-date: /home/saleheen_linux/others/ros_2_Learning/ros2_ws_cpp/install/warehouse_rover_ros2/share/warehouse_rover_ros2/urdf/rover_proto_A1/meshes/Camera_Back_Link.dae
-- Up-to-date: /home/saleheen_linux/others/ros_2_Learning/ros2_ws_cpp/install/warehouse_rover_ros2/share/warehouse_rover_ros2/urdf/rover_proto_A1/meshes/Wheel_2_Link.STL
-- Up-to-date: /home/saleheen_linux/others/ros_2_Learning/ros2_ws_cpp/install/warehouse_rover_ros2/share/warehouse_rover_ros2/urdf/rover_proto_A1/meshes/Chassis.STL
-- Up-to-date: /home/saleheen_linux/others/ros_2_Learning/ros2_ws_cpp/install/warehouse_rover_ros2/share/warehouse_rover_ros2/urdf/rover_proto_A1/meshes/Chassis.dae
-- Up-to-date: /home/saleheen_linux/others/ros_2_Learning/ros2_ws_cpp/install/warehouse_rover_ros2/share/warehouse_rover_ros2/urdf/rover_proto_A1/meshes/Lights_Back_Link.STL
-- Up-to-date: /home/saleheen_linux/others/ros_2_Learning/ros2_ws_cpp/install/warehouse_rover_ros2/share/warehouse_rover_ros2/urdf/rover_proto_A1/meshes/Wheel_3_Link.STL
-- Up-to-date: /home/saleheen_linux/others/ros_2_Learning/ros2_ws_cpp/install/warehouse_rover_ros2/share/warehouse_rover_ros2/urdf/rover_proto_A1/meshes/Camera_Fwd_Link.STL
-- Up-to-date: /home/saleheen_linux/others/ros_2_Learning/ros2_ws_cpp/install/warehouse_rover_ros2/share/warehouse_rover_ros2/urdf/rover_proto_A1/meshes/Lidar_Back_Link.STL
-- Up-to-date: /home/saleheen_linux/others/ros_2_Learning/ros2_ws_cpp/install/warehouse_rover_ros2/share/warehouse_rover_ros2/urdf/rover_proto_A1/meshes/Lights_Left_Link.STL
-- Up-to-date: /home/saleheen_linux/others/ros_2_Learning/ros2_ws_cpp/install/warehouse_rover_ros2/share/warehouse_rover_ros2/urdf/rover_proto_A1/meshes/Lights_Right_Link.STL
-- Up-to-date: /home/saleheen_linux/others/ros_2_Learning/ros2_ws_cpp/install/warehouse_rover_ros2/share/warehouse_rover_ros2/urdf/rover_proto_A1/meshes/Lidar_Fwd_Link.STL
-- Up-to-date: /home/saleheen_linux/others/ros_2_Learning/ros2_ws_cpp/install/warehouse_rover_ros2/share/warehouse_rover_ros2/urdf/rover_proto_A1/meshes/Wheel_4_Link.STL
-- Up-to-date: /home/saleheen_linux/others/ros_2_Learning/ros2_ws_cpp/install/warehouse_rover_ros2/share/warehouse_rover_ros2/urdf/rover_proto_A1/meshes/Camera_Back_Link.STL
-- Up-to-date: /home/saleheen_linux/others/ros_2_Learning/ros2_ws_cpp/install/warehouse_rover_ros2/share/warehouse_rover_ros2/urdf/rover_proto_A1/meshes/Wheel_1_Link.STL
-- Up-to-date: /home/saleheen_linux/others/ros_2_Learning/ros2_ws_cpp/install/warehouse_rover_ros2/share/warehouse_rover_ros2/urdf/rover_proto_A1/rover_proto_A1_rviz.urdf
-- Up-to-date: /home/saleheen_linux/others/ros_2_Learning/ros2_ws_cpp/install/warehouse_rover_ros2/share/warehouse_rover_ros2/urdf/rover_proto_A1/config
-- Up-to-date: /home/saleheen_linux/others/ros_2_Learning/ros2_ws_cpp/install/warehouse_rover_ros2/share/warehouse_rover_ros2/urdf/rover_proto_A1/config/joint_names_rover_assembly_vA.yaml
-- Up-to-date: /home/saleheen_linux/others/ros_2_Learning/ros2_ws_cpp/install/warehouse_rover_ros2/share/warehouse_rover_ros2/urdf/rover_proto_A1/config.rviz
-- Up-to-date: /home/saleheen_linux/others/ros_2_Learning/ros2_ws_cpp/install/warehouse_rover_ros2/share/warehouse_rover_ros2/urdf/rover_proto_A1/textures
-- Up-to-date: /home/saleheen_linux/others/ros_2_Learning/ros2_ws_cpp/install/warehouse_rover_ros2/share/warehouse_rover_ros2/urdf/rover_proto_A1/rover_proto_A1.urdf
-- Up-to-date: /home/saleheen_linux/others/ros_2_Learning/ros2_ws_cpp/install/warehouse_rover_ros2/share/warehouse_rover_ros2/worlds
-- Up-to-date: /home/saleheen_linux/others/ros_2_Learning/ros2_ws_cpp/install/warehouse_rover_ros2/share/warehouse_rover_ros2/worlds/track_1.world
-- Up-to-date: /home/saleheen_linux/others/ros_2_Learning/ros2_ws_cpp/install/warehouse_rover_ros2/share/warehouse_rover_ros2/launch
-- Up-to-date: /home/saleheen_linux/others/ros_2_Learning/ros2_ws_cpp/install/warehouse_rover_ros2/share/warehouse_rover_ros2/launch/gazebo.launch.py
-- Up-to-date: /home/saleheen_linux/others/ros_2_Learning/ros2_ws_cpp/install/warehouse_rover_ros2/share/warehouse_rover_ros2/launch/rviz.launch.py
-- Up-to-date: /home/saleheen_linux/others/ros_2_Learning/ros2_ws_cpp/install/warehouse_rover_ros2/share/ament_index/resource_index/package_run_dependencies/warehouse_rover_ros2
-- Up-to-date: /home/saleheen_linux/others/ros_2_Learning/ros2_ws_cpp/install/warehouse_rover_ros2/share/ament_index/resource_index/parent_prefix_path/warehouse_rover_ros2
-- Up-to-date: /home/saleheen_linux/others/ros_2_Learning/ros2_ws_cpp/install/warehouse_rover_ros2/share/warehouse_rover_ros2/environment/ament_prefix_path.sh
-- Up-to-date: /home/saleheen_linux/others/ros_2_Learning/ros2_ws_cpp/install/warehouse_rover_ros2/share/warehouse_rover_ros2/environment/ament_prefix_path.dsv
-- Up-to-date: /home/saleheen_linux/others/ros_2_Learning/ros2_ws_cpp/install/warehouse_rover_ros2/share/warehouse_rover_ros2/environment/path.sh
-- Up-to-date: /home/saleheen_linux/others/ros_2_Learning/ros2_ws_cpp/install/warehouse_rover_ros2/share/warehouse_rover_ros2/environment/path.dsv
-- Up-to-date: /home/saleheen_linux/others/ros_2_Learning/ros2_ws_cpp/install/warehouse_rover_ros2/share/warehouse_rover_ros2/local_setup.bash
-- Up-to-date: /home/saleheen_linux/others/ros_2_Learning/ros2_ws_cpp/install/warehouse_rover_ros2/share/warehouse_rover_ros2/local_setup.sh
-- Up-to-date: /home/saleheen_linux/others/ros_2_Learning/ros2_ws_cpp/install/warehouse_rover_ros2/share/warehouse_rover_ros2/local_setup.zsh
-- Up-to-date: /home/saleheen_linux/others/ros_2_Learning/ros2_ws_cpp/install/warehouse_rover_ros2/share/warehouse_rover_ros2/local_setup.dsv
-- Installing: /home/saleheen_linux/others/ros_2_Learning/ros2_ws_cpp/install/warehouse_rover_ros2/share/warehouse_rover_ros2/package.dsv
-- Up-to-date: /home/saleheen_linux/others/ros_2_Learning/ros2_ws_cpp/install/warehouse_rover_ros2/share/ament_index/resource_index/packages/warehouse_rover_ros2
-- Up-to-date: /home/saleheen_linux/others/ros_2_Learning/ros2_ws_cpp/install/warehouse_rover_ros2/share/warehouse_rover_ros2/cmake/warehouse_rover_ros2Config.cmake
-- Up-to-date: /home/saleheen_linux/others/ros_2_Learning/ros2_ws_cpp/install/warehouse_rover_ros2/share/warehouse_rover_ros2/cmake/warehouse_rover_ros2Config-version.cmake
-- Up-to-date: /home/saleheen_linux/others/ros_2_Learning/ros2_ws_cpp/install/warehouse_rover_ros2/share/warehouse_rover_ros2/package.xml
