[0.404s] Invoking command in '/home/saleheen_linux/others/ros_2_Learning/ros2_workspace/src/rover': PYTHONPATH=/home/saleheen_linux/others/ros_2_Learning/ros2_workspace/build/rover/prefix_override:/usr/lib/python3/dist-packages/colcon_core/task/python/colcon_distutils_commands:/home/saleheen_linux/others/ros_2_Learning/ros2_workspace/install/rover/lib/python3.10/site-packages:${PYTHONPATH} /usr/bin/python3 -W ignore:setup.py install is deprecated setup.py egg_info --egg-base ../../build/rover build --build-base /home/saleheen_linux/others/ros_2_Learning/ros2_workspace/build/rover/build install --record /home/saleheen_linux/others/ros_2_Learning/ros2_workspace/build/rover/install.log --single-version-externally-managed install_data
[0.566s] running egg_info
[0.566s] writing ../../build/rover/rover.egg-info/PKG-INFO
[0.567s] writing dependency_links to ../../build/rover/rover.egg-info/dependency_links.txt
[0.567s] writing entry points to ../../build/rover/rover.egg-info/entry_points.txt
[0.567s] writing requirements to ../../build/rover/rover.egg-info/requires.txt
[0.567s] writing top-level names to ../../build/rover/rover.egg-info/top_level.txt
[0.568s] reading manifest file '../../build/rover/rover.egg-info/SOURCES.txt'
[0.568s] writing manifest file '../../build/rover/rover.egg-info/SOURCES.txt'
[0.569s] running build
[0.569s] running build_py
[0.569s] running install
[0.569s] running install_lib
[0.570s] running install_data
[0.570s] copying urdf/rover.urdf -> /home/saleheen_linux/others/ros_2_Learning/ros2_workspace/install/rover/share/rover/urdf
[0.570s] running install_egg_info
[0.571s] removing '/home/saleheen_linux/others/ros_2_Learning/ros2_workspace/install/rover/lib/python3.10/site-packages/rover-0.0.0-py3.10.egg-info' (and everything under it)
[0.571s] Copying ../../build/rover/rover.egg-info to /home/saleheen_linux/others/ros_2_Learning/ros2_workspace/install/rover/lib/python3.10/site-packages/rover-0.0.0-py3.10.egg-info
[0.572s] running install_scripts
[0.586s] writing list of installed files to '/home/saleheen_linux/others/ros_2_Learning/ros2_workspace/build/rover/install.log'
[0.602s] Invoked command in '/home/saleheen_linux/others/ros_2_Learning/ros2_workspace/src/rover' returned '0': PYTHONPATH=/home/saleheen_linux/others/ros_2_Learning/ros2_workspace/build/rover/prefix_override:/usr/lib/python3/dist-packages/colcon_core/task/python/colcon_distutils_commands:/home/saleheen_linux/others/ros_2_Learning/ros2_workspace/install/rover/lib/python3.10/site-packages:${PYTHONPATH} /usr/bin/python3 -W ignore:setup.py install is deprecated setup.py egg_info --egg-base ../../build/rover build --build-base /home/saleheen_linux/others/ros_2_Learning/ros2_workspace/build/rover/build install --record /home/saleheen_linux/others/ros_2_Learning/ros2_workspace/build/rover/install.log --single-version-externally-managed install_data
