[0.075s] DEBUG:colcon:Command line arguments: ['/usr/bin/colcon', 'build']
[0.075s] DEBUG:colcon:Parsed command line arguments: Namespace(log_base=None, log_level=None, verb_name='build', build_base='build', install_base='install', merge_install=False, symlink_install=False, test_result_base=None, continue_on_error=False, executor='parallel', parallel_workers=16, event_handlers=None, ignore_user_meta=False, metas=['./colcon.meta'], base_paths=['.'], packages_ignore=None, packages_ignore_regex=None, paths=None, packages_up_to=None, packages_up_to_regex=None, packages_above=None, packages_above_and_dependencies=None, packages_above_depth=None, packages_select_by_dep=None, packages_skip_by_dep=None, packages_skip_up_to=None, packages_select_build_failed=False, packages_skip_build_finished=False, packages_select_test_failures=False, packages_skip_test_passed=False, packages_select=None, packages_skip=None, packages_select_regex=None, packages_skip_regex=None, packages_start=None, packages_end=None, allow_overriding=[], cmake_args=None, cmake_target=None, cmake_target_skip_unavailable=False, cmake_clean_cache=False, cmake_clean_first=False, cmake_force_configure=False, ament_cmake_args=None, catkin_cmake_args=None, catkin_skip_building_tests=False, mixin_files=None, mixin=None, verb_parser=<colcon_mixin.mixin.mixin_argument.MixinArgumentDecorator object at 0x7e338ac37c40>, verb_extension=<colcon_core.verb.build.BuildVerb object at 0x7e338adabeb0>, main=<bound method BuildVerb.main of <colcon_core.verb.build.BuildVerb object at 0x7e338adabeb0>>, mixin_verb=('build',))
[0.210s] Level 1:colcon.colcon_core.package_discovery:discover_packages(colcon_meta) check parameters
[0.210s] Level 1:colcon.colcon_core.package_discovery:discover_packages(recursive) check parameters
[0.210s] Level 1:colcon.colcon_core.package_discovery:discover_packages(ignore) check parameters
[0.210s] Level 1:colcon.colcon_core.package_discovery:discover_packages(path) check parameters
[0.210s] Level 1:colcon.colcon_core.package_discovery:discover_packages(colcon_meta) discover
[0.210s] Level 1:colcon.colcon_core.package_discovery:discover_packages(recursive) discover
[0.210s] INFO:colcon.colcon_core.package_discovery:Crawling recursively for packages in '/home/saleheen_linux/others/ros_2_Learning/ros2_ws_cpp'
[0.210s] Level 1:colcon.colcon_core.package_identification:_identify(.) by extensions ['ignore', 'ignore_ament_install']
[0.210s] Level 1:colcon.colcon_core.package_identification:_identify(.) by extension 'ignore'
[0.210s] Level 1:colcon.colcon_core.package_identification:_identify(.) by extension 'ignore_ament_install'
[0.210s] Level 1:colcon.colcon_core.package_identification:_identify(.) by extensions ['colcon_pkg']
[0.210s] Level 1:colcon.colcon_core.package_identification:_identify(.) by extension 'colcon_pkg'
[0.210s] Level 1:colcon.colcon_core.package_identification:_identify(.) by extensions ['colcon_meta']
[0.210s] Level 1:colcon.colcon_core.package_identification:_identify(.) by extension 'colcon_meta'
[0.210s] Level 1:colcon.colcon_core.package_identification:_identify(.) by extensions ['ros']
[0.211s] Level 1:colcon.colcon_core.package_identification:_identify(.) by extension 'ros'
[0.225s] Level 1:colcon.colcon_core.package_identification:_identify(.) by extensions ['cmake', 'python']
[0.225s] Level 1:colcon.colcon_core.package_identification:_identify(.) by extension 'cmake'
[0.225s] Level 1:colcon.colcon_core.package_identification:_identify(.) by extension 'python'
[0.225s] Level 1:colcon.colcon_core.package_identification:_identify(.) by extensions ['python_setup_py']
[0.225s] Level 1:colcon.colcon_core.package_identification:_identify(.) by extension 'python_setup_py'
[0.225s] Level 1:colcon.colcon_core.package_identification:_identify(backup) by extensions ['ignore', 'ignore_ament_install']
[0.226s] Level 1:colcon.colcon_core.package_identification:_identify(backup) by extension 'ignore'
[0.226s] Level 1:colcon.colcon_core.package_identification:_identify(backup) by extension 'ignore_ament_install'
[0.226s] Level 1:colcon.colcon_core.package_identification:_identify(backup) by extensions ['colcon_pkg']
[0.226s] Level 1:colcon.colcon_core.package_identification:_identify(backup) by extension 'colcon_pkg'
[0.226s] Level 1:colcon.colcon_core.package_identification:_identify(backup) by extensions ['colcon_meta']
[0.226s] Level 1:colcon.colcon_core.package_identification:_identify(backup) by extension 'colcon_meta'
[0.226s] Level 1:colcon.colcon_core.package_identification:_identify(backup) by extensions ['ros']
[0.226s] Level 1:colcon.colcon_core.package_identification:_identify(backup) by extension 'ros'
[0.226s] Level 1:colcon.colcon_core.package_identification:_identify(backup) by extensions ['cmake', 'python']
[0.226s] Level 1:colcon.colcon_core.package_identification:_identify(backup) by extension 'cmake'
[0.226s] Level 1:colcon.colcon_core.package_identification:_identify(backup) by extension 'python'
[0.226s] Level 1:colcon.colcon_core.package_identification:_identify(backup) by extensions ['python_setup_py']
[0.226s] Level 1:colcon.colcon_core.package_identification:_identify(backup) by extension 'python_setup_py'
[0.226s] Level 1:colcon.colcon_core.package_identification:_identify(build) by extensions ['ignore', 'ignore_ament_install']
[0.226s] Level 1:colcon.colcon_core.package_identification:_identify(build) by extension 'ignore'
[0.226s] Level 1:colcon.colcon_core.package_identification:_identify(build) ignored
[0.226s] Level 1:colcon.colcon_core.package_identification:_identify(install) by extensions ['ignore', 'ignore_ament_install']
[0.226s] Level 1:colcon.colcon_core.package_identification:_identify(install) by extension 'ignore'
[0.226s] Level 1:colcon.colcon_core.package_identification:_identify(install) ignored
[0.226s] Level 1:colcon.colcon_core.package_identification:_identify(log) by extensions ['ignore', 'ignore_ament_install']
[0.226s] Level 1:colcon.colcon_core.package_identification:_identify(log) by extension 'ignore'
[0.226s] Level 1:colcon.colcon_core.package_identification:_identify(log) ignored
[0.226s] Level 1:colcon.colcon_core.package_identification:_identify(src) by extensions ['ignore', 'ignore_ament_install']
[0.227s] Level 1:colcon.colcon_core.package_identification:_identify(src) by extension 'ignore'
[0.227s] Level 1:colcon.colcon_core.package_identification:_identify(src) by extension 'ignore_ament_install'
[0.227s] Level 1:colcon.colcon_core.package_identification:_identify(src) by extensions ['colcon_pkg']
[0.227s] Level 1:colcon.colcon_core.package_identification:_identify(src) by extension 'colcon_pkg'
[0.227s] Level 1:colcon.colcon_core.package_identification:_identify(src) by extensions ['colcon_meta']
[0.227s] Level 1:colcon.colcon_core.package_identification:_identify(src) by extension 'colcon_meta'
[0.227s] Level 1:colcon.colcon_core.package_identification:_identify(src) by extensions ['ros']
[0.227s] Level 1:colcon.colcon_core.package_identification:_identify(src) by extension 'ros'
[0.227s] Level 1:colcon.colcon_core.package_identification:_identify(src) by extensions ['cmake', 'python']
[0.227s] Level 1:colcon.colcon_core.package_identification:_identify(src) by extension 'cmake'
[0.227s] Level 1:colcon.colcon_core.package_identification:_identify(src) by extension 'python'
[0.227s] Level 1:colcon.colcon_core.package_identification:_identify(src) by extensions ['python_setup_py']
[0.227s] Level 1:colcon.colcon_core.package_identification:_identify(src) by extension 'python_setup_py'
[0.227s] Level 1:colcon.colcon_core.package_identification:_identify(src/cpp_pubsub) by extensions ['ignore', 'ignore_ament_install']
[0.227s] Level 1:colcon.colcon_core.package_identification:_identify(src/cpp_pubsub) by extension 'ignore'
[0.227s] Level 1:colcon.colcon_core.package_identification:_identify(src/cpp_pubsub) by extension 'ignore_ament_install'
[0.227s] Level 1:colcon.colcon_core.package_identification:_identify(src/cpp_pubsub) by extensions ['colcon_pkg']
[0.227s] Level 1:colcon.colcon_core.package_identification:_identify(src/cpp_pubsub) by extension 'colcon_pkg'
[0.227s] Level 1:colcon.colcon_core.package_identification:_identify(src/cpp_pubsub) by extensions ['colcon_meta']
[0.227s] Level 1:colcon.colcon_core.package_identification:_identify(src/cpp_pubsub) by extension 'colcon_meta'
[0.227s] Level 1:colcon.colcon_core.package_identification:_identify(src/cpp_pubsub) by extensions ['ros']
[0.227s] Level 1:colcon.colcon_core.package_identification:_identify(src/cpp_pubsub) by extension 'ros'
[0.229s] DEBUG:colcon.colcon_core.package_identification:Package 'src/cpp_pubsub' with type 'ros.ament_cmake' and name 'cpp_pubsub'
[0.229s] Level 1:colcon.colcon_core.package_identification:_identify(src/px4_msgs) by extensions ['ignore', 'ignore_ament_install']
[0.229s] Level 1:colcon.colcon_core.package_identification:_identify(src/px4_msgs) by extension 'ignore'
[0.229s] Level 1:colcon.colcon_core.package_identification:_identify(src/px4_msgs) by extension 'ignore_ament_install'
[0.229s] Level 1:colcon.colcon_core.package_identification:_identify(src/px4_msgs) by extensions ['colcon_pkg']
[0.229s] Level 1:colcon.colcon_core.package_identification:_identify(src/px4_msgs) by extension 'colcon_pkg'
[0.229s] Level 1:colcon.colcon_core.package_identification:_identify(src/px4_msgs) by extensions ['colcon_meta']
[0.229s] Level 1:colcon.colcon_core.package_identification:_identify(src/px4_msgs) by extension 'colcon_meta'
[0.229s] Level 1:colcon.colcon_core.package_identification:_identify(src/px4_msgs) by extensions ['ros']
[0.229s] Level 1:colcon.colcon_core.package_identification:_identify(src/px4_msgs) by extension 'ros'
[0.229s] DEBUG:colcon.colcon_core.package_identification:Package 'src/px4_msgs' with type 'ros.ament_cmake' and name 'px4_msgs'
[0.230s] Level 1:colcon.colcon_core.package_identification:_identify(src/px4_ros_com) by extensions ['ignore', 'ignore_ament_install']
[0.230s] Level 1:colcon.colcon_core.package_identification:_identify(src/px4_ros_com) by extension 'ignore'
[0.230s] Level 1:colcon.colcon_core.package_identification:_identify(src/px4_ros_com) by extension 'ignore_ament_install'
[0.230s] Level 1:colcon.colcon_core.package_identification:_identify(src/px4_ros_com) by extensions ['colcon_pkg']
[0.230s] Level 1:colcon.colcon_core.package_identification:_identify(src/px4_ros_com) by extension 'colcon_pkg'
[0.230s] Level 1:colcon.colcon_core.package_identification:_identify(src/px4_ros_com) by extensions ['colcon_meta']
[0.230s] Level 1:colcon.colcon_core.package_identification:_identify(src/px4_ros_com) by extension 'colcon_meta'
[0.230s] Level 1:colcon.colcon_core.package_identification:_identify(src/px4_ros_com) by extensions ['ros']
[0.230s] Level 1:colcon.colcon_core.package_identification:_identify(src/px4_ros_com) by extension 'ros'
[0.231s] DEBUG:colcon.colcon_core.package_identification:Package 'src/px4_ros_com' with type 'ros.ament_cmake' and name 'px4_ros_com'
[0.231s] Level 1:colcon.colcon_core.package_identification:_identify(src/rover_cpp) by extensions ['ignore', 'ignore_ament_install']
[0.231s] Level 1:colcon.colcon_core.package_identification:_identify(src/rover_cpp) by extension 'ignore'
[0.231s] Level 1:colcon.colcon_core.package_identification:_identify(src/rover_cpp) by extension 'ignore_ament_install'
[0.231s] Level 1:colcon.colcon_core.package_identification:_identify(src/rover_cpp) by extensions ['colcon_pkg']
[0.231s] Level 1:colcon.colcon_core.package_identification:_identify(src/rover_cpp) by extension 'colcon_pkg'
[0.231s] Level 1:colcon.colcon_core.package_identification:_identify(src/rover_cpp) by extensions ['colcon_meta']
[0.231s] Level 1:colcon.colcon_core.package_identification:_identify(src/rover_cpp) by extension 'colcon_meta'
[0.231s] Level 1:colcon.colcon_core.package_identification:_identify(src/rover_cpp) by extensions ['ros']
[0.231s] Level 1:colcon.colcon_core.package_identification:_identify(src/rover_cpp) by extension 'ros'
[0.231s] DEBUG:colcon.colcon_core.package_identification:Package 'src/rover_cpp' with type 'ros.ament_cmake' and name 'rover_cpp'
[0.231s] Level 1:colcon.colcon_core.package_identification:_identify(src/warehouse_rover_py) by extensions ['ignore', 'ignore_ament_install']
[0.232s] Level 1:colcon.colcon_core.package_identification:_identify(src/warehouse_rover_py) by extension 'ignore'
[0.232s] Level 1:colcon.colcon_core.package_identification:_identify(src/warehouse_rover_py) by extension 'ignore_ament_install'
[0.232s] Level 1:colcon.colcon_core.package_identification:_identify(src/warehouse_rover_py) by extensions ['colcon_pkg']
[0.232s] Level 1:colcon.colcon_core.package_identification:_identify(src/warehouse_rover_py) by extension 'colcon_pkg'
[0.232s] Level 1:colcon.colcon_core.package_identification:_identify(src/warehouse_rover_py) by extensions ['colcon_meta']
[0.232s] Level 1:colcon.colcon_core.package_identification:_identify(src/warehouse_rover_py) by extension 'colcon_meta'
[0.232s] Level 1:colcon.colcon_core.package_identification:_identify(src/warehouse_rover_py) by extensions ['ros']
[0.232s] Level 1:colcon.colcon_core.package_identification:_identify(src/warehouse_rover_py) by extension 'ros'
[0.232s] DEBUG:colcon.colcon_core.package_identification:Package 'src/warehouse_rover_py' with type 'ros.ament_python' and name 'warehouse_rover_py'
[0.232s] Level 1:colcon.colcon_core.package_identification:_identify(src/warehouse_rover_ros2) by extensions ['ignore', 'ignore_ament_install']
[0.232s] Level 1:colcon.colcon_core.package_identification:_identify(src/warehouse_rover_ros2) by extension 'ignore'
[0.232s] Level 1:colcon.colcon_core.package_identification:_identify(src/warehouse_rover_ros2) by extension 'ignore_ament_install'
[0.233s] Level 1:colcon.colcon_core.package_identification:_identify(src/warehouse_rover_ros2) by extensions ['colcon_pkg']
[0.233s] Level 1:colcon.colcon_core.package_identification:_identify(src/warehouse_rover_ros2) by extension 'colcon_pkg'
[0.233s] Level 1:colcon.colcon_core.package_identification:_identify(src/warehouse_rover_ros2) by extensions ['colcon_meta']
[0.233s] Level 1:colcon.colcon_core.package_identification:_identify(src/warehouse_rover_ros2) by extension 'colcon_meta'
[0.233s] Level 1:colcon.colcon_core.package_identification:_identify(src/warehouse_rover_ros2) by extensions ['ros']
[0.233s] Level 1:colcon.colcon_core.package_identification:_identify(src/warehouse_rover_ros2) by extension 'ros'
[0.233s] DEBUG:colcon.colcon_core.package_identification:Package 'src/warehouse_rover_ros2' with type 'ros.ament_cmake' and name 'warehouse_rover_ros2'
[0.233s] Level 1:colcon.colcon_core.package_discovery:discover_packages(recursive) using defaults
[0.233s] Level 1:colcon.colcon_core.package_discovery:discover_packages(ignore) discover
[0.233s] Level 1:colcon.colcon_core.package_discovery:discover_packages(ignore) using defaults
[0.233s] Level 1:colcon.colcon_core.package_discovery:discover_packages(path) discover
[0.233s] Level 1:colcon.colcon_core.package_discovery:discover_packages(path) using defaults
[0.247s] Level 1:colcon.colcon_core.package_discovery:discover_packages(prefix_path) check parameters
[0.247s] Level 1:colcon.colcon_core.package_discovery:discover_packages(prefix_path) discover
[0.248s] DEBUG:colcon.colcon_installed_package_information.package_discovery:Found 2 installed packages in /home/saleheen_linux/others/ros_2_Learning/ros2_workspace/install
[0.249s] DEBUG:colcon.colcon_installed_package_information.package_discovery:Found 334 installed packages in /opt/ros/humble
[0.251s] Level 1:colcon.colcon_core.package_discovery:discover_packages(prefix_path) using defaults
[0.280s] Level 5:colcon.colcon_core.verb:set package 'cpp_pubsub' build argument 'cmake_args' from command line to 'None'
[0.280s] Level 5:colcon.colcon_core.verb:set package 'cpp_pubsub' build argument 'cmake_target' from command line to 'None'
[0.280s] Level 5:colcon.colcon_core.verb:set package 'cpp_pubsub' build argument 'cmake_target_skip_unavailable' from command line to 'False'
[0.280s] Level 5:colcon.colcon_core.verb:set package 'cpp_pubsub' build argument 'cmake_clean_cache' from command line to 'False'
[0.280s] Level 5:colcon.colcon_core.verb:set package 'cpp_pubsub' build argument 'cmake_clean_first' from command line to 'False'
[0.280s] Level 5:colcon.colcon_core.verb:set package 'cpp_pubsub' build argument 'cmake_force_configure' from command line to 'False'
[0.280s] Level 5:colcon.colcon_core.verb:set package 'cpp_pubsub' build argument 'ament_cmake_args' from command line to 'None'
[0.280s] Level 5:colcon.colcon_core.verb:set package 'cpp_pubsub' build argument 'catkin_cmake_args' from command line to 'None'
[0.280s] Level 5:colcon.colcon_core.verb:set package 'cpp_pubsub' build argument 'catkin_skip_building_tests' from command line to 'False'
[0.280s] DEBUG:colcon.colcon_core.verb:Building package 'cpp_pubsub' with the following arguments: {'ament_cmake_args': None, 'build_base': '/home/saleheen_linux/others/ros_2_Learning/ros2_ws_cpp/build/cpp_pubsub', 'catkin_cmake_args': None, 'catkin_skip_building_tests': False, 'cmake_args': None, 'cmake_clean_cache': False, 'cmake_clean_first': False, 'cmake_force_configure': False, 'cmake_target': None, 'cmake_target_skip_unavailable': False, 'install_base': '/home/saleheen_linux/others/ros_2_Learning/ros2_ws_cpp/install/cpp_pubsub', 'merge_install': False, 'path': '/home/saleheen_linux/others/ros_2_Learning/ros2_ws_cpp/src/cpp_pubsub', 'symlink_install': False, 'test_result_base': None}
[0.280s] Level 5:colcon.colcon_core.verb:set package 'px4_msgs' build argument 'cmake_args' from command line to 'None'
[0.280s] Level 5:colcon.colcon_core.verb:set package 'px4_msgs' build argument 'cmake_target' from command line to 'None'
[0.280s] Level 5:colcon.colcon_core.verb:set package 'px4_msgs' build argument 'cmake_target_skip_unavailable' from command line to 'False'
[0.280s] Level 5:colcon.colcon_core.verb:set package 'px4_msgs' build argument 'cmake_clean_cache' from command line to 'False'
[0.280s] Level 5:colcon.colcon_core.verb:set package 'px4_msgs' build argument 'cmake_clean_first' from command line to 'False'
[0.280s] Level 5:colcon.colcon_core.verb:set package 'px4_msgs' build argument 'cmake_force_configure' from command line to 'False'
[0.280s] Level 5:colcon.colcon_core.verb:set package 'px4_msgs' build argument 'ament_cmake_args' from command line to 'None'
[0.280s] Level 5:colcon.colcon_core.verb:set package 'px4_msgs' build argument 'catkin_cmake_args' from command line to 'None'
[0.280s] Level 5:colcon.colcon_core.verb:set package 'px4_msgs' build argument 'catkin_skip_building_tests' from command line to 'False'
[0.280s] DEBUG:colcon.colcon_core.verb:Building package 'px4_msgs' with the following arguments: {'ament_cmake_args': None, 'build_base': '/home/saleheen_linux/others/ros_2_Learning/ros2_ws_cpp/build/px4_msgs', 'catkin_cmake_args': None, 'catkin_skip_building_tests': False, 'cmake_args': None, 'cmake_clean_cache': False, 'cmake_clean_first': False, 'cmake_force_configure': False, 'cmake_target': None, 'cmake_target_skip_unavailable': False, 'install_base': '/home/saleheen_linux/others/ros_2_Learning/ros2_ws_cpp/install/px4_msgs', 'merge_install': False, 'path': '/home/saleheen_linux/others/ros_2_Learning/ros2_ws_cpp/src/px4_msgs', 'symlink_install': False, 'test_result_base': None}
[0.280s] Level 5:colcon.colcon_core.verb:set package 'rover_cpp' build argument 'cmake_args' from command line to 'None'
[0.280s] Level 5:colcon.colcon_core.verb:set package 'rover_cpp' build argument 'cmake_target' from command line to 'None'
[0.280s] Level 5:colcon.colcon_core.verb:set package 'rover_cpp' build argument 'cmake_target_skip_unavailable' from command line to 'False'
[0.280s] Level 5:colcon.colcon_core.verb:set package 'rover_cpp' build argument 'cmake_clean_cache' from command line to 'False'
[0.280s] Level 5:colcon.colcon_core.verb:set package 'rover_cpp' build argument 'cmake_clean_first' from command line to 'False'
[0.280s] Level 5:colcon.colcon_core.verb:set package 'rover_cpp' build argument 'cmake_force_configure' from command line to 'False'
[0.280s] Level 5:colcon.colcon_core.verb:set package 'rover_cpp' build argument 'ament_cmake_args' from command line to 'None'
[0.280s] Level 5:colcon.colcon_core.verb:set package 'rover_cpp' build argument 'catkin_cmake_args' from command line to 'None'
[0.280s] Level 5:colcon.colcon_core.verb:set package 'rover_cpp' build argument 'catkin_skip_building_tests' from command line to 'False'
[0.281s] DEBUG:colcon.colcon_core.verb:Building package 'rover_cpp' with the following arguments: {'ament_cmake_args': None, 'build_base': '/home/saleheen_linux/others/ros_2_Learning/ros2_ws_cpp/build/rover_cpp', 'catkin_cmake_args': None, 'catkin_skip_building_tests': False, 'cmake_args': None, 'cmake_clean_cache': False, 'cmake_clean_first': False, 'cmake_force_configure': False, 'cmake_target': None, 'cmake_target_skip_unavailable': False, 'install_base': '/home/saleheen_linux/others/ros_2_Learning/ros2_ws_cpp/install/rover_cpp', 'merge_install': False, 'path': '/home/saleheen_linux/others/ros_2_Learning/ros2_ws_cpp/src/rover_cpp', 'symlink_install': False, 'test_result_base': None}
[0.281s] Level 5:colcon.colcon_core.verb:set package 'warehouse_rover_py' build argument 'cmake_args' from command line to 'None'
[0.281s] Level 5:colcon.colcon_core.verb:set package 'warehouse_rover_py' build argument 'cmake_target' from command line to 'None'
[0.281s] Level 5:colcon.colcon_core.verb:set package 'warehouse_rover_py' build argument 'cmake_target_skip_unavailable' from command line to 'False'
[0.281s] Level 5:colcon.colcon_core.verb:set package 'warehouse_rover_py' build argument 'cmake_clean_cache' from command line to 'False'
[0.281s] Level 5:colcon.colcon_core.verb:set package 'warehouse_rover_py' build argument 'cmake_clean_first' from command line to 'False'
[0.281s] Level 5:colcon.colcon_core.verb:set package 'warehouse_rover_py' build argument 'cmake_force_configure' from command line to 'False'
[0.281s] Level 5:colcon.colcon_core.verb:set package 'warehouse_rover_py' build argument 'ament_cmake_args' from command line to 'None'
[0.281s] Level 5:colcon.colcon_core.verb:set package 'warehouse_rover_py' build argument 'catkin_cmake_args' from command line to 'None'
[0.281s] Level 5:colcon.colcon_core.verb:set package 'warehouse_rover_py' build argument 'catkin_skip_building_tests' from command line to 'False'
[0.281s] DEBUG:colcon.colcon_core.verb:Building package 'warehouse_rover_py' with the following arguments: {'ament_cmake_args': None, 'build_base': '/home/saleheen_linux/others/ros_2_Learning/ros2_ws_cpp/build/warehouse_rover_py', 'catkin_cmake_args': None, 'catkin_skip_building_tests': False, 'cmake_args': None, 'cmake_clean_cache': False, 'cmake_clean_first': False, 'cmake_force_configure': False, 'cmake_target': None, 'cmake_target_skip_unavailable': False, 'install_base': '/home/saleheen_linux/others/ros_2_Learning/ros2_ws_cpp/install/warehouse_rover_py', 'merge_install': False, 'path': '/home/saleheen_linux/others/ros_2_Learning/ros2_ws_cpp/src/warehouse_rover_py', 'symlink_install': False, 'test_result_base': None}
[0.281s] Level 5:colcon.colcon_core.verb:set package 'warehouse_rover_ros2' build argument 'cmake_args' from command line to 'None'
[0.281s] Level 5:colcon.colcon_core.verb:set package 'warehouse_rover_ros2' build argument 'cmake_target' from command line to 'None'
[0.281s] Level 5:colcon.colcon_core.verb:set package 'warehouse_rover_ros2' build argument 'cmake_target_skip_unavailable' from command line to 'False'
[0.281s] Level 5:colcon.colcon_core.verb:set package 'warehouse_rover_ros2' build argument 'cmake_clean_cache' from command line to 'False'
[0.281s] Level 5:colcon.colcon_core.verb:set package 'warehouse_rover_ros2' build argument 'cmake_clean_first' from command line to 'False'
[0.281s] Level 5:colcon.colcon_core.verb:set package 'warehouse_rover_ros2' build argument 'cmake_force_configure' from command line to 'False'
[0.281s] Level 5:colcon.colcon_core.verb:set package 'warehouse_rover_ros2' build argument 'ament_cmake_args' from command line to 'None'
[0.281s] Level 5:colcon.colcon_core.verb:set package 'warehouse_rover_ros2' build argument 'catkin_cmake_args' from command line to 'None'
[0.281s] Level 5:colcon.colcon_core.verb:set package 'warehouse_rover_ros2' build argument 'catkin_skip_building_tests' from command line to 'False'
[0.281s] DEBUG:colcon.colcon_core.verb:Building package 'warehouse_rover_ros2' with the following arguments: {'ament_cmake_args': None, 'build_base': '/home/saleheen_linux/others/ros_2_Learning/ros2_ws_cpp/build/warehouse_rover_ros2', 'catkin_cmake_args': None, 'catkin_skip_building_tests': False, 'cmake_args': None, 'cmake_clean_cache': False, 'cmake_clean_first': False, 'cmake_force_configure': False, 'cmake_target': None, 'cmake_target_skip_unavailable': False, 'install_base': '/home/saleheen_linux/others/ros_2_Learning/ros2_ws_cpp/install/warehouse_rover_ros2', 'merge_install': False, 'path': '/home/saleheen_linux/others/ros_2_Learning/ros2_ws_cpp/src/warehouse_rover_ros2', 'symlink_install': False, 'test_result_base': None}
[0.281s] Level 5:colcon.colcon_core.verb:set package 'px4_ros_com' build argument 'cmake_args' from command line to 'None'
[0.281s] Level 5:colcon.colcon_core.verb:set package 'px4_ros_com' build argument 'cmake_target' from command line to 'None'
[0.281s] Level 5:colcon.colcon_core.verb:set package 'px4_ros_com' build argument 'cmake_target_skip_unavailable' from command line to 'False'
[0.282s] Level 5:colcon.colcon_core.verb:set package 'px4_ros_com' build argument 'cmake_clean_cache' from command line to 'False'
[0.282s] Level 5:colcon.colcon_core.verb:set package 'px4_ros_com' build argument 'cmake_clean_first' from command line to 'False'
[0.282s] Level 5:colcon.colcon_core.verb:set package 'px4_ros_com' build argument 'cmake_force_configure' from command line to 'False'
[0.282s] Level 5:colcon.colcon_core.verb:set package 'px4_ros_com' build argument 'ament_cmake_args' from command line to 'None'
[0.282s] Level 5:colcon.colcon_core.verb:set package 'px4_ros_com' build argument 'catkin_cmake_args' from command line to 'None'
[0.282s] Level 5:colcon.colcon_core.verb:set package 'px4_ros_com' build argument 'catkin_skip_building_tests' from command line to 'False'
[0.282s] DEBUG:colcon.colcon_core.verb:Building package 'px4_ros_com' with the following arguments: {'ament_cmake_args': None, 'build_base': '/home/saleheen_linux/others/ros_2_Learning/ros2_ws_cpp/build/px4_ros_com', 'catkin_cmake_args': None, 'catkin_skip_building_tests': False, 'cmake_args': None, 'cmake_clean_cache': False, 'cmake_clean_first': False, 'cmake_force_configure': False, 'cmake_target': None, 'cmake_target_skip_unavailable': False, 'install_base': '/home/saleheen_linux/others/ros_2_Learning/ros2_ws_cpp/install/px4_ros_com', 'merge_install': False, 'path': '/home/saleheen_linux/others/ros_2_Learning/ros2_ws_cpp/src/px4_ros_com', 'symlink_install': False, 'test_result_base': None}
[0.282s] INFO:colcon.colcon_core.executor:Executing jobs using 'parallel' executor
[0.282s] DEBUG:colcon.colcon_parallel_executor.executor.parallel:run_until_complete
[0.283s] INFO:colcon.colcon_ros.task.ament_cmake.build:Building ROS package in '/home/saleheen_linux/others/ros_2_Learning/ros2_ws_cpp/src/px4_msgs' with build type 'ament_cmake'
[0.283s] INFO:colcon.colcon_cmake.task.cmake.build:Building CMake package in '/home/saleheen_linux/others/ros_2_Learning/ros2_ws_cpp/src/px4_msgs'
[0.284s] INFO:colcon.colcon_core.plugin_system:Skipping extension 'colcon_core.shell.bat': Not used on non-Windows systems
[0.284s] INFO:colcon.colcon_core.shell:Skip shell extension 'powershell' for command environment: Not usable outside of PowerShell
[0.284s] DEBUG:colcon.colcon_core.shell:Skip shell extension 'dsv' for command environment
[0.287s] INFO:colcon.colcon_ros.task.ament_cmake.build:Building ROS package in '/home/saleheen_linux/others/ros_2_Learning/ros2_ws_cpp/src/cpp_pubsub' with build type 'ament_cmake'
[0.287s] INFO:colcon.colcon_cmake.task.cmake.build:Building CMake package in '/home/saleheen_linux/others/ros_2_Learning/ros2_ws_cpp/src/cpp_pubsub'
[0.288s] INFO:colcon.colcon_core.shell:Skip shell extension 'powershell' for command environment: Not usable outside of PowerShell
[0.288s] DEBUG:colcon.colcon_core.shell:Skip shell extension 'dsv' for command environment
[0.290s] INFO:colcon.colcon_ros.task.ament_cmake.build:Building ROS package in '/home/saleheen_linux/others/ros_2_Learning/ros2_ws_cpp/src/rover_cpp' with build type 'ament_cmake'
[0.290s] INFO:colcon.colcon_cmake.task.cmake.build:Building CMake package in '/home/saleheen_linux/others/ros_2_Learning/ros2_ws_cpp/src/rover_cpp'
[0.290s] INFO:colcon.colcon_core.shell:Skip shell extension 'powershell' for command environment: Not usable outside of PowerShell
[0.290s] DEBUG:colcon.colcon_core.shell:Skip shell extension 'dsv' for command environment
[0.292s] INFO:colcon.colcon_ros.task.ament_python.build:Building ROS package in '/home/saleheen_linux/others/ros_2_Learning/ros2_ws_cpp/src/warehouse_rover_py' with build type 'ament_python'
[0.293s] Level 1:colcon.colcon_core.shell:create_environment_hook('warehouse_rover_py', 'ament_prefix_path')
[0.293s] INFO:colcon.colcon_core.shell:Creating environment hook '/home/saleheen_linux/others/ros_2_Learning/ros2_ws_cpp/install/warehouse_rover_py/share/warehouse_rover_py/hook/ament_prefix_path.ps1'
[0.293s] INFO:colcon.colcon_core.shell:Creating environment descriptor '/home/saleheen_linux/others/ros_2_Learning/ros2_ws_cpp/install/warehouse_rover_py/share/warehouse_rover_py/hook/ament_prefix_path.dsv'
[0.293s] INFO:colcon.colcon_core.shell:Creating environment hook '/home/saleheen_linux/others/ros_2_Learning/ros2_ws_cpp/install/warehouse_rover_py/share/warehouse_rover_py/hook/ament_prefix_path.sh'
[0.294s] INFO:colcon.colcon_core.shell:Skip shell extension 'powershell' for command environment: Not usable outside of PowerShell
[0.294s] DEBUG:colcon.colcon_core.shell:Skip shell extension 'dsv' for command environment
[0.296s] INFO:colcon.colcon_ros.task.ament_cmake.build:Building ROS package in '/home/saleheen_linux/others/ros_2_Learning/ros2_ws_cpp/src/warehouse_rover_ros2' with build type 'ament_cmake'
[0.296s] INFO:colcon.colcon_cmake.task.cmake.build:Building CMake package in '/home/saleheen_linux/others/ros_2_Learning/ros2_ws_cpp/src/warehouse_rover_ros2'
[0.296s] INFO:colcon.colcon_core.shell:Skip shell extension 'powershell' for command environment: Not usable outside of PowerShell
[0.296s] DEBUG:colcon.colcon_core.shell:Skip shell extension 'dsv' for command environment
[0.303s] DEBUG:colcon.colcon_core.event_handler.log_command:Invoking command in '/home/saleheen_linux/others/ros_2_Learning/ros2_ws_cpp/build/px4_msgs': CMAKE_PREFIX_PATH=/home/saleheen_linux/others/ros_2_Learning/ros2_workspace/install/rover:/home/saleheen_linux/others/ros_2_Learning/ros2_workspace/install/prius_line_following:/opt/ros/humble /usr/bin/cmake --build /home/saleheen_linux/others/ros_2_Learning/ros2_ws_cpp/build/px4_msgs -- -j16 -l16
[0.305s] DEBUG:colcon.colcon_core.event_handler.log_command:Invoking command in '/home/saleheen_linux/others/ros_2_Learning/ros2_ws_cpp/build/cpp_pubsub': CMAKE_PREFIX_PATH=/home/saleheen_linux/others/ros_2_Learning/ros2_workspace/install/rover:/home/saleheen_linux/others/ros_2_Learning/ros2_workspace/install/prius_line_following:/opt/ros/humble /usr/bin/cmake --build /home/saleheen_linux/others/ros_2_Learning/ros2_ws_cpp/build/cpp_pubsub -- -j16 -l16
[0.307s] DEBUG:colcon.colcon_core.event_handler.log_command:Invoking command in '/home/saleheen_linux/others/ros_2_Learning/ros2_ws_cpp/build/rover_cpp': CMAKE_PREFIX_PATH=/home/saleheen_linux/others/ros_2_Learning/ros2_workspace/install/rover:/home/saleheen_linux/others/ros_2_Learning/ros2_workspace/install/prius_line_following:/opt/ros/humble /usr/bin/cmake --build /home/saleheen_linux/others/ros_2_Learning/ros2_ws_cpp/build/rover_cpp -- -j16 -l16
[0.511s] INFO:colcon.colcon_core.task.python.build:Building Python package in '/home/saleheen_linux/others/ros_2_Learning/ros2_ws_cpp/src/warehouse_rover_py'
[0.511s] INFO:colcon.colcon_core.shell:Skip shell extension 'powershell' for command environment: Not usable outside of PowerShell
[0.511s] DEBUG:colcon.colcon_core.shell:Skip shell extension 'dsv' for command environment
[0.519s] DEBUG:colcon.colcon_core.event_handler.log_command:Invoking command in '/home/saleheen_linux/others/ros_2_Learning/ros2_ws_cpp/build/warehouse_rover_ros2': CMAKE_PREFIX_PATH=/home/saleheen_linux/others/ros_2_Learning/ros2_workspace/install/rover:/home/saleheen_linux/others/ros_2_Learning/ros2_workspace/install/prius_line_following:/opt/ros/humble /usr/bin/cmake --build /home/saleheen_linux/others/ros_2_Learning/ros2_ws_cpp/build/warehouse_rover_ros2 -- -j16 -l16
[0.519s] DEBUG:colcon.colcon_core.event_handler.log_command:Invoked command in '/home/saleheen_linux/others/ros_2_Learning/ros2_ws_cpp/build/cpp_pubsub' returned '0': CMAKE_PREFIX_PATH=/home/saleheen_linux/others/ros_2_Learning/ros2_workspace/install/rover:/home/saleheen_linux/others/ros_2_Learning/ros2_workspace/install/prius_line_following:/opt/ros/humble /usr/bin/cmake --build /home/saleheen_linux/others/ros_2_Learning/ros2_ws_cpp/build/cpp_pubsub -- -j16 -l16
[0.546s] DEBUG:colcon.colcon_core.event_handler.log_command:Invoking command in '/home/saleheen_linux/others/ros_2_Learning/ros2_ws_cpp/build/cpp_pubsub': CMAKE_PREFIX_PATH=/home/saleheen_linux/others/ros_2_Learning/ros2_workspace/install/rover:/home/saleheen_linux/others/ros_2_Learning/ros2_workspace/install/prius_line_following:/opt/ros/humble /usr/bin/cmake --install /home/saleheen_linux/others/ros_2_Learning/ros2_ws_cpp/build/cpp_pubsub
[0.554s] Level 1:colcon.colcon_core.environment:create_environment_scripts_only(cpp_pubsub)
[0.554s] DEBUG:colcon.colcon_core.event_handler.log_command:Invoked command in '/home/saleheen_linux/others/ros_2_Learning/ros2_ws_cpp/build/cpp_pubsub' returned '0': CMAKE_PREFIX_PATH=/home/saleheen_linux/others/ros_2_Learning/ros2_workspace/install/rover:/home/saleheen_linux/others/ros_2_Learning/ros2_workspace/install/prius_line_following:/opt/ros/humble /usr/bin/cmake --install /home/saleheen_linux/others/ros_2_Learning/ros2_ws_cpp/build/cpp_pubsub
[0.556s] Level 1:colcon.colcon_core.environment:checking '/home/saleheen_linux/others/ros_2_Learning/ros2_ws_cpp/install/cpp_pubsub' for CMake module files
[0.556s] Level 1:colcon.colcon_core.environment:checking '/home/saleheen_linux/others/ros_2_Learning/ros2_ws_cpp/install/cpp_pubsub' for CMake config files
[0.556s] Level 1:colcon.colcon_core.shell:create_environment_hook('cpp_pubsub', 'cmake_prefix_path')
[0.557s] INFO:colcon.colcon_core.shell:Creating environment hook '/home/saleheen_linux/others/ros_2_Learning/ros2_ws_cpp/install/cpp_pubsub/share/cpp_pubsub/hook/cmake_prefix_path.ps1'
[0.557s] INFO:colcon.colcon_core.shell:Creating environment descriptor '/home/saleheen_linux/others/ros_2_Learning/ros2_ws_cpp/install/cpp_pubsub/share/cpp_pubsub/hook/cmake_prefix_path.dsv'
[0.557s] INFO:colcon.colcon_core.shell:Creating environment hook '/home/saleheen_linux/others/ros_2_Learning/ros2_ws_cpp/install/cpp_pubsub/share/cpp_pubsub/hook/cmake_prefix_path.sh'
[0.558s] Level 1:colcon.colcon_core.environment:checking '/home/saleheen_linux/others/ros_2_Learning/ros2_ws_cpp/install/cpp_pubsub/bin'
[0.558s] Level 1:colcon.colcon_core.environment:checking '/home/saleheen_linux/others/ros_2_Learning/ros2_ws_cpp/install/cpp_pubsub/lib/pkgconfig/cpp_pubsub.pc'
[0.558s] Level 1:colcon.colcon_core.environment:checking '/home/saleheen_linux/others/ros_2_Learning/ros2_ws_cpp/install/cpp_pubsub/lib/python3.10/site-packages'
[0.558s] Level 1:colcon.colcon_core.environment:checking '/home/saleheen_linux/others/ros_2_Learning/ros2_ws_cpp/install/cpp_pubsub/bin'
[0.558s] INFO:colcon.colcon_core.shell:Creating package script '/home/saleheen_linux/others/ros_2_Learning/ros2_ws_cpp/install/cpp_pubsub/share/cpp_pubsub/package.ps1'
[0.559s] INFO:colcon.colcon_core.shell:Creating package descriptor '/home/saleheen_linux/others/ros_2_Learning/ros2_ws_cpp/install/cpp_pubsub/share/cpp_pubsub/package.dsv'
[0.559s] INFO:colcon.colcon_core.shell:Creating package script '/home/saleheen_linux/others/ros_2_Learning/ros2_ws_cpp/install/cpp_pubsub/share/cpp_pubsub/package.sh'
[0.560s] INFO:colcon.colcon_core.shell:Creating package script '/home/saleheen_linux/others/ros_2_Learning/ros2_ws_cpp/install/cpp_pubsub/share/cpp_pubsub/package.bash'
[0.560s] INFO:colcon.colcon_core.shell:Creating package script '/home/saleheen_linux/others/ros_2_Learning/ros2_ws_cpp/install/cpp_pubsub/share/cpp_pubsub/package.zsh'
[0.561s] Level 1:colcon.colcon_core.environment:create_file_with_runtime_dependencies(/home/saleheen_linux/others/ros_2_Learning/ros2_ws_cpp/install/cpp_pubsub/share/colcon-core/packages/cpp_pubsub)
[0.581s] Level 1:colcon.colcon_core.environment:create_environment_scripts_only(cpp_pubsub)
[0.581s] Level 1:colcon.colcon_core.environment:checking '/home/saleheen_linux/others/ros_2_Learning/ros2_ws_cpp/install/cpp_pubsub' for CMake module files
[0.581s] Level 1:colcon.colcon_core.environment:checking '/home/saleheen_linux/others/ros_2_Learning/ros2_ws_cpp/install/cpp_pubsub' for CMake config files
[0.581s] Level 1:colcon.colcon_core.shell:create_environment_hook('cpp_pubsub', 'cmake_prefix_path')
[0.581s] INFO:colcon.colcon_core.shell:Creating environment hook '/home/saleheen_linux/others/ros_2_Learning/ros2_ws_cpp/install/cpp_pubsub/share/cpp_pubsub/hook/cmake_prefix_path.ps1'
[0.582s] INFO:colcon.colcon_core.shell:Creating environment descriptor '/home/saleheen_linux/others/ros_2_Learning/ros2_ws_cpp/install/cpp_pubsub/share/cpp_pubsub/hook/cmake_prefix_path.dsv'
[0.582s] INFO:colcon.colcon_core.shell:Creating environment hook '/home/saleheen_linux/others/ros_2_Learning/ros2_ws_cpp/install/cpp_pubsub/share/cpp_pubsub/hook/cmake_prefix_path.sh'
[0.582s] Level 1:colcon.colcon_core.environment:checking '/home/saleheen_linux/others/ros_2_Learning/ros2_ws_cpp/install/cpp_pubsub/bin'
[0.582s] Level 1:colcon.colcon_core.environment:checking '/home/saleheen_linux/others/ros_2_Learning/ros2_ws_cpp/install/cpp_pubsub/lib/pkgconfig/cpp_pubsub.pc'
[0.583s] Level 1:colcon.colcon_core.environment:checking '/home/saleheen_linux/others/ros_2_Learning/ros2_ws_cpp/install/cpp_pubsub/lib/python3.10/site-packages'
[0.583s] Level 1:colcon.colcon_core.environment:checking '/home/saleheen_linux/others/ros_2_Learning/ros2_ws_cpp/install/cpp_pubsub/bin'
[0.583s] INFO:colcon.colcon_core.shell:Creating package script '/home/saleheen_linux/others/ros_2_Learning/ros2_ws_cpp/install/cpp_pubsub/share/cpp_pubsub/package.ps1'
[0.584s] INFO:colcon.colcon_core.shell:Creating package descriptor '/home/saleheen_linux/others/ros_2_Learning/ros2_ws_cpp/install/cpp_pubsub/share/cpp_pubsub/package.dsv'
[0.584s] INFO:colcon.colcon_core.shell:Creating package script '/home/saleheen_linux/others/ros_2_Learning/ros2_ws_cpp/install/cpp_pubsub/share/cpp_pubsub/package.sh'
[0.584s] INFO:colcon.colcon_core.shell:Creating package script '/home/saleheen_linux/others/ros_2_Learning/ros2_ws_cpp/install/cpp_pubsub/share/cpp_pubsub/package.bash'
[0.584s] INFO:colcon.colcon_core.shell:Creating package script '/home/saleheen_linux/others/ros_2_Learning/ros2_ws_cpp/install/cpp_pubsub/share/cpp_pubsub/package.zsh'
[0.585s] Level 1:colcon.colcon_core.environment:create_file_with_runtime_dependencies(/home/saleheen_linux/others/ros_2_Learning/ros2_ws_cpp/install/cpp_pubsub/share/colcon-core/packages/cpp_pubsub)
[0.822s] DEBUG:colcon.colcon_core.event_handler.log_command:Invoking command in '/home/saleheen_linux/others/ros_2_Learning/ros2_ws_cpp/src/warehouse_rover_py': PYTHONPATH=/home/saleheen_linux/others/ros_2_Learning/ros2_ws_cpp/build/warehouse_rover_py/prefix_override:/usr/lib/python3/dist-packages/colcon_core/task/python/colcon_distutils_commands:/home/saleheen_linux/others/ros_2_Learning/ros2_ws_cpp/install/warehouse_rover_py/lib/python3.10/site-packages:${PYTHONPATH} /usr/bin/python3 -W ignore:setup.py install is deprecated setup.py egg_info --egg-base ../../build/warehouse_rover_py build --build-base /home/saleheen_linux/others/ros_2_Learning/ros2_ws_cpp/build/warehouse_rover_py/build install --record /home/saleheen_linux/others/ros_2_Learning/ros2_ws_cpp/build/warehouse_rover_py/install.log --single-version-externally-managed install_data
[1.081s] Level 1:colcon.colcon_core.environment:checking '/home/saleheen_linux/others/ros_2_Learning/ros2_ws_cpp/install/warehouse_rover_py' for CMake module files
[1.081s] DEBUG:colcon.colcon_core.event_handler.log_command:Invoked command in '/home/saleheen_linux/others/ros_2_Learning/ros2_ws_cpp/src/warehouse_rover_py' returned '0': PYTHONPATH=/home/saleheen_linux/others/ros_2_Learning/ros2_ws_cpp/build/warehouse_rover_py/prefix_override:/usr/lib/python3/dist-packages/colcon_core/task/python/colcon_distutils_commands:/home/saleheen_linux/others/ros_2_Learning/ros2_ws_cpp/install/warehouse_rover_py/lib/python3.10/site-packages:${PYTHONPATH} /usr/bin/python3 -W ignore:setup.py install is deprecated setup.py egg_info --egg-base ../../build/warehouse_rover_py build --build-base /home/saleheen_linux/others/ros_2_Learning/ros2_ws_cpp/build/warehouse_rover_py/build install --record /home/saleheen_linux/others/ros_2_Learning/ros2_ws_cpp/build/warehouse_rover_py/install.log --single-version-externally-managed install_data
[1.082s] Level 1:colcon.colcon_core.environment:checking '/home/saleheen_linux/others/ros_2_Learning/ros2_ws_cpp/install/warehouse_rover_py' for CMake config files
[1.082s] Level 1:colcon.colcon_core.environment:checking '/home/saleheen_linux/others/ros_2_Learning/ros2_ws_cpp/install/warehouse_rover_py/lib'
[1.082s] Level 1:colcon.colcon_core.environment:checking '/home/saleheen_linux/others/ros_2_Learning/ros2_ws_cpp/install/warehouse_rover_py/bin'
[1.082s] Level 1:colcon.colcon_core.environment:checking '/home/saleheen_linux/others/ros_2_Learning/ros2_ws_cpp/install/warehouse_rover_py/lib/pkgconfig/warehouse_rover_py.pc'
[1.083s] Level 1:colcon.colcon_core.environment:checking '/home/saleheen_linux/others/ros_2_Learning/ros2_ws_cpp/install/warehouse_rover_py/lib/python3.10/site-packages'
[1.083s] Level 1:colcon.colcon_core.shell:create_environment_hook('warehouse_rover_py', 'pythonpath')
[1.083s] INFO:colcon.colcon_core.shell:Creating environment hook '/home/saleheen_linux/others/ros_2_Learning/ros2_ws_cpp/install/warehouse_rover_py/share/warehouse_rover_py/hook/pythonpath.ps1'
[1.083s] INFO:colcon.colcon_core.shell:Creating environment descriptor '/home/saleheen_linux/others/ros_2_Learning/ros2_ws_cpp/install/warehouse_rover_py/share/warehouse_rover_py/hook/pythonpath.dsv'
[1.084s] INFO:colcon.colcon_core.shell:Creating environment hook '/home/saleheen_linux/others/ros_2_Learning/ros2_ws_cpp/install/warehouse_rover_py/share/warehouse_rover_py/hook/pythonpath.sh'
[1.084s] Level 1:colcon.colcon_core.environment:checking '/home/saleheen_linux/others/ros_2_Learning/ros2_ws_cpp/install/warehouse_rover_py/bin'
[1.084s] Level 1:colcon.colcon_core.environment:create_environment_scripts_only(warehouse_rover_py)
[1.085s] INFO:colcon.colcon_core.shell:Creating package script '/home/saleheen_linux/others/ros_2_Learning/ros2_ws_cpp/install/warehouse_rover_py/share/warehouse_rover_py/package.ps1'
[1.085s] INFO:colcon.colcon_core.shell:Creating package descriptor '/home/saleheen_linux/others/ros_2_Learning/ros2_ws_cpp/install/warehouse_rover_py/share/warehouse_rover_py/package.dsv'
[1.085s] INFO:colcon.colcon_core.shell:Creating package script '/home/saleheen_linux/others/ros_2_Learning/ros2_ws_cpp/install/warehouse_rover_py/share/warehouse_rover_py/package.sh'
[1.086s] INFO:colcon.colcon_core.shell:Creating package script '/home/saleheen_linux/others/ros_2_Learning/ros2_ws_cpp/install/warehouse_rover_py/share/warehouse_rover_py/package.bash'
[1.086s] INFO:colcon.colcon_core.shell:Creating package script '/home/saleheen_linux/others/ros_2_Learning/ros2_ws_cpp/install/warehouse_rover_py/share/warehouse_rover_py/package.zsh'
[1.086s] Level 1:colcon.colcon_core.environment:create_file_with_runtime_dependencies(/home/saleheen_linux/others/ros_2_Learning/ros2_ws_cpp/install/warehouse_rover_py/share/colcon-core/packages/warehouse_rover_py)
[1.345s] DEBUG:colcon.colcon_core.event_handler.log_command:Invoked command in '/home/saleheen_linux/others/ros_2_Learning/ros2_ws_cpp/build/px4_msgs' returned '0': CMAKE_PREFIX_PATH=/home/saleheen_linux/others/ros_2_Learning/ros2_workspace/install/rover:/home/saleheen_linux/others/ros_2_Learning/ros2_workspace/install/prius_line_following:/opt/ros/humble /usr/bin/cmake --build /home/saleheen_linux/others/ros_2_Learning/ros2_ws_cpp/build/px4_msgs -- -j16 -l16
[5.833s] DEBUG:colcon.colcon_core.event_handler.log_command:Invoking command in '/home/saleheen_linux/others/ros_2_Learning/ros2_ws_cpp/build/px4_msgs': CMAKE_PREFIX_PATH=/home/saleheen_linux/others/ros_2_Learning/ros2_workspace/install/rover:/home/saleheen_linux/others/ros_2_Learning/ros2_workspace/install/prius_line_following:/opt/ros/humble /usr/bin/cmake --install /home/saleheen_linux/others/ros_2_Learning/ros2_ws_cpp/build/px4_msgs
[6.261s] Level 1:colcon.colcon_core.environment:create_environment_scripts_only(px4_msgs)
[6.262s] Level 1:colcon.colcon_core.environment:checking '/home/saleheen_linux/others/ros_2_Learning/ros2_ws_cpp/install/px4_msgs' for CMake module files
[6.262s] DEBUG:colcon.colcon_core.event_handler.log_command:Invoked command in '/home/saleheen_linux/others/ros_2_Learning/ros2_ws_cpp/build/px4_msgs' returned '0': CMAKE_PREFIX_PATH=/home/saleheen_linux/others/ros_2_Learning/ros2_workspace/install/rover:/home/saleheen_linux/others/ros_2_Learning/ros2_workspace/install/prius_line_following:/opt/ros/humble /usr/bin/cmake --install /home/saleheen_linux/others/ros_2_Learning/ros2_ws_cpp/build/px4_msgs
[6.263s] Level 1:colcon.colcon_core.environment:checking '/home/saleheen_linux/others/ros_2_Learning/ros2_ws_cpp/install/px4_msgs' for CMake config files
[6.266s] Level 1:colcon.colcon_core.shell:create_environment_hook('px4_msgs', 'cmake_prefix_path')
[6.266s] INFO:colcon.colcon_core.shell:Creating environment hook '/home/saleheen_linux/others/ros_2_Learning/ros2_ws_cpp/install/px4_msgs/share/px4_msgs/hook/cmake_prefix_path.ps1'
[6.266s] INFO:colcon.colcon_core.shell:Creating environment descriptor '/home/saleheen_linux/others/ros_2_Learning/ros2_ws_cpp/install/px4_msgs/share/px4_msgs/hook/cmake_prefix_path.dsv'
[6.266s] INFO:colcon.colcon_core.shell:Creating environment hook '/home/saleheen_linux/others/ros_2_Learning/ros2_ws_cpp/install/px4_msgs/share/px4_msgs/hook/cmake_prefix_path.sh'
[6.267s] Level 1:colcon.colcon_core.environment:checking '/home/saleheen_linux/others/ros_2_Learning/ros2_ws_cpp/install/px4_msgs/lib'
[6.267s] Level 1:colcon.colcon_core.shell:create_environment_hook('px4_msgs', 'ld_library_path_lib')
[6.267s] INFO:colcon.colcon_core.shell:Creating environment hook '/home/saleheen_linux/others/ros_2_Learning/ros2_ws_cpp/install/px4_msgs/share/px4_msgs/hook/ld_library_path_lib.ps1'
[6.267s] INFO:colcon.colcon_core.shell:Creating environment descriptor '/home/saleheen_linux/others/ros_2_Learning/ros2_ws_cpp/install/px4_msgs/share/px4_msgs/hook/ld_library_path_lib.dsv'
[6.268s] INFO:colcon.colcon_core.shell:Creating environment hook '/home/saleheen_linux/others/ros_2_Learning/ros2_ws_cpp/install/px4_msgs/share/px4_msgs/hook/ld_library_path_lib.sh'
[6.268s] Level 1:colcon.colcon_core.environment:checking '/home/saleheen_linux/others/ros_2_Learning/ros2_ws_cpp/install/px4_msgs/bin'
[6.268s] Level 1:colcon.colcon_core.environment:checking '/home/saleheen_linux/others/ros_2_Learning/ros2_ws_cpp/install/px4_msgs/lib/pkgconfig/px4_msgs.pc'
[6.268s] Level 1:colcon.colcon_core.environment:checking '/home/saleheen_linux/others/ros_2_Learning/ros2_ws_cpp/install/px4_msgs/lib/python3.10/site-packages'
[6.268s] Level 1:colcon.colcon_core.environment:checking '/home/saleheen_linux/others/ros_2_Learning/ros2_ws_cpp/install/px4_msgs/bin'
[6.268s] INFO:colcon.colcon_core.shell:Creating package script '/home/saleheen_linux/others/ros_2_Learning/ros2_ws_cpp/install/px4_msgs/share/px4_msgs/package.ps1'
[6.269s] INFO:colcon.colcon_core.shell:Creating package descriptor '/home/saleheen_linux/others/ros_2_Learning/ros2_ws_cpp/install/px4_msgs/share/px4_msgs/package.dsv'
[6.269s] INFO:colcon.colcon_core.shell:Creating package script '/home/saleheen_linux/others/ros_2_Learning/ros2_ws_cpp/install/px4_msgs/share/px4_msgs/package.sh'
[6.269s] INFO:colcon.colcon_core.shell:Creating package script '/home/saleheen_linux/others/ros_2_Learning/ros2_ws_cpp/install/px4_msgs/share/px4_msgs/package.bash'
[6.270s] INFO:colcon.colcon_core.shell:Creating package script '/home/saleheen_linux/others/ros_2_Learning/ros2_ws_cpp/install/px4_msgs/share/px4_msgs/package.zsh'
[6.270s] Level 1:colcon.colcon_core.environment:create_file_with_runtime_dependencies(/home/saleheen_linux/others/ros_2_Learning/ros2_ws_cpp/install/px4_msgs/share/colcon-core/packages/px4_msgs)
[9.172s] DEBUG:colcon.colcon_core.event_handler.log_command:Invoked command in '/home/saleheen_linux/others/ros_2_Learning/ros2_ws_cpp/build/rover_cpp' returned '0': CMAKE_PREFIX_PATH=/home/saleheen_linux/others/ros_2_Learning/ros2_workspace/install/rover:/home/saleheen_linux/others/ros_2_Learning/ros2_workspace/install/prius_line_following:/opt/ros/humble /usr/bin/cmake --build /home/saleheen_linux/others/ros_2_Learning/ros2_ws_cpp/build/rover_cpp -- -j16 -l16
[9.202s] DEBUG:colcon.colcon_core.event_handler.log_command:Invoking command in '/home/saleheen_linux/others/ros_2_Learning/ros2_ws_cpp/build/rover_cpp': CMAKE_PREFIX_PATH=/home/saleheen_linux/others/ros_2_Learning/ros2_workspace/install/rover:/home/saleheen_linux/others/ros_2_Learning/ros2_workspace/install/prius_line_following:/opt/ros/humble /usr/bin/cmake --install /home/saleheen_linux/others/ros_2_Learning/ros2_ws_cpp/build/rover_cpp
[9.218s] Level 1:colcon.colcon_core.environment:create_environment_scripts_only(rover_cpp)
[9.218s] Level 1:colcon.colcon_core.environment:checking '/home/saleheen_linux/others/ros_2_Learning/ros2_ws_cpp/install/rover_cpp' for CMake module files
[9.219s] DEBUG:colcon.colcon_core.event_handler.log_command:Invoked command in '/home/saleheen_linux/others/ros_2_Learning/ros2_ws_cpp/build/rover_cpp' returned '0': CMAKE_PREFIX_PATH=/home/saleheen_linux/others/ros_2_Learning/ros2_workspace/install/rover:/home/saleheen_linux/others/ros_2_Learning/ros2_workspace/install/prius_line_following:/opt/ros/humble /usr/bin/cmake --install /home/saleheen_linux/others/ros_2_Learning/ros2_ws_cpp/build/rover_cpp
[9.219s] Level 1:colcon.colcon_core.environment:checking '/home/saleheen_linux/others/ros_2_Learning/ros2_ws_cpp/install/rover_cpp' for CMake config files
[9.219s] Level 1:colcon.colcon_core.shell:create_environment_hook('rover_cpp', 'cmake_prefix_path')
[9.219s] INFO:colcon.colcon_core.shell:Creating environment hook '/home/saleheen_linux/others/ros_2_Learning/ros2_ws_cpp/install/rover_cpp/share/rover_cpp/hook/cmake_prefix_path.ps1'
[9.220s] INFO:colcon.colcon_core.shell:Creating environment descriptor '/home/saleheen_linux/others/ros_2_Learning/ros2_ws_cpp/install/rover_cpp/share/rover_cpp/hook/cmake_prefix_path.dsv'
[9.220s] INFO:colcon.colcon_core.shell:Creating environment hook '/home/saleheen_linux/others/ros_2_Learning/ros2_ws_cpp/install/rover_cpp/share/rover_cpp/hook/cmake_prefix_path.sh'
[9.220s] Level 1:colcon.colcon_core.environment:checking '/home/saleheen_linux/others/ros_2_Learning/ros2_ws_cpp/install/rover_cpp/lib'
[9.220s] Level 1:colcon.colcon_core.environment:checking '/home/saleheen_linux/others/ros_2_Learning/ros2_ws_cpp/install/rover_cpp/bin'
[9.220s] Level 1:colcon.colcon_core.environment:checking '/home/saleheen_linux/others/ros_2_Learning/ros2_ws_cpp/install/rover_cpp/lib/pkgconfig/rover_cpp.pc'
[9.221s] Level 1:colcon.colcon_core.environment:checking '/home/saleheen_linux/others/ros_2_Learning/ros2_ws_cpp/install/rover_cpp/lib/python3.10/site-packages'
[9.221s] Level 1:colcon.colcon_core.environment:checking '/home/saleheen_linux/others/ros_2_Learning/ros2_ws_cpp/install/rover_cpp/bin'
[9.221s] INFO:colcon.colcon_core.shell:Creating package script '/home/saleheen_linux/others/ros_2_Learning/ros2_ws_cpp/install/rover_cpp/share/rover_cpp/package.ps1'
[9.221s] INFO:colcon.colcon_core.shell:Creating package descriptor '/home/saleheen_linux/others/ros_2_Learning/ros2_ws_cpp/install/rover_cpp/share/rover_cpp/package.dsv'
[9.222s] INFO:colcon.colcon_core.shell:Creating package script '/home/saleheen_linux/others/ros_2_Learning/ros2_ws_cpp/install/rover_cpp/share/rover_cpp/package.sh'
[9.222s] INFO:colcon.colcon_core.shell:Creating package script '/home/saleheen_linux/others/ros_2_Learning/ros2_ws_cpp/install/rover_cpp/share/rover_cpp/package.bash'
[9.222s] INFO:colcon.colcon_core.shell:Creating package script '/home/saleheen_linux/others/ros_2_Learning/ros2_ws_cpp/install/rover_cpp/share/rover_cpp/package.zsh'
[9.223s] Level 1:colcon.colcon_core.environment:create_file_with_runtime_dependencies(/home/saleheen_linux/others/ros_2_Learning/ros2_ws_cpp/install/rover_cpp/share/colcon-core/packages/rover_cpp)
[9.251s] Level 1:colcon.colcon_core.environment:create_environment_scripts_only(rover_cpp)
[9.251s] Level 1:colcon.colcon_core.environment:checking '/home/saleheen_linux/others/ros_2_Learning/ros2_ws_cpp/install/rover_cpp' for CMake module files
[9.251s] Level 1:colcon.colcon_core.environment:checking '/home/saleheen_linux/others/ros_2_Learning/ros2_ws_cpp/install/rover_cpp' for CMake config files
[9.252s] Level 1:colcon.colcon_core.shell:create_environment_hook('rover_cpp', 'cmake_prefix_path')
[9.252s] INFO:colcon.colcon_core.shell:Creating environment hook '/home/saleheen_linux/others/ros_2_Learning/ros2_ws_cpp/install/rover_cpp/share/rover_cpp/hook/cmake_prefix_path.ps1'
[9.252s] INFO:colcon.colcon_core.shell:Creating environment descriptor '/home/saleheen_linux/others/ros_2_Learning/ros2_ws_cpp/install/rover_cpp/share/rover_cpp/hook/cmake_prefix_path.dsv'
[9.253s] INFO:colcon.colcon_core.shell:Creating environment hook '/home/saleheen_linux/others/ros_2_Learning/ros2_ws_cpp/install/rover_cpp/share/rover_cpp/hook/cmake_prefix_path.sh'
[9.253s] Level 1:colcon.colcon_core.environment:checking '/home/saleheen_linux/others/ros_2_Learning/ros2_ws_cpp/install/rover_cpp/lib'
[9.253s] Level 1:colcon.colcon_core.environment:checking '/home/saleheen_linux/others/ros_2_Learning/ros2_ws_cpp/install/rover_cpp/bin'
[9.253s] Level 1:colcon.colcon_core.environment:checking '/home/saleheen_linux/others/ros_2_Learning/ros2_ws_cpp/install/rover_cpp/lib/pkgconfig/rover_cpp.pc'
[9.253s] Level 1:colcon.colcon_core.environment:checking '/home/saleheen_linux/others/ros_2_Learning/ros2_ws_cpp/install/rover_cpp/lib/python3.10/site-packages'
[9.253s] Level 1:colcon.colcon_core.environment:checking '/home/saleheen_linux/others/ros_2_Learning/ros2_ws_cpp/install/rover_cpp/bin'
[9.254s] INFO:colcon.colcon_core.shell:Creating package script '/home/saleheen_linux/others/ros_2_Learning/ros2_ws_cpp/install/rover_cpp/share/rover_cpp/package.ps1'
[9.254s] INFO:colcon.colcon_core.shell:Creating package descriptor '/home/saleheen_linux/others/ros_2_Learning/ros2_ws_cpp/install/rover_cpp/share/rover_cpp/package.dsv'
[9.254s] INFO:colcon.colcon_core.shell:Creating package script '/home/saleheen_linux/others/ros_2_Learning/ros2_ws_cpp/install/rover_cpp/share/rover_cpp/package.sh'
[9.255s] INFO:colcon.colcon_core.shell:Creating package script '/home/saleheen_linux/others/ros_2_Learning/ros2_ws_cpp/install/rover_cpp/share/rover_cpp/package.bash'
[9.255s] INFO:colcon.colcon_core.shell:Creating package script '/home/saleheen_linux/others/ros_2_Learning/ros2_ws_cpp/install/rover_cpp/share/rover_cpp/package.zsh'
[9.255s] Level 1:colcon.colcon_core.environment:create_file_with_runtime_dependencies(/home/saleheen_linux/others/ros_2_Learning/ros2_ws_cpp/install/rover_cpp/share/colcon-core/packages/rover_cpp)
[10.411s] DEBUG:colcon.colcon_core.event_handler.log_command:Invoked command in '/home/saleheen_linux/others/ros_2_Learning/ros2_ws_cpp/build/warehouse_rover_ros2' returned '2': CMAKE_PREFIX_PATH=/home/saleheen_linux/others/ros_2_Learning/ros2_workspace/install/rover:/home/saleheen_linux/others/ros_2_Learning/ros2_workspace/install/prius_line_following:/opt/ros/humble /usr/bin/cmake --build /home/saleheen_linux/others/ros_2_Learning/ros2_ws_cpp/build/warehouse_rover_ros2 -- -j16 -l16
[10.437s] Level 1:colcon.colcon_core.environment:create_environment_scripts_only(warehouse_rover_ros2)
[10.437s] Level 1:colcon.colcon_core.environment:checking '/home/saleheen_linux/others/ros_2_Learning/ros2_ws_cpp/install/warehouse_rover_ros2' for CMake module files
[10.438s] Level 1:colcon.colcon_core.environment:checking '/home/saleheen_linux/others/ros_2_Learning/ros2_ws_cpp/install/warehouse_rover_ros2' for CMake config files
[10.438s] Level 1:colcon.colcon_core.shell:create_environment_hook('warehouse_rover_ros2', 'cmake_prefix_path')
[10.438s] INFO:colcon.colcon_core.shell:Creating environment hook '/home/saleheen_linux/others/ros_2_Learning/ros2_ws_cpp/install/warehouse_rover_ros2/share/warehouse_rover_ros2/hook/cmake_prefix_path.ps1'
[10.439s] INFO:colcon.colcon_core.shell:Creating environment descriptor '/home/saleheen_linux/others/ros_2_Learning/ros2_ws_cpp/install/warehouse_rover_ros2/share/warehouse_rover_ros2/hook/cmake_prefix_path.dsv'
[10.439s] INFO:colcon.colcon_core.shell:Creating environment hook '/home/saleheen_linux/others/ros_2_Learning/ros2_ws_cpp/install/warehouse_rover_ros2/share/warehouse_rover_ros2/hook/cmake_prefix_path.sh'
[10.439s] Level 1:colcon.colcon_core.environment:checking '/home/saleheen_linux/others/ros_2_Learning/ros2_ws_cpp/install/warehouse_rover_ros2/lib'
[10.439s] Level 1:colcon.colcon_core.environment:checking '/home/saleheen_linux/others/ros_2_Learning/ros2_ws_cpp/install/warehouse_rover_ros2/bin'
[10.439s] Level 1:colcon.colcon_core.environment:checking '/home/saleheen_linux/others/ros_2_Learning/ros2_ws_cpp/install/warehouse_rover_ros2/lib/pkgconfig/warehouse_rover_ros2.pc'
[10.440s] Level 1:colcon.colcon_core.environment:checking '/home/saleheen_linux/others/ros_2_Learning/ros2_ws_cpp/install/warehouse_rover_ros2/lib/python3.10/site-packages'
[10.440s] Level 1:colcon.colcon_core.environment:checking '/home/saleheen_linux/others/ros_2_Learning/ros2_ws_cpp/install/warehouse_rover_ros2/bin'
[10.440s] INFO:colcon.colcon_core.shell:Creating package script '/home/saleheen_linux/others/ros_2_Learning/ros2_ws_cpp/install/warehouse_rover_ros2/share/warehouse_rover_ros2/package.ps1'
[10.440s] INFO:colcon.colcon_core.shell:Creating package descriptor '/home/saleheen_linux/others/ros_2_Learning/ros2_ws_cpp/install/warehouse_rover_ros2/share/warehouse_rover_ros2/package.dsv'
[10.440s] INFO:colcon.colcon_core.shell:Creating package script '/home/saleheen_linux/others/ros_2_Learning/ros2_ws_cpp/install/warehouse_rover_ros2/share/warehouse_rover_ros2/package.sh'
[10.441s] INFO:colcon.colcon_core.shell:Creating package script '/home/saleheen_linux/others/ros_2_Learning/ros2_ws_cpp/install/warehouse_rover_ros2/share/warehouse_rover_ros2/package.bash'
[10.441s] INFO:colcon.colcon_core.shell:Creating package script '/home/saleheen_linux/others/ros_2_Learning/ros2_ws_cpp/install/warehouse_rover_ros2/share/warehouse_rover_ros2/package.zsh'
[10.441s] Level 1:colcon.colcon_core.environment:create_file_with_runtime_dependencies(/home/saleheen_linux/others/ros_2_Learning/ros2_ws_cpp/install/warehouse_rover_ros2/share/colcon-core/packages/warehouse_rover_ros2)
[10.761s] DEBUG:colcon.colcon_parallel_executor.executor.parallel:closing loop
[10.761s] DEBUG:colcon.colcon_parallel_executor.executor.parallel:loop closed
[10.761s] DEBUG:colcon.colcon_parallel_executor.executor.parallel:run_until_complete finished with '2'
[10.761s] DEBUG:colcon.colcon_core.event_reactor:joining thread
[10.766s] INFO:colcon.colcon_core.plugin_system:Skipping extension 'colcon_notification.desktop_notification.terminal_notifier': Not used on non-Darwin systems
[10.766s] INFO:colcon.colcon_core.plugin_system:Skipping extension 'colcon_notification.desktop_notification.win32': Not used on non-Windows systems
[10.766s] INFO:colcon.colcon_notification.desktop_notification:Sending desktop notification using 'notify2'
[10.775s] DEBUG:colcon.colcon_core.event_reactor:joined thread
[10.775s] INFO:colcon.colcon_core.shell:Creating prefix script '/home/saleheen_linux/others/ros_2_Learning/ros2_ws_cpp/install/local_setup.ps1'
[10.776s] INFO:colcon.colcon_core.shell:Creating prefix util module '/home/saleheen_linux/others/ros_2_Learning/ros2_ws_cpp/install/_local_setup_util_ps1.py'
[10.777s] INFO:colcon.colcon_core.shell:Creating prefix chain script '/home/saleheen_linux/others/ros_2_Learning/ros2_ws_cpp/install/setup.ps1'
[10.778s] INFO:colcon.colcon_core.shell:Creating prefix script '/home/saleheen_linux/others/ros_2_Learning/ros2_ws_cpp/install/local_setup.sh'
[10.778s] INFO:colcon.colcon_core.shell:Creating prefix util module '/home/saleheen_linux/others/ros_2_Learning/ros2_ws_cpp/install/_local_setup_util_sh.py'
[10.779s] INFO:colcon.colcon_core.shell:Creating prefix chain script '/home/saleheen_linux/others/ros_2_Learning/ros2_ws_cpp/install/setup.sh'
[10.779s] INFO:colcon.colcon_core.shell:Creating prefix script '/home/saleheen_linux/others/ros_2_Learning/ros2_ws_cpp/install/local_setup.bash'
[10.780s] INFO:colcon.colcon_core.shell:Creating prefix chain script '/home/saleheen_linux/others/ros_2_Learning/ros2_ws_cpp/install/setup.bash'
[10.780s] INFO:colcon.colcon_core.shell:Creating prefix script '/home/saleheen_linux/others/ros_2_Learning/ros2_ws_cpp/install/local_setup.zsh'
[10.781s] INFO:colcon.colcon_core.shell:Creating prefix chain script '/home/saleheen_linux/others/ros_2_Learning/ros2_ws_cpp/install/setup.zsh'
