[0.077s] DEBUG:colcon:Command line arguments: ['/usr/bin/colcon', 'build', '--packages-select', 'px4_msgs']
[0.077s] DEBUG:colcon:Parsed command line arguments: Namespace(log_base=None, log_level=None, verb_name='build', build_base='build', install_base='install', merge_install=False, symlink_install=False, test_result_base=None, continue_on_error=False, executor='parallel', parallel_workers=16, event_handlers=None, ignore_user_meta=False, metas=['./colcon.meta'], base_paths=['.'], packages_ignore=None, packages_ignore_regex=None, paths=None, packages_up_to=None, packages_up_to_regex=None, packages_above=None, packages_above_and_dependencies=None, packages_above_depth=None, packages_select_by_dep=None, packages_skip_by_dep=None, packages_skip_up_to=None, packages_select_build_failed=False, packages_skip_build_finished=False, packages_select_test_failures=False, packages_skip_test_passed=False, packages_select=['px4_msgs'], packages_skip=None, packages_select_regex=None, packages_skip_regex=None, packages_start=None, packages_end=None, allow_overriding=[], cmake_args=None, cmake_target=None, cmake_target_skip_unavailable=False, cmake_clean_cache=False, cmake_clean_first=False, cmake_force_configure=False, ament_cmake_args=None, catkin_cmake_args=None, catkin_skip_building_tests=False, mixin_files=None, mixin=None, verb_parser=<colcon_mixin.mixin.mixin_argument.MixinArgumentDecorator object at 0x751ff3e3fbe0>, verb_extension=<colcon_core.verb.build.BuildVerb object at 0x751ff3fb3e50>, main=<bound method BuildVerb.main of <colcon_core.verb.build.BuildVerb object at 0x751ff3fb3e50>>, mixin_verb=('build',))
[0.219s] Level 1:colcon.colcon_core.package_discovery:discover_packages(colcon_meta) check parameters
[0.219s] Level 1:colcon.colcon_core.package_discovery:discover_packages(recursive) check parameters
[0.219s] Level 1:colcon.colcon_core.package_discovery:discover_packages(ignore) check parameters
[0.219s] Level 1:colcon.colcon_core.package_discovery:discover_packages(path) check parameters
[0.219s] Level 1:colcon.colcon_core.package_discovery:discover_packages(colcon_meta) discover
[0.219s] Level 1:colcon.colcon_core.package_discovery:discover_packages(recursive) discover
[0.219s] INFO:colcon.colcon_core.package_discovery:Crawling recursively for packages in '/home/saleheen_linux/others/ros_2_Learning/ros2_ws_cpp'
[0.219s] Level 1:colcon.colcon_core.package_identification:_identify(.) by extensions ['ignore', 'ignore_ament_install']
[0.219s] Level 1:colcon.colcon_core.package_identification:_identify(.) by extension 'ignore'
[0.219s] Level 1:colcon.colcon_core.package_identification:_identify(.) by extension 'ignore_ament_install'
[0.219s] Level 1:colcon.colcon_core.package_identification:_identify(.) by extensions ['colcon_pkg']
[0.219s] Level 1:colcon.colcon_core.package_identification:_identify(.) by extension 'colcon_pkg'
[0.219s] Level 1:colcon.colcon_core.package_identification:_identify(.) by extensions ['colcon_meta']
[0.219s] Level 1:colcon.colcon_core.package_identification:_identify(.) by extension 'colcon_meta'
[0.219s] Level 1:colcon.colcon_core.package_identification:_identify(.) by extensions ['ros']
[0.219s] Level 1:colcon.colcon_core.package_identification:_identify(.) by extension 'ros'
[0.235s] Level 1:colcon.colcon_core.package_identification:_identify(.) by extensions ['cmake', 'python']
[0.235s] Level 1:colcon.colcon_core.package_identification:_identify(.) by extension 'cmake'
[0.236s] Level 1:colcon.colcon_core.package_identification:_identify(.) by extension 'python'
[0.236s] Level 1:colcon.colcon_core.package_identification:_identify(.) by extensions ['python_setup_py']
[0.236s] Level 1:colcon.colcon_core.package_identification:_identify(.) by extension 'python_setup_py'
[0.236s] Level 1:colcon.colcon_core.package_identification:_identify(backup) by extensions ['ignore', 'ignore_ament_install']
[0.236s] Level 1:colcon.colcon_core.package_identification:_identify(backup) by extension 'ignore'
[0.236s] Level 1:colcon.colcon_core.package_identification:_identify(backup) by extension 'ignore_ament_install'
[0.236s] Level 1:colcon.colcon_core.package_identification:_identify(backup) by extensions ['colcon_pkg']
[0.236s] Level 1:colcon.colcon_core.package_identification:_identify(backup) by extension 'colcon_pkg'
[0.236s] Level 1:colcon.colcon_core.package_identification:_identify(backup) by extensions ['colcon_meta']
[0.236s] Level 1:colcon.colcon_core.package_identification:_identify(backup) by extension 'colcon_meta'
[0.236s] Level 1:colcon.colcon_core.package_identification:_identify(backup) by extensions ['ros']
[0.236s] Level 1:colcon.colcon_core.package_identification:_identify(backup) by extension 'ros'
[0.236s] Level 1:colcon.colcon_core.package_identification:_identify(backup) by extensions ['cmake', 'python']
[0.236s] Level 1:colcon.colcon_core.package_identification:_identify(backup) by extension 'cmake'
[0.236s] Level 1:colcon.colcon_core.package_identification:_identify(backup) by extension 'python'
[0.236s] Level 1:colcon.colcon_core.package_identification:_identify(backup) by extensions ['python_setup_py']
[0.236s] Level 1:colcon.colcon_core.package_identification:_identify(backup) by extension 'python_setup_py'
[0.236s] Level 1:colcon.colcon_core.package_identification:_identify(build) by extensions ['ignore', 'ignore_ament_install']
[0.236s] Level 1:colcon.colcon_core.package_identification:_identify(build) by extension 'ignore'
[0.236s] Level 1:colcon.colcon_core.package_identification:_identify(build) ignored
[0.236s] Level 1:colcon.colcon_core.package_identification:_identify(install) by extensions ['ignore', 'ignore_ament_install']
[0.236s] Level 1:colcon.colcon_core.package_identification:_identify(install) by extension 'ignore'
[0.236s] Level 1:colcon.colcon_core.package_identification:_identify(install) ignored
[0.237s] Level 1:colcon.colcon_core.package_identification:_identify(log) by extensions ['ignore', 'ignore_ament_install']
[0.237s] Level 1:colcon.colcon_core.package_identification:_identify(log) by extension 'ignore'
[0.237s] Level 1:colcon.colcon_core.package_identification:_identify(log) ignored
[0.237s] Level 1:colcon.colcon_core.package_identification:_identify(src) by extensions ['ignore', 'ignore_ament_install']
[0.237s] Level 1:colcon.colcon_core.package_identification:_identify(src) by extension 'ignore'
[0.237s] Level 1:colcon.colcon_core.package_identification:_identify(src) by extension 'ignore_ament_install'
[0.237s] Level 1:colcon.colcon_core.package_identification:_identify(src) by extensions ['colcon_pkg']
[0.237s] Level 1:colcon.colcon_core.package_identification:_identify(src) by extension 'colcon_pkg'
[0.237s] Level 1:colcon.colcon_core.package_identification:_identify(src) by extensions ['colcon_meta']
[0.237s] Level 1:colcon.colcon_core.package_identification:_identify(src) by extension 'colcon_meta'
[0.237s] Level 1:colcon.colcon_core.package_identification:_identify(src) by extensions ['ros']
[0.237s] Level 1:colcon.colcon_core.package_identification:_identify(src) by extension 'ros'
[0.237s] Level 1:colcon.colcon_core.package_identification:_identify(src) by extensions ['cmake', 'python']
[0.237s] Level 1:colcon.colcon_core.package_identification:_identify(src) by extension 'cmake'
[0.237s] Level 1:colcon.colcon_core.package_identification:_identify(src) by extension 'python'
[0.237s] Level 1:colcon.colcon_core.package_identification:_identify(src) by extensions ['python_setup_py']
[0.237s] Level 1:colcon.colcon_core.package_identification:_identify(src) by extension 'python_setup_py'
[0.237s] Level 1:colcon.colcon_core.package_identification:_identify(src/cpp_pubsub) by extensions ['ignore', 'ignore_ament_install']
[0.237s] Level 1:colcon.colcon_core.package_identification:_identify(src/cpp_pubsub) by extension 'ignore'
[0.237s] Level 1:colcon.colcon_core.package_identification:_identify(src/cpp_pubsub) by extension 'ignore_ament_install'
[0.237s] Level 1:colcon.colcon_core.package_identification:_identify(src/cpp_pubsub) by extensions ['colcon_pkg']
[0.237s] Level 1:colcon.colcon_core.package_identification:_identify(src/cpp_pubsub) by extension 'colcon_pkg'
[0.237s] Level 1:colcon.colcon_core.package_identification:_identify(src/cpp_pubsub) by extensions ['colcon_meta']
[0.237s] Level 1:colcon.colcon_core.package_identification:_identify(src/cpp_pubsub) by extension 'colcon_meta'
[0.237s] Level 1:colcon.colcon_core.package_identification:_identify(src/cpp_pubsub) by extensions ['ros']
[0.237s] Level 1:colcon.colcon_core.package_identification:_identify(src/cpp_pubsub) by extension 'ros'
[0.239s] DEBUG:colcon.colcon_core.package_identification:Package 'src/cpp_pubsub' with type 'ros.ament_cmake' and name 'cpp_pubsub'
[0.239s] Level 1:colcon.colcon_core.package_identification:_identify(src/px4_msgs) by extensions ['ignore', 'ignore_ament_install']
[0.239s] Level 1:colcon.colcon_core.package_identification:_identify(src/px4_msgs) by extension 'ignore'
[0.239s] Level 1:colcon.colcon_core.package_identification:_identify(src/px4_msgs) by extension 'ignore_ament_install'
[0.239s] Level 1:colcon.colcon_core.package_identification:_identify(src/px4_msgs) by extensions ['colcon_pkg']
[0.239s] Level 1:colcon.colcon_core.package_identification:_identify(src/px4_msgs) by extension 'colcon_pkg'
[0.239s] Level 1:colcon.colcon_core.package_identification:_identify(src/px4_msgs) by extensions ['colcon_meta']
[0.239s] Level 1:colcon.colcon_core.package_identification:_identify(src/px4_msgs) by extension 'colcon_meta'
[0.239s] Level 1:colcon.colcon_core.package_identification:_identify(src/px4_msgs) by extensions ['ros']
[0.239s] Level 1:colcon.colcon_core.package_identification:_identify(src/px4_msgs) by extension 'ros'
[0.240s] DEBUG:colcon.colcon_core.package_identification:Package 'src/px4_msgs' with type 'ros.ament_cmake' and name 'px4_msgs'
[0.240s] Level 1:colcon.colcon_core.package_identification:_identify(src/px4_ros_com) by extensions ['ignore', 'ignore_ament_install']
[0.240s] Level 1:colcon.colcon_core.package_identification:_identify(src/px4_ros_com) by extension 'ignore'
[0.240s] Level 1:colcon.colcon_core.package_identification:_identify(src/px4_ros_com) by extension 'ignore_ament_install'
[0.240s] Level 1:colcon.colcon_core.package_identification:_identify(src/px4_ros_com) by extensions ['colcon_pkg']
[0.240s] Level 1:colcon.colcon_core.package_identification:_identify(src/px4_ros_com) by extension 'colcon_pkg'
[0.240s] Level 1:colcon.colcon_core.package_identification:_identify(src/px4_ros_com) by extensions ['colcon_meta']
[0.240s] Level 1:colcon.colcon_core.package_identification:_identify(src/px4_ros_com) by extension 'colcon_meta'
[0.240s] Level 1:colcon.colcon_core.package_identification:_identify(src/px4_ros_com) by extensions ['ros']
[0.240s] Level 1:colcon.colcon_core.package_identification:_identify(src/px4_ros_com) by extension 'ros'
[0.241s] DEBUG:colcon.colcon_core.package_identification:Package 'src/px4_ros_com' with type 'ros.ament_cmake' and name 'px4_ros_com'
[0.241s] Level 1:colcon.colcon_core.package_identification:_identify(src/rover_cpp) by extensions ['ignore', 'ignore_ament_install']
[0.241s] Level 1:colcon.colcon_core.package_identification:_identify(src/rover_cpp) by extension 'ignore'
[0.241s] Level 1:colcon.colcon_core.package_identification:_identify(src/rover_cpp) by extension 'ignore_ament_install'
[0.241s] Level 1:colcon.colcon_core.package_identification:_identify(src/rover_cpp) by extensions ['colcon_pkg']
[0.241s] Level 1:colcon.colcon_core.package_identification:_identify(src/rover_cpp) by extension 'colcon_pkg'
[0.241s] Level 1:colcon.colcon_core.package_identification:_identify(src/rover_cpp) by extensions ['colcon_meta']
[0.241s] Level 1:colcon.colcon_core.package_identification:_identify(src/rover_cpp) by extension 'colcon_meta'
[0.241s] Level 1:colcon.colcon_core.package_identification:_identify(src/rover_cpp) by extensions ['ros']
[0.241s] Level 1:colcon.colcon_core.package_identification:_identify(src/rover_cpp) by extension 'ros'
[0.242s] DEBUG:colcon.colcon_core.package_identification:Package 'src/rover_cpp' with type 'ros.ament_cmake' and name 'rover_cpp'
[0.242s] Level 1:colcon.colcon_core.package_identification:_identify(src/warehouse_rover_ros2) by extensions ['ignore', 'ignore_ament_install']
[0.242s] Level 1:colcon.colcon_core.package_identification:_identify(src/warehouse_rover_ros2) by extension 'ignore'
[0.242s] Level 1:colcon.colcon_core.package_identification:_identify(src/warehouse_rover_ros2) by extension 'ignore_ament_install'
[0.242s] Level 1:colcon.colcon_core.package_identification:_identify(src/warehouse_rover_ros2) by extensions ['colcon_pkg']
[0.242s] Level 1:colcon.colcon_core.package_identification:_identify(src/warehouse_rover_ros2) by extension 'colcon_pkg'
[0.242s] Level 1:colcon.colcon_core.package_identification:_identify(src/warehouse_rover_ros2) by extensions ['colcon_meta']
[0.242s] Level 1:colcon.colcon_core.package_identification:_identify(src/warehouse_rover_ros2) by extension 'colcon_meta'
[0.242s] Level 1:colcon.colcon_core.package_identification:_identify(src/warehouse_rover_ros2) by extensions ['ros']
[0.242s] Level 1:colcon.colcon_core.package_identification:_identify(src/warehouse_rover_ros2) by extension 'ros'
[0.243s] DEBUG:colcon.colcon_core.package_identification:Package 'src/warehouse_rover_ros2' with type 'ros.ament_cmake' and name 'warehouse_rover_ros2'
[0.243s] Level 1:colcon.colcon_core.package_discovery:discover_packages(recursive) using defaults
[0.243s] Level 1:colcon.colcon_core.package_discovery:discover_packages(ignore) discover
[0.243s] Level 1:colcon.colcon_core.package_discovery:discover_packages(ignore) using defaults
[0.243s] Level 1:colcon.colcon_core.package_discovery:discover_packages(path) discover
[0.243s] Level 1:colcon.colcon_core.package_discovery:discover_packages(path) using defaults
[0.256s] INFO:colcon.colcon_core.package_selection:Skipping not selected package 'cpp_pubsub' in 'src/cpp_pubsub'
[0.256s] INFO:colcon.colcon_core.package_selection:Skipping not selected package 'rover_cpp' in 'src/rover_cpp'
[0.256s] INFO:colcon.colcon_core.package_selection:Skipping not selected package 'warehouse_rover_ros2' in 'src/warehouse_rover_ros2'
[0.256s] INFO:colcon.colcon_core.package_selection:Skipping not selected package 'px4_ros_com' in 'src/px4_ros_com'
[0.256s] Level 1:colcon.colcon_core.package_discovery:discover_packages(prefix_path) check parameters
[0.256s] Level 1:colcon.colcon_core.package_discovery:discover_packages(prefix_path) discover
[0.258s] DEBUG:colcon.colcon_installed_package_information.package_discovery:Found 3 installed packages in /home/saleheen_linux/others/ros_2_Learning/ros2_ws_cpp/install
[0.258s] DEBUG:colcon.colcon_installed_package_information.package_discovery:Found 2 installed packages in /home/saleheen_linux/others/ros_2_Learning/ros2_workspace/install
[0.259s] DEBUG:colcon.colcon_installed_package_information.package_discovery:Found 330 installed packages in /opt/ros/humble
[0.260s] Level 1:colcon.colcon_core.package_discovery:discover_packages(prefix_path) using defaults
[0.290s] Level 5:colcon.colcon_core.verb:set package 'px4_msgs' build argument 'cmake_args' from command line to 'None'
[0.290s] Level 5:colcon.colcon_core.verb:set package 'px4_msgs' build argument 'cmake_target' from command line to 'None'
[0.290s] Level 5:colcon.colcon_core.verb:set package 'px4_msgs' build argument 'cmake_target_skip_unavailable' from command line to 'False'
[0.290s] Level 5:colcon.colcon_core.verb:set package 'px4_msgs' build argument 'cmake_clean_cache' from command line to 'False'
[0.290s] Level 5:colcon.colcon_core.verb:set package 'px4_msgs' build argument 'cmake_clean_first' from command line to 'False'
[0.290s] Level 5:colcon.colcon_core.verb:set package 'px4_msgs' build argument 'cmake_force_configure' from command line to 'False'
[0.290s] Level 5:colcon.colcon_core.verb:set package 'px4_msgs' build argument 'ament_cmake_args' from command line to 'None'
[0.290s] Level 5:colcon.colcon_core.verb:set package 'px4_msgs' build argument 'catkin_cmake_args' from command line to 'None'
[0.290s] Level 5:colcon.colcon_core.verb:set package 'px4_msgs' build argument 'catkin_skip_building_tests' from command line to 'False'
[0.290s] DEBUG:colcon.colcon_core.verb:Building package 'px4_msgs' with the following arguments: {'ament_cmake_args': None, 'build_base': '/home/saleheen_linux/others/ros_2_Learning/ros2_ws_cpp/build/px4_msgs', 'catkin_cmake_args': None, 'catkin_skip_building_tests': False, 'cmake_args': None, 'cmake_clean_cache': False, 'cmake_clean_first': False, 'cmake_force_configure': False, 'cmake_target': None, 'cmake_target_skip_unavailable': False, 'install_base': '/home/saleheen_linux/others/ros_2_Learning/ros2_ws_cpp/install/px4_msgs', 'merge_install': False, 'path': '/home/saleheen_linux/others/ros_2_Learning/ros2_ws_cpp/src/px4_msgs', 'symlink_install': False, 'test_result_base': None}
[0.290s] INFO:colcon.colcon_core.executor:Executing jobs using 'parallel' executor
[0.291s] DEBUG:colcon.colcon_parallel_executor.executor.parallel:run_until_complete
[0.291s] INFO:colcon.colcon_ros.task.ament_cmake.build:Building ROS package in '/home/saleheen_linux/others/ros_2_Learning/ros2_ws_cpp/src/px4_msgs' with build type 'ament_cmake'
[0.291s] INFO:colcon.colcon_cmake.task.cmake.build:Building CMake package in '/home/saleheen_linux/others/ros_2_Learning/ros2_ws_cpp/src/px4_msgs'
[0.292s] INFO:colcon.colcon_core.plugin_system:Skipping extension 'colcon_core.shell.bat': Not used on non-Windows systems
[0.293s] INFO:colcon.colcon_core.shell:Skip shell extension 'powershell' for command environment: Not usable outside of PowerShell
[0.293s] DEBUG:colcon.colcon_core.shell:Skip shell extension 'dsv' for command environment
[0.299s] DEBUG:colcon.colcon_core.event_handler.log_command:Invoking command in '/home/saleheen_linux/others/ros_2_Learning/ros2_ws_cpp/build/px4_msgs': CMAKE_PREFIX_PATH=${CMAKE_PREFIX_PATH}:/home/saleheen_linux/others/ros_2_Learning/ros2_workspace/install/rover:/home/saleheen_linux/others/ros_2_Learning/ros2_workspace/install/prius_line_following:/opt/ros/humble /usr/bin/cmake /home/saleheen_linux/others/ros_2_Learning/ros2_ws_cpp/src/px4_msgs -DCMAKE_INSTALL_PREFIX=/home/saleheen_linux/others/ros_2_Learning/ros2_ws_cpp/install/px4_msgs
[2.808s] DEBUG:colcon.colcon_core.event_handler.log_command:Invoked command in '/home/saleheen_linux/others/ros_2_Learning/ros2_ws_cpp/build/px4_msgs' returned '0': CMAKE_PREFIX_PATH=${CMAKE_PREFIX_PATH}:/home/saleheen_linux/others/ros_2_Learning/ros2_workspace/install/rover:/home/saleheen_linux/others/ros_2_Learning/ros2_workspace/install/prius_line_following:/opt/ros/humble /usr/bin/cmake /home/saleheen_linux/others/ros_2_Learning/ros2_ws_cpp/src/px4_msgs -DCMAKE_INSTALL_PREFIX=/home/saleheen_linux/others/ros_2_Learning/ros2_ws_cpp/install/px4_msgs
[2.810s] DEBUG:colcon.colcon_core.event_handler.log_command:Invoking command in '/home/saleheen_linux/others/ros_2_Learning/ros2_ws_cpp/build/px4_msgs': CMAKE_PREFIX_PATH=${CMAKE_PREFIX_PATH}:/home/saleheen_linux/others/ros_2_Learning/ros2_workspace/install/rover:/home/saleheen_linux/others/ros_2_Learning/ros2_workspace/install/prius_line_following:/opt/ros/humble /usr/bin/cmake --build /home/saleheen_linux/others/ros_2_Learning/ros2_ws_cpp/build/px4_msgs -- -j16 -l16
[137.502s] DEBUG:colcon.colcon_core.event_handler.log_command:Invoked command in '/home/saleheen_linux/others/ros_2_Learning/ros2_ws_cpp/build/px4_msgs' returned '0': CMAKE_PREFIX_PATH=${CMAKE_PREFIX_PATH}:/home/saleheen_linux/others/ros_2_Learning/ros2_workspace/install/rover:/home/saleheen_linux/others/ros_2_Learning/ros2_workspace/install/prius_line_following:/opt/ros/humble /usr/bin/cmake --build /home/saleheen_linux/others/ros_2_Learning/ros2_ws_cpp/build/px4_msgs -- -j16 -l16
[141.604s] DEBUG:colcon.colcon_core.event_handler.log_command:Invoking command in '/home/saleheen_linux/others/ros_2_Learning/ros2_ws_cpp/build/px4_msgs': CMAKE_PREFIX_PATH=${CMAKE_PREFIX_PATH}:/home/saleheen_linux/others/ros_2_Learning/ros2_workspace/install/rover:/home/saleheen_linux/others/ros_2_Learning/ros2_workspace/install/prius_line_following:/opt/ros/humble /usr/bin/cmake --install /home/saleheen_linux/others/ros_2_Learning/ros2_ws_cpp/build/px4_msgs
[142.689s] Level 1:colcon.colcon_core.environment:create_environment_scripts_only(px4_msgs)
[142.689s] DEBUG:colcon.colcon_core.event_handler.log_command:Invoked command in '/home/saleheen_linux/others/ros_2_Learning/ros2_ws_cpp/build/px4_msgs' returned '0': CMAKE_PREFIX_PATH=${CMAKE_PREFIX_PATH}:/home/saleheen_linux/others/ros_2_Learning/ros2_workspace/install/rover:/home/saleheen_linux/others/ros_2_Learning/ros2_workspace/install/prius_line_following:/opt/ros/humble /usr/bin/cmake --install /home/saleheen_linux/others/ros_2_Learning/ros2_ws_cpp/build/px4_msgs
[142.691s] Level 1:colcon.colcon_core.environment:checking '/home/saleheen_linux/others/ros_2_Learning/ros2_ws_cpp/install/px4_msgs' for CMake module files
[142.692s] Level 1:colcon.colcon_core.environment:checking '/home/saleheen_linux/others/ros_2_Learning/ros2_ws_cpp/install/px4_msgs' for CMake config files
[142.695s] Level 1:colcon.colcon_core.shell:create_environment_hook('px4_msgs', 'cmake_prefix_path')
[142.695s] INFO:colcon.colcon_core.shell:Creating environment hook '/home/saleheen_linux/others/ros_2_Learning/ros2_ws_cpp/install/px4_msgs/share/px4_msgs/hook/cmake_prefix_path.ps1'
[142.695s] INFO:colcon.colcon_core.shell:Creating environment descriptor '/home/saleheen_linux/others/ros_2_Learning/ros2_ws_cpp/install/px4_msgs/share/px4_msgs/hook/cmake_prefix_path.dsv'
[142.696s] INFO:colcon.colcon_core.shell:Creating environment hook '/home/saleheen_linux/others/ros_2_Learning/ros2_ws_cpp/install/px4_msgs/share/px4_msgs/hook/cmake_prefix_path.sh'
[142.696s] Level 1:colcon.colcon_core.environment:checking '/home/saleheen_linux/others/ros_2_Learning/ros2_ws_cpp/install/px4_msgs/lib'
[142.696s] Level 1:colcon.colcon_core.shell:create_environment_hook('px4_msgs', 'ld_library_path_lib')
[142.697s] INFO:colcon.colcon_core.shell:Creating environment hook '/home/saleheen_linux/others/ros_2_Learning/ros2_ws_cpp/install/px4_msgs/share/px4_msgs/hook/ld_library_path_lib.ps1'
[142.697s] INFO:colcon.colcon_core.shell:Creating environment descriptor '/home/saleheen_linux/others/ros_2_Learning/ros2_ws_cpp/install/px4_msgs/share/px4_msgs/hook/ld_library_path_lib.dsv'
[142.697s] INFO:colcon.colcon_core.shell:Creating environment hook '/home/saleheen_linux/others/ros_2_Learning/ros2_ws_cpp/install/px4_msgs/share/px4_msgs/hook/ld_library_path_lib.sh'
[142.697s] Level 1:colcon.colcon_core.environment:checking '/home/saleheen_linux/others/ros_2_Learning/ros2_ws_cpp/install/px4_msgs/bin'
[142.697s] Level 1:colcon.colcon_core.environment:checking '/home/saleheen_linux/others/ros_2_Learning/ros2_ws_cpp/install/px4_msgs/lib/pkgconfig/px4_msgs.pc'
[142.698s] Level 1:colcon.colcon_core.environment:checking '/home/saleheen_linux/others/ros_2_Learning/ros2_ws_cpp/install/px4_msgs/lib/python3.10/site-packages'
[142.698s] Level 1:colcon.colcon_core.environment:checking '/home/saleheen_linux/others/ros_2_Learning/ros2_ws_cpp/install/px4_msgs/bin'
[142.698s] INFO:colcon.colcon_core.shell:Creating package script '/home/saleheen_linux/others/ros_2_Learning/ros2_ws_cpp/install/px4_msgs/share/px4_msgs/package.ps1'
[142.698s] INFO:colcon.colcon_core.shell:Creating package descriptor '/home/saleheen_linux/others/ros_2_Learning/ros2_ws_cpp/install/px4_msgs/share/px4_msgs/package.dsv'
[142.699s] INFO:colcon.colcon_core.shell:Creating package script '/home/saleheen_linux/others/ros_2_Learning/ros2_ws_cpp/install/px4_msgs/share/px4_msgs/package.sh'
[142.699s] INFO:colcon.colcon_core.shell:Creating package script '/home/saleheen_linux/others/ros_2_Learning/ros2_ws_cpp/install/px4_msgs/share/px4_msgs/package.bash'
[142.700s] INFO:colcon.colcon_core.shell:Creating package script '/home/saleheen_linux/others/ros_2_Learning/ros2_ws_cpp/install/px4_msgs/share/px4_msgs/package.zsh'
[142.700s] Level 1:colcon.colcon_core.environment:create_file_with_runtime_dependencies(/home/saleheen_linux/others/ros_2_Learning/ros2_ws_cpp/install/px4_msgs/share/colcon-core/packages/px4_msgs)
[146.767s] Level 1:colcon.colcon_core.environment:create_environment_scripts_only(px4_msgs)
[146.767s] Level 1:colcon.colcon_core.environment:checking '/home/saleheen_linux/others/ros_2_Learning/ros2_ws_cpp/install/px4_msgs' for CMake module files
[146.768s] Level 1:colcon.colcon_core.environment:checking '/home/saleheen_linux/others/ros_2_Learning/ros2_ws_cpp/install/px4_msgs' for CMake config files
[146.771s] Level 1:colcon.colcon_core.shell:create_environment_hook('px4_msgs', 'cmake_prefix_path')
[146.771s] INFO:colcon.colcon_core.shell:Creating environment hook '/home/saleheen_linux/others/ros_2_Learning/ros2_ws_cpp/install/px4_msgs/share/px4_msgs/hook/cmake_prefix_path.ps1'
[146.771s] INFO:colcon.colcon_core.shell:Creating environment descriptor '/home/saleheen_linux/others/ros_2_Learning/ros2_ws_cpp/install/px4_msgs/share/px4_msgs/hook/cmake_prefix_path.dsv'
[146.772s] INFO:colcon.colcon_core.shell:Creating environment hook '/home/saleheen_linux/others/ros_2_Learning/ros2_ws_cpp/install/px4_msgs/share/px4_msgs/hook/cmake_prefix_path.sh'
[146.772s] Level 1:colcon.colcon_core.environment:checking '/home/saleheen_linux/others/ros_2_Learning/ros2_ws_cpp/install/px4_msgs/lib'
[146.772s] Level 1:colcon.colcon_core.shell:create_environment_hook('px4_msgs', 'ld_library_path_lib')
[146.772s] INFO:colcon.colcon_core.shell:Creating environment hook '/home/saleheen_linux/others/ros_2_Learning/ros2_ws_cpp/install/px4_msgs/share/px4_msgs/hook/ld_library_path_lib.ps1'
[146.772s] INFO:colcon.colcon_core.shell:Creating environment descriptor '/home/saleheen_linux/others/ros_2_Learning/ros2_ws_cpp/install/px4_msgs/share/px4_msgs/hook/ld_library_path_lib.dsv'
[146.773s] INFO:colcon.colcon_core.shell:Creating environment hook '/home/saleheen_linux/others/ros_2_Learning/ros2_ws_cpp/install/px4_msgs/share/px4_msgs/hook/ld_library_path_lib.sh'
[146.773s] Level 1:colcon.colcon_core.environment:checking '/home/saleheen_linux/others/ros_2_Learning/ros2_ws_cpp/install/px4_msgs/bin'
[146.773s] Level 1:colcon.colcon_core.environment:checking '/home/saleheen_linux/others/ros_2_Learning/ros2_ws_cpp/install/px4_msgs/lib/pkgconfig/px4_msgs.pc'
[146.773s] Level 1:colcon.colcon_core.environment:checking '/home/saleheen_linux/others/ros_2_Learning/ros2_ws_cpp/install/px4_msgs/lib/python3.10/site-packages'
[146.773s] Level 1:colcon.colcon_core.environment:checking '/home/saleheen_linux/others/ros_2_Learning/ros2_ws_cpp/install/px4_msgs/bin'
[146.773s] INFO:colcon.colcon_core.shell:Creating package script '/home/saleheen_linux/others/ros_2_Learning/ros2_ws_cpp/install/px4_msgs/share/px4_msgs/package.ps1'
[146.774s] INFO:colcon.colcon_core.shell:Creating package descriptor '/home/saleheen_linux/others/ros_2_Learning/ros2_ws_cpp/install/px4_msgs/share/px4_msgs/package.dsv'
[146.774s] INFO:colcon.colcon_core.shell:Creating package script '/home/saleheen_linux/others/ros_2_Learning/ros2_ws_cpp/install/px4_msgs/share/px4_msgs/package.sh'
[146.774s] INFO:colcon.colcon_core.shell:Creating package script '/home/saleheen_linux/others/ros_2_Learning/ros2_ws_cpp/install/px4_msgs/share/px4_msgs/package.bash'
[146.775s] INFO:colcon.colcon_core.shell:Creating package script '/home/saleheen_linux/others/ros_2_Learning/ros2_ws_cpp/install/px4_msgs/share/px4_msgs/package.zsh'
[146.775s] Level 1:colcon.colcon_core.environment:create_file_with_runtime_dependencies(/home/saleheen_linux/others/ros_2_Learning/ros2_ws_cpp/install/px4_msgs/share/colcon-core/packages/px4_msgs)
[146.775s] DEBUG:colcon.colcon_parallel_executor.executor.parallel:closing loop
[146.775s] DEBUG:colcon.colcon_parallel_executor.executor.parallel:loop closed
[146.776s] DEBUG:colcon.colcon_parallel_executor.executor.parallel:run_until_complete finished with '0'
[146.776s] DEBUG:colcon.colcon_core.event_reactor:joining thread
[146.779s] INFO:colcon.colcon_core.plugin_system:Skipping extension 'colcon_notification.desktop_notification.terminal_notifier': Not used on non-Darwin systems
[146.779s] INFO:colcon.colcon_core.plugin_system:Skipping extension 'colcon_notification.desktop_notification.win32': Not used on non-Windows systems
[146.779s] INFO:colcon.colcon_notification.desktop_notification:Sending desktop notification using 'notify2'
[146.791s] DEBUG:colcon.colcon_core.event_reactor:joined thread
[146.791s] INFO:colcon.colcon_core.shell:Creating prefix script '/home/saleheen_linux/others/ros_2_Learning/ros2_ws_cpp/install/local_setup.ps1'
[146.792s] INFO:colcon.colcon_core.shell:Creating prefix util module '/home/saleheen_linux/others/ros_2_Learning/ros2_ws_cpp/install/_local_setup_util_ps1.py'
[146.793s] INFO:colcon.colcon_core.shell:Creating prefix chain script '/home/saleheen_linux/others/ros_2_Learning/ros2_ws_cpp/install/setup.ps1'
[146.794s] INFO:colcon.colcon_core.shell:Creating prefix script '/home/saleheen_linux/others/ros_2_Learning/ros2_ws_cpp/install/local_setup.sh'
[146.794s] INFO:colcon.colcon_core.shell:Creating prefix util module '/home/saleheen_linux/others/ros_2_Learning/ros2_ws_cpp/install/_local_setup_util_sh.py'
[146.795s] INFO:colcon.colcon_core.shell:Creating prefix chain script '/home/saleheen_linux/others/ros_2_Learning/ros2_ws_cpp/install/setup.sh'
[146.795s] INFO:colcon.colcon_core.shell:Creating prefix script '/home/saleheen_linux/others/ros_2_Learning/ros2_ws_cpp/install/local_setup.bash'
[146.796s] INFO:colcon.colcon_core.shell:Creating prefix chain script '/home/saleheen_linux/others/ros_2_Learning/ros2_ws_cpp/install/setup.bash'
[146.796s] INFO:colcon.colcon_core.shell:Creating prefix script '/home/saleheen_linux/others/ros_2_Learning/ros2_ws_cpp/install/local_setup.zsh'
[146.797s] INFO:colcon.colcon_core.shell:Creating prefix chain script '/home/saleheen_linux/others/ros_2_Learning/ros2_ws_cpp/install/setup.zsh'
