[0.753s] Invoking command in '/home/saleheen_linux/others/ros_2_Learning/ros2_workspace/src/prius_line_following': PYTHONPATH=/home/saleheen_linux/others/ros_2_Learning/ros2_workspace/build/prius_line_following/prefix_override:/usr/lib/python3/dist-packages/colcon_core/task/python/colcon_distutils_commands:/home/saleheen_linux/others/ros_2_Learning/ros2_workspace/install/prius_line_following/lib/python3.10/site-packages:${PYTHONPATH} /usr/bin/python3 -W ignore:setup.py install is deprecated setup.py egg_info --egg-base ../../build/prius_line_following build --build-base /home/saleheen_linux/others/ros_2_Learning/ros2_workspace/build/prius_line_following/build install --record /home/saleheen_linux/others/ros_2_Learning/ros2_workspace/build/prius_line_following/install.log --single-version-externally-managed install_data
[0.999s] running egg_info
[0.999s] writing ../../build/prius_line_following/prius_line_following.egg-info/PKG-INFO
[0.999s] writing dependency_links to ../../build/prius_line_following/prius_line_following.egg-info/dependency_links.txt
[1.000s] writing entry points to ../../build/prius_line_following/prius_line_following.egg-info/entry_points.txt
[1.000s] writing requirements to ../../build/prius_line_following/prius_line_following.egg-info/requires.txt
[1.000s] writing top-level names to ../../build/prius_line_following/prius_line_following.egg-info/top_level.txt
[1.002s] reading manifest file '../../build/prius_line_following/prius_line_following.egg-info/SOURCES.txt'
[1.002s] writing manifest file '../../build/prius_line_following/prius_line_following.egg-info/SOURCES.txt'
[1.002s] running build
[1.002s] running build_py
[1.002s] copying prius_line_following/line_following.py -> /home/saleheen_linux/others/ros_2_Learning/ros2_workspace/build/prius_line_following/build/lib/prius_line_following
[1.002s] running install
[1.003s] running install_lib
[1.003s] copying /home/saleheen_linux/others/ros_2_Learning/ros2_workspace/build/prius_line_following/build/lib/prius_line_following/line_following.py -> /home/saleheen_linux/others/ros_2_Learning/ros2_workspace/install/prius_line_following/lib/python3.10/site-packages/prius_line_following
[1.004s] byte-compiling /home/saleheen_linux/others/ros_2_Learning/ros2_workspace/install/prius_line_following/lib/python3.10/site-packages/prius_line_following/line_following.py to line_following.cpython-310.pyc
[1.005s] running install_data
[1.005s] running install_egg_info
[1.007s] removing '/home/saleheen_linux/others/ros_2_Learning/ros2_workspace/install/prius_line_following/lib/python3.10/site-packages/prius_line_following-0.0.0-py3.10.egg-info' (and everything under it)
[1.007s] Copying ../../build/prius_line_following/prius_line_following.egg-info to /home/saleheen_linux/others/ros_2_Learning/ros2_workspace/install/prius_line_following/lib/python3.10/site-packages/prius_line_following-0.0.0-py3.10.egg-info
[1.008s] running install_scripts
[1.025s] Installing prius_line_follower script to /home/saleheen_linux/others/ros_2_Learning/ros2_workspace/install/prius_line_following/lib/prius_line_following
[1.026s] Installing video_saver script to /home/saleheen_linux/others/ros_2_Learning/ros2_workspace/install/prius_line_following/lib/prius_line_following
[1.026s] writing list of installed files to '/home/saleheen_linux/others/ros_2_Learning/ros2_workspace/build/prius_line_following/install.log'
[1.049s] Invoked command in '/home/saleheen_linux/others/ros_2_Learning/ros2_workspace/src/prius_line_following' returned '0': PYTHONPATH=/home/saleheen_linux/others/ros_2_Learning/ros2_workspace/build/prius_line_following/prefix_override:/usr/lib/python3/dist-packages/colcon_core/task/python/colcon_distutils_commands:/home/saleheen_linux/others/ros_2_Learning/ros2_workspace/install/prius_line_following/lib/python3.10/site-packages:${PYTHONPATH} /usr/bin/python3 -W ignore:setup.py install is deprecated setup.py egg_info --egg-base ../../build/prius_line_following build --build-base /home/saleheen_linux/others/ros_2_Learning/ros2_workspace/build/prius_line_following/build install --record /home/saleheen_linux/others/ros_2_Learning/ros2_workspace/build/prius_line_following/install.log --single-version-externally-managed install_data
