running egg_info
creating ../../build/prius_line_following/prius_line_following.egg-info
writing ../../build/prius_line_following/prius_line_following.egg-info/PKG-INFO
writing dependency_links to ../../build/prius_line_following/prius_line_following.egg-info/dependency_links.txt
writing entry points to ../../build/prius_line_following/prius_line_following.egg-info/entry_points.txt
writing requirements to ../../build/prius_line_following/prius_line_following.egg-info/requires.txt
writing top-level names to ../../build/prius_line_following/prius_line_following.egg-info/top_level.txt
writing manifest file '../../build/prius_line_following/prius_line_following.egg-info/SOURCES.txt'
reading manifest file '../../build/prius_line_following/prius_line_following.egg-info/SOURCES.txt'
writing manifest file '../../build/prius_line_following/prius_line_following.egg-info/SOURCES.txt'
running build
running build_py
creating /home/saleheen_linux/others/ros_2_Learning/ros2_workspace/build/prius_line_following/build
creating /home/saleheen_linux/others/ros_2_Learning/ros2_workspace/build/prius_line_following/build/lib
creating /home/saleheen_linux/others/ros_2_Learning/ros2_workspace/build/prius_line_following/build/lib/prius_line_following
copying prius_line_following/__init__.py -> /home/saleheen_linux/others/ros_2_Learning/ros2_workspace/build/prius_line_following/build/lib/prius_line_following
running install
running install_lib
creating /home/saleheen_linux/others/ros_2_Learning/ros2_workspace/install/prius_line_following/lib/python3.10/site-packages/prius_line_following
copying /home/saleheen_linux/others/ros_2_Learning/ros2_workspace/build/prius_line_following/build/lib/prius_line_following/__init__.py -> /home/saleheen_linux/others/ros_2_Learning/ros2_workspace/install/prius_line_following/lib/python3.10/site-packages/prius_line_following
byte-compiling /home/saleheen_linux/others/ros_2_Learning/ros2_workspace/install/prius_line_following/lib/python3.10/site-packages/prius_line_following/__init__.py to __init__.cpython-310.pyc
running install_data
creating /home/saleheen_linux/others/ros_2_Learning/ros2_workspace/install/prius_line_following/share/ament_index
creating /home/saleheen_linux/others/ros_2_Learning/ros2_workspace/install/prius_line_following/share/ament_index/resource_index
creating /home/saleheen_linux/others/ros_2_Learning/ros2_workspace/install/prius_line_following/share/ament_index/resource_index/packages
copying resource/prius_line_following -> /home/saleheen_linux/others/ros_2_Learning/ros2_workspace/install/prius_line_following/share/ament_index/resource_index/packages
copying package.xml -> /home/saleheen_linux/others/ros_2_Learning/ros2_workspace/install/prius_line_following/share/prius_line_following
running install_egg_info
Copying ../../build/prius_line_following/prius_line_following.egg-info to /home/saleheen_linux/others/ros_2_Learning/ros2_workspace/install/prius_line_following/lib/python3.10/site-packages/prius_line_following-0.0.0-py3.10.egg-info
running install_scripts
writing list of installed files to '/home/saleheen_linux/others/ros_2_Learning/ros2_workspace/build/prius_line_following/install.log'
