[0.714s] Invoking command in '/home/saleheen_linux/others/ros_2_Learning/ros2_workspace/src/prius_line_following': PYTHONPATH=/home/saleheen_linux/others/ros_2_Learning/ros2_workspace/build/prius_line_following/prefix_override:/usr/lib/python3/dist-packages/colcon_core/task/python/colcon_distutils_commands:/home/saleheen_linux/others/ros_2_Learning/ros2_workspace/install/prius_line_following/lib/python3.10/site-packages:${PYTHONPATH} /usr/bin/python3 -W ignore:setup.py install is deprecated setup.py egg_info --egg-base ../../build/prius_line_following build --build-base /home/saleheen_linux/others/ros_2_Learning/ros2_workspace/build/prius_line_following/build install --record /home/saleheen_linux/others/ros_2_Learning/ros2_workspace/build/prius_line_following/install.log --single-version-externally-managed install_data
[0.899s] running egg_info
[0.899s] creating ../../build/prius_line_following/prius_line_following.egg-info
[0.900s] writing ../../build/prius_line_following/prius_line_following.egg-info/PKG-INFO
[0.900s] writing dependency_links to ../../build/prius_line_following/prius_line_following.egg-info/dependency_links.txt
[0.900s] writing entry points to ../../build/prius_line_following/prius_line_following.egg-info/entry_points.txt
[0.900s] writing requirements to ../../build/prius_line_following/prius_line_following.egg-info/requires.txt
[0.900s] writing top-level names to ../../build/prius_line_following/prius_line_following.egg-info/top_level.txt
[0.900s] writing manifest file '../../build/prius_line_following/prius_line_following.egg-info/SOURCES.txt'
[0.901s] reading manifest file '../../build/prius_line_following/prius_line_following.egg-info/SOURCES.txt'
[0.902s] writing manifest file '../../build/prius_line_following/prius_line_following.egg-info/SOURCES.txt'
[0.902s] running build
[0.902s] running build_py
[0.902s] creating /home/saleheen_linux/others/ros_2_Learning/ros2_workspace/build/prius_line_following/build
[0.902s] creating /home/saleheen_linux/others/ros_2_Learning/ros2_workspace/build/prius_line_following/build/lib
[0.902s] creating /home/saleheen_linux/others/ros_2_Learning/ros2_workspace/build/prius_line_following/build/lib/prius_line_following
[0.902s] copying prius_line_following/__init__.py -> /home/saleheen_linux/others/ros_2_Learning/ros2_workspace/build/prius_line_following/build/lib/prius_line_following
[0.902s] running install
[0.902s] running install_lib
[0.903s] creating /home/saleheen_linux/others/ros_2_Learning/ros2_workspace/install/prius_line_following/lib/python3.10/site-packages/prius_line_following
[0.903s] copying /home/saleheen_linux/others/ros_2_Learning/ros2_workspace/build/prius_line_following/build/lib/prius_line_following/__init__.py -> /home/saleheen_linux/others/ros_2_Learning/ros2_workspace/install/prius_line_following/lib/python3.10/site-packages/prius_line_following
[0.903s] byte-compiling /home/saleheen_linux/others/ros_2_Learning/ros2_workspace/install/prius_line_following/lib/python3.10/site-packages/prius_line_following/__init__.py to __init__.cpython-310.pyc
[0.903s] running install_data
[0.903s] creating /home/saleheen_linux/others/ros_2_Learning/ros2_workspace/install/prius_line_following/share/ament_index
[0.903s] creating /home/saleheen_linux/others/ros_2_Learning/ros2_workspace/install/prius_line_following/share/ament_index/resource_index
[0.903s] creating /home/saleheen_linux/others/ros_2_Learning/ros2_workspace/install/prius_line_following/share/ament_index/resource_index/packages
[0.903s] copying resource/prius_line_following -> /home/saleheen_linux/others/ros_2_Learning/ros2_workspace/install/prius_line_following/share/ament_index/resource_index/packages
[0.904s] copying package.xml -> /home/saleheen_linux/others/ros_2_Learning/ros2_workspace/install/prius_line_following/share/prius_line_following
[0.904s] running install_egg_info
[0.905s] Copying ../../build/prius_line_following/prius_line_following.egg-info to /home/saleheen_linux/others/ros_2_Learning/ros2_workspace/install/prius_line_following/lib/python3.10/site-packages/prius_line_following-0.0.0-py3.10.egg-info
[0.905s] running install_scripts
[0.920s] writing list of installed files to '/home/saleheen_linux/others/ros_2_Learning/ros2_workspace/build/prius_line_following/install.log'
[0.942s] Invoked command in '/home/saleheen_linux/others/ros_2_Learning/ros2_workspace/src/prius_line_following' returned '0': PYTHONPATH=/home/saleheen_linux/others/ros_2_Learning/ros2_workspace/build/prius_line_following/prefix_override:/usr/lib/python3/dist-packages/colcon_core/task/python/colcon_distutils_commands:/home/saleheen_linux/others/ros_2_Learning/ros2_workspace/install/prius_line_following/lib/python3.10/site-packages:${PYTHONPATH} /usr/bin/python3 -W ignore:setup.py install is deprecated setup.py egg_info --egg-base ../../build/prius_line_following build --build-base /home/saleheen_linux/others/ros_2_Learning/ros2_workspace/build/prius_line_following/build install --record /home/saleheen_linux/others/ros_2_Learning/ros2_workspace/build/prius_line_following/install.log --single-version-externally-managed install_data
