/home/saleheen_linux/others/ros_2_Learning/ros2_workspace/install/rover/lib/python3.10/site-packages/rover/follow_wall.py
/home/saleheen_linux/others/ros_2_Learning/ros2_workspace/install/rover/lib/python3.10/site-packages/rover/__init__.py
/home/saleheen_linux/others/ros_2_Learning/ros2_workspace/install/rover/lib/python3.10/site-packages/rover/obstacle_avoiding.py
/home/saleheen_linux/others/ros_2_Learning/ros2_workspace/install/rover/lib/python3.10/site-packages/rover/__pycache__/follow_wall.cpython-310.pyc
/home/saleheen_linux/others/ros_2_Learning/ros2_workspace/install/rover/lib/python3.10/site-packages/rover/__pycache__/__init__.cpython-310.pyc
/home/saleheen_linux/others/ros_2_Learning/ros2_workspace/install/rover/lib/python3.10/site-packages/rover/__pycache__/obstacle_avoiding.cpython-310.pyc
/home/saleheen_linux/others/ros_2_Learning/ros2_workspace/install/rover/share/ament_index/resource_index/packages/rover
/home/saleheen_linux/others/ros_2_Learning/ros2_workspace/install/rover/share/rover/package.xml
/home/saleheen_linux/others/ros_2_Learning/ros2_workspace/install/rover/share/rover/launch/2_gazebo.launch.py
/home/saleheen_linux/others/ros_2_Learning/ros2_workspace/install/rover/share/rover/launch/1_rviz.launch.py
/home/saleheen_linux/others/ros_2_Learning/ros2_workspace/install/rover/share/rover/worlds/blocks.sdf
/home/saleheen_linux/others/ros_2_Learning/ros2_workspace/install/rover/share/rover/urdf/rover.urdf
/home/saleheen_linux/others/ros_2_Learning/ros2_workspace/install/rover/share/rover/urdf/config.rviz
/home/saleheen_linux/others/ros_2_Learning/ros2_workspace/install/rover/lib/rover
/home/saleheen_linux/others/ros_2_Learning/ros2_workspace/install/rover/lib/python3.10/site-packages/rover-0.0.0-py3.10.egg-info/dependency_links.txt
/home/saleheen_linux/others/ros_2_Learning/ros2_workspace/install/rover/lib/python3.10/site-packages/rover-0.0.0-py3.10.egg-info/requires.txt
/home/saleheen_linux/others/ros_2_Learning/ros2_workspace/install/rover/lib/python3.10/site-packages/rover-0.0.0-py3.10.egg-info/PKG-INFO
/home/saleheen_linux/others/ros_2_Learning/ros2_workspace/install/rover/lib/python3.10/site-packages/rover-0.0.0-py3.10.egg-info/top_level.txt
/home/saleheen_linux/others/ros_2_Learning/ros2_workspace/install/rover/lib/python3.10/site-packages/rover-0.0.0-py3.10.egg-info/SOURCES.txt
/home/saleheen_linux/others/ros_2_Learning/ros2_workspace/install/rover/lib/python3.10/site-packages/rover-0.0.0-py3.10.egg-info/zip-safe
/home/saleheen_linux/others/ros_2_Learning/ros2_workspace/install/rover/lib/python3.10/site-packages/rover-0.0.0-py3.10.egg-info/entry_points.txt
/home/saleheen_linux/others/ros_2_Learning/ros2_workspace/install/rover/lib/rover/obstacle_avoidance
/home/saleheen_linux/others/ros_2_Learning/ros2_workspace/install/rover/lib/rover/wall_following
