[0.077s] DEBUG:colcon:Command line arguments: ['/usr/bin/colcon', 'build', '--packages-select', 'rover_cpp']
[0.078s] DEBUG:colcon:Parsed command line arguments: Namespace(log_base=None, log_level=None, verb_name='build', build_base='build', install_base='install', merge_install=False, symlink_install=False, test_result_base=None, continue_on_error=False, executor='parallel', parallel_workers=16, event_handlers=None, ignore_user_meta=False, metas=['./colcon.meta'], base_paths=['.'], packages_ignore=None, packages_ignore_regex=None, paths=None, packages_up_to=None, packages_up_to_regex=None, packages_above=None, packages_above_and_dependencies=None, packages_above_depth=None, packages_select_by_dep=None, packages_skip_by_dep=None, packages_skip_up_to=None, packages_select_build_failed=False, packages_skip_build_finished=False, packages_select_test_failures=False, packages_skip_test_passed=False, packages_select=['rover_cpp'], packages_skip=None, packages_select_regex=None, packages_skip_regex=None, packages_start=None, packages_end=None, allow_overriding=[], cmake_args=None, cmake_target=None, cmake_target_skip_unavailable=False, cmake_clean_cache=False, cmake_clean_first=False, cmake_force_configure=False, ament_cmake_args=None, catkin_cmake_args=None, catkin_skip_building_tests=False, mixin_files=None, mixin=None, verb_parser=<colcon_mixin.mixin.mixin_argument.MixinArgumentDecorator object at 0x7c0a2bd3bc40>, verb_extension=<colcon_core.verb.build.BuildVerb object at 0x7c0a2beed5d0>, main=<bound method BuildVerb.main of <colcon_core.verb.build.BuildVerb object at 0x7c0a2beed5d0>>, mixin_verb=('build',))
[0.211s] Level 1:colcon.colcon_core.package_discovery:discover_packages(colcon_meta) check parameters
[0.211s] Level 1:colcon.colcon_core.package_discovery:discover_packages(recursive) check parameters
[0.211s] Level 1:colcon.colcon_core.package_discovery:discover_packages(ignore) check parameters
[0.211s] Level 1:colcon.colcon_core.package_discovery:discover_packages(path) check parameters
[0.211s] Level 1:colcon.colcon_core.package_discovery:discover_packages(colcon_meta) discover
[0.211s] Level 1:colcon.colcon_core.package_discovery:discover_packages(recursive) discover
[0.211s] INFO:colcon.colcon_core.package_discovery:Crawling recursively for packages in '/home/saleheen_linux/others/ros_2_Learning/ros2_ws_cpp'
[0.211s] Level 1:colcon.colcon_core.package_identification:_identify(.) by extensions ['ignore', 'ignore_ament_install']
[0.211s] Level 1:colcon.colcon_core.package_identification:_identify(.) by extension 'ignore'
[0.211s] Level 1:colcon.colcon_core.package_identification:_identify(.) by extension 'ignore_ament_install'
[0.211s] Level 1:colcon.colcon_core.package_identification:_identify(.) by extensions ['colcon_pkg']
[0.211s] Level 1:colcon.colcon_core.package_identification:_identify(.) by extension 'colcon_pkg'
[0.212s] Level 1:colcon.colcon_core.package_identification:_identify(.) by extensions ['colcon_meta']
[0.212s] Level 1:colcon.colcon_core.package_identification:_identify(.) by extension 'colcon_meta'
[0.212s] Level 1:colcon.colcon_core.package_identification:_identify(.) by extensions ['ros']
[0.212s] Level 1:colcon.colcon_core.package_identification:_identify(.) by extension 'ros'
[0.225s] Level 1:colcon.colcon_core.package_identification:_identify(.) by extensions ['cmake', 'python']
[0.225s] Level 1:colcon.colcon_core.package_identification:_identify(.) by extension 'cmake'
[0.225s] Level 1:colcon.colcon_core.package_identification:_identify(.) by extension 'python'
[0.225s] Level 1:colcon.colcon_core.package_identification:_identify(.) by extensions ['python_setup_py']
[0.225s] Level 1:colcon.colcon_core.package_identification:_identify(.) by extension 'python_setup_py'
[0.225s] Level 1:colcon.colcon_core.package_identification:_identify(build) by extensions ['ignore', 'ignore_ament_install']
[0.225s] Level 1:colcon.colcon_core.package_identification:_identify(build) by extension 'ignore'
[0.225s] Level 1:colcon.colcon_core.package_identification:_identify(build) ignored
[0.226s] Level 1:colcon.colcon_core.package_identification:_identify(install) by extensions ['ignore', 'ignore_ament_install']
[0.226s] Level 1:colcon.colcon_core.package_identification:_identify(install) by extension 'ignore'
[0.226s] Level 1:colcon.colcon_core.package_identification:_identify(install) ignored
[0.226s] Level 1:colcon.colcon_core.package_identification:_identify(log) by extensions ['ignore', 'ignore_ament_install']
[0.226s] Level 1:colcon.colcon_core.package_identification:_identify(log) by extension 'ignore'
[0.226s] Level 1:colcon.colcon_core.package_identification:_identify(log) ignored
[0.226s] Level 1:colcon.colcon_core.package_identification:_identify(src) by extensions ['ignore', 'ignore_ament_install']
[0.226s] Level 1:colcon.colcon_core.package_identification:_identify(src) by extension 'ignore'
[0.226s] Level 1:colcon.colcon_core.package_identification:_identify(src) by extension 'ignore_ament_install'
[0.226s] Level 1:colcon.colcon_core.package_identification:_identify(src) by extensions ['colcon_pkg']
[0.226s] Level 1:colcon.colcon_core.package_identification:_identify(src) by extension 'colcon_pkg'
[0.226s] Level 1:colcon.colcon_core.package_identification:_identify(src) by extensions ['colcon_meta']
[0.226s] Level 1:colcon.colcon_core.package_identification:_identify(src) by extension 'colcon_meta'
[0.226s] Level 1:colcon.colcon_core.package_identification:_identify(src) by extensions ['ros']
[0.226s] Level 1:colcon.colcon_core.package_identification:_identify(src) by extension 'ros'
[0.226s] Level 1:colcon.colcon_core.package_identification:_identify(src) by extensions ['cmake', 'python']
[0.226s] Level 1:colcon.colcon_core.package_identification:_identify(src) by extension 'cmake'
[0.226s] Level 1:colcon.colcon_core.package_identification:_identify(src) by extension 'python'
[0.226s] Level 1:colcon.colcon_core.package_identification:_identify(src) by extensions ['python_setup_py']
[0.226s] Level 1:colcon.colcon_core.package_identification:_identify(src) by extension 'python_setup_py'
[0.226s] Level 1:colcon.colcon_core.package_identification:_identify(src/cpp_pubsub) by extensions ['ignore', 'ignore_ament_install']
[0.226s] Level 1:colcon.colcon_core.package_identification:_identify(src/cpp_pubsub) by extension 'ignore'
[0.226s] Level 1:colcon.colcon_core.package_identification:_identify(src/cpp_pubsub) by extension 'ignore_ament_install'
[0.226s] Level 1:colcon.colcon_core.package_identification:_identify(src/cpp_pubsub) by extensions ['colcon_pkg']
[0.227s] Level 1:colcon.colcon_core.package_identification:_identify(src/cpp_pubsub) by extension 'colcon_pkg'
[0.227s] Level 1:colcon.colcon_core.package_identification:_identify(src/cpp_pubsub) by extensions ['colcon_meta']
[0.227s] Level 1:colcon.colcon_core.package_identification:_identify(src/cpp_pubsub) by extension 'colcon_meta'
[0.227s] Level 1:colcon.colcon_core.package_identification:_identify(src/cpp_pubsub) by extensions ['ros']
[0.227s] Level 1:colcon.colcon_core.package_identification:_identify(src/cpp_pubsub) by extension 'ros'
[0.228s] DEBUG:colcon.colcon_core.package_identification:Package 'src/cpp_pubsub' with type 'ros.ament_cmake' and name 'cpp_pubsub'
[0.228s] Level 1:colcon.colcon_core.package_identification:_identify(src/rover_cpp) by extensions ['ignore', 'ignore_ament_install']
[0.228s] Level 1:colcon.colcon_core.package_identification:_identify(src/rover_cpp) by extension 'ignore'
[0.228s] Level 1:colcon.colcon_core.package_identification:_identify(src/rover_cpp) by extension 'ignore_ament_install'
[0.229s] Level 1:colcon.colcon_core.package_identification:_identify(src/rover_cpp) by extensions ['colcon_pkg']
[0.229s] Level 1:colcon.colcon_core.package_identification:_identify(src/rover_cpp) by extension 'colcon_pkg'
[0.229s] Level 1:colcon.colcon_core.package_identification:_identify(src/rover_cpp) by extensions ['colcon_meta']
[0.229s] Level 1:colcon.colcon_core.package_identification:_identify(src/rover_cpp) by extension 'colcon_meta'
[0.229s] Level 1:colcon.colcon_core.package_identification:_identify(src/rover_cpp) by extensions ['ros']
[0.229s] Level 1:colcon.colcon_core.package_identification:_identify(src/rover_cpp) by extension 'ros'
[0.229s] DEBUG:colcon.colcon_core.package_identification:Package 'src/rover_cpp' with type 'ros.ament_cmake' and name 'rover_cpp'
[0.229s] Level 1:colcon.colcon_core.package_discovery:discover_packages(recursive) using defaults
[0.229s] Level 1:colcon.colcon_core.package_discovery:discover_packages(ignore) discover
[0.229s] Level 1:colcon.colcon_core.package_discovery:discover_packages(ignore) using defaults
[0.229s] Level 1:colcon.colcon_core.package_discovery:discover_packages(path) discover
[0.229s] Level 1:colcon.colcon_core.package_discovery:discover_packages(path) using defaults
[0.243s] INFO:colcon.colcon_core.package_selection:Skipping not selected package 'cpp_pubsub' in 'src/cpp_pubsub'
[0.243s] Level 1:colcon.colcon_core.package_discovery:discover_packages(prefix_path) check parameters
[0.243s] Level 1:colcon.colcon_core.package_discovery:discover_packages(prefix_path) discover
[0.244s] DEBUG:colcon.colcon_installed_package_information.package_discovery:Found 2 installed packages in /home/saleheen_linux/others/ros_2_Learning/ros2_ws_cpp/install
[0.244s] DEBUG:colcon.colcon_installed_package_information.package_discovery:Found 1 installed packages in /home/saleheen_linux/others/ros_2_Learning/ros2_workspace/install
[0.246s] DEBUG:colcon.colcon_installed_package_information.package_discovery:Found 334 installed packages in /opt/ros/humble
[0.247s] Level 1:colcon.colcon_core.package_discovery:discover_packages(prefix_path) using defaults
[0.277s] Level 5:colcon.colcon_core.verb:set package 'rover_cpp' build argument 'cmake_args' from command line to 'None'
[0.277s] Level 5:colcon.colcon_core.verb:set package 'rover_cpp' build argument 'cmake_target' from command line to 'None'
[0.277s] Level 5:colcon.colcon_core.verb:set package 'rover_cpp' build argument 'cmake_target_skip_unavailable' from command line to 'False'
[0.277s] Level 5:colcon.colcon_core.verb:set package 'rover_cpp' build argument 'cmake_clean_cache' from command line to 'False'
[0.277s] Level 5:colcon.colcon_core.verb:set package 'rover_cpp' build argument 'cmake_clean_first' from command line to 'False'
[0.277s] Level 5:colcon.colcon_core.verb:set package 'rover_cpp' build argument 'cmake_force_configure' from command line to 'False'
[0.277s] Level 5:colcon.colcon_core.verb:set package 'rover_cpp' build argument 'ament_cmake_args' from command line to 'None'
[0.277s] Level 5:colcon.colcon_core.verb:set package 'rover_cpp' build argument 'catkin_cmake_args' from command line to 'None'
[0.277s] Level 5:colcon.colcon_core.verb:set package 'rover_cpp' build argument 'catkin_skip_building_tests' from command line to 'False'
[0.277s] DEBUG:colcon.colcon_core.verb:Building package 'rover_cpp' with the following arguments: {'ament_cmake_args': None, 'build_base': '/home/saleheen_linux/others/ros_2_Learning/ros2_ws_cpp/build/rover_cpp', 'catkin_cmake_args': None, 'catkin_skip_building_tests': False, 'cmake_args': None, 'cmake_clean_cache': False, 'cmake_clean_first': False, 'cmake_force_configure': False, 'cmake_target': None, 'cmake_target_skip_unavailable': False, 'install_base': '/home/saleheen_linux/others/ros_2_Learning/ros2_ws_cpp/install/rover_cpp', 'merge_install': False, 'path': '/home/saleheen_linux/others/ros_2_Learning/ros2_ws_cpp/src/rover_cpp', 'symlink_install': False, 'test_result_base': None}
[0.277s] INFO:colcon.colcon_core.executor:Executing jobs using 'parallel' executor
[0.278s] DEBUG:colcon.colcon_parallel_executor.executor.parallel:run_until_complete
[0.278s] INFO:colcon.colcon_ros.task.ament_cmake.build:Building ROS package in '/home/saleheen_linux/others/ros_2_Learning/ros2_ws_cpp/src/rover_cpp' with build type 'ament_cmake'
[0.278s] INFO:colcon.colcon_cmake.task.cmake.build:Building CMake package in '/home/saleheen_linux/others/ros_2_Learning/ros2_ws_cpp/src/rover_cpp'
[0.280s] INFO:colcon.colcon_core.plugin_system:Skipping extension 'colcon_core.shell.bat': Not used on non-Windows systems
[0.280s] INFO:colcon.colcon_core.shell:Skip shell extension 'powershell' for command environment: Not usable outside of PowerShell
[0.280s] DEBUG:colcon.colcon_core.shell:Skip shell extension 'dsv' for command environment
[0.287s] DEBUG:colcon.colcon_core.event_handler.log_command:Invoking command in '/home/saleheen_linux/others/ros_2_Learning/ros2_ws_cpp/build/rover_cpp': CMAKE_PREFIX_PATH=${CMAKE_PREFIX_PATH}:/home/saleheen_linux/others/ros_2_Learning/ros2_workspace/install/rover:/opt/ros/humble /usr/bin/cmake --build /home/saleheen_linux/others/ros_2_Learning/ros2_ws_cpp/build/rover_cpp -- -j16 -l16
[9.471s] DEBUG:colcon.colcon_core.event_handler.log_command:Invoked command in '/home/saleheen_linux/others/ros_2_Learning/ros2_ws_cpp/build/rover_cpp' returned '0': CMAKE_PREFIX_PATH=${CMAKE_PREFIX_PATH}:/home/saleheen_linux/others/ros_2_Learning/ros2_workspace/install/rover:/opt/ros/humble /usr/bin/cmake --build /home/saleheen_linux/others/ros_2_Learning/ros2_ws_cpp/build/rover_cpp -- -j16 -l16
[9.511s] DEBUG:colcon.colcon_core.event_handler.log_command:Invoking command in '/home/saleheen_linux/others/ros_2_Learning/ros2_ws_cpp/build/rover_cpp': CMAKE_PREFIX_PATH=${CMAKE_PREFIX_PATH}:/home/saleheen_linux/others/ros_2_Learning/ros2_workspace/install/rover:/opt/ros/humble /usr/bin/cmake --install /home/saleheen_linux/others/ros_2_Learning/ros2_ws_cpp/build/rover_cpp
[9.527s] Level 1:colcon.colcon_core.environment:create_environment_scripts_only(rover_cpp)
[9.527s] DEBUG:colcon.colcon_core.event_handler.log_command:Invoked command in '/home/saleheen_linux/others/ros_2_Learning/ros2_ws_cpp/build/rover_cpp' returned '0': CMAKE_PREFIX_PATH=${CMAKE_PREFIX_PATH}:/home/saleheen_linux/others/ros_2_Learning/ros2_workspace/install/rover:/opt/ros/humble /usr/bin/cmake --install /home/saleheen_linux/others/ros_2_Learning/ros2_ws_cpp/build/rover_cpp
[9.529s] Level 1:colcon.colcon_core.environment:checking '/home/saleheen_linux/others/ros_2_Learning/ros2_ws_cpp/install/rover_cpp' for CMake module files
[9.529s] Level 1:colcon.colcon_core.environment:checking '/home/saleheen_linux/others/ros_2_Learning/ros2_ws_cpp/install/rover_cpp' for CMake config files
[9.530s] Level 1:colcon.colcon_core.shell:create_environment_hook('rover_cpp', 'cmake_prefix_path')
[9.530s] INFO:colcon.colcon_core.shell:Creating environment hook '/home/saleheen_linux/others/ros_2_Learning/ros2_ws_cpp/install/rover_cpp/share/rover_cpp/hook/cmake_prefix_path.ps1'
[9.530s] INFO:colcon.colcon_core.shell:Creating environment descriptor '/home/saleheen_linux/others/ros_2_Learning/ros2_ws_cpp/install/rover_cpp/share/rover_cpp/hook/cmake_prefix_path.dsv'
[9.531s] INFO:colcon.colcon_core.shell:Creating environment hook '/home/saleheen_linux/others/ros_2_Learning/ros2_ws_cpp/install/rover_cpp/share/rover_cpp/hook/cmake_prefix_path.sh'
[9.531s] Level 1:colcon.colcon_core.environment:checking '/home/saleheen_linux/others/ros_2_Learning/ros2_ws_cpp/install/rover_cpp/lib'
[9.532s] Level 1:colcon.colcon_core.environment:checking '/home/saleheen_linux/others/ros_2_Learning/ros2_ws_cpp/install/rover_cpp/bin'
[9.532s] Level 1:colcon.colcon_core.environment:checking '/home/saleheen_linux/others/ros_2_Learning/ros2_ws_cpp/install/rover_cpp/lib/pkgconfig/rover_cpp.pc'
[9.532s] Level 1:colcon.colcon_core.environment:checking '/home/saleheen_linux/others/ros_2_Learning/ros2_ws_cpp/install/rover_cpp/lib/python3.10/site-packages'
[9.532s] Level 1:colcon.colcon_core.environment:checking '/home/saleheen_linux/others/ros_2_Learning/ros2_ws_cpp/install/rover_cpp/bin'
[9.532s] INFO:colcon.colcon_core.shell:Creating package script '/home/saleheen_linux/others/ros_2_Learning/ros2_ws_cpp/install/rover_cpp/share/rover_cpp/package.ps1'
[9.533s] INFO:colcon.colcon_core.shell:Creating package descriptor '/home/saleheen_linux/others/ros_2_Learning/ros2_ws_cpp/install/rover_cpp/share/rover_cpp/package.dsv'
[9.533s] INFO:colcon.colcon_core.shell:Creating package script '/home/saleheen_linux/others/ros_2_Learning/ros2_ws_cpp/install/rover_cpp/share/rover_cpp/package.sh'
[9.534s] INFO:colcon.colcon_core.shell:Creating package script '/home/saleheen_linux/others/ros_2_Learning/ros2_ws_cpp/install/rover_cpp/share/rover_cpp/package.bash'
[9.534s] INFO:colcon.colcon_core.shell:Creating package script '/home/saleheen_linux/others/ros_2_Learning/ros2_ws_cpp/install/rover_cpp/share/rover_cpp/package.zsh'
[9.535s] Level 1:colcon.colcon_core.environment:create_file_with_runtime_dependencies(/home/saleheen_linux/others/ros_2_Learning/ros2_ws_cpp/install/rover_cpp/share/colcon-core/packages/rover_cpp)
[9.564s] Level 1:colcon.colcon_core.environment:create_environment_scripts_only(rover_cpp)
[9.564s] Level 1:colcon.colcon_core.environment:checking '/home/saleheen_linux/others/ros_2_Learning/ros2_ws_cpp/install/rover_cpp' for CMake module files
[9.564s] Level 1:colcon.colcon_core.environment:checking '/home/saleheen_linux/others/ros_2_Learning/ros2_ws_cpp/install/rover_cpp' for CMake config files
[9.564s] Level 1:colcon.colcon_core.shell:create_environment_hook('rover_cpp', 'cmake_prefix_path')
[9.565s] INFO:colcon.colcon_core.shell:Creating environment hook '/home/saleheen_linux/others/ros_2_Learning/ros2_ws_cpp/install/rover_cpp/share/rover_cpp/hook/cmake_prefix_path.ps1'
[9.565s] INFO:colcon.colcon_core.shell:Creating environment descriptor '/home/saleheen_linux/others/ros_2_Learning/ros2_ws_cpp/install/rover_cpp/share/rover_cpp/hook/cmake_prefix_path.dsv'
[9.565s] INFO:colcon.colcon_core.shell:Creating environment hook '/home/saleheen_linux/others/ros_2_Learning/ros2_ws_cpp/install/rover_cpp/share/rover_cpp/hook/cmake_prefix_path.sh'
[9.566s] Level 1:colcon.colcon_core.environment:checking '/home/saleheen_linux/others/ros_2_Learning/ros2_ws_cpp/install/rover_cpp/lib'
[9.566s] Level 1:colcon.colcon_core.environment:checking '/home/saleheen_linux/others/ros_2_Learning/ros2_ws_cpp/install/rover_cpp/bin'
[9.566s] Level 1:colcon.colcon_core.environment:checking '/home/saleheen_linux/others/ros_2_Learning/ros2_ws_cpp/install/rover_cpp/lib/pkgconfig/rover_cpp.pc'
[9.566s] Level 1:colcon.colcon_core.environment:checking '/home/saleheen_linux/others/ros_2_Learning/ros2_ws_cpp/install/rover_cpp/lib/python3.10/site-packages'
[9.566s] Level 1:colcon.colcon_core.environment:checking '/home/saleheen_linux/others/ros_2_Learning/ros2_ws_cpp/install/rover_cpp/bin'
[9.566s] INFO:colcon.colcon_core.shell:Creating package script '/home/saleheen_linux/others/ros_2_Learning/ros2_ws_cpp/install/rover_cpp/share/rover_cpp/package.ps1'
[9.567s] INFO:colcon.colcon_core.shell:Creating package descriptor '/home/saleheen_linux/others/ros_2_Learning/ros2_ws_cpp/install/rover_cpp/share/rover_cpp/package.dsv'
[9.567s] INFO:colcon.colcon_core.shell:Creating package script '/home/saleheen_linux/others/ros_2_Learning/ros2_ws_cpp/install/rover_cpp/share/rover_cpp/package.sh'
[9.567s] INFO:colcon.colcon_core.shell:Creating package script '/home/saleheen_linux/others/ros_2_Learning/ros2_ws_cpp/install/rover_cpp/share/rover_cpp/package.bash'
[9.567s] INFO:colcon.colcon_core.shell:Creating package script '/home/saleheen_linux/others/ros_2_Learning/ros2_ws_cpp/install/rover_cpp/share/rover_cpp/package.zsh'
[9.568s] Level 1:colcon.colcon_core.environment:create_file_with_runtime_dependencies(/home/saleheen_linux/others/ros_2_Learning/ros2_ws_cpp/install/rover_cpp/share/colcon-core/packages/rover_cpp)
[9.568s] DEBUG:colcon.colcon_parallel_executor.executor.parallel:closing loop
[9.568s] DEBUG:colcon.colcon_parallel_executor.executor.parallel:loop closed
[9.568s] DEBUG:colcon.colcon_parallel_executor.executor.parallel:run_until_complete finished with '0'
[9.568s] DEBUG:colcon.colcon_core.event_reactor:joining thread
[9.573s] INFO:colcon.colcon_core.plugin_system:Skipping extension 'colcon_notification.desktop_notification.terminal_notifier': Not used on non-Darwin systems
[9.573s] INFO:colcon.colcon_core.plugin_system:Skipping extension 'colcon_notification.desktop_notification.win32': Not used on non-Windows systems
[9.573s] INFO:colcon.colcon_notification.desktop_notification:Sending desktop notification using 'notify2'
[9.584s] DEBUG:colcon.colcon_core.event_reactor:joined thread
[9.584s] INFO:colcon.colcon_core.shell:Creating prefix script '/home/saleheen_linux/others/ros_2_Learning/ros2_ws_cpp/install/local_setup.ps1'
[9.585s] INFO:colcon.colcon_core.shell:Creating prefix util module '/home/saleheen_linux/others/ros_2_Learning/ros2_ws_cpp/install/_local_setup_util_ps1.py'
[9.586s] INFO:colcon.colcon_core.shell:Creating prefix chain script '/home/saleheen_linux/others/ros_2_Learning/ros2_ws_cpp/install/setup.ps1'
[9.587s] INFO:colcon.colcon_core.shell:Creating prefix script '/home/saleheen_linux/others/ros_2_Learning/ros2_ws_cpp/install/local_setup.sh'
[9.587s] INFO:colcon.colcon_core.shell:Creating prefix util module '/home/saleheen_linux/others/ros_2_Learning/ros2_ws_cpp/install/_local_setup_util_sh.py'
[9.587s] INFO:colcon.colcon_core.shell:Creating prefix chain script '/home/saleheen_linux/others/ros_2_Learning/ros2_ws_cpp/install/setup.sh'
[9.588s] INFO:colcon.colcon_core.shell:Creating prefix script '/home/saleheen_linux/others/ros_2_Learning/ros2_ws_cpp/install/local_setup.bash'
[9.589s] INFO:colcon.colcon_core.shell:Creating prefix chain script '/home/saleheen_linux/others/ros_2_Learning/ros2_ws_cpp/install/setup.bash'
[9.590s] INFO:colcon.colcon_core.shell:Creating prefix script '/home/saleheen_linux/others/ros_2_Learning/ros2_ws_cpp/install/local_setup.zsh'
[9.590s] INFO:colcon.colcon_core.shell:Creating prefix chain script '/home/saleheen_linux/others/ros_2_Learning/ros2_ws_cpp/install/setup.zsh'
