running egg_info
writing ../../build/prius_line_following/prius_line_following.egg-info/PKG-INFO
writing dependency_links to ../../build/prius_line_following/prius_line_following.egg-info/dependency_links.txt
writing entry points to ../../build/prius_line_following/prius_line_following.egg-info/entry_points.txt
writing requirements to ../../build/prius_line_following/prius_line_following.egg-info/requires.txt
writing top-level names to ../../build/prius_line_following/prius_line_following.egg-info/top_level.txt
reading manifest file '../../build/prius_line_following/prius_line_following.egg-info/SOURCES.txt'
writing manifest file '../../build/prius_line_following/prius_line_following.egg-info/SOURCES.txt'
running build
running build_py
copying prius_line_following/video_save.py -> /home/saleheen_linux/others/ros_2_Learning/ros2_workspace/build/prius_line_following/build/lib/prius_line_following
running install
running install_lib
copying /home/saleheen_linux/others/ros_2_Learning/ros2_workspace/build/prius_line_following/build/lib/prius_line_following/video_save.py -> /home/saleheen_linux/others/ros_2_Learning/ros2_workspace/install/prius_line_following/lib/python3.10/site-packages/prius_line_following
byte-compiling /home/saleheen_linux/others/ros_2_Learning/ros2_workspace/install/prius_line_following/lib/python3.10/site-packages/prius_line_following/video_save.py to video_save.cpython-310.pyc
running install_data
copying package.xml -> /home/saleheen_linux/others/ros_2_Learning/ros2_workspace/install/prius_line_following/share/prius_line_following
running install_egg_info
removing '/home/saleheen_linux/others/ros_2_Learning/ros2_workspace/install/prius_line_following/lib/python3.10/site-packages/prius_line_following-0.0.0-py3.10.egg-info' (and everything under it)
Copying ../../build/prius_line_following/prius_line_following.egg-info to /home/saleheen_linux/others/ros_2_Learning/ros2_workspace/install/prius_line_following/lib/python3.10/site-packages/prius_line_following-0.0.0-py3.10.egg-info
running install_scripts
Installing video_saver script to /home/saleheen_linux/others/ros_2_Learning/ros2_workspace/install/prius_line_following/lib/prius_line_following
writing list of installed files to '/home/saleheen_linux/others/ros_2_Learning/ros2_workspace/build/prius_line_following/install.log'
