[0.675s] Invoking command in '/home/saleheen_linux/others/ros_2_Learning/ros2_workspace/src/prius_line_following': PYTHONPATH=/home/saleheen_linux/others/ros_2_Learning/ros2_workspace/build/prius_line_following/prefix_override:/usr/lib/python3/dist-packages/colcon_core/task/python/colcon_distutils_commands:/home/saleheen_linux/others/ros_2_Learning/ros2_workspace/install/prius_line_following/lib/python3.10/site-packages:${PYTHONPATH} /usr/bin/python3 -W ignore:setup.py install is deprecated setup.py egg_info --egg-base ../../build/prius_line_following build --build-base /home/saleheen_linux/others/ros_2_Learning/ros2_workspace/build/prius_line_following/build install --record /home/saleheen_linux/others/ros_2_Learning/ros2_workspace/build/prius_line_following/install.log --single-version-externally-managed install_data
[0.891s] running egg_info
[0.891s] writing ../../build/prius_line_following/prius_line_following.egg-info/PKG-INFO
[0.891s] writing dependency_links to ../../build/prius_line_following/prius_line_following.egg-info/dependency_links.txt
[0.892s] writing entry points to ../../build/prius_line_following/prius_line_following.egg-info/entry_points.txt
[0.892s] writing requirements to ../../build/prius_line_following/prius_line_following.egg-info/requires.txt
[0.892s] writing top-level names to ../../build/prius_line_following/prius_line_following.egg-info/top_level.txt
[0.893s] reading manifest file '../../build/prius_line_following/prius_line_following.egg-info/SOURCES.txt'
[0.894s] writing manifest file '../../build/prius_line_following/prius_line_following.egg-info/SOURCES.txt'
[0.894s] running build
[0.894s] running build_py
[0.894s] copying prius_line_following/video_save.py -> /home/saleheen_linux/others/ros_2_Learning/ros2_workspace/build/prius_line_following/build/lib/prius_line_following
[0.894s] running install
[0.894s] running install_lib
[0.895s] copying /home/saleheen_linux/others/ros_2_Learning/ros2_workspace/build/prius_line_following/build/lib/prius_line_following/video_save.py -> /home/saleheen_linux/others/ros_2_Learning/ros2_workspace/install/prius_line_following/lib/python3.10/site-packages/prius_line_following
[0.895s] byte-compiling /home/saleheen_linux/others/ros_2_Learning/ros2_workspace/install/prius_line_following/lib/python3.10/site-packages/prius_line_following/video_save.py to video_save.cpython-310.pyc
[0.896s] running install_data
[0.896s] copying package.xml -> /home/saleheen_linux/others/ros_2_Learning/ros2_workspace/install/prius_line_following/share/prius_line_following
[0.896s] running install_egg_info
[0.897s] removing '/home/saleheen_linux/others/ros_2_Learning/ros2_workspace/install/prius_line_following/lib/python3.10/site-packages/prius_line_following-0.0.0-py3.10.egg-info' (and everything under it)
[0.898s] Copying ../../build/prius_line_following/prius_line_following.egg-info to /home/saleheen_linux/others/ros_2_Learning/ros2_workspace/install/prius_line_following/lib/python3.10/site-packages/prius_line_following-0.0.0-py3.10.egg-info
[0.898s] running install_scripts
[0.913s] Installing video_saver script to /home/saleheen_linux/others/ros_2_Learning/ros2_workspace/install/prius_line_following/lib/prius_line_following
[0.913s] writing list of installed files to '/home/saleheen_linux/others/ros_2_Learning/ros2_workspace/build/prius_line_following/install.log'
[0.932s] Invoked command in '/home/saleheen_linux/others/ros_2_Learning/ros2_workspace/src/prius_line_following' returned '0': PYTHONPATH=/home/saleheen_linux/others/ros_2_Learning/ros2_workspace/build/prius_line_following/prefix_override:/usr/lib/python3/dist-packages/colcon_core/task/python/colcon_distutils_commands:/home/saleheen_linux/others/ros_2_Learning/ros2_workspace/install/prius_line_following/lib/python3.10/site-packages:${PYTHONPATH} /usr/bin/python3 -W ignore:setup.py install is deprecated setup.py egg_info --egg-base ../../build/prius_line_following build --build-base /home/saleheen_linux/others/ros_2_Learning/ros2_workspace/build/prius_line_following/build install --record /home/saleheen_linux/others/ros_2_Learning/ros2_workspace/build/prius_line_following/install.log --single-version-externally-managed install_data
