[0.681s] Invoking command in '/home/saleheen_linux/others/ros_2_Learning/ros2_workspace/src/prius_line_following': PYTHONPATH=/home/saleheen_linux/others/ros_2_Learning/ros2_workspace/build/prius_line_following/prefix_override:/usr/lib/python3/dist-packages/colcon_core/task/python/colcon_distutils_commands:/home/saleheen_linux/others/ros_2_Learning/ros2_workspace/install/prius_line_following/lib/python3.10/site-packages:${PYTHONPATH} /usr/bin/python3 -W ignore:setup.py install is deprecated setup.py egg_info --egg-base ../../build/prius_line_following build --build-base /home/saleheen_linux/others/ros_2_Learning/ros2_workspace/build/prius_line_following/build install --record /home/saleheen_linux/others/ros_2_Learning/ros2_workspace/build/prius_line_following/install.log --single-version-externally-managed install_data
[0.869s] running egg_info
[0.870s] writing ../../build/prius_line_following/prius_line_following.egg-info/PKG-INFO
[0.870s] writing dependency_links to ../../build/prius_line_following/prius_line_following.egg-info/dependency_links.txt
[0.870s] writing entry points to ../../build/prius_line_following/prius_line_following.egg-info/entry_points.txt
[0.870s] writing requirements to ../../build/prius_line_following/prius_line_following.egg-info/requires.txt
[0.870s] writing top-level names to ../../build/prius_line_following/prius_line_following.egg-info/top_level.txt
[0.871s] reading manifest file '../../build/prius_line_following/prius_line_following.egg-info/SOURCES.txt'
[0.872s] writing manifest file '../../build/prius_line_following/prius_line_following.egg-info/SOURCES.txt'
[0.872s] running build
[0.872s] running build_py
[0.872s] running install
[0.872s] running install_lib
[0.873s] running install_data
[0.873s] creating /home/saleheen_linux/others/ros_2_Learning/ros2_workspace/install/prius_line_following/share/prius_line_following/launch
[0.873s] copying launch/car_on_track.launch.py -> /home/saleheen_linux/others/ros_2_Learning/ros2_workspace/install/prius_line_following/share/prius_line_following/launch
[0.873s] creating /home/saleheen_linux/others/ros_2_Learning/ros2_workspace/install/prius_line_following/share/prius_line_following/worlds
[0.873s] copying worlds/prius_on_track.world -> /home/saleheen_linux/others/ros_2_Learning/ros2_workspace/install/prius_line_following/share/prius_line_following/worlds
[0.874s] creating /home/saleheen_linux/others/ros_2_Learning/ros2_workspace/install/prius_line_following/share/prius_line_following/urdf
[0.874s] error: can't copy 'urdf/road': doesn't exist or not a regular file
[0.891s] Invoked command in '/home/saleheen_linux/others/ros_2_Learning/ros2_workspace/src/prius_line_following' returned '1': PYTHONPATH=/home/saleheen_linux/others/ros_2_Learning/ros2_workspace/build/prius_line_following/prefix_override:/usr/lib/python3/dist-packages/colcon_core/task/python/colcon_distutils_commands:/home/saleheen_linux/others/ros_2_Learning/ros2_workspace/install/prius_line_following/lib/python3.10/site-packages:${PYTHONPATH} /usr/bin/python3 -W ignore:setup.py install is deprecated setup.py egg_info --egg-base ../../build/prius_line_following build --build-base /home/saleheen_linux/others/ros_2_Learning/ros2_workspace/build/prius_line_following/build install --record /home/saleheen_linux/others/ros_2_Learning/ros2_workspace/build/prius_line_following/install.log --single-version-externally-managed install_data
