running egg_info
creating ../../build/warehouse_rover_py/warehouse_rover_py.egg-info
writing ../../build/warehouse_rover_py/warehouse_rover_py.egg-info/PKG-INFO
writing dependency_links to ../../build/warehouse_rover_py/warehouse_rover_py.egg-info/dependency_links.txt
writing entry points to ../../build/warehouse_rover_py/warehouse_rover_py.egg-info/entry_points.txt
writing requirements to ../../build/warehouse_rover_py/warehouse_rover_py.egg-info/requires.txt
writing top-level names to ../../build/warehouse_rover_py/warehouse_rover_py.egg-info/top_level.txt
writing manifest file '../../build/warehouse_rover_py/warehouse_rover_py.egg-info/SOURCES.txt'
reading manifest file '../../build/warehouse_rover_py/warehouse_rover_py.egg-info/SOURCES.txt'
writing manifest file '../../build/warehouse_rover_py/warehouse_rover_py.egg-info/SOURCES.txt'
running build
running build_py
creating /home/saleheen_linux/others/ros_2_Learning/ros2_ws_cpp/build/warehouse_rover_py/build
creating /home/saleheen_linux/others/ros_2_Learning/ros2_ws_cpp/build/warehouse_rover_py/build/lib
creating /home/saleheen_linux/others/ros_2_Learning/ros2_ws_cpp/build/warehouse_rover_py/build/lib/warehouse_rover_py
copying warehouse_rover_py/__init__.py -> /home/saleheen_linux/others/ros_2_Learning/ros2_ws_cpp/build/warehouse_rover_py/build/lib/warehouse_rover_py
running install
running install_lib
creating /home/saleheen_linux/others/ros_2_Learning/ros2_ws_cpp/install/warehouse_rover_py/lib/python3.10/site-packages/warehouse_rover_py
copying /home/saleheen_linux/others/ros_2_Learning/ros2_ws_cpp/build/warehouse_rover_py/build/lib/warehouse_rover_py/__init__.py -> /home/saleheen_linux/others/ros_2_Learning/ros2_ws_cpp/install/warehouse_rover_py/lib/python3.10/site-packages/warehouse_rover_py
byte-compiling /home/saleheen_linux/others/ros_2_Learning/ros2_ws_cpp/install/warehouse_rover_py/lib/python3.10/site-packages/warehouse_rover_py/__init__.py to __init__.cpython-310.pyc
running install_data
creating /home/saleheen_linux/others/ros_2_Learning/ros2_ws_cpp/install/warehouse_rover_py/share/ament_index
creating /home/saleheen_linux/others/ros_2_Learning/ros2_ws_cpp/install/warehouse_rover_py/share/ament_index/resource_index
creating /home/saleheen_linux/others/ros_2_Learning/ros2_ws_cpp/install/warehouse_rover_py/share/ament_index/resource_index/packages
copying resource/warehouse_rover_py -> /home/saleheen_linux/others/ros_2_Learning/ros2_ws_cpp/install/warehouse_rover_py/share/ament_index/resource_index/packages
copying package.xml -> /home/saleheen_linux/others/ros_2_Learning/ros2_ws_cpp/install/warehouse_rover_py/share/warehouse_rover_py
running install_egg_info
Copying ../../build/warehouse_rover_py/warehouse_rover_py.egg-info to /home/saleheen_linux/others/ros_2_Learning/ros2_ws_cpp/install/warehouse_rover_py/lib/python3.10/site-packages/warehouse_rover_py-0.0.0-py3.10.egg-info
running install_scripts
writing list of installed files to '/home/saleheen_linux/others/ros_2_Learning/ros2_ws_cpp/build/warehouse_rover_py/install.log'
