[0.570s] Invoking command in '/home/saleheen_linux/others/ros_2_Learning/ros2_ws_cpp/src/warehouse_rover_py': PYTHONPATH=/home/saleheen_linux/others/ros_2_Learning/ros2_ws_cpp/build/warehouse_rover_py/prefix_override:/usr/lib/python3/dist-packages/colcon_core/task/python/colcon_distutils_commands:/home/saleheen_linux/others/ros_2_Learning/ros2_ws_cpp/install/warehouse_rover_py/lib/python3.10/site-packages:${PYTHONPATH} /usr/bin/python3 -W ignore:setup.py install is deprecated setup.py egg_info --egg-base ../../build/warehouse_rover_py build --build-base /home/saleheen_linux/others/ros_2_Learning/ros2_ws_cpp/build/warehouse_rover_py/build install --record /home/saleheen_linux/others/ros_2_Learning/ros2_ws_cpp/build/warehouse_rover_py/install.log --single-version-externally-managed install_data
[0.773s] running egg_info
[0.773s] creating ../../build/warehouse_rover_py/warehouse_rover_py.egg-info
[0.773s] writing ../../build/warehouse_rover_py/warehouse_rover_py.egg-info/PKG-INFO
[0.773s] writing dependency_links to ../../build/warehouse_rover_py/warehouse_rover_py.egg-info/dependency_links.txt
[0.773s] writing entry points to ../../build/warehouse_rover_py/warehouse_rover_py.egg-info/entry_points.txt
[0.773s] writing requirements to ../../build/warehouse_rover_py/warehouse_rover_py.egg-info/requires.txt
[0.773s] writing top-level names to ../../build/warehouse_rover_py/warehouse_rover_py.egg-info/top_level.txt
[0.773s] writing manifest file '../../build/warehouse_rover_py/warehouse_rover_py.egg-info/SOURCES.txt'
[0.775s] reading manifest file '../../build/warehouse_rover_py/warehouse_rover_py.egg-info/SOURCES.txt'
[0.775s] writing manifest file '../../build/warehouse_rover_py/warehouse_rover_py.egg-info/SOURCES.txt'
[0.775s] running build
[0.775s] running build_py
[0.775s] creating /home/saleheen_linux/others/ros_2_Learning/ros2_ws_cpp/build/warehouse_rover_py/build
[0.775s] creating /home/saleheen_linux/others/ros_2_Learning/ros2_ws_cpp/build/warehouse_rover_py/build/lib
[0.776s] creating /home/saleheen_linux/others/ros_2_Learning/ros2_ws_cpp/build/warehouse_rover_py/build/lib/warehouse_rover_py
[0.776s] copying warehouse_rover_py/__init__.py -> /home/saleheen_linux/others/ros_2_Learning/ros2_ws_cpp/build/warehouse_rover_py/build/lib/warehouse_rover_py
[0.776s] running install
[0.776s] running install_lib
[0.776s] creating /home/saleheen_linux/others/ros_2_Learning/ros2_ws_cpp/install/warehouse_rover_py/lib/python3.10/site-packages/warehouse_rover_py
[0.777s] copying /home/saleheen_linux/others/ros_2_Learning/ros2_ws_cpp/build/warehouse_rover_py/build/lib/warehouse_rover_py/__init__.py -> /home/saleheen_linux/others/ros_2_Learning/ros2_ws_cpp/install/warehouse_rover_py/lib/python3.10/site-packages/warehouse_rover_py
[0.777s] byte-compiling /home/saleheen_linux/others/ros_2_Learning/ros2_ws_cpp/install/warehouse_rover_py/lib/python3.10/site-packages/warehouse_rover_py/__init__.py to __init__.cpython-310.pyc
[0.777s] running install_data
[0.777s] creating /home/saleheen_linux/others/ros_2_Learning/ros2_ws_cpp/install/warehouse_rover_py/share/ament_index
[0.777s] creating /home/saleheen_linux/others/ros_2_Learning/ros2_ws_cpp/install/warehouse_rover_py/share/ament_index/resource_index
[0.777s] creating /home/saleheen_linux/others/ros_2_Learning/ros2_ws_cpp/install/warehouse_rover_py/share/ament_index/resource_index/packages
[0.777s] copying resource/warehouse_rover_py -> /home/saleheen_linux/others/ros_2_Learning/ros2_ws_cpp/install/warehouse_rover_py/share/ament_index/resource_index/packages
[0.777s] copying package.xml -> /home/saleheen_linux/others/ros_2_Learning/ros2_ws_cpp/install/warehouse_rover_py/share/warehouse_rover_py
[0.777s] running install_egg_info
[0.779s] Copying ../../build/warehouse_rover_py/warehouse_rover_py.egg-info to /home/saleheen_linux/others/ros_2_Learning/ros2_ws_cpp/install/warehouse_rover_py/lib/python3.10/site-packages/warehouse_rover_py-0.0.0-py3.10.egg-info
[0.779s] running install_scripts
[0.794s] writing list of installed files to '/home/saleheen_linux/others/ros_2_Learning/ros2_ws_cpp/build/warehouse_rover_py/install.log'
[0.818s] Invoked command in '/home/saleheen_linux/others/ros_2_Learning/ros2_ws_cpp/src/warehouse_rover_py' returned '0': PYTHONPATH=/home/saleheen_linux/others/ros_2_Learning/ros2_ws_cpp/build/warehouse_rover_py/prefix_override:/usr/lib/python3/dist-packages/colcon_core/task/python/colcon_distutils_commands:/home/saleheen_linux/others/ros_2_Learning/ros2_ws_cpp/install/warehouse_rover_py/lib/python3.10/site-packages:${PYTHONPATH} /usr/bin/python3 -W ignore:setup.py install is deprecated setup.py egg_info --egg-base ../../build/warehouse_rover_py build --build-base /home/saleheen_linux/others/ros_2_Learning/ros2_ws_cpp/build/warehouse_rover_py/build install --record /home/saleheen_linux/others/ros_2_Learning/ros2_ws_cpp/build/warehouse_rover_py/install.log --single-version-externally-managed install_data
