[0.009s] Invoking command in '/home/saleheen_linux/others/ros_2_Learning/ros2_ws_cpp/build/warehouse_rover_ros2': CMAKE_PREFIX_PATH=${CMAKE_PREFIX_PATH}:/home/saleheen_linux/others/ros_2_Learning/ros2_workspace/install/rover:/home/saleheen_linux/others/ros_2_Learning/ros2_workspace/install/prius_line_following:/opt/ros/humble /usr/bin/cmake --build /home/saleheen_linux/others/ros_2_Learning/ros2_ws_cpp/build/warehouse_rover_ros2 -- -j16 -l16
[0.031s] -- Found ament_cmake: 1.3.10 (/opt/ros/humble/share/ament_cmake/cmake)
[0.127s] -- Found NumCpp: /usr/local/include (found version 2.12.1)
[0.127s] -- Found cv_bridge: 3.2.1 (/opt/ros/humble/share/cv_bridge/cmake)
[0.150s] -- Found rosidl_generator_c: 3.1.5 (/opt/ros/humble/share/rosidl_generator_c/cmake)
[0.152s] -- Found rosidl_adapter: 3.1.5 (/opt/ros/humble/share/rosidl_adapter/cmake)
[0.156s] -- Found rosidl_generator_cpp: 3.1.5 (/opt/ros/humble/share/rosidl_generator_cpp/cmake)
[0.162s] -- Using all available rosidl_typesupport_c: rosidl_typesupport_fastrtps_c;rosidl_typesupport_introspection_c
[0.171s] -- Using all available rosidl_typesupport_cpp: rosidl_typesupport_fastrtps_cpp;rosidl_typesupport_introspection_cpp
[0.210s] -- Found rclcpp: 16.0.10 (/opt/ros/humble/share/rclcpp/cmake)
[0.228s] -- Found rmw_implementation_cmake: 6.1.2 (/opt/ros/humble/share/rmw_implementation_cmake/cmake)
[0.229s] -- Found rmw_fastrtps_cpp: 6.2.7 (/opt/ros/humble/share/rmw_fastrtps_cpp/cmake)
[0.320s] -- Using RMW implementation 'rmw_fastrtps_cpp' as default
[0.346s] -- Found nav_msgs: 4.2.4 (/opt/ros/humble/share/nav_msgs/cmake)
[0.357s] -- Found ament_lint_auto: 0.12.11 (/opt/ros/humble/share/ament_lint_auto/cmake)
[0.422s] -- Added test 'cppcheck' to perform static code analysis on C / C++ code
[0.422s] -- Configured cppcheck include dirs: /home/saleheen_linux/others/ros_2_Learning/ros2_ws_cpp/src/warehouse_rover_ros2/include
[0.422s] -- Configured cppcheck exclude dirs and/or files: 
[0.422s] -- Added test 'flake8' to check Python code syntax and style conventions
[0.424s] -- Added test 'lint_cmake' to check CMake code style
[0.424s] -- Added test 'pep257' to check Python code against some of the docstring style conventions in PEP 257
[0.429s] -- Added test 'uncrustify' to check C / C++ code style
[0.429s] -- Configured uncrustify additional arguments: 
[0.430s] -- Added test 'xmllint' to check XML markup files
[0.430s] -- Configuring done
[0.445s] -- Generating done
[0.446s] -- Build files have been written to: /home/saleheen_linux/others/ros_2_Learning/ros2_ws_cpp/build/warehouse_rover_ros2
[0.473s] [35m[1mConsolidate compiler generated dependencies of target video_save_node[0m
[0.474s] [35m[1mConsolidate compiler generated dependencies of target autonomous_driving_node[0m
[0.489s] [ 50%] Built target video_save_node
[0.506s] [100%] Built target autonomous_driving_node
[0.516s] Invoked command in '/home/saleheen_linux/others/ros_2_Learning/ros2_ws_cpp/build/warehouse_rover_ros2' returned '0': CMAKE_PREFIX_PATH=${CMAKE_PREFIX_PATH}:/home/saleheen_linux/others/ros_2_Learning/ros2_workspace/install/rover:/home/saleheen_linux/others/ros_2_Learning/ros2_workspace/install/prius_line_following:/opt/ros/humble /usr/bin/cmake --build /home/saleheen_linux/others/ros_2_Learning/ros2_ws_cpp/build/warehouse_rover_ros2 -- -j16 -l16
[0.552s] Invoking command in '/home/saleheen_linux/others/ros_2_Learning/ros2_ws_cpp/build/warehouse_rover_ros2': CMAKE_PREFIX_PATH=${CMAKE_PREFIX_PATH}:/home/saleheen_linux/others/ros_2_Learning/ros2_workspace/install/rover:/home/saleheen_linux/others/ros_2_Learning/ros2_workspace/install/prius_line_following:/opt/ros/humble /usr/bin/cmake --install /home/saleheen_linux/others/ros_2_Learning/ros2_ws_cpp/build/warehouse_rover_ros2
[0.559s] -- Install configuration: ""
[0.560s] -- Up-to-date: /home/saleheen_linux/others/ros_2_Learning/ros2_ws_cpp/install/warehouse_rover_ros2/lib/warehouse_rover_ros2/video_save_node
[0.560s] -- Up-to-date: /home/saleheen_linux/others/ros_2_Learning/ros2_ws_cpp/install/warehouse_rover_ros2/lib/warehouse_rover_ros2/autonomous_driving_node
[0.560s] -- Up-to-date: /home/saleheen_linux/others/ros_2_Learning/ros2_ws_cpp/install/warehouse_rover_ros2/include/warehouse_rover_ros2
[0.560s] -- Up-to-date: /home/saleheen_linux/others/ros_2_Learning/ros2_ws_cpp/install/warehouse_rover_ros2/include/warehouse_rover_ros2/warehouse_rover_ros2
[0.560s] -- Up-to-date: /home/saleheen_linux/others/ros_2_Learning/ros2_ws_cpp/install/warehouse_rover_ros2/share/warehouse_rover_ros2/urdf
[0.560s] -- Up-to-date: /home/saleheen_linux/others/ros_2_Learning/ros2_ws_cpp/install/warehouse_rover_ros2/share/warehouse_rover_ros2/urdf/track_1
[0.560s] -- Up-to-date: /home/saleheen_linux/others/ros_2_Learning/ros2_ws_cpp/install/warehouse_rover_ros2/share/warehouse_rover_ros2/urdf/track_1/model.config
[0.560s] -- Up-to-date: /home/saleheen_linux/others/ros_2_Learning/ros2_ws_cpp/install/warehouse_rover_ros2/share/warehouse_rover_ros2/urdf/track_1/materials
[0.560s] -- Up-to-date: /home/saleheen_linux/others/ros_2_Learning/ros2_ws_cpp/install/warehouse_rover_ros2/share/warehouse_rover_ros2/urdf/track_1/materials/scripts
[0.560s] -- Up-to-date: /home/saleheen_linux/others/ros_2_Learning/ros2_ws_cpp/install/warehouse_rover_ros2/share/warehouse_rover_ros2/urdf/track_1/materials/scripts/track_1.material
[0.560s] -- Up-to-date: /home/saleheen_linux/others/ros_2_Learning/ros2_ws_cpp/install/warehouse_rover_ros2/share/warehouse_rover_ros2/urdf/track_1/materials/scripts/track_1.png
[0.561s] -- Up-to-date: /home/saleheen_linux/others/ros_2_Learning/ros2_ws_cpp/install/warehouse_rover_ros2/share/warehouse_rover_ros2/urdf/track_1/materials/textures
[0.561s] -- Up-to-date: /home/saleheen_linux/others/ros_2_Learning/ros2_ws_cpp/install/warehouse_rover_ros2/share/warehouse_rover_ros2/urdf/track_1/model.sdf
[0.561s] -- Up-to-date: /home/saleheen_linux/others/ros_2_Learning/ros2_ws_cpp/install/warehouse_rover_ros2/share/warehouse_rover_ros2/urdf/rover_proto_A1
[0.561s] -- Up-to-date: /home/saleheen_linux/others/ros_2_Learning/ros2_ws_cpp/install/warehouse_rover_ros2/share/warehouse_rover_ros2/urdf/rover_proto_A1/meshes
[0.561s] -- Up-to-date: /home/saleheen_linux/others/ros_2_Learning/ros2_ws_cpp/install/warehouse_rover_ros2/share/warehouse_rover_ros2/urdf/rover_proto_A1/meshes/Lights_Fwd_Link.STL
[0.561s] -- Up-to-date: /home/saleheen_linux/others/ros_2_Learning/ros2_ws_cpp/install/warehouse_rover_ros2/share/warehouse_rover_ros2/urdf/rover_proto_A1/meshes/Camera_Back_Link.dae
[0.561s] -- Up-to-date: /home/saleheen_linux/others/ros_2_Learning/ros2_ws_cpp/install/warehouse_rover_ros2/share/warehouse_rover_ros2/urdf/rover_proto_A1/meshes/Wheel_2_Link.STL
[0.561s] -- Up-to-date: /home/saleheen_linux/others/ros_2_Learning/ros2_ws_cpp/install/warehouse_rover_ros2/share/warehouse_rover_ros2/urdf/rover_proto_A1/meshes/Chassis.STL
[0.561s] -- Up-to-date: /home/saleheen_linux/others/ros_2_Learning/ros2_ws_cpp/install/warehouse_rover_ros2/share/warehouse_rover_ros2/urdf/rover_proto_A1/meshes/Chassis.dae
[0.561s] -- Up-to-date: /home/saleheen_linux/others/ros_2_Learning/ros2_ws_cpp/install/warehouse_rover_ros2/share/warehouse_rover_ros2/urdf/rover_proto_A1/meshes/Lights_Back_Link.STL
[0.561s] -- Up-to-date: /home/saleheen_linux/others/ros_2_Learning/ros2_ws_cpp/install/warehouse_rover_ros2/share/warehouse_rover_ros2/urdf/rover_proto_A1/meshes/Wheel_3_Link.STL
[0.561s] -- Up-to-date: /home/saleheen_linux/others/ros_2_Learning/ros2_ws_cpp/install/warehouse_rover_ros2/share/warehouse_rover_ros2/urdf/rover_proto_A1/meshes/Camera_Fwd_Link.STL
[0.561s] -- Up-to-date: /home/saleheen_linux/others/ros_2_Learning/ros2_ws_cpp/install/warehouse_rover_ros2/share/warehouse_rover_ros2/urdf/rover_proto_A1/meshes/Lidar_Back_Link.STL
[0.561s] -- Up-to-date: /home/saleheen_linux/others/ros_2_Learning/ros2_ws_cpp/install/warehouse_rover_ros2/share/warehouse_rover_ros2/urdf/rover_proto_A1/meshes/Lights_Left_Link.STL
[0.561s] -- Up-to-date: /home/saleheen_linux/others/ros_2_Learning/ros2_ws_cpp/install/warehouse_rover_ros2/share/warehouse_rover_ros2/urdf/rover_proto_A1/meshes/Lights_Right_Link.STL
[0.561s] -- Up-to-date: /home/saleheen_linux/others/ros_2_Learning/ros2_ws_cpp/install/warehouse_rover_ros2/share/warehouse_rover_ros2/urdf/rover_proto_A1/meshes/Lidar_Fwd_Link.STL
[0.562s] -- Up-to-date: /home/saleheen_linux/others/ros_2_Learning/ros2_ws_cpp/install/warehouse_rover_ros2/share/warehouse_rover_ros2/urdf/rover_proto_A1/meshes/Wheel_4_Link.STL
[0.562s] -- Up-to-date: /home/saleheen_linux/others/ros_2_Learning/ros2_ws_cpp/install/warehouse_rover_ros2/share/warehouse_rover_ros2/urdf/rover_proto_A1/meshes/Camera_Back_Link.STL
[0.562s] -- Up-to-date: /home/saleheen_linux/others/ros_2_Learning/ros2_ws_cpp/install/warehouse_rover_ros2/share/warehouse_rover_ros2/urdf/rover_proto_A1/meshes/Wheel_1_Link.STL
[0.562s] -- Up-to-date: /home/saleheen_linux/others/ros_2_Learning/ros2_ws_cpp/install/warehouse_rover_ros2/share/warehouse_rover_ros2/urdf/rover_proto_A1/rover_proto_A1_rviz.urdf
[0.562s] -- Up-to-date: /home/saleheen_linux/others/ros_2_Learning/ros2_ws_cpp/install/warehouse_rover_ros2/share/warehouse_rover_ros2/urdf/rover_proto_A1/config
[0.562s] -- Up-to-date: /home/saleheen_linux/others/ros_2_Learning/ros2_ws_cpp/install/warehouse_rover_ros2/share/warehouse_rover_ros2/urdf/rover_proto_A1/config/joint_names_rover_assembly_vA.yaml
[0.562s] -- Up-to-date: /home/saleheen_linux/others/ros_2_Learning/ros2_ws_cpp/install/warehouse_rover_ros2/share/warehouse_rover_ros2/urdf/rover_proto_A1/config.rviz
[0.562s] -- Up-to-date: /home/saleheen_linux/others/ros_2_Learning/ros2_ws_cpp/install/warehouse_rover_ros2/share/warehouse_rover_ros2/urdf/rover_proto_A1/textures
[0.562s] -- Up-to-date: /home/saleheen_linux/others/ros_2_Learning/ros2_ws_cpp/install/warehouse_rover_ros2/share/warehouse_rover_ros2/urdf/rover_proto_A1/rover_proto_A1.urdf
[0.562s] -- Up-to-date: /home/saleheen_linux/others/ros_2_Learning/ros2_ws_cpp/install/warehouse_rover_ros2/share/warehouse_rover_ros2/worlds
[0.562s] -- Up-to-date: /home/saleheen_linux/others/ros_2_Learning/ros2_ws_cpp/install/warehouse_rover_ros2/share/warehouse_rover_ros2/worlds/track_1.world
[0.562s] -- Up-to-date: /home/saleheen_linux/others/ros_2_Learning/ros2_ws_cpp/install/warehouse_rover_ros2/share/warehouse_rover_ros2/launch
[0.562s] -- Up-to-date: /home/saleheen_linux/others/ros_2_Learning/ros2_ws_cpp/install/warehouse_rover_ros2/share/warehouse_rover_ros2/launch/gazebo.launch.py
[0.562s] -- Up-to-date: /home/saleheen_linux/others/ros_2_Learning/ros2_ws_cpp/install/warehouse_rover_ros2/share/warehouse_rover_ros2/launch/rviz.launch.py
[0.562s] -- Up-to-date: /home/saleheen_linux/others/ros_2_Learning/ros2_ws_cpp/install/warehouse_rover_ros2/share/ament_index/resource_index/package_run_dependencies/warehouse_rover_ros2
[0.562s] -- Up-to-date: /home/saleheen_linux/others/ros_2_Learning/ros2_ws_cpp/install/warehouse_rover_ros2/share/ament_index/resource_index/parent_prefix_path/warehouse_rover_ros2
[0.562s] -- Up-to-date: /home/saleheen_linux/others/ros_2_Learning/ros2_ws_cpp/install/warehouse_rover_ros2/share/warehouse_rover_ros2/environment/ament_prefix_path.sh
[0.562s] -- Installing: /home/saleheen_linux/others/ros_2_Learning/ros2_ws_cpp/install/warehouse_rover_ros2/share/warehouse_rover_ros2/environment/ament_prefix_path.dsv
[0.562s] -- Up-to-date: /home/saleheen_linux/others/ros_2_Learning/ros2_ws_cpp/install/warehouse_rover_ros2/share/warehouse_rover_ros2/environment/path.sh
[0.562s] -- Installing: /home/saleheen_linux/others/ros_2_Learning/ros2_ws_cpp/install/warehouse_rover_ros2/share/warehouse_rover_ros2/environment/path.dsv
[0.562s] -- Up-to-date: /home/saleheen_linux/others/ros_2_Learning/ros2_ws_cpp/install/warehouse_rover_ros2/share/warehouse_rover_ros2/local_setup.bash
[0.562s] -- Up-to-date: /home/saleheen_linux/others/ros_2_Learning/ros2_ws_cpp/install/warehouse_rover_ros2/share/warehouse_rover_ros2/local_setup.sh
[0.562s] -- Up-to-date: /home/saleheen_linux/others/ros_2_Learning/ros2_ws_cpp/install/warehouse_rover_ros2/share/warehouse_rover_ros2/local_setup.zsh
[0.562s] -- Installing: /home/saleheen_linux/others/ros_2_Learning/ros2_ws_cpp/install/warehouse_rover_ros2/share/warehouse_rover_ros2/local_setup.dsv
[0.563s] -- Installing: /home/saleheen_linux/others/ros_2_Learning/ros2_ws_cpp/install/warehouse_rover_ros2/share/warehouse_rover_ros2/package.dsv
[0.563s] -- Up-to-date: /home/saleheen_linux/others/ros_2_Learning/ros2_ws_cpp/install/warehouse_rover_ros2/share/ament_index/resource_index/packages/warehouse_rover_ros2
[0.563s] -- Up-to-date: /home/saleheen_linux/others/ros_2_Learning/ros2_ws_cpp/install/warehouse_rover_ros2/share/warehouse_rover_ros2/cmake/warehouse_rover_ros2Config.cmake
[0.563s] -- Up-to-date: /home/saleheen_linux/others/ros_2_Learning/ros2_ws_cpp/install/warehouse_rover_ros2/share/warehouse_rover_ros2/cmake/warehouse_rover_ros2Config-version.cmake
[0.563s] -- Up-to-date: /home/saleheen_linux/others/ros_2_Learning/ros2_ws_cpp/install/warehouse_rover_ros2/share/warehouse_rover_ros2/package.xml
[0.564s] Invoked command in '/home/saleheen_linux/others/ros_2_Learning/ros2_ws_cpp/build/warehouse_rover_ros2' returned '0': CMAKE_PREFIX_PATH=${CMAKE_PREFIX_PATH}:/home/saleheen_linux/others/ros_2_Learning/ros2_workspace/install/rover:/home/saleheen_linux/others/ros_2_Learning/ros2_workspace/install/prius_line_following:/opt/ros/humble /usr/bin/cmake --install /home/saleheen_linux/others/ros_2_Learning/ros2_ws_cpp/build/warehouse_rover_ros2
