[0.009s] Invoking command in '/home/saleheen_linux/others/ros_2_Learning/ros2_ws_cpp/build/warehouse_rover_ros2': CMAKE_PREFIX_PATH=${CMAKE_PREFIX_PATH}:/home/saleheen_linux/others/ros_2_Learning/ros2_workspace/install/rover:/home/saleheen_linux/others/ros_2_Learning/ros2_workspace/install/prius_line_following:/opt/ros/humble /usr/bin/cmake --build /home/saleheen_linux/others/ros_2_Learning/ros2_ws_cpp/build/warehouse_rover_ros2 --clean-first -- -j16 -l16
[0.073s] Invoked command in '/home/saleheen_linux/others/ros_2_Learning/ros2_ws_cpp/build/warehouse_rover_ros2' returned '0': CMAKE_PREFIX_PATH=${CMAKE_PREFIX_PATH}:/home/saleheen_linux/others/ros_2_Learning/ros2_workspace/install/rover:/home/saleheen_linux/others/ros_2_Learning/ros2_workspace/install/prius_line_following:/opt/ros/humble /usr/bin/cmake --build /home/saleheen_linux/others/ros_2_Learning/ros2_ws_cpp/build/warehouse_rover_ros2 --clean-first -- -j16 -l16
[0.104s] Invoking command in '/home/saleheen_linux/others/ros_2_Learning/ros2_ws_cpp/build/warehouse_rover_ros2': CMAKE_PREFIX_PATH=${CMAKE_PREFIX_PATH}:/home/saleheen_linux/others/ros_2_Learning/ros2_workspace/install/rover:/home/saleheen_linux/others/ros_2_Learning/ros2_workspace/install/prius_line_following:/opt/ros/humble /usr/bin/cmake --install /home/saleheen_linux/others/ros_2_Learning/ros2_ws_cpp/build/warehouse_rover_ros2
[0.111s] -- Install configuration: ""
[0.111s] -- Up-to-date: /home/saleheen_linux/others/ros_2_Learning/ros2_ws_cpp/install/warehouse_rover_ros2/share/warehouse_rover_ros2/urdf
[0.111s] -- Up-to-date: /home/saleheen_linux/others/ros_2_Learning/ros2_ws_cpp/install/warehouse_rover_ros2/share/warehouse_rover_ros2/urdf/meshes
[0.112s] -- Up-to-date: /home/saleheen_linux/others/ros_2_Learning/ros2_ws_cpp/install/warehouse_rover_ros2/share/warehouse_rover_ros2/urdf/meshes/Lights_Fwd_Link.STL
[0.112s] -- Up-to-date: /home/saleheen_linux/others/ros_2_Learning/ros2_ws_cpp/install/warehouse_rover_ros2/share/warehouse_rover_ros2/urdf/meshes/Camera_Back_Link.dae
[0.112s] -- Up-to-date: /home/saleheen_linux/others/ros_2_Learning/ros2_ws_cpp/install/warehouse_rover_ros2/share/warehouse_rover_ros2/urdf/meshes/Wheel_2_Link.STL
[0.112s] -- Up-to-date: /home/saleheen_linux/others/ros_2_Learning/ros2_ws_cpp/install/warehouse_rover_ros2/share/warehouse_rover_ros2/urdf/meshes/Chassis.STL
[0.112s] -- Up-to-date: /home/saleheen_linux/others/ros_2_Learning/ros2_ws_cpp/install/warehouse_rover_ros2/share/warehouse_rover_ros2/urdf/meshes/Chassis.dae
[0.112s] -- Up-to-date: /home/saleheen_linux/others/ros_2_Learning/ros2_ws_cpp/install/warehouse_rover_ros2/share/warehouse_rover_ros2/urdf/meshes/Lights_Back_Link.STL
[0.112s] -- Up-to-date: /home/saleheen_linux/others/ros_2_Learning/ros2_ws_cpp/install/warehouse_rover_ros2/share/warehouse_rover_ros2/urdf/meshes/Wheel_3_Link.STL
[0.112s] -- Up-to-date: /home/saleheen_linux/others/ros_2_Learning/ros2_ws_cpp/install/warehouse_rover_ros2/share/warehouse_rover_ros2/urdf/meshes/Camera_Fwd_Link.STL
[0.112s] -- Up-to-date: /home/saleheen_linux/others/ros_2_Learning/ros2_ws_cpp/install/warehouse_rover_ros2/share/warehouse_rover_ros2/urdf/meshes/Lidar_Back_Link.STL
[0.112s] -- Up-to-date: /home/saleheen_linux/others/ros_2_Learning/ros2_ws_cpp/install/warehouse_rover_ros2/share/warehouse_rover_ros2/urdf/meshes/Lights_Left_Link.STL
[0.112s] -- Up-to-date: /home/saleheen_linux/others/ros_2_Learning/ros2_ws_cpp/install/warehouse_rover_ros2/share/warehouse_rover_ros2/urdf/meshes/Lights_Right_Link.STL
[0.112s] -- Up-to-date: /home/saleheen_linux/others/ros_2_Learning/ros2_ws_cpp/install/warehouse_rover_ros2/share/warehouse_rover_ros2/urdf/meshes/Lidar_Fwd_Link.STL
[0.112s] -- Up-to-date: /home/saleheen_linux/others/ros_2_Learning/ros2_ws_cpp/install/warehouse_rover_ros2/share/warehouse_rover_ros2/urdf/meshes/Wheel_4_Link.STL
[0.112s] -- Up-to-date: /home/saleheen_linux/others/ros_2_Learning/ros2_ws_cpp/install/warehouse_rover_ros2/share/warehouse_rover_ros2/urdf/meshes/Camera_Back_Link.STL
[0.112s] -- Up-to-date: /home/saleheen_linux/others/ros_2_Learning/ros2_ws_cpp/install/warehouse_rover_ros2/share/warehouse_rover_ros2/urdf/meshes/Wheel_1_Link.STL
[0.112s] -- Up-to-date: /home/saleheen_linux/others/ros_2_Learning/ros2_ws_cpp/install/warehouse_rover_ros2/share/warehouse_rover_ros2/urdf/config
[0.112s] -- Up-to-date: /home/saleheen_linux/others/ros_2_Learning/ros2_ws_cpp/install/warehouse_rover_ros2/share/warehouse_rover_ros2/urdf/config/joint_names_rover_assembly_vA.yaml
[0.112s] -- Up-to-date: /home/saleheen_linux/others/ros_2_Learning/ros2_ws_cpp/install/warehouse_rover_ros2/share/warehouse_rover_ros2/urdf/config.rviz
[0.112s] -- Up-to-date: /home/saleheen_linux/others/ros_2_Learning/ros2_ws_cpp/install/warehouse_rover_ros2/share/warehouse_rover_ros2/urdf/textures
[0.112s] -- Installing: /home/saleheen_linux/others/ros_2_Learning/ros2_ws_cpp/install/warehouse_rover_ros2/share/warehouse_rover_ros2/urdf/rover_proto_A1.urdf
[0.112s] -- Up-to-date: /home/saleheen_linux/others/ros_2_Learning/ros2_ws_cpp/install/warehouse_rover_ros2/share/warehouse_rover_ros2/worlds
[0.113s] -- Up-to-date: /home/saleheen_linux/others/ros_2_Learning/ros2_ws_cpp/install/warehouse_rover_ros2/share/warehouse_rover_ros2/launch
[0.113s] -- Up-to-date: /home/saleheen_linux/others/ros_2_Learning/ros2_ws_cpp/install/warehouse_rover_ros2/share/warehouse_rover_ros2/launch/gazebo.launch.py
[0.113s] -- Up-to-date: /home/saleheen_linux/others/ros_2_Learning/ros2_ws_cpp/install/warehouse_rover_ros2/share/warehouse_rover_ros2/launch/rviz.launch.py
[0.113s] -- Up-to-date: /home/saleheen_linux/others/ros_2_Learning/ros2_ws_cpp/install/warehouse_rover_ros2/share/ament_index/resource_index/package_run_dependencies/warehouse_rover_ros2
[0.113s] -- Up-to-date: /home/saleheen_linux/others/ros_2_Learning/ros2_ws_cpp/install/warehouse_rover_ros2/share/ament_index/resource_index/parent_prefix_path/warehouse_rover_ros2
[0.113s] -- Up-to-date: /home/saleheen_linux/others/ros_2_Learning/ros2_ws_cpp/install/warehouse_rover_ros2/share/warehouse_rover_ros2/environment/ament_prefix_path.sh
[0.113s] -- Up-to-date: /home/saleheen_linux/others/ros_2_Learning/ros2_ws_cpp/install/warehouse_rover_ros2/share/warehouse_rover_ros2/environment/ament_prefix_path.dsv
[0.113s] -- Up-to-date: /home/saleheen_linux/others/ros_2_Learning/ros2_ws_cpp/install/warehouse_rover_ros2/share/warehouse_rover_ros2/environment/path.sh
[0.113s] -- Up-to-date: /home/saleheen_linux/others/ros_2_Learning/ros2_ws_cpp/install/warehouse_rover_ros2/share/warehouse_rover_ros2/environment/path.dsv
[0.113s] -- Up-to-date: /home/saleheen_linux/others/ros_2_Learning/ros2_ws_cpp/install/warehouse_rover_ros2/share/warehouse_rover_ros2/local_setup.bash
[0.113s] -- Up-to-date: /home/saleheen_linux/others/ros_2_Learning/ros2_ws_cpp/install/warehouse_rover_ros2/share/warehouse_rover_ros2/local_setup.sh
[0.113s] -- Up-to-date: /home/saleheen_linux/others/ros_2_Learning/ros2_ws_cpp/install/warehouse_rover_ros2/share/warehouse_rover_ros2/local_setup.zsh
[0.113s] -- Up-to-date: /home/saleheen_linux/others/ros_2_Learning/ros2_ws_cpp/install/warehouse_rover_ros2/share/warehouse_rover_ros2/local_setup.dsv
[0.113s] -- Installing: /home/saleheen_linux/others/ros_2_Learning/ros2_ws_cpp/install/warehouse_rover_ros2/share/warehouse_rover_ros2/package.dsv
[0.113s] -- Up-to-date: /home/saleheen_linux/others/ros_2_Learning/ros2_ws_cpp/install/warehouse_rover_ros2/share/ament_index/resource_index/packages/warehouse_rover_ros2
[0.113s] -- Up-to-date: /home/saleheen_linux/others/ros_2_Learning/ros2_ws_cpp/install/warehouse_rover_ros2/share/warehouse_rover_ros2/cmake/warehouse_rover_ros2Config.cmake
[0.113s] -- Up-to-date: /home/saleheen_linux/others/ros_2_Learning/ros2_ws_cpp/install/warehouse_rover_ros2/share/warehouse_rover_ros2/cmake/warehouse_rover_ros2Config-version.cmake
[0.113s] -- Up-to-date: /home/saleheen_linux/others/ros_2_Learning/ros2_ws_cpp/install/warehouse_rover_ros2/share/warehouse_rover_ros2/package.xml
[0.115s] Invoked command in '/home/saleheen_linux/others/ros_2_Learning/ros2_ws_cpp/build/warehouse_rover_ros2' returned '0': CMAKE_PREFIX_PATH=${CMAKE_PREFIX_PATH}:/home/saleheen_linux/others/ros_2_Learning/ros2_workspace/install/rover:/home/saleheen_linux/others/ros_2_Learning/ros2_workspace/install/prius_line_following:/opt/ros/humble /usr/bin/cmake --install /home/saleheen_linux/others/ros_2_Learning/ros2_ws_cpp/build/warehouse_rover_ros2
