[0.528s] Invoking command in '/home/saleheen_linux/others/ros_2_Learning/ros2_ws_cpp/src/warehouse_rover_py': PYTHONPATH=/home/saleheen_linux/others/ros_2_Learning/ros2_ws_cpp/build/warehouse_rover_py/prefix_override:/usr/lib/python3/dist-packages/colcon_core/task/python/colcon_distutils_commands:/home/saleheen_linux/others/ros_2_Learning/ros2_ws_cpp/install/warehouse_rover_py/lib/python3.10/site-packages:${PYTHONPATH} /usr/bin/python3 -W ignore:setup.py install is deprecated setup.py egg_info --egg-base ../../build/warehouse_rover_py build --build-base /home/saleheen_linux/others/ros_2_Learning/ros2_ws_cpp/build/warehouse_rover_py/build install --record /home/saleheen_linux/others/ros_2_Learning/ros2_ws_cpp/build/warehouse_rover_py/install.log --single-version-externally-managed install_data
[0.743s] running egg_info
[0.743s] writing ../../build/warehouse_rover_py/warehouse_rover_py.egg-info/PKG-INFO
[0.744s] writing dependency_links to ../../build/warehouse_rover_py/warehouse_rover_py.egg-info/dependency_links.txt
[0.744s] writing entry points to ../../build/warehouse_rover_py/warehouse_rover_py.egg-info/entry_points.txt
[0.744s] writing requirements to ../../build/warehouse_rover_py/warehouse_rover_py.egg-info/requires.txt
[0.744s] writing top-level names to ../../build/warehouse_rover_py/warehouse_rover_py.egg-info/top_level.txt
[0.745s] reading manifest file '../../build/warehouse_rover_py/warehouse_rover_py.egg-info/SOURCES.txt'
[0.746s] writing manifest file '../../build/warehouse_rover_py/warehouse_rover_py.egg-info/SOURCES.txt'
[0.746s] running build
[0.746s] running build_py
[0.746s] running install
[0.746s] running install_lib
[0.747s] running install_data
[0.747s] running install_egg_info
[0.749s] removing '/home/saleheen_linux/others/ros_2_Learning/ros2_ws_cpp/install/warehouse_rover_py/lib/python3.10/site-packages/warehouse_rover_py-0.0.0-py3.10.egg-info' (and everything under it)
[0.749s] Copying ../../build/warehouse_rover_py/warehouse_rover_py.egg-info to /home/saleheen_linux/others/ros_2_Learning/ros2_ws_cpp/install/warehouse_rover_py/lib/python3.10/site-packages/warehouse_rover_py-0.0.0-py3.10.egg-info
[0.750s] running install_scripts
[0.765s] writing list of installed files to '/home/saleheen_linux/others/ros_2_Learning/ros2_ws_cpp/build/warehouse_rover_py/install.log'
[0.788s] Invoked command in '/home/saleheen_linux/others/ros_2_Learning/ros2_ws_cpp/src/warehouse_rover_py' returned '0': PYTHONPATH=/home/saleheen_linux/others/ros_2_Learning/ros2_ws_cpp/build/warehouse_rover_py/prefix_override:/usr/lib/python3/dist-packages/colcon_core/task/python/colcon_distutils_commands:/home/saleheen_linux/others/ros_2_Learning/ros2_ws_cpp/install/warehouse_rover_py/lib/python3.10/site-packages:${PYTHONPATH} /usr/bin/python3 -W ignore:setup.py install is deprecated setup.py egg_info --egg-base ../../build/warehouse_rover_py build --build-base /home/saleheen_linux/others/ros_2_Learning/ros2_ws_cpp/build/warehouse_rover_py/build install --record /home/saleheen_linux/others/ros_2_Learning/ros2_ws_cpp/build/warehouse_rover_py/install.log --single-version-externally-managed install_data
