[0.009s] Invoking command in '/home/saleheen_linux/others/ros_2_Learning/ros2_ws_cpp/build/warehouse_rover_ros2': CMAKE_PREFIX_PATH=${CMAKE_PREFIX_PATH}:/home/saleheen_linux/others/ros_2_Learning/ros2_workspace/install/rover:/home/saleheen_linux/others/ros_2_Learning/ros2_workspace/install/prius_line_following:/home/saleheen_linux/others/ros_2_Learning/ros2_ws_cpp/install/warehouse_rover_py:/opt/ros/humble /usr/bin/cmake --build /home/saleheen_linux/others/ros_2_Learning/ros2_ws_cpp/build/warehouse_rover_ros2 -- -j16 -l16
[0.054s] [35m[1mConsolidate compiler generated dependencies of target autonomous_driving_node[0m
[0.060s] [ 50%] Built target video_save_node
[0.088s] [ 75%] [32mBuilding CXX object CMakeFiles/autonomous_driving_node.dir/src/autonomous_driving.cpp.o[0m
[6.302s] [01m[K/home/saleheen_linux/others/ros_2_Learning/ros2_ws_cpp/src/warehouse_rover_ros2/src/autonomous_driving.cpp:[m[K In member function ‘[01m[Kfloat AutonmousDrivingNode::PID_control(float, float, float, float, float)[m[K’:
[6.302s] [01m[K/home/saleheen_linux/others/ros_2_Learning/ros2_ws_cpp/src/warehouse_rover_ros2/src/autonomous_driving.cpp:142:74:[m[K [01;35m[Kwarning: [m[Kunused parameter ‘[01m[Kki[m[K’ [[01;35m[K]8;;https://gcc.gnu.org/onlinedocs/gcc/Warning-Options.html#index-Wunused-parameter-Wunused-parameter]8;;[m[K]
[6.302s]   142 |   float PID_control(float ref_point, float current_state, float kp,[01;35m[Kfloat ki[m[K,float kd){
[6.302s]       |                                                                    [01;35m[K~~~~~~^~[m[K
[6.302s] [01m[K/home/saleheen_linux/others/ros_2_Learning/ros2_ws_cpp/src/warehouse_rover_ros2/src/autonomous_driving.cpp:142:83:[m[K [01;35m[Kwarning: [m[Kunused parameter ‘[01m[Kkd[m[K’ [[01;35m[K]8;;https://gcc.gnu.org/onlinedocs/gcc/Warning-Options.html#index-Wunused-parameter-Wunused-parameter]8;;[m[K]
[6.302s]   142 |   float PID_control(float ref_point, float current_state, float kp,float ki,[01;35m[Kfloat kd[m[K){
[6.302s]       |                                                                             [01;35m[K~~~~~~^~[m[K
[13.143s] [100%] [32m[1mLinking CXX executable autonomous_driving_node[0m
[13.775s] [100%] Built target autonomous_driving_node
[13.787s] Invoked command in '/home/saleheen_linux/others/ros_2_Learning/ros2_ws_cpp/build/warehouse_rover_ros2' returned '0': CMAKE_PREFIX_PATH=${CMAKE_PREFIX_PATH}:/home/saleheen_linux/others/ros_2_Learning/ros2_workspace/install/rover:/home/saleheen_linux/others/ros_2_Learning/ros2_workspace/install/prius_line_following:/home/saleheen_linux/others/ros_2_Learning/ros2_ws_cpp/install/warehouse_rover_py:/opt/ros/humble /usr/bin/cmake --build /home/saleheen_linux/others/ros_2_Learning/ros2_ws_cpp/build/warehouse_rover_ros2 -- -j16 -l16
[13.826s] Invoking command in '/home/saleheen_linux/others/ros_2_Learning/ros2_ws_cpp/build/warehouse_rover_ros2': CMAKE_PREFIX_PATH=${CMAKE_PREFIX_PATH}:/home/saleheen_linux/others/ros_2_Learning/ros2_workspace/install/rover:/home/saleheen_linux/others/ros_2_Learning/ros2_workspace/install/prius_line_following:/home/saleheen_linux/others/ros_2_Learning/ros2_ws_cpp/install/warehouse_rover_py:/opt/ros/humble /usr/bin/cmake --install /home/saleheen_linux/others/ros_2_Learning/ros2_ws_cpp/build/warehouse_rover_ros2
[13.833s] -- Install configuration: ""
[13.834s] -- Up-to-date: /home/saleheen_linux/others/ros_2_Learning/ros2_ws_cpp/install/warehouse_rover_ros2/lib/warehouse_rover_ros2/video_save_node
[13.834s] -- Installing: /home/saleheen_linux/others/ros_2_Learning/ros2_ws_cpp/install/warehouse_rover_ros2/lib/warehouse_rover_ros2/autonomous_driving_node
[13.839s] -- Set runtime path of "/home/saleheen_linux/others/ros_2_Learning/ros2_ws_cpp/install/warehouse_rover_ros2/lib/warehouse_rover_ros2/autonomous_driving_node" to ""
[13.839s] -- Up-to-date: /home/saleheen_linux/others/ros_2_Learning/ros2_ws_cpp/install/warehouse_rover_ros2/include/warehouse_rover_ros2
[13.839s] -- Up-to-date: /home/saleheen_linux/others/ros_2_Learning/ros2_ws_cpp/install/warehouse_rover_ros2/include/warehouse_rover_ros2/warehouse_rover_ros2
[13.839s] -- Up-to-date: /home/saleheen_linux/others/ros_2_Learning/ros2_ws_cpp/install/warehouse_rover_ros2/share/warehouse_rover_ros2/urdf
[13.839s] -- Up-to-date: /home/saleheen_linux/others/ros_2_Learning/ros2_ws_cpp/install/warehouse_rover_ros2/share/warehouse_rover_ros2/urdf/track_1
[13.839s] -- Up-to-date: /home/saleheen_linux/others/ros_2_Learning/ros2_ws_cpp/install/warehouse_rover_ros2/share/warehouse_rover_ros2/urdf/track_1/model.config
[13.839s] -- Up-to-date: /home/saleheen_linux/others/ros_2_Learning/ros2_ws_cpp/install/warehouse_rover_ros2/share/warehouse_rover_ros2/urdf/track_1/materials
[13.839s] -- Up-to-date: /home/saleheen_linux/others/ros_2_Learning/ros2_ws_cpp/install/warehouse_rover_ros2/share/warehouse_rover_ros2/urdf/track_1/materials/scripts
[13.839s] -- Up-to-date: /home/saleheen_linux/others/ros_2_Learning/ros2_ws_cpp/install/warehouse_rover_ros2/share/warehouse_rover_ros2/urdf/track_1/materials/scripts/track_1.material
[13.839s] -- Up-to-date: /home/saleheen_linux/others/ros_2_Learning/ros2_ws_cpp/install/warehouse_rover_ros2/share/warehouse_rover_ros2/urdf/track_1/materials/scripts/track_1.png
[13.839s] -- Up-to-date: /home/saleheen_linux/others/ros_2_Learning/ros2_ws_cpp/install/warehouse_rover_ros2/share/warehouse_rover_ros2/urdf/track_1/materials/textures
[13.840s] -- Up-to-date: /home/saleheen_linux/others/ros_2_Learning/ros2_ws_cpp/install/warehouse_rover_ros2/share/warehouse_rover_ros2/urdf/track_1/model.sdf
[13.840s] -- Up-to-date: /home/saleheen_linux/others/ros_2_Learning/ros2_ws_cpp/install/warehouse_rover_ros2/share/warehouse_rover_ros2/urdf/rover_proto_A1
[13.840s] -- Up-to-date: /home/saleheen_linux/others/ros_2_Learning/ros2_ws_cpp/install/warehouse_rover_ros2/share/warehouse_rover_ros2/urdf/rover_proto_A1/meshes
[13.840s] -- Up-to-date: /home/saleheen_linux/others/ros_2_Learning/ros2_ws_cpp/install/warehouse_rover_ros2/share/warehouse_rover_ros2/urdf/rover_proto_A1/meshes/Lights_Fwd_Link.STL
[13.840s] -- Up-to-date: /home/saleheen_linux/others/ros_2_Learning/ros2_ws_cpp/install/warehouse_rover_ros2/share/warehouse_rover_ros2/urdf/rover_proto_A1/meshes/Camera_Back_Link.dae
[13.840s] -- Up-to-date: /home/saleheen_linux/others/ros_2_Learning/ros2_ws_cpp/install/warehouse_rover_ros2/share/warehouse_rover_ros2/urdf/rover_proto_A1/meshes/Wheel_2_Link.STL
[13.840s] -- Up-to-date: /home/saleheen_linux/others/ros_2_Learning/ros2_ws_cpp/install/warehouse_rover_ros2/share/warehouse_rover_ros2/urdf/rover_proto_A1/meshes/Chassis.STL
[13.840s] -- Up-to-date: /home/saleheen_linux/others/ros_2_Learning/ros2_ws_cpp/install/warehouse_rover_ros2/share/warehouse_rover_ros2/urdf/rover_proto_A1/meshes/Chassis.dae
[13.840s] -- Up-to-date: /home/saleheen_linux/others/ros_2_Learning/ros2_ws_cpp/install/warehouse_rover_ros2/share/warehouse_rover_ros2/urdf/rover_proto_A1/meshes/Lights_Back_Link.STL
[13.840s] -- Up-to-date: /home/saleheen_linux/others/ros_2_Learning/ros2_ws_cpp/install/warehouse_rover_ros2/share/warehouse_rover_ros2/urdf/rover_proto_A1/meshes/Wheel_3_Link.STL
[13.840s] -- Up-to-date: /home/saleheen_linux/others/ros_2_Learning/ros2_ws_cpp/install/warehouse_rover_ros2/share/warehouse_rover_ros2/urdf/rover_proto_A1/meshes/Camera_Fwd_Link.STL
[13.840s] -- Up-to-date: /home/saleheen_linux/others/ros_2_Learning/ros2_ws_cpp/install/warehouse_rover_ros2/share/warehouse_rover_ros2/urdf/rover_proto_A1/meshes/Lidar_Back_Link.STL
[13.840s] -- Up-to-date: /home/saleheen_linux/others/ros_2_Learning/ros2_ws_cpp/install/warehouse_rover_ros2/share/warehouse_rover_ros2/urdf/rover_proto_A1/meshes/Lights_Left_Link.STL
[13.840s] -- Up-to-date: /home/saleheen_linux/others/ros_2_Learning/ros2_ws_cpp/install/warehouse_rover_ros2/share/warehouse_rover_ros2/urdf/rover_proto_A1/meshes/Lights_Right_Link.STL
[13.840s] -- Up-to-date: /home/saleheen_linux/others/ros_2_Learning/ros2_ws_cpp/install/warehouse_rover_ros2/share/warehouse_rover_ros2/urdf/rover_proto_A1/meshes/Lidar_Fwd_Link.STL
[13.841s] -- Up-to-date: /home/saleheen_linux/others/ros_2_Learning/ros2_ws_cpp/install/warehouse_rover_ros2/share/warehouse_rover_ros2/urdf/rover_proto_A1/meshes/Wheel_4_Link.STL
[13.841s] -- Up-to-date: /home/saleheen_linux/others/ros_2_Learning/ros2_ws_cpp/install/warehouse_rover_ros2/share/warehouse_rover_ros2/urdf/rover_proto_A1/meshes/Camera_Back_Link.STL
[13.841s] -- Up-to-date: /home/saleheen_linux/others/ros_2_Learning/ros2_ws_cpp/install/warehouse_rover_ros2/share/warehouse_rover_ros2/urdf/rover_proto_A1/meshes/Wheel_1_Link.STL
[13.841s] -- Up-to-date: /home/saleheen_linux/others/ros_2_Learning/ros2_ws_cpp/install/warehouse_rover_ros2/share/warehouse_rover_ros2/urdf/rover_proto_A1/rover_proto_A1_rviz.urdf
[13.841s] -- Up-to-date: /home/saleheen_linux/others/ros_2_Learning/ros2_ws_cpp/install/warehouse_rover_ros2/share/warehouse_rover_ros2/urdf/rover_proto_A1/config
[13.841s] -- Up-to-date: /home/saleheen_linux/others/ros_2_Learning/ros2_ws_cpp/install/warehouse_rover_ros2/share/warehouse_rover_ros2/urdf/rover_proto_A1/config/joint_names_rover_assembly_vA.yaml
[13.841s] -- Up-to-date: /home/saleheen_linux/others/ros_2_Learning/ros2_ws_cpp/install/warehouse_rover_ros2/share/warehouse_rover_ros2/urdf/rover_proto_A1/config.rviz
[13.841s] -- Up-to-date: /home/saleheen_linux/others/ros_2_Learning/ros2_ws_cpp/install/warehouse_rover_ros2/share/warehouse_rover_ros2/urdf/rover_proto_A1/textures
[13.841s] -- Up-to-date: /home/saleheen_linux/others/ros_2_Learning/ros2_ws_cpp/install/warehouse_rover_ros2/share/warehouse_rover_ros2/urdf/rover_proto_A1/rover_proto_A1.urdf
[13.841s] -- Up-to-date: /home/saleheen_linux/others/ros_2_Learning/ros2_ws_cpp/install/warehouse_rover_ros2/share/warehouse_rover_ros2/worlds
[13.841s] -- Up-to-date: /home/saleheen_linux/others/ros_2_Learning/ros2_ws_cpp/install/warehouse_rover_ros2/share/warehouse_rover_ros2/worlds/track_1.world
[13.841s] -- Up-to-date: /home/saleheen_linux/others/ros_2_Learning/ros2_ws_cpp/install/warehouse_rover_ros2/share/warehouse_rover_ros2/launch
[13.841s] -- Up-to-date: /home/saleheen_linux/others/ros_2_Learning/ros2_ws_cpp/install/warehouse_rover_ros2/share/warehouse_rover_ros2/launch/gazebo.launch.py
[13.841s] -- Up-to-date: /home/saleheen_linux/others/ros_2_Learning/ros2_ws_cpp/install/warehouse_rover_ros2/share/warehouse_rover_ros2/launch/rviz.launch.py
[13.841s] -- Up-to-date: /home/saleheen_linux/others/ros_2_Learning/ros2_ws_cpp/install/warehouse_rover_ros2/share/ament_index/resource_index/package_run_dependencies/warehouse_rover_ros2
[13.841s] -- Up-to-date: /home/saleheen_linux/others/ros_2_Learning/ros2_ws_cpp/install/warehouse_rover_ros2/share/ament_index/resource_index/parent_prefix_path/warehouse_rover_ros2
[13.841s] -- Up-to-date: /home/saleheen_linux/others/ros_2_Learning/ros2_ws_cpp/install/warehouse_rover_ros2/share/warehouse_rover_ros2/environment/ament_prefix_path.sh
[13.841s] -- Up-to-date: /home/saleheen_linux/others/ros_2_Learning/ros2_ws_cpp/install/warehouse_rover_ros2/share/warehouse_rover_ros2/environment/ament_prefix_path.dsv
[13.841s] -- Up-to-date: /home/saleheen_linux/others/ros_2_Learning/ros2_ws_cpp/install/warehouse_rover_ros2/share/warehouse_rover_ros2/environment/path.sh
[13.841s] -- Up-to-date: /home/saleheen_linux/others/ros_2_Learning/ros2_ws_cpp/install/warehouse_rover_ros2/share/warehouse_rover_ros2/environment/path.dsv
[13.841s] -- Up-to-date: /home/saleheen_linux/others/ros_2_Learning/ros2_ws_cpp/install/warehouse_rover_ros2/share/warehouse_rover_ros2/local_setup.bash
[13.841s] -- Up-to-date: /home/saleheen_linux/others/ros_2_Learning/ros2_ws_cpp/install/warehouse_rover_ros2/share/warehouse_rover_ros2/local_setup.sh
[13.842s] -- Up-to-date: /home/saleheen_linux/others/ros_2_Learning/ros2_ws_cpp/install/warehouse_rover_ros2/share/warehouse_rover_ros2/local_setup.zsh
[13.842s] -- Up-to-date: /home/saleheen_linux/others/ros_2_Learning/ros2_ws_cpp/install/warehouse_rover_ros2/share/warehouse_rover_ros2/local_setup.dsv
[13.842s] -- Installing: /home/saleheen_linux/others/ros_2_Learning/ros2_ws_cpp/install/warehouse_rover_ros2/share/warehouse_rover_ros2/package.dsv
[13.842s] -- Up-to-date: /home/saleheen_linux/others/ros_2_Learning/ros2_ws_cpp/install/warehouse_rover_ros2/share/ament_index/resource_index/packages/warehouse_rover_ros2
[13.842s] -- Up-to-date: /home/saleheen_linux/others/ros_2_Learning/ros2_ws_cpp/install/warehouse_rover_ros2/share/warehouse_rover_ros2/cmake/warehouse_rover_ros2Config.cmake
[13.842s] -- Up-to-date: /home/saleheen_linux/others/ros_2_Learning/ros2_ws_cpp/install/warehouse_rover_ros2/share/warehouse_rover_ros2/cmake/warehouse_rover_ros2Config-version.cmake
[13.842s] -- Up-to-date: /home/saleheen_linux/others/ros_2_Learning/ros2_ws_cpp/install/warehouse_rover_ros2/share/warehouse_rover_ros2/package.xml
[13.842s] Invoked command in '/home/saleheen_linux/others/ros_2_Learning/ros2_ws_cpp/build/warehouse_rover_ros2' returned '0': CMAKE_PREFIX_PATH=${CMAKE_PREFIX_PATH}:/home/saleheen_linux/others/ros_2_Learning/ros2_workspace/install/rover:/home/saleheen_linux/others/ros_2_Learning/ros2_workspace/install/prius_line_following:/home/saleheen_linux/others/ros_2_Learning/ros2_ws_cpp/install/warehouse_rover_py:/opt/ros/humble /usr/bin/cmake --install /home/saleheen_linux/others/ros_2_Learning/ros2_ws_cpp/build/warehouse_rover_ros2
