[0.007s] Invoking command in '/home/saleheen_linux/others/ros_2_Learning/ros2_ws_cpp/build/rover_cpp': CMAKE_PREFIX_PATH=/home/saleheen_linux/others/ros_2_Learning/ros2_workspace/install/rover:/opt/ros/humble /usr/bin/cmake /home/saleheen_linux/others/ros_2_Learning/ros2_ws_cpp/src/rover_cpp -DCMAKE_INSTALL_PREFIX=/home/saleheen_linux/others/ros_2_Learning/ros2_ws_cpp/install/rover_cpp
[0.091s] -- The C compiler identification is GNU 11.4.0
[0.157s] -- The CXX compiler identification is GNU 11.4.0
[0.165s] -- Detecting C compiler ABI info
[0.227s] -- Detecting C compiler ABI info - done
[0.232s] -- Check for working C compiler: /usr/bin/cc - skipped
[0.232s] -- Detecting C compile features
[0.232s] -- Detecting C compile features - done
[0.235s] -- Detecting CXX compiler ABI info
[0.304s] -- Detecting CXX compiler ABI info - done
[0.309s] -- Check for working CXX compiler: /usr/bin/c++ - skipped
[0.309s] -- Detecting CXX compile features
[0.310s] -- Detecting CXX compile features - done
[0.322s] -- Found ament_cmake: 1.3.10 (/opt/ros/humble/share/ament_cmake/cmake)
[0.440s] -- Found Python3: /usr/bin/python3 (found version "3.10.12") found components: Interpreter 
[0.514s] -- Found ament_lint_auto: 0.12.11 (/opt/ros/humble/share/ament_lint_auto/cmake)
[0.574s] -- Added test 'flake8' to check Python code syntax and style conventions
[0.575s] -- Added test 'lint_cmake' to check CMake code style
[0.575s] -- Added test 'pep257' to check Python code against some of the docstring style conventions in PEP 257
[0.576s] -- Added test 'xmllint' to check XML markup files
[0.577s] -- Configuring done
[0.580s] -- Generating done
[0.580s] -- Build files have been written to: /home/saleheen_linux/others/ros_2_Learning/ros2_ws_cpp/build/rover_cpp
[0.586s] Invoked command in '/home/saleheen_linux/others/ros_2_Learning/ros2_ws_cpp/build/rover_cpp' returned '0': CMAKE_PREFIX_PATH=/home/saleheen_linux/others/ros_2_Learning/ros2_workspace/install/rover:/opt/ros/humble /usr/bin/cmake /home/saleheen_linux/others/ros_2_Learning/ros2_ws_cpp/src/rover_cpp -DCMAKE_INSTALL_PREFIX=/home/saleheen_linux/others/ros_2_Learning/ros2_ws_cpp/install/rover_cpp
[0.587s] Invoking command in '/home/saleheen_linux/others/ros_2_Learning/ros2_ws_cpp/build/rover_cpp': CMAKE_PREFIX_PATH=/home/saleheen_linux/others/ros_2_Learning/ros2_workspace/install/rover:/opt/ros/humble /usr/bin/cmake --build /home/saleheen_linux/others/ros_2_Learning/ros2_ws_cpp/build/rover_cpp -- -j16 -l16
[0.618s] Invoked command in '/home/saleheen_linux/others/ros_2_Learning/ros2_ws_cpp/build/rover_cpp' returned '0': CMAKE_PREFIX_PATH=/home/saleheen_linux/others/ros_2_Learning/ros2_workspace/install/rover:/opt/ros/humble /usr/bin/cmake --build /home/saleheen_linux/others/ros_2_Learning/ros2_ws_cpp/build/rover_cpp -- -j16 -l16
[0.645s] Invoking command in '/home/saleheen_linux/others/ros_2_Learning/ros2_ws_cpp/build/rover_cpp': CMAKE_PREFIX_PATH=/home/saleheen_linux/others/ros_2_Learning/ros2_workspace/install/rover:/opt/ros/humble /usr/bin/cmake --install /home/saleheen_linux/others/ros_2_Learning/ros2_ws_cpp/build/rover_cpp
[0.651s] -- Install configuration: ""
[0.651s] -- Installing: /home/saleheen_linux/others/ros_2_Learning/ros2_ws_cpp/install/rover_cpp/share/ament_index/resource_index/package_run_dependencies/rover_cpp
[0.651s] -- Installing: /home/saleheen_linux/others/ros_2_Learning/ros2_ws_cpp/install/rover_cpp/share/ament_index/resource_index/parent_prefix_path/rover_cpp
[0.651s] -- Installing: /home/saleheen_linux/others/ros_2_Learning/ros2_ws_cpp/install/rover_cpp/share/rover_cpp/environment/ament_prefix_path.sh
[0.651s] -- Installing: /home/saleheen_linux/others/ros_2_Learning/ros2_ws_cpp/install/rover_cpp/share/rover_cpp/environment/ament_prefix_path.dsv
[0.651s] -- Installing: /home/saleheen_linux/others/ros_2_Learning/ros2_ws_cpp/install/rover_cpp/share/rover_cpp/environment/path.sh
[0.652s] -- Installing: /home/saleheen_linux/others/ros_2_Learning/ros2_ws_cpp/install/rover_cpp/share/rover_cpp/environment/path.dsv
[0.652s] -- Installing: /home/saleheen_linux/others/ros_2_Learning/ros2_ws_cpp/install/rover_cpp/share/rover_cpp/local_setup.bash
[0.652s] -- Installing: /home/saleheen_linux/others/ros_2_Learning/ros2_ws_cpp/install/rover_cpp/share/rover_cpp/local_setup.sh
[0.652s] -- Installing: /home/saleheen_linux/others/ros_2_Learning/ros2_ws_cpp/install/rover_cpp/share/rover_cpp/local_setup.zsh
[0.652s] -- Installing: /home/saleheen_linux/others/ros_2_Learning/ros2_ws_cpp/install/rover_cpp/share/rover_cpp/local_setup.dsv
[0.652s] -- Installing: /home/saleheen_linux/others/ros_2_Learning/ros2_ws_cpp/install/rover_cpp/share/rover_cpp/package.dsv
[0.652s] -- Installing: /home/saleheen_linux/others/ros_2_Learning/ros2_ws_cpp/install/rover_cpp/share/ament_index/resource_index/packages/rover_cpp
[0.653s] -- Installing: /home/saleheen_linux/others/ros_2_Learning/ros2_ws_cpp/install/rover_cpp/share/rover_cpp/cmake/rover_cppConfig.cmake
[0.653s] -- Installing: /home/saleheen_linux/others/ros_2_Learning/ros2_ws_cpp/install/rover_cpp/share/rover_cpp/cmake/rover_cppConfig-version.cmake
[0.653s] -- Installing: /home/saleheen_linux/others/ros_2_Learning/ros2_ws_cpp/install/rover_cpp/share/rover_cpp/package.xml
[0.662s] Invoked command in '/home/saleheen_linux/others/ros_2_Learning/ros2_ws_cpp/build/rover_cpp' returned '0': CMAKE_PREFIX_PATH=/home/saleheen_linux/others/ros_2_Learning/ros2_workspace/install/rover:/opt/ros/humble /usr/bin/cmake --install /home/saleheen_linux/others/ros_2_Learning/ros2_ws_cpp/build/rover_cpp
