[0.690s] Invoking command in '/home/saleheen_linux/others/ros_2_Learning/ros2_workspace/src/prius_line_following': PYTHONPATH=/home/saleheen_linux/others/ros_2_Learning/ros2_workspace/build/prius_line_following/prefix_override:/usr/lib/python3/dist-packages/colcon_core/task/python/colcon_distutils_commands:/home/saleheen_linux/others/ros_2_Learning/ros2_workspace/install/prius_line_following/lib/python3.10/site-packages:${PYTHONPATH} /usr/bin/python3 -W ignore:setup.py install is deprecated setup.py egg_info --egg-base ../../build/prius_line_following build --build-base /home/saleheen_linux/others/ros_2_Learning/ros2_workspace/build/prius_line_following/build install --record /home/saleheen_linux/others/ros_2_Learning/ros2_workspace/build/prius_line_following/install.log --single-version-externally-managed install_data
[0.883s] running egg_info
[0.884s] writing ../../build/prius_line_following/prius_line_following.egg-info/PKG-INFO
[0.884s] writing dependency_links to ../../build/prius_line_following/prius_line_following.egg-info/dependency_links.txt
[0.884s] writing entry points to ../../build/prius_line_following/prius_line_following.egg-info/entry_points.txt
[0.884s] writing requirements to ../../build/prius_line_following/prius_line_following.egg-info/requires.txt
[0.884s] writing top-level names to ../../build/prius_line_following/prius_line_following.egg-info/top_level.txt
[0.885s] reading manifest file '../../build/prius_line_following/prius_line_following.egg-info/SOURCES.txt'
[0.886s] writing manifest file '../../build/prius_line_following/prius_line_following.egg-info/SOURCES.txt'
[0.886s] running build
[0.886s] running build_py
[0.886s] copying prius_line_following/line_following.py -> /home/saleheen_linux/others/ros_2_Learning/ros2_workspace/build/prius_line_following/build/lib/prius_line_following
[0.886s] running install
[0.887s] running install_lib
[0.887s] copying /home/saleheen_linux/others/ros_2_Learning/ros2_workspace/build/prius_line_following/build/lib/prius_line_following/line_following.py -> /home/saleheen_linux/others/ros_2_Learning/ros2_workspace/install/prius_line_following/lib/python3.10/site-packages/prius_line_following
[0.888s] byte-compiling /home/saleheen_linux/others/ros_2_Learning/ros2_workspace/install/prius_line_following/lib/python3.10/site-packages/prius_line_following/line_following.py to line_following.cpython-310.pyc
[0.888s] running install_data
[0.889s] running install_egg_info
[0.890s] removing '/home/saleheen_linux/others/ros_2_Learning/ros2_workspace/install/prius_line_following/lib/python3.10/site-packages/prius_line_following-0.0.0-py3.10.egg-info' (and everything under it)
[0.890s] Copying ../../build/prius_line_following/prius_line_following.egg-info to /home/saleheen_linux/others/ros_2_Learning/ros2_workspace/install/prius_line_following/lib/python3.10/site-packages/prius_line_following-0.0.0-py3.10.egg-info
[0.891s] running install_scripts
[0.905s] Installing prius_line_follower script to /home/saleheen_linux/others/ros_2_Learning/ros2_workspace/install/prius_line_following/lib/prius_line_following
[0.905s] Installing video_saver script to /home/saleheen_linux/others/ros_2_Learning/ros2_workspace/install/prius_line_following/lib/prius_line_following
[0.905s] writing list of installed files to '/home/saleheen_linux/others/ros_2_Learning/ros2_workspace/build/prius_line_following/install.log'
[0.929s] Invoked command in '/home/saleheen_linux/others/ros_2_Learning/ros2_workspace/src/prius_line_following' returned '0': PYTHONPATH=/home/saleheen_linux/others/ros_2_Learning/ros2_workspace/build/prius_line_following/prefix_override:/usr/lib/python3/dist-packages/colcon_core/task/python/colcon_distutils_commands:/home/saleheen_linux/others/ros_2_Learning/ros2_workspace/install/prius_line_following/lib/python3.10/site-packages:${PYTHONPATH} /usr/bin/python3 -W ignore:setup.py install is deprecated setup.py egg_info --egg-base ../../build/prius_line_following build --build-base /home/saleheen_linux/others/ros_2_Learning/ros2_workspace/build/prius_line_following/build install --record /home/saleheen_linux/others/ros_2_Learning/ros2_workspace/build/prius_line_following/install.log --single-version-externally-managed install_data
